./segue2/3495925613888380928.fits,3849,54825,3105,23,3849,0
./segue2/3495931386324426752.fits,3849,54825,3105,44,3849,0
./segue2/3495992958975582208.fits,10,54825,3105,268,3849,3839
./segue2/3496071024301154304.fits,3849,54825,3105,552,3849,0
./segue2/3497074327201882112.fits,3849,54738,3106,106,3849,0
./segue2/3497084222403878912.fits,3850,54714,3106,142,3850,0
./segue2/3497090544595738624.fits,3850,54714,3106,165,3850,0
./segue2/3497093018496901120.fits,92,54714,3106,174,3850,3758
./segue2/3497093018899554304.fits,106,54738,3106,174,3849,3743
./segue2/3497093843130621952.fits,3850,54714,3106,177,3850,0
./segue2/3497106762794901504.fits,3849,54738,3106,224,3849,0
./segue2/3497118857020153856.fits,14,54714,3106,268,3850,3836
./segue2/3497132051562340352.fits,3849,54738,3106,316,3849,0
./segue2/3497145520579780608.fits,3849,54738,3106,365,3849,0
./segue2/3497154316270149632.fits,3850,54714,3106,397,3850,0
./segue2/3497166410898055168.fits,3850,54714,3106,441,3850,0
./segue2/3497220837126283264.fits,114,54738,3106,639,3849,3735
./segue2/3497221111601537024.fits,174,54714,3106,640,3850,3676
./segue2/3497221112004190208.fits,198,54738,3106,640,3849,3651
./segue2/3500461924120895488.fits,3850,54833,3109,142,3850,0
./segue2/3500468246312755200.fits,3850,54833,3109,165,3850,0
./segue2/3500470720213917696.fits,104,54833,3109,174,3850,3746
./segue2/3500471544847638528.fits,3850,54833,3109,177,3850,0
./segue2/3500532017987166208.fits,3850,54833,3109,397,3850,0
./segue2/3500598263562739712.fits,3850,54833,3109,638,3850,0
./segue2/3500598813318553600.fits,11,54833,3109,640,3850,3839
./segue2/3501587822584897536.fits,3850,54747,3110,142,3850,0
./segue2/3501594144776757248.fits,3850,54747,3110,165,3850,0
./segue2/3501596618677919744.fits,82,54747,3110,174,3850,3768
./segue2/3501597443311640576.fits,3850,54747,3110,177,3850,0
./segue2/3501657916451168256.fits,3850,54747,3110,397,3850,0
./segue2/3501670011079073792.fits,3850,54747,3110,441,3850,0
./segue2/3501724711782555648.fits,178,54747,3110,640,3850,3672
./segue2/3502710974601863168.fits,3849,54800,3111,132,3849,0
./segue2/3502727467276279808.fits,3849,54800,3111,192,3849,0
./segue2/3502736263369302016.fits,3849,54800,3111,224,3849,0
./segue2/3502743685072789504.fits,3849,54800,3111,251,3849,0
./segue2/3502749732386742272.fits,3849,54800,3111,273,3849,0
./segue2/3502794537485574144.fits,3849,54800,3111,436,3849,0
./segue2/3502845664776265728.fits,3849,54800,3111,622,3849,0
./segue2/3502850612578590720.fits,3,54800,3111,640,3849,3846
./segue2/3503836874542260224.fits,3854,54802,3112,132,3854,0
./segue2/3503853367216676864.fits,3854,54802,3112,192,3854,0
./segue2/3503862163309699072.fits,3854,54802,3112,224,3854,0
./segue2/3503869585013186560.fits,3854,54802,3112,251,3854,0
./segue2/3503875632327139328.fits,3854,54802,3112,273,3854,0
./segue2/3503920437425971200.fits,3854,54802,3112,436,3854,0
./segue2/3503971564716662784.fits,3854,54802,3112,622,3854,0
./segue2/3503976512518987776.fits,11,54802,3112,640,3854,3843
./segue2/3506056513154293760.fits,3851,54773,3114,15,3851,0
./segue2/3506063659979874304.fits,3851,54773,3114,41,3851,0
./segue2/3506100218741497856.fits,116,54773,3114,174,3851,3735
./segue2/3506122758729867264.fits,3851,54773,3114,256,3851,0
./segue2/3506127156776378368.fits,3851,54773,3114,272,3851,0
./segue2/3506127706532192256.fits,3851,54773,3114,274,3851,0
./segue2/3506225837944971264.fits,3851,54773,3114,631,3851,0
./segue2/3506226112822878208.fits,3851,54773,3114,632,3851,0
./segue2/3506228311846133760.fits,67,54773,3114,640,3851,3784
./segue2/3507214574111793152.fits,3849,54793,3115,132,3849,0
./segue2/3507231066786209792.fits,3849,54793,3115,192,3849,0
./segue2/3507239862879232000.fits,3849,54793,3115,224,3849,0
./segue2/3507247284582719488.fits,3849,54793,3115,251,3849,0
./segue2/3507253331896672256.fits,3849,54793,3115,273,3849,0
./segue2/3507298136995504128.fits,3849,54793,3115,436,3849,0
./segue2/3507349264286195712.fits,3849,54793,3115,622,3849,0
./segue2/3508352018873950208.fits,134,54792,3116,174,3852,3718
./segue2/3508378407153016832.fits,3852,54792,3116,270,3852,0
./segue2/3508407269333245952.fits,26,54792,3116,375,3852,3826
./segue2/3513937812099538944.fits,3850,54749,3121,15,3850,0
./segue2/3513944958925119488.fits,3850,54749,3121,41,3850,0
./segue2/3513960902061826048.fits,73,54762,3121,99,3855,3782
./segue2/3513962826207174656.fits,3855,54762,3121,106,3855,0
./segue2/3513981517686743040.fits,118,54749,3121,174,3850,3732
./segue2/3513981517904846848.fits,134,54762,3121,174,3855,3721
./segue2/3513995261800194048.fits,3855,54762,3121,224,3855,0
./segue2/3514004057675112448.fits,3850,54749,3121,256,3850,0
./segue2/3514008455721623552.fits,3850,54749,3121,272,3850,0
./segue2/3514009005477437440.fits,3850,54749,3121,274,3850,0
./segue2/3514020550567632896.fits,3855,54762,3121,316,3855,0
./segue2/3514034019585073152.fits,3855,54762,3121,365,3855,0
./segue2/3514107136890216448.fits,3850,54749,3121,631,3850,0
./segue2/3514109336131575808.fits,103,54762,3121,639,3855,3752
./segue2/3514109610791378944.fits,147,54749,3121,640,3850,3703
./segue2/3514109611009482752.fits,203,54762,3121,640,3855,3652
./segue2/3515063713214341120.fits,3845,54821,3122,15,3845,0
./segue2/3515070860039921664.fits,3845,54821,3122,41,3845,0
./segue2/3515107418801545216.fits,116,54821,3122,174,3845,3729
./segue2/3515129958789914624.fits,3845,54821,3122,256,3845,0
./segue2/3515134356836425728.fits,3845,54821,3122,272,3845,0
./segue2/3515134906592239616.fits,3845,54821,3122,274,3845,0
./segue2/3515233038005018624.fits,3845,54821,3122,631,3845,0
./segue2/3516191810802262016.fits,3852,54741,3123,23,3852,0
./segue2/3516197583238307840.fits,3852,54741,3123,44,3852,0
./segue2/3516233042488303616.fits,11,54741,3123,173,3852,3841
./segue2/3516337221215035392.fits,3852,54741,3123,552,3852,0
./segue2/3516361410470846464.fits,93,54741,3123,640,3852,3759
./segue2/3519564014021615616.fits,3853,54804,3126,3,3853,0
./segue2/3519565388411150336.fits,3853,54804,3126,8,3853,0
./segue2/3519568961823940608.fits,3853,54804,3126,21,3853,0
./segue2/3519611018143703040.fits,101,54804,3126,174,3853,3752
./segue2/3519622013259980800.fits,3853,54804,3126,214,3853,0
./segue2/3519653624219279360.fits,3853,54804,3126,329,3853,0
./segue2/3519662420312301568.fits,3853,54804,3126,361,3853,0
./segue2/3519678638108811264.fits,3853,54804,3126,420,3853,0
./segue2/3519684410544857088.fits,3853,54804,3126,441,3853,0
./segue2/3519712722969272320.fits,6,54804,3126,544,3853,3847
./segue2/3519728391009968128.fits,3853,54804,3126,601,3853,0
./segue2/3520695412006690816.fits,3850,54835,3127,23,3850,0
./segue2/3520701184442736640.fits,3850,54835,3127,44,3850,0
./segue2/3520736643692732416.fits,23,54835,3127,173,3850,3827
./segue2/3520840822419464192.fits,3850,54835,3127,552,3850,0
./segue2/3521854846028324864.fits,3850,54776,3128,145,3850,0
./segue2/3521893878691110912.fits,3850,54776,3128,287,3850,0
./segue2/3521902125028319232.fits,3850,54776,3128,317,3850,0
./segue2/3522941712785842176.fits,3852,54747,3129,3,3852,0
./segue2/3522943087175376896.fits,3852,54747,3129,8,3852,0
./segue2/3522946660588167168.fits,3852,54747,3129,21,3852,0
./segue2/3522988716907929600.fits,67,54747,3129,174,3852,3785
./segue2/3522999712024207360.fits,3852,54747,3129,214,3852,0
./segue2/3523031322983505920.fits,3852,54747,3129,329,3852,0
./segue2/3523040119076528128.fits,3852,54747,3129,361,3852,0
./segue2/3523056336873037824.fits,3852,54747,3129,420,3852,0
./segue2/3523062109309083648.fits,3852,54747,3129,441,3852,0
./segue2/3523106089774194688.fits,3852,54747,3129,601,3852,0
./segue2/3524114616697331712.fits,118,54740,3130,174,3851,3733
./segue2/3524141004976398336.fits,3851,54740,3130,270,3851,0
./segue2/3525193512331091968.fits,3851,54731,3131,3,3851,0
./segue2/3525194886720626688.fits,3851,54731,3131,8,3851,0
./segue2/3525198460133416960.fits,3851,54731,3131,21,3851,0
./segue2/3525240516453179392.fits,73,54731,3131,174,3851,3778
./segue2/3525251511569457152.fits,3851,54731,3131,214,3851,0
./segue2/3525266354976432128.fits,8,54731,3131,268,3851,3843
./segue2/3525283122528755712.fits,3851,54731,3131,329,3851,0
./segue2/3525291918621777920.fits,3851,54731,3131,361,3851,0
./segue2/3525308136418287616.fits,3851,54731,3131,420,3851,0
./segue2/3525313908854333440.fits,3851,54731,3131,441,3851,0
./segue2/3525357889319444480.fits,3851,54731,3131,601,3851,0
./segue2/3526347724914008064.fits,3850,54746,3132,106,3850,0
./segue2/3526366416611680256.fits,163,54746,3132,174,3850,3687
./segue2/3526380160507027456.fits,3850,54746,3132,224,3850,0
./segue2/3526405449274466304.fits,3850,54746,3132,316,3850,0
./segue2/3526418918291906560.fits,3850,54746,3132,365,3850,0
./segue2/3526421392193069056.fits,204,54746,3132,374,3850,3646
./segue2/3526494234838409216.fits,166,54746,3132,639,3850,3684
./segue2/3526494509716316160.fits,200,54746,3132,640,3850,3650
./segue2/3527450810675994624.fits,3854,54789,3133,23,3854,0
./segue2/3527456583112040448.fits,3854,54789,3133,44,3854,0
./segue2/3527492042362036224.fits,19,54789,3133,173,3854,3835
./segue2/3527547292821331968.fits,61,54789,3133,374,3854,3793
./segue2/3527596221088768000.fits,3854,54789,3133,552,3854,0
./segue2/3527620410344579072.fits,99,54789,3133,640,3854,3755
./segue2/3528606672559906816.fits,3853,54806,3134,132,3853,0
./segue2/3528623165234323456.fits,3853,54806,3134,192,3853,0
./segue2/3528631961327345664.fits,3853,54806,3134,224,3853,0
./segue2/3528639383030833152.fits,3853,54806,3134,251,3853,0
./segue2/3528645430344785920.fits,3853,54806,3134,273,3853,0
./segue2/3528690235443617792.fits,3853,54806,3134,436,3853,0
./segue2/3528741362734309376.fits,3853,54806,3134,622,3853,0
./segue2/3528746310536634368.fits,7,54806,3134,640,3853,3846
./segue2/3529735320641839104.fits,3852,54770,3135,142,3852,0
./segue2/3529741642833698816.fits,3852,54770,3135,165,3852,0
./segue2/3529744116734861312.fits,64,54770,3135,174,3852,3788
./segue2/3529744941368582144.fits,3852,54770,3135,177,3852,0
./segue2/3529805414508109824.fits,3852,54770,3135,397,3852,0
./segue2/3529817509136015360.fits,3852,54770,3135,441,3852,0
./segue2/3529872209839497216.fits,173,54770,3135,640,3852,3679
./segue2/3531987944418156544.fits,3847,54730,3137,145,3847,0
./segue2/3532022029278617600.fits,6,54730,3137,269,3847,3841
./segue2/3532026977080942592.fits,3847,54730,3137,287,3847,0
./segue2/3532035223418150912.fits,3847,54730,3137,317,3847,0
./segue2/3532051166336753664.fits,201,54730,3137,375,3847,3646
./segue2/3532097620703027200.fits,16,54730,3137,544,3847,3831
./segue2/3533099001085796352.fits,3852,54740,3138,91,3852,0
./segue2/3533121815952072704.fits,156,54740,3138,174,3852,3696
./segue2/3533155076178812928.fits,3852,54740,3138,295,3852,0
./segue2/3533205653713690624.fits,3852,54740,3138,479,3852,0
./segue2/3533249909056708608.fits,63,54740,3138,640,3852,3789
./segue2/3536490724075872256.fits,3848,55008,3141,142,3848,0
./segue2/3536497046267731968.fits,3848,55008,3141,165,3848,0
./segue2/3536499520168894464.fits,17,55008,3141,174,3848,3831
./segue2/3536500344802615296.fits,3848,55008,3141,177,3848,0
./segue2/3536525908447961088.fits,3848,55008,3141,270,3848,0
./segue2/3536560817942142976.fits,3848,55008,3141,397,3848,0
./segue2/3536602599383998464.fits,3848,55008,3141,549,3848,0
./segue2/3536616343279345664.fits,3848,55008,3141,599,3848,0
./segue2/3536627063517716480.fits,3848,55008,3141,638,3848,0
./segue2/3536627613273530368.fits,20,55008,3141,640,3848,3828
./segue2/3537616619402534912.fits,3852,54735,3142,142,3852,0
./segue2/3537622941594394624.fits,3852,54735,3142,165,3852,0
./segue2/3537625415495557120.fits,93,54735,3142,174,3852,3759
./segue2/3537626240129277952.fits,3852,54735,3142,177,3852,0
./segue2/3537686713268805632.fits,3852,54735,3142,397,3852,0
./segue2/3537698807896711168.fits,3852,54735,3142,441,3852,0
./segue2/3537753508600193024.fits,148,54735,3142,640,3852,3704
./segue2/3538728501156880384.fits,3851,54772,3143,91,3851,0
./segue2/3538751316023156736.fits,146,54772,3143,174,3851,3705
./segue2/3538784576249896960.fits,3851,54772,3143,295,3851,0
./segue2/3538835153784774656.fits,3851,54772,3143,479,3851,0
./segue2/3538879409127792640.fits,156,54772,3143,640,3851,3695
./segue2/3539865670906912768.fits,3850,54763,3144,132,3850,0
./segue2/3539882163581329408.fits,3850,54763,3144,192,3850,0
./segue2/3539890959674351616.fits,3850,54763,3144,224,3850,0
./segue2/3539898381377839104.fits,3850,54763,3144,251,3850,0
./segue2/3539904428691791872.fits,3850,54763,3144,273,3850,0
./segue2/3539949233790623744.fits,3850,54763,3144,436,3850,0
./segue2/3540000361081315328.fits,3850,54763,3144,622,3850,0
./segue2/3540959410736177152.fits,3850,54801,3145,15,3850,0
./segue2/3540966557561757696.fits,3850,54801,3145,41,3850,0
./segue2/3541003116323381248.fits,80,54801,3145,174,3850,3770
./segue2/3541025656311750656.fits,3850,54801,3145,256,3850,0
./segue2/3541030054358261760.fits,3850,54801,3145,272,3850,0
./segue2/3541030604114075648.fits,3850,54801,3145,274,3850,0
./segue2/3541128735526854656.fits,3850,54801,3145,631,3850,0
./segue2/3541131209428017152.fits,86,54801,3145,640,3850,3764
./segue2/3542120219667439616.fits,3852,54773,3146,142,3852,0
./segue2/3542126541859299328.fits,3852,54773,3146,165,3852,0
./segue2/3542129015760461824.fits,81,54773,3146,174,3852,3771
./segue2/3542129840394182656.fits,3852,54773,3146,177,3852,0
./segue2/3542190313533710336.fits,3852,54773,3146,397,3852,0
./segue2/3542202408161615872.fits,3852,54773,3146,441,3852,0
./segue2/3542256559109283840.fits,3852,54773,3146,638,3852,0
./segue2/3542257108865097728.fits,185,54773,3146,640,3852,3667
./segue2/3544372019967664128.fits,3852,54802,3148,142,3852,0
./segue2/3544378342159523840.fits,3852,54802,3148,165,3852,0
./segue2/3544380816060686336.fits,73,54802,3148,174,3852,3779
./segue2/3544381640694407168.fits,3852,54802,3148,177,3852,0
./segue2/3544442113833934848.fits,3852,54802,3148,397,3852,0
./segue2/3544454208461840384.fits,3852,54802,3148,441,3852,0
./segue2/3544508359409508352.fits,3852,54802,3148,638,3852,0
./segue2/3544508909165322240.fits,149,54802,3148,640,3852,3703
./segue2/3545498744575336448.fits,3852,54806,3149,145,3852,0
./segue2/3545537777238122496.fits,3852,54806,3149,287,3852,0
./segue2/3545546023575330816.fits,3852,54806,3149,317,3852,0
./segue2/3546591109377531904.fits,3853,54806,3150,23,3853,0
./segue2/3546596881813577728.fits,3853,54806,3150,44,3853,0
./segue2/3546632341063573504.fits,38,54806,3150,173,3853,3815
./segue2/3546687591522869248.fits,204,54806,3150,374,3853,3649
./segue2/3546736519790305280.fits,3853,54806,3150,552,3853,0
./segue2/3546760709046116352.fits,132,54806,3150,640,3853,3721
./segue2/3547739824117096448.fits,3848,54804,3151,106,3848,0
./segue2/3547758515814768640.fits,114,54804,3151,174,3848,3734
./segue2/3547772259710115840.fits,3848,54804,3151,224,3848,0
./segue2/3547797548477554688.fits,3848,54804,3151,316,3848,0
./segue2/3547811017494994944.fits,3848,54804,3151,365,3848,0
./segue2/3547813491396157440.fits,204,54804,3151,374,3848,3644
./segue2/3547886334041497600.fits,138,54804,3151,639,3848,3710
./segue2/3547886608919404544.fits,204,54804,3151,640,3848,3644
./segue2/3548865723973607424.fits,3855,54801,3152,106,3855,0
./segue2/3548884415671279616.fits,125,54801,3152,174,3855,3730
./segue2/3548898159566626816.fits,3855,54801,3152,224,3855,0
./segue2/3548923448334065664.fits,3855,54801,3152,316,3855,0
./segue2/3548936917351505920.fits,3855,54801,3152,365,3855,0
./segue2/3549012233898008576.fits,125,54801,3152,639,3855,3730
./segue2/3549012508775915520.fits,202,54801,3152,640,3855,3653
./segue2/3549966609806368768.fits,3849,54790,3153,15,3849,0
./segue2/3549973756631949312.fits,3849,54790,3153,41,3849,0
./segue2/3550010315393572864.fits,141,54790,3153,174,3849,3708
./segue2/3550030931236593664.fits,20,54790,3153,249,3849,3829
./segue2/3550032855381942272.fits,3849,54790,3153,256,3849,0
./segue2/3550037253428453376.fits,3849,54790,3153,272,3849,0
./segue2/3550037803184267264.fits,3849,54790,3153,274,3849,0
./segue2/3550135934597046272.fits,3849,54790,3153,631,3849,0
./segue2/3550137858742394880.fits,10,54790,3153,638,3849,3839
./segue2/3550138408498208768.fits,129,54790,3153,640,3849,3720
./segue2/3551117524122836992.fits,3854,54821,3154,106,3854,0
./segue2/3551136215820509184.fits,136,54821,3154,174,3854,3718
./segue2/3551149959715856384.fits,3854,54821,3154,224,3854,0
./segue2/3551175248483295232.fits,3854,54821,3154,316,3854,0
./segue2/3551188717500735488.fits,3854,54821,3154,365,3854,0
./segue2/3551264308925145088.fits,199,54821,3154,640,3854,3655
./segue2/3552215111739482112.fits,3849,54829,3155,3,3849,0
./segue2/3552216486129016832.fits,3849,54829,3155,8,3849,0
./segue2/3552220059541807104.fits,3849,54829,3155,21,3849,0
./segue2/3552262115861569536.fits,112,54829,3155,174,3849,3737
./segue2/3552273110977847296.fits,3849,54829,3155,214,3849,0
./segue2/3552304721937145856.fits,3849,54829,3155,329,3849,0
./segue2/3552329735826677760.fits,3849,54829,3155,420,3849,0
./segue2/3552335508262723584.fits,3849,54829,3155,441,3849,0
./segue2/3552379488727834624.fits,3849,54829,3155,601,3849,0
./segue2/3553341011025567744.fits,3852,54792,3156,3,3852,0
./segue2/3553342385415102464.fits,3852,54792,3156,8,3852,0
./segue2/3553345958827892736.fits,3852,54792,3156,21,3852,0
./segue2/3553388015147655168.fits,78,54792,3156,174,3852,3774
./segue2/3553399010263932928.fits,3852,54792,3156,214,3852,0
./segue2/3553430621223231488.fits,3852,54792,3156,329,3852,0
./segue2/3553439417316253696.fits,3852,54792,3156,361,3852,0
./segue2/3553455635112763392.fits,3852,54792,3156,420,3852,0
./segue2/3553461407548809216.fits,3852,54792,3156,441,3852,0
./segue2/3553489719973224448.fits,7,54792,3156,544,3852,3845
./segue2/3553505388013920256.fits,3852,54792,3156,601,3852,0
./segue2/3554491100355993600.fits,3852,54802,3157,91,3852,0
./segue2/3554513915222269952.fits,146,54802,3157,174,3852,3706
./segue2/3554547175449010176.fits,3852,54802,3157,295,3852,0
./segue2/3554597752983887872.fits,3852,54802,3157,479,3852,0
./segue2/3554642008326905856.fits,79,54802,3157,640,3852,3773
./segue2/3555598308430946304.fits,3854,54794,3158,23,3854,0
./segue2/3555604080866992128.fits,3854,54794,3158,44,3854,0
./segue2/3555694790576283648.fits,178,54794,3158,374,3854,3676
./segue2/3555743718843719680.fits,3854,54794,3158,552,3854,0
./segue2/3555767908099530752.fits,159,54794,3158,640,3854,3695
./segue2/3556724208472006656.fits,3855,54802,3159,23,3855,0
./segue2/3556729980908052480.fits,3855,54802,3159,44,3855,0
./segue2/3556765440158048256.fits,23,54802,3159,173,3855,3832
./segue2/3556820690617344000.fits,204,54802,3159,374,3855,3651
./segue2/3556869618884780032.fits,3855,54802,3159,552,3855,0
./segue2/3556893808140591104.fits,108,54802,3159,640,3855,3747
./segue2/3557882818698780672.fits,3852,54793,3160,142,3852,0
./segue2/3557889140890640384.fits,3852,54793,3160,165,3852,0
./segue2/3557891614791802880.fits,64,54793,3160,174,3852,3788
./segue2/3557892439425523712.fits,3852,54793,3160,177,3852,0
./segue2/3557952912565051392.fits,3852,54793,3160,397,3852,0
./segue2/3557965007192956928.fits,3852,54793,3160,441,3852,0
./segue2/3558019158140624896.fits,3852,54793,3160,638,3852,0
./segue2/3558019707896438784.fits,169,54793,3160,640,3852,3683
./segue2/3558973808876560384.fits,3850,54779,3161,15,3850,0
./segue2/3558980955702140928.fits,3850,54779,3161,41,3850,0
./segue2/3559017514463764480.fits,114,54779,3161,174,3850,3736
./segue2/3559040054452133888.fits,3850,54779,3161,256,3850,0
./segue2/3559044452498644992.fits,3850,54779,3161,272,3850,0
./segue2/3559045002254458880.fits,3850,54779,3161,274,3850,0
./segue2/3559143133667237888.fits,3850,54779,3161,631,3850,0
./segue2/3559145607568400384.fits,62,54779,3161,640,3850,3788
./segue2/3560134618629906432.fits,3851,54800,3162,142,3851,0
./segue2/3560140940821766144.fits,3851,54800,3162,165,3851,0
./segue2/3560143414722928640.fits,80,54800,3162,174,3851,3771
./segue2/3560144239356649472.fits,3851,54800,3162,177,3851,0
./segue2/3560204712496177152.fits,3851,54800,3162,397,3851,0
./segue2/3560216807124082688.fits,3851,54800,3162,441,3851,0
./segue2/3560270958071750656.fits,3851,54800,3162,638,3851,0
./segue2/3560271507827564544.fits,144,54800,3162,640,3851,3707
./segue2/3564635469981523968.fits,3845,54830,3166,132,3845,0
./segue2/3564651962655940608.fits,3845,54830,3166,192,3845,0
./segue2/3564660758748962816.fits,3845,54830,3166,224,3845,0
./segue2/3564668180452450304.fits,3845,54830,3166,251,3845,0
./segue2/3564674227766403072.fits,3845,54830,3166,273,3845,0
./segue2/3564702265312911360.fits,181,54830,3166,375,3845,3664
./segue2/3564719032865234944.fits,3845,54830,3166,436,3845,0
./segue2/3564770160155926528.fits,3845,54830,3166,622,3845,0
./segue2/3565754222928568320.fits,3850,54822,3167,106,3850,0
./segue2/3565772914626240512.fits,115,54822,3167,174,3850,3735
./segue2/3565779786573914112.fits,3850,54822,3167,199,3850,0
./segue2/3565811947289026560.fits,3850,54822,3167,316,3850,0
./segue2/3565827890207629312.fits,5,54822,3167,374,3850,3845
./segue2/3565901007730876416.fits,199,54822,3167,640,3850,3651
./segue2/3567977710301061120.fits,3848,54821,3169,3,3848,0
./segue2/3567979084690595840.fits,3848,54821,3169,8,3848,0
./segue2/3567982658103386112.fits,3848,54821,3169,21,3848,0
./segue2/3568024714423148544.fits,136,54821,3169,174,3848,3712
./segue2/3568035709539426304.fits,3848,54821,3169,214,3848,0
./segue2/3568067320498724864.fits,3848,54821,3169,329,3848,0
./segue2/3568092334388256768.fits,3848,54821,3169,420,3848,0
./segue2/3568098106824302592.fits,3848,54821,3169,441,3848,0
./segue2/3568142087289413632.fits,3848,54821,3169,601,3848,0
./segue2/3569114057011208192.fits,3848,54907,3170,41,3848,0
./segue2/3569142643508224000.fits,3850,54859,3170,145,3850,0
./segue2/3569150615772831744.fits,87,54907,3170,174,3848,3761
./segue2/3569173155761201152.fits,3848,54907,3170,256,3848,0
./segue2/3569177553807712256.fits,75,54907,3170,272,3848,3773
./segue2/3569181676171010048.fits,3850,54859,3170,287,3850,0
./segue2/3569189922508218368.fits,3850,54859,3170,317,3850,0
./segue2/3569205865426821120.fits,10,54859,3170,375,3850,3840
./segue2/3569205866232127488.fits,200,54907,3170,375,3848,3648
./segue2/3569276234976305152.fits,3848,54907,3170,631,3848,0
./segue2/3570276514924699648.fits,70,54862,3171,174,3843,3773
./segue2/3570302903203766272.fits,3843,54862,3171,270,3843,0
./segue2/3571394443389018112.fits,3850,54863,3172,145,3850,0
./segue2/3571433476051804160.fits,3850,54863,3172,287,3850,0
./segue2/3571441722389012480.fits,3850,54863,3172,317,3850,0
./segue2/3571457665307615232.fits,202,54863,3172,375,3850,3648
./segue2/3572520343060979712.fits,3850,54849,3173,145,3850,0
./segue2/3572559375723765760.fits,3850,54849,3173,287,3850,0
./segue2/3572567622060974080.fits,3850,54849,3173,317,3850,0
./segue2/3572583564979576832.fits,201,54849,3173,375,3850,3649
./segue2/3572656132747010048.fits,6,54849,3173,639,3850,3844
./segue2/3573642669085270016.fits,3848,54821,3174,132,3848,0
./segue2/3573659161759686656.fits,3848,54821,3174,192,3848,0
./segue2/3573667957852708864.fits,3848,54821,3174,224,3848,0
./segue2/3573675379556196352.fits,3848,54821,3174,251,3848,0
./segue2/3573681426870149120.fits,3848,54821,3174,273,3848,0
./segue2/3573709464416657408.fits,200,54821,3174,375,3848,3648
./segue2/3573726231968980992.fits,3848,54821,3174,436,3848,0
./segue2/3573777359259672576.fits,3848,54821,3174,622,3848,0
./segue2/3574768569109553152.fits,3847,54828,3175,132,3847,0
./segue2/3574785061783969792.fits,3847,54828,3175,192,3847,0
./segue2/3574793857876992000.fits,3847,54828,3175,224,3847,0
./segue2/3574801279580479488.fits,3847,54828,3175,251,3847,0
./segue2/3574807326894432256.fits,3847,54828,3175,273,3847,0
./segue2/3574835364440940544.fits,86,54828,3175,375,3847,3761
./segue2/3574852131993264128.fits,3847,54828,3175,436,3847,0
./segue2/3574903259283955712.fits,3847,54828,3175,622,3847,0
./segue2/3575859009833508864.fits,3849,54832,3176,3,3849,0
./segue2/3575860384223043584.fits,3849,54832,3176,8,3849,0
./segue2/3575863957635833856.fits,3849,54832,3176,21,3849,0
./segue2/3575906013955596288.fits,107,54832,3176,174,3849,3742
./segue2/3575917009071874048.fits,3849,54832,3176,214,3849,0
./segue2/3575948620031172608.fits,3849,54832,3176,329,3849,0
./segue2/3575957416124194816.fits,3849,54832,3176,361,3849,0
./segue2/3575973633920704512.fits,3849,54832,3176,420,3849,0
./segue2/3575979406356750336.fits,3849,54832,3176,441,3849,0
./segue2/3575987652693958656.fits,3849,54832,3176,471,3849,0
./segue2/3576023386821861376.fits,3849,54832,3176,601,3849,0
./segue2/3576992606338523136.fits,3848,54833,3177,31,3848,0
./segue2/3577009099012939776.fits,3848,54833,3177,91,3848,0
./segue2/3577031913879216128.fits,153,54833,3177,174,3848,3695
./segue2/3577061050937352192.fits,3848,54833,3177,280,3848,0
./segue2/3577065174105956352.fits,3848,54833,3177,295,3848,0
./segue2/3577115751640834048.fits,3848,54833,3177,479,3848,0
./segue2/3578134999171440640.fits,115,54848,3178,91,3850,3735
./segue2/3578157814037716992.fits,155,54848,3178,174,3850,3695
./segue2/3578191074264457216.fits,3850,54848,3178,295,3850,0
./segue2/3578241651799334912.fits,3850,54848,3178,479,3850,0
./segue2/3578274087392354304.fits,3850,54848,3178,597,3850,0
./segue2/3579260898776293376.fits,861,54830,3179,91,3849,2988
./segue2/3579283713642569728.fits,185,54830,3179,174,3849,3664
./segue2/3579316973869309952.fits,3849,54830,3179,295,3849,0
./segue2/3579367551404187648.fits,3849,54830,3179,479,3849,0
./segue2/3580409614119837696.fits,73,54864,3180,174,3847,3774
./segue2/3580436002398904320.fits,3847,54864,3180,270,3847,0
./segue2/3580464864579133440.fits,46,54864,3180,375,3847,3801
./segue2/3581527542500270080.fits,3850,54860,3181,145,3850,0
./segue2/3581566575163056128.fits,3850,54860,3181,287,3850,0
./segue2/3581574821500264448.fits,3850,54860,3181,317,3850,0
./segue2/3581590764418867200.fits,201,54860,3181,375,3850,3649
./segue2/3582638598463266816.fits,3849,54828,3182,91,3849,0
./segue2/3582661413329543168.fits,175,54828,3182,174,3849,3674
./segue2/3582682029172563968.fits,9,54828,3182,249,3849,3840
./segue2/3582694673556283392.fits,3849,54828,3182,295,3849,0
./segue2/3582745251091161088.fits,3849,54828,3182,479,3849,0
./segue2/3582763118155112448.fits,4,54828,3182,544,3849,3845
./segue2/3583779341860970496.fits,3849,54833,3183,145,3849,0
./segue2/3583818374523756544.fits,3849,54833,3183,287,3849,0
./segue2/3583826620860964864.fits,3849,54833,3183,317,3849,0
./segue2/3583842563779567616.fits,151,54833,3183,375,3849,3698
./segue2/3584871706948378624.fits,3849,54850,3184,23,3849,0
./segue2/3584877479384424448.fits,3849,54850,3184,44,3849,0
./segue2/3585017117361152000.fits,3849,54850,3184,552,3849,0
./segue2/3586039113066848256.fits,86,54829,3185,174,3847,3761
./segue2/3586065501345914880.fits,3847,54829,3185,270,3847,0
./segue2/3587128454614720512.fits,3846,54853,3186,41,3846,0
./segue2/3587165013040799744.fits,95,54833,3186,174,3847,3752
./segue2/3587165013376344064.fits,97,54853,3186,174,3846,3749
./segue2/3587187553364713472.fits,3846,54853,3186,256,3846,0
./segue2/3587191401319866368.fits,3847,54833,3186,270,3847,0
./segue2/3587191951411224576.fits,74,54853,3186,272,3846,3772
./segue2/3587220263835639808.fits,181,54853,3186,375,3846,3665
./segue2/3587278537951911936.fits,3846,54853,3186,587,3846,0
./segue2/3587290632579817472.fits,3846,54853,3186,631,3846,0
./segue2/3588268097880039424.fits,3850,54821,3187,91,3850,0
./segue2/3588290912746315776.fits,149,54821,3187,174,3850,3701
./segue2/3588324172973056000.fits,3850,54821,3187,295,3850,0
./segue2/3588374750507933696.fits,3850,54821,3187,479,3850,0
./segue2/3589405267948838912.fits,3847,54831,3188,132,3847,0
./segue2/3589421760623255552.fits,3847,54831,3188,192,3847,0
./segue2/3589430556716277760.fits,3847,54831,3188,224,3847,0
./segue2/3589437978419765248.fits,3847,54831,3188,251,3847,0
./segue2/3589444025733718016.fits,3847,54831,3188,273,3847,0
./segue2/3589472063280226304.fits,134,54831,3188,375,3847,3713
./segue2/3589488830832549888.fits,3847,54831,3188,436,3847,0
./segue2/3589539958123241472.fits,3847,54831,3188,622,3847,0
./segue2/3590531167889235968.fits,3848,54833,3189,132,3848,0
./segue2/3590547660563652608.fits,3848,54833,3189,192,3848,0
./segue2/3590556456656674816.fits,3848,54833,3189,224,3848,0
./segue2/3590563878360162304.fits,3848,54833,3189,251,3848,0
./segue2/3590569925674115072.fits,3848,54833,3189,273,3848,0
./segue2/3590597963220623360.fits,200,54833,3189,375,3848,3648
./segue2/3590614730772946944.fits,3848,54833,3189,436,3848,0
./segue2/3590665858063638528.fits,3848,54833,3189,622,3848,0
./segue2/3593901720717074432.fits,3846,54829,3192,106,3846,0
./segue2/3593920412414746624.fits,151,54829,3192,174,3846,3695
./segue2/3593959445077532672.fits,3846,54829,3192,316,3846,0
./segue2/3594048505519382528.fits,199,54829,3192,640,3846,3647
./segue2/3595027620640694272.fits,3849,54830,3193,106,3849,0
./segue2/3595046312338366464.fits,99,54830,3193,174,3849,3750
./segue2/3595085345001152512.fits,3849,54830,3193,316,3849,0
./segue2/3595174130565095424.fits,27,54830,3193,639,3849,3822
./segue2/3595174405443002368.fits,199,54830,3193,640,3849,3650
./segue2/3596125208173453312.fits,3848,54833,3194,3,3848,0
./segue2/3596126582562988032.fits,3848,54833,3194,8,3848,0
./segue2/3596130155975778304.fits,3848,54833,3194,21,3848,0
./segue2/3596172212295540736.fits,95,54833,3194,174,3848,3753
./segue2/3596183207411818496.fits,3848,54833,3194,214,3848,0
./segue2/3596198600574607360.fits,3848,54833,3194,270,3848,0
./segue2/3596214818371117056.fits,3848,54833,3194,329,3848,0
./segue2/3596239832260648960.fits,3848,54833,3194,420,3848,0
./segue2/3596245604696694784.fits,3848,54833,3194,441,3848,0
./segue2/3596289585161805824.fits,3848,54833,3194,601,3848,0
./segue2/3597279420487933952.fits,3845,54832,3195,106,3845,0
./segue2/3597298112185606144.fits,78,54832,3195,174,3845,3767
./segue2/3597337144848392192.fits,3845,54832,3195,316,3845,0
./segue2/3597426205290242048.fits,199,54832,3195,640,3845,3646
./segue2/3598403396282982400.fits,51,54834,3196,99,3849,3798
./segue2/3598405320428331008.fits,3849,54834,3196,106,3849,0
./segue2/3598424012126003200.fits,151,54834,3196,174,3849,3698
./segue2/3598463044788789248.fits,3849,54834,3196,316,3849,0
./segue2/3598552105230639104.fits,199,54834,3196,640,3849,3650
./segue2/3600667016366759936.fits,3849,54865,3198,142,3849,0
./segue2/3600673338558619648.fits,3849,54865,3198,165,3849,0
./segue2/3600675812459782144.fits,141,54865,3198,174,3849,3708
./segue2/3600676637093502976.fits,3849,54865,3198,177,3849,0
./segue2/3600681035140014080.fits,3849,54865,3198,193,3849,0
./segue2/3600737110233030656.fits,3849,54865,3198,397,3849,0
./segue2/3600803355808604160.fits,3849,54865,3198,638,3849,0
./segue2/3600803905564418048.fits,4,54865,3198,640,3849,3845
./segue2/3608545566650376192.fits,3843,54848,3205,132,3843,0
./segue2/3608562059324792832.fits,3843,54848,3205,192,3843,0
./segue2/3608570855417815040.fits,3843,54848,3205,224,3843,0
./segue2/3608578277121302528.fits,3843,54848,3205,251,3843,0
./segue2/3608584324435255296.fits,3843,54848,3205,273,3843,0
./segue2/3608612361981763584.fits,200,54848,3205,375,3843,3643
./segue2/3608629129534087168.fits,3843,54848,3205,436,3843,0
./segue2/3608680256824778752.fits,3843,54848,3205,622,3843,0
./segue2/3609683011496419328.fits,66,54852,3206,174,3847,3781
./segue2/3609709399775485952.fits,3847,54852,3206,270,3847,0
./segue2/3609810829723148288.fits,4,54852,3206,639,3847,3843
./segue2/3610808911369707520.fits,79,54850,3207,174,3847,3768
./segue2/3610835299648774144.fits,3847,54850,3207,270,3847,0
./segue2/3610845470131331072.fits,3847,54850,3207,307,3847,0
./segue2/3611916119629209600.fits,3848,54853,3208,106,3848,0
./segue2/3611934811326881792.fits,104,54853,3208,174,3848,3744
./segue2/3611948555222228992.fits,3848,54853,3208,224,3848,0
./segue2/3611973843989667840.fits,3848,54853,3208,316,3848,0
./segue2/3611987313007108096.fits,3848,54853,3208,365,3848,0
./segue2/3612062629553610752.fits,16,54853,3208,639,3848,3832
./segue2/3612062904431517696.fits,199,54853,3208,640,3848,3649
./segue2/3613049167250825216.fits,3848,54906,3209,132,3848,0
./segue2/3613065659925241856.fits,3848,54906,3209,192,3848,0
./segue2/3613074456018264064.fits,3848,54906,3209,224,3848,0
./segue2/3613081877721751552.fits,3848,54906,3209,251,3848,0
./segue2/3613087925035704320.fits,3848,54906,3209,273,3848,0
./segue2/3613115962582212608.fits,53,54906,3209,375,3848,3795
./segue2/3613132730134536192.fits,3848,54906,3209,436,3848,0
./segue2/3613183857425227776.fits,3848,54906,3209,622,3848,0
./segue2/3614150052764819456.fits,3847,54876,3210,41,3847,0
./segue2/3614186611526443008.fits,26,54876,3210,174,3847,3821
./segue2/3614209151514812416.fits,3847,54876,3210,256,3847,0
./segue2/3614213549561323520.fits,65,54876,3210,272,3847,3782
./segue2/3614241861985738752.fits,200,54876,3210,375,3847,3647
./segue2/3614312230729916416.fits,3847,54876,3210,631,3847,0
./segue2/3615304539571331072.fits,3849,54852,3211,145,3849,0
./segue2/3615343572234117120.fits,3849,54852,3211,287,3849,0
./segue2/3615351818571325440.fits,3849,54852,3211,317,3849,0
./segue2/3615367761489928192.fits,202,54852,3211,375,3849,3647
./segue2/3616426866048606208.fits,3845,54851,3212,132,3845,0
./segue2/3616443358723022848.fits,3845,54851,3212,192,3845,0
./segue2/3616452154816045056.fits,3845,54851,3212,224,3845,0
./segue2/3616459576519532544.fits,3845,54851,3212,251,3845,0
./segue2/3616465623833485312.fits,3845,54851,3212,273,3845,0
./segue2/3616493661379993600.fits,167,54851,3212,375,3845,3678
./segue2/3616510428932317184.fits,3845,54851,3212,436,3845,0
./segue2/3616561556223008768.fits,3845,54851,3212,622,3845,0
./segue2/3617543695219400704.fits,36,54865,3213,99,3850,3814
./segue2/3617545619364749312.fits,3850,54865,3213,106,3850,0
./segue2/3617564311062421504.fits,115,54865,3213,174,3850,3735
./segue2/3617603343725207552.fits,3850,54865,3213,316,3850,0
./segue2/3617619286643810304.fits,102,54865,3213,374,3850,3748
./segue2/3617692404167057408.fits,199,54865,3213,640,3850,3651
./segue2/3618690210986041344.fits,102,54866,3214,174,3846,3744
./segue2/3618716599265107968.fits,3846,54866,3214,270,3846,0
./segue2/3618745461445337088.fits,69,54866,3214,375,3846,3777
./segue2/3619793295942721536.fits,270,54861,3215,91,3849,3579
./segue2/3619816110808997888.fits,184,54861,3215,174,3849,3665
./segue2/3619849371035738112.fits,3849,54861,3215,295,3849,0
./segue2/3619899948570615808.fits,3849,54861,3215,479,3849,0
./segue2/3620895557138096128.fits,3849,54908,3216,5,3849,0
./segue2/3620919195715346432.fits,3846,54853,3216,91,3846,0
./segue2/3620923319806697472.fits,3849,54908,3216,106,3849,0
./segue2/3620942010581622784.fits,186,54853,3216,174,3846,3660
./segue2/3620942011504369664.fits,144,54908,3216,174,3849,3705
./segue2/3620975270808363008.fits,3846,54853,3216,295,3846,0
./segue2/3620981044167155712.fits,3849,54908,3216,316,3849,0
./segue2/3621025848343240704.fits,3846,54853,3216,479,3846,0
./segue2/3621069829731098624.fits,20,54908,3216,639,3849,3829
./segue2/3621070104609005568.fits,199,54908,3216,640,3849,3650
./segue2/3626550894457364480.fits,62,54864,3221,99,3850,3788
./segue2/3626563538841083904.fits,3850,54864,3221,145,3850,0
./segue2/3626610817841078272.fits,3850,54864,3221,317,3850,0
./segue2/3626626760759681024.fits,35,54864,3221,375,3850,3815
./segue2/3627674595307397120.fits,3850,54862,3222,91,3850,0
./segue2/3627697410173673472.fits,177,54862,3222,174,3850,3673
./segue2/3627730670400413696.fits,3850,54862,3222,295,3850,0
./segue2/3627781247935291392.fits,3850,54862,3222,479,3850,0
./segue2/3627805437191102464.fits,3850,54862,3222,567,3850,0
./segue2/3628811765258756096.fits,3847,54865,3223,132,3847,0
./segue2/3628828257933172736.fits,3847,54865,3223,192,3847,0
./segue2/3628837054026194944.fits,3847,54865,3223,224,3847,0
./segue2/3628844475729682432.fits,3847,54865,3223,251,3847,0
./segue2/3628850523043635200.fits,3847,54865,3223,273,3847,0
./segue2/3628878560590143488.fits,201,54865,3223,375,3847,3646
./segue2/3628895328142467072.fits,3847,54865,3223,436,3847,0
./segue2/3628946455433158656.fits,3847,54865,3223,622,3847,0
./segue2/3629937664897163264.fits,3849,54849,3224,132,3849,0
./segue2/3629954157571579904.fits,3849,54849,3224,192,3849,0
./segue2/3629962953664602112.fits,3849,54849,3224,224,3849,0
./segue2/3629970375368089600.fits,3849,54849,3224,251,3849,0
./segue2/3629975048292507648.fits,25,54849,3224,268,3849,3824
./segue2/3629976422682042368.fits,3849,54849,3224,273,3849,0
./segue2/3630004460228550656.fits,201,54849,3224,375,3849,3648
./segue2/3630021227780874240.fits,3849,54849,3224,436,3849,0
./segue2/3630050914594824192.fits,5,54849,3224,544,3849,3844
./segue2/3630072355071565824.fits,3849,54849,3224,622,3849,0
./segue2/3631063564871114752.fits,3848,54853,3225,132,3848,0
./segue2/3631080057545531392.fits,3848,54853,3225,192,3848,0
./segue2/3631088853638553600.fits,3848,54853,3225,224,3848,0
./segue2/3631096275342041088.fits,3848,54853,3225,251,3848,0
./segue2/3631102322655993856.fits,3848,54853,3225,273,3848,0
./segue2/3631130360202502144.fits,190,54853,3225,375,3848,3658
./segue2/3631147127754825728.fits,3848,54853,3225,436,3848,0
./segue2/3631176814568775680.fits,4,54853,3225,544,3848,3844
./segue2/3631198255045517312.fits,3848,54853,3225,622,3848,0
./segue2/3632201009717157888.fits,100,54857,3226,174,3847,3747
./segue2/3632227397996224512.fits,3847,54857,3226,270,3847,0
./segue2/3632237018722967552.fits,3847,54857,3226,305,3847,0
./segue2/3633290351466356736.fits,3846,54893,3227,41,3846,0
./segue2/3633304094875164672.fits,114,54864,3227,91,3848,3734
./segue2/3633305744142606336.fits,3848,54864,3227,97,3848,0
./segue2/3633306294384959488.fits,47,54893,3227,99,3846,3799
./segue2/3633318113866522624.fits,3850,54877,3227,142,3850,0
./segue2/3633324436058382336.fits,3850,54877,3227,165,3850,0
./segue2/3633326909741441024.fits,191,54864,3227,174,3848,3657
./segue2/3633326909959544832.fits,151,54877,3227,174,3850,3699
./segue2/3633326910227980288.fits,86,54893,3227,174,3846,3760
./segue2/3633327734593265664.fits,3850,54877,3227,177,3850,0
./segue2/3633347525584461824.fits,11,54864,3227,249,3848,3837
./segue2/3633347526071001088.fits,4,54893,3227,249,3846,3842
./segue2/3633349450216349696.fits,3846,54893,3227,256,3846,0
./segue2/3633353848262860800.fits,83,54893,3227,272,3846,3763
./segue2/3633357421189111808.fits,3848,54864,3227,285,3848,0
./segue2/3633360169968181248.fits,3848,54864,3227,295,3848,0
./segue2/3633362919233789952.fits,6,54893,3227,305,3846,3840
./segue2/3633372539473993728.fits,3848,54864,3227,340,3848,0
./segue2/3633382160687276032.fits,180,54893,3227,375,3846,3666
./segue2/3633388207732793344.fits,3850,54877,3227,397,3850,0
./segue2/3633390681415852032.fits,3848,54864,3227,406,3848,0
./segue2/3633404975067013120.fits,3848,54864,3227,458,3848,0
./segue2/3633410747503058944.fits,3848,54864,3227,479,3848,0
./segue2/3633428614567010304.fits,4,54864,3227,544,3848,3844
./segue2/3633448406262849536.fits,3846,54893,3227,616,3846,0
./segue2/3633452529431453696.fits,3846,54893,3227,631,3846,0
./segue2/3633454453308366848.fits,3850,54877,3227,638,3850,0
./segue2/3633455003064180736.fits,10,54877,3227,640,3850,3840
./segue2/3633455003332616192.fits,52,54893,3227,640,3846,3794
./segue2/3634431918910578688.fits,3843,54863,3228,98,3843,0
./segue2/3634441264759414784.fits,3843,54863,3228,132,3843,0
./segue2/3634457757433831424.fits,3843,54863,3228,192,3843,0
./segue2/3634466553526853632.fits,3843,54863,3228,224,3843,0
./segue2/3634473975230341120.fits,3843,54863,3228,251,3843,0
./segue2/3634478648154759168.fits,12,54863,3228,268,3843,3831
./segue2/3634480022544293888.fits,3843,54863,3228,273,3843,0
./segue2/3634508060090802176.fits,200,54863,3228,375,3843,3643
./segue2/3634524827643125760.fits,3843,54863,3228,436,3843,0
./segue2/3634575954933817344.fits,3843,54863,3228,622,3843,0
./segue2/3635569913663430656.fits,3850,54876,3229,142,3850,0
./segue2/3635576235855290368.fits,3850,54876,3229,165,3850,0
./segue2/3635578709756452864.fits,138,54876,3229,174,3850,3712
./segue2/3635579534390173696.fits,3850,54876,3229,177,3850,0
./segue2/3635640007529701376.fits,3850,54876,3229,397,3850,0
./segue2/3635706253105274880.fits,3850,54876,3229,638,3850,0
./segue2/3635706802861088768.fits,11,54876,3229,640,3850,3839
./segue2/3636704609394860032.fits,79,54860,3230,174,3848,3769
./segue2/3636730997673926656.fits,3848,54860,3230,270,3848,0
./segue2/3636759859854155776.fits,44,54860,3230,375,3848,3804
./segue2/3637821713711996928.fits,3849,54890,3231,142,3849,0
./segue2/3637828035903856640.fits,3849,54890,3231,165,3849,0
./segue2/3637830509805019136.fits,114,54890,3231,174,3849,3735
./segue2/3637831334438739968.fits,3849,54890,3231,177,3849,0
./segue2/3637891807578267648.fits,3849,54890,3231,397,3849,0
./segue2/3637958053153841152.fits,3849,54890,3231,638,3849,0
./segue2/3637958602909655040.fits,49,54890,3231,640,3849,3800
./segue2/3638909405455556608.fits,3849,54882,3232,3,3849,0
./segue2/3638910779845091328.fits,3849,54882,3232,8,3849,0
./segue2/3638914353257881600.fits,3849,54882,3232,21,3849,0
./segue2/3638956409577644032.fits,98,54882,3232,174,3849,3751
./segue2/3638967404693921792.fits,3849,54882,3232,214,3849,0
./segue2/3638999015653220352.fits,3849,54882,3232,329,3849,0
./segue2/3639024029542752256.fits,3849,54882,3232,420,3849,0
./segue2/3639029801978798080.fits,3849,54882,3232,441,3849,0
./segue2/3639073782443909120.fits,3849,54882,3232,601,3849,0
./segue2/3640059494769205248.fits,96,54891,3233,91,3843,3747
./segue2/3640082309635481600.fits,149,54891,3233,174,3843,3694
./segue2/3640115569862221824.fits,3843,54891,3233,295,3843,0
./segue2/3640166147397099520.fits,3843,54891,3233,479,3843,0
./segue2/3640210402740117504.fits,6,54891,3233,640,3843,3837
./segue2/3641166702877712384.fits,3850,54885,3234,23,3850,0
./segue2/3641172475313758208.fits,3850,54885,3234,44,3850,0
./segue2/3641312113290485760.fits,3850,54885,3234,552,3850,0
./segue2/3642292602700668928.fits,3849,54880,3235,23,3849,0
./segue2/3642298375136714752.fits,3849,54880,3235,44,3849,0
./segue2/3642438013113442304.fits,3849,54880,3235,552,3849,0
./segue2/3643413005250699264.fits,3849,54892,3236,3,3849,0
./segue2/3643414379640233984.fits,3849,54892,3236,8,3849,0
./segue2/3643417953053024256.fits,3849,54892,3236,21,3849,0
./segue2/3643460009372786688.fits,68,54892,3236,174,3849,3781
./segue2/3643471004489064448.fits,3849,54892,3236,214,3849,0
./segue2/3643502615448363008.fits,3849,54892,3236,329,3849,0
./segue2/3643527629337894912.fits,3849,54892,3236,420,3849,0
./segue2/3643533401773940736.fits,3849,54892,3236,441,3849,0
./segue2/3643577382239051776.fits,3849,54892,3236,601,3849,0
./segue2/3644544402564685824.fits,3849,54883,3237,23,3849,0
./segue2/3644550175000731648.fits,3849,54883,3237,44,3849,0
./segue2/3644689812977459200.fits,3849,54883,3237,552,3849,0
./segue2/3645664804946944000.fits,3847,54885,3238,3,3847,0
./segue2/3645666179336478720.fits,3847,54885,3238,8,3847,0
./segue2/3645669752749268992.fits,3847,54885,3238,21,3847,0
./segue2/3645711809069031424.fits,128,54885,3238,174,3847,3719
./segue2/3645722804185309184.fits,3847,54885,3238,214,3847,0
./segue2/3645754415144607744.fits,3847,54885,3238,329,3847,0
./segue2/3645763211237629952.fits,3847,54885,3238,361,3847,0
./segue2/3645779429034139648.fits,3847,54885,3238,420,3847,0
./segue2/3645785201470185472.fits,3847,54885,3238,441,3847,0
./segue2/3645829181935296512.fits,3847,54885,3238,601,3847,0
./segue2/3646796202462257152.fits,3849,54888,3239,23,3849,0
./segue2/3646801974898302976.fits,3849,54888,3239,44,3849,0
./segue2/3646837434148298752.fits,9,54888,3239,173,3849,3840
./segue2/3646941612875030528.fits,3849,54888,3239,552,3849,0
./segue2/3646965802130841600.fits,80,54888,3239,640,3849,3769
./segue2/3647940793982885888.fits,3849,54883,3240,91,3849,0
./segue2/3647963608849162240.fits,180,54883,3240,174,3849,3669
./segue2/3647996869075902464.fits,3849,54883,3240,295,3849,0
./segue2/3648047446610780160.fits,3849,54883,3240,479,3849,0
./segue2/3649070817075109888.fits,3850,54884,3241,106,3850,0
./segue2/3649089508772782080.fits,22,54884,3241,174,3850,3828
./segue2/3649128541435568128.fits,3850,54884,3241,316,3850,0
./segue2/3649217601877417984.fits,200,54884,3241,640,3850,3650
./segue2/3650168954397237248.fits,3848,54889,3242,5,3848,0
./segue2/3650196717065838592.fits,3848,54889,3242,106,3848,0
./segue2/3650215408763510784.fits,155,54889,3242,174,3848,3693
./segue2/3650254441426296832.fits,3848,54889,3242,316,3848,0
./segue2/3650343226990239744.fits,69,54889,3242,639,3848,3779
./segue2/3650343501868146688.fits,198,54889,3242,640,3848,3650
./segue2/3651299802458726400.fits,3849,54910,3243,23,3849,0
./segue2/3651305574894772224.fits,3849,54910,3243,44,3849,0
./segue2/3651445212871499776.fits,3849,54910,3243,552,3849,0
./segue2/3651469402127310848.fits,39,54910,3243,640,3849,3810
./segue2/3652425702063579136.fits,3850,54892,3244,23,3850,0
./segue2/3652431474499624960.fits,3850,54892,3244,44,3850,0
./segue2/3652571112476352512.fits,3850,54892,3244,552,3850,0
./segue2/3652595301732163584.fits,36,54892,3244,640,3850,3814
./segue2/3653551602003976192.fits,3843,54894,3245,23,3843,0
./segue2/3653557374440022016.fits,3843,54894,3245,44,3843,0
./segue2/3653697012416749568.fits,3843,54894,3245,552,3843,0
./segue2/3653721201672560640.fits,49,54894,3245,640,3843,3794
./segue2/3654696194363465728.fits,128,54939,3246,91,3850,3722
./segue2/3654719009229742080.fits,175,54939,3246,174,3850,3675
./segue2/3654752269456482304.fits,3850,54939,3246,295,3850,0
./segue2/3654802846991360000.fits,3850,54939,3246,479,3850,0
./segue2/3654820714055311360.fits,3,54939,3246,544,3850,3847
./segue2/3655822093414670336.fits,96,54888,3247,91,3848,3752
./segue2/3655844908280946688.fits,154,54888,3247,174,3848,3694
./segue2/3655878168507686912.fits,3848,54888,3247,295,3848,0
./segue2/3655928746042564608.fits,3848,54888,3247,479,3848,0
./segue2/3655973001385582592.fits,46,54888,3247,640,3848,3802
./segue2/3656934249291948032.fits,3848,54880,3248,41,3848,0
./segue2/3656970808053571584.fits,94,54880,3248,174,3848,3754
./segue2/3656993348041940992.fits,3848,54880,3248,256,3848,0
./segue2/3656997746088452096.fits,81,54880,3248,272,3848,3767
./segue2/3657026058512867328.fits,200,54880,3248,375,3848,3648
./segue2/3657096427257044992.fits,3848,54880,3248,631,3848,0
./segue2/3658088736501112832.fits,3849,54880,3249,145,3849,0
./segue2/3658136015501107200.fits,3849,54880,3249,317,3849,0
./segue2/3658151958419709952.fits,202,54880,3249,375,3849,3647
./segue2/3659222607917588480.fits,104,54883,3250,174,3847,3743
./segue2/3659248996196655104.fits,3847,54883,3250,270,3847,0
./segue2/3659277858376884224.fits,22,54883,3250,375,3847,3825
./segue2/3660311949046030336.fits,3849,54882,3251,41,3849,0
./segue2/3660348507807653888.fits,152,54882,3251,174,3849,3697
./segue2/3660371047796023296.fits,3849,54882,3251,256,3849,0
./segue2/3660375445842534400.fits,90,54882,3251,272,3849,3759
./segue2/3660403758266949632.fits,200,54882,3251,375,3849,3649
./segue2/3660474127011127296.fits,3849,54882,3251,631,3849,0
./segue2/3661427953532772352.fits,3848,54893,3252,5,3848,0
./segue2/3661455716201373696.fits,3848,54893,3252,106,3848,0
./segue2/3661474407899045888.fits,121,54893,3252,174,3848,3727
./segue2/3661513440561831936.fits,3848,54893,3252,316,3848,0
./segue2/3661602226125774848.fits,59,54893,3252,639,3848,3789
./segue2/3661602501003681792.fits,200,54893,3252,640,3848,3648
./segue2/3662558802047246336.fits,3849,54941,3253,23,3849,0
./segue2/3662564574483292160.fits,3849,54941,3253,44,3849,0
./segue2/3662599209099567104.fits,3849,54941,3253,170,3849,0
./segue2/3662704212460019712.fits,3849,54941,3253,552,3849,0
./segue2/3663703392779345920.fits,95,54889,3254,91,3844,3749
./segue2/3663726207645622272.fits,159,54889,3254,174,3844,3685
./segue2/3663759467872362496.fits,3844,54889,3254,295,3844,0
./segue2/3663810045407240192.fits,3844,54889,3254,479,3844,0
./segue2/3663854300750258176.fits,42,54889,3254,640,3844,3802
./segue2/3664829292619079680.fits,3848,54885,3255,91,3848,0
./segue2/3664852107485356032.fits,184,54885,3255,174,3848,3664
./segue2/3664885367712096256.fits,3848,54885,3255,295,3848,0
./segue2/3664888116491165696.fits,20,54885,3255,305,3848,3828
./segue2/3664935945246973952.fits,3848,54885,3255,479,3848,0
./segue2/3667085215651700736.fits,3843,54888,3257,106,3843,0
./segue2/3667103907349372928.fits,153,54888,3257,174,3843,3690
./segue2/3667117651244720128.fits,3843,54888,3257,224,3843,0
./segue2/3667142940012158976.fits,3843,54888,3257,316,3843,0
./segue2/3667156409029599232.fits,3843,54888,3257,365,3843,0
./segue2/3667231725576101888.fits,91,54888,3257,639,3843,3752
./segue2/3667232000454008832.fits,199,54888,3257,640,3843,3644
./segue2/3668229807189106688.fits,90,54884,3258,174,3844,3754
./segue2/3668256195468173312.fits,3844,54884,3258,270,3844,0
./segue2/3669312001525522432.fits,3846,54885,3259,15,3846,0
./segue2/3669319148351102976.fits,3846,54885,3259,41,3846,0
./segue2/3669355707112726528.fits,104,54885,3259,174,3846,3742
./segue2/3669378247101095936.fits,3846,54885,3259,256,3846,0
./segue2/3669382645147607040.fits,3846,54885,3259,272,3846,0
./segue2/3669383194903420928.fits,3846,54885,3259,274,3846,0
./segue2/3669391716118536192.fits,13,54885,3259,305,3846,3833
./segue2/3669410957572022272.fits,199,54885,3259,375,3846,3647
./segue2/3669481326316199936.fits,3846,54885,3259,631,3846,0
./segue2/3670445048224391168.fits,3848,54883,3260,41,3848,0
./segue2/3670481606986014720.fits,127,54883,3260,174,3848,3721
./segue2/3670504146974384128.fits,3848,54883,3260,256,3848,0
./segue2/3670508545020895232.fits,69,54883,3260,272,3848,3779
./segue2/3670517615991824384.fits,4,54883,3260,305,3848,3844
./segue2/3670536857445310464.fits,199,54883,3260,375,3848,3649
./segue2/3670607226189488128.fits,3848,54883,3260,631,3848,0
./segue2/3671570948097679360.fits,3849,54881,3261,41,3849,0
./segue2/3671607506859302912.fits,141,54881,3261,174,3849,3708
./segue2/3671630046847672320.fits,3849,54881,3261,256,3849,0
./segue2/3671634444894183424.fits,106,54881,3261,272,3849,3743
./segue2/3671662757318598656.fits,200,54881,3261,375,3849,3649
./segue2/3671733126062776320.fits,3849,54881,3261,631,3849,0
./segue2/3672689701229273088.fits,3848,54884,3262,15,3848,0
./segue2/3672696848054853632.fits,3848,54884,3262,41,3848,0
./segue2/3672732307304849408.fits,3848,54884,3262,170,3848,0
./segue2/3672733406816477184.fits,97,54884,3262,174,3848,3751
./segue2/3672755946804846592.fits,3848,54884,3262,256,3848,0
./segue2/3672760344851357696.fits,3848,54884,3262,272,3848,0
./segue2/3672760894607171584.fits,3848,54884,3262,274,3848,0
./segue2/3672788657275772928.fits,199,54884,3262,375,3848,3649
./segue2/3672859026019950592.fits,3848,54884,3262,631,3848,0
./segue2/3673822748012027904.fits,3845,54887,3263,41,3845,0
./segue2/3673859306773651456.fits,118,54887,3263,174,3845,3727
./segue2/3673881846762020864.fits,3845,54887,3263,256,3845,0
./segue2/3673886244808531968.fits,79,54887,3263,272,3845,3766
./segue2/3673914557232947200.fits,114,54887,3263,375,3845,3731
./segue2/3673984925977124864.fits,3845,54887,3263,631,3845,0
./segue2/3673987399878287360.fits,53,54887,3263,640,3845,3792
./segue2/3674948647952424960.fits,3848,54889,3264,41,3848,0
./segue2/3674985206714048512.fits,133,54889,3264,174,3848,3715
./segue2/3675005822557069312.fits,14,54889,3264,249,3848,3834
./segue2/3675007746702417920.fits,3848,54889,3264,256,3848,0
./segue2/3675012144748929024.fits,80,54889,3264,272,3848,3768
./segue2/3675040457173344256.fits,199,54889,3264,375,3848,3649
./segue2/3675110825917521920.fits,3848,54889,3264,631,3848,0
./segue2/3675113299818684416.fits,33,54889,3264,640,3848,3815
./segue2/3676100936121556992.fits,3848,54888,3265,137,3848,0
./segue2/3676103135144812544.fits,3848,54888,3265,145,3848,0
./segue2/3676150414144806912.fits,3848,54888,3265,317,3848,0
./segue2/3676166357063409664.fits,201,54888,3265,375,3848,3647
./segue2/3697494409059868672.fits,3849,54907,3284,142,3849,0
./segue2/3697500731251728384.fits,3849,54907,3284,165,3849,0
./segue2/3697503205152890880.fits,155,54907,3284,174,3849,3694
./segue2/3697504029786611712.fits,3849,54907,3284,177,3849,0
./segue2/3697564502926139392.fits,3849,54907,3284,397,3849,0
./segue2/3697630748501712896.fits,3849,54907,3284,638,3849,0
./segue2/3697631298257526784.fits,59,54907,3284,640,3849,3790
./segue2/3698620309654577152.fits,3850,54948,3285,142,3850,0
./segue2/3698626631846436864.fits,3850,54948,3285,165,3850,0
./segue2/3698629105747599360.fits,137,54948,3285,174,3850,3713
./segue2/3698629930381320192.fits,3850,54948,3285,177,3850,0
./segue2/3698690403520847872.fits,3850,54948,3285,397,3850,0
./segue2/3698732184962703360.fits,3850,54948,3285,549,3850,0
./segue2/3698756649096421376.fits,3850,54948,3285,638,3850,0
./segue2/3698757198852235264.fits,109,54948,3285,640,3850,3741
./segue2/3699746208923885568.fits,3849,54910,3286,142,3849,0
./segue2/3699752531115745280.fits,3849,54910,3286,165,3849,0
./segue2/3699755005016907776.fits,150,54910,3286,174,3849,3699
./segue2/3699755829650628608.fits,3849,54910,3286,177,3849,0
./segue2/3699816302790156288.fits,3849,54910,3286,397,3849,0
./segue2/3699858084232011776.fits,3849,54910,3286,549,3849,0
./segue2/3699882548365729792.fits,3849,54910,3286,638,3849,0
./segue2/3699883098121543680.fits,105,54910,3286,640,3849,3744
./segue2/3700872933984542720.fits,3848,54941,3287,145,3848,0
./segue2/3700920212984537088.fits,3848,54941,3287,317,3848,0
./segue2/3700936155903139840.fits,184,54941,3287,375,3848,3664
./segue2/3701959800674951168.fits,3848,54908,3288,3,3848,0
./segue2/3701961175064485888.fits,3848,54908,3288,8,3848,0
./segue2/3701964748477276160.fits,3848,54908,3288,21,3848,0
./segue2/3702006804797038592.fits,84,54908,3288,174,3848,3764
./segue2/3702017799913316352.fits,3848,54908,3288,214,3848,0
./segue2/3702049410872614912.fits,3848,54908,3288,329,3848,0
./segue2/3702074424762146816.fits,3848,54908,3288,420,3848,0
./segue2/3702080197198192640.fits,3848,54908,3288,441,3848,0
./segue2/3702124177663303680.fits,3848,54908,3288,601,3848,0
./segue2/3703132704737435648.fits,117,54910,3289,174,3846,3729
./segue2/3703159093016502272.fits,3846,54910,3289,270,3846,0
./segue2/3704249809071349760.fits,3850,54941,3290,142,3850,0
./segue2/3704256131263209472.fits,3850,54941,3290,165,3850,0
./segue2/3704258605164371968.fits,111,54941,3290,174,3850,3739
./segue2/3704259429798092800.fits,3850,54941,3290,177,3850,0
./segue2/3704319902937620480.fits,3850,54941,3290,397,3850,0
./segue2/3704360859745755136.fits,3850,54941,3290,546,3850,0
./segue2/3704361684379475968.fits,3850,54941,3290,549,3850,0
./segue2/3704386148513193984.fits,3850,54941,3290,638,3850,0
./segue2/3704386698269007872.fits,21,54941,3290,640,3850,3829
./segue2/3705347946276036608.fits,3847,54939,3291,41,3847,0
./segue2/3705384505037660160.fits,66,54939,3291,174,3847,3781
./segue2/3705407045026029568.fits,3847,54939,3291,256,3847,0
./segue2/3705411443072540672.fits,118,54939,3291,272,3847,3729
./segue2/3705439755496955904.fits,200,54939,3291,375,3847,3647
./segue2/3705510124241133568.fits,3847,54939,3291,631,3847,0
./segue2/3706473846249988096.fits,3846,54943,3292,41,3846,0
./segue2/3706489789168590848.fits,12,54943,3292,99,3846,3834
./segue2/3706510405011611648.fits,85,54943,3292,174,3846,3761
./segue2/3706532944999981056.fits,3846,54943,3292,256,3846,0
./segue2/3706537343046492160.fits,81,54943,3292,272,3846,3765
./segue2/3706565655470907392.fits,164,54943,3292,375,3846,3682
./segue2/3706636024215085056.fits,3846,54943,3292,631,3846,0
./segue2/3706638498116247552.fits,9,54943,3292,640,3846,3837
./segue2/3707624759677263872.fits,3849,54921,3293,132,3849,0
./segue2/3707641252351680512.fits,3849,54921,3293,192,3849,0
./segue2/3707650048444702720.fits,3849,54921,3293,224,3849,0
./segue2/3707657470148190208.fits,3849,54921,3293,251,3849,0
./segue2/3707663517462142976.fits,3849,54921,3293,273,3849,0
./segue2/3707691555008651264.fits,78,54921,3293,375,3849,3771
./segue2/3707708322560974848.fits,3849,54921,3293,436,3849,0
./segue2/3707723165967949824.fits,3849,54921,3293,490,3849,0
./segue2/3707759449851666432.fits,3849,54921,3293,622,3849,0
./segue2/3708754232946565120.fits,3849,54918,3294,145,3849,0
./segue2/3708801511946559488.fits,3849,54918,3294,317,3849,0
./segue2/3708817454865162240.fits,201,54918,3294,375,3849,3648
./segue2/3709879308320350208.fits,3849,54924,3295,142,3849,0
./segue2/3709885630512209920.fits,3849,54924,3295,165,3849,0
./segue2/3709888104413372416.fits,117,54924,3295,174,3849,3732
./segue2/3709888929047093248.fits,3849,54924,3295,177,3849,0
./segue2/3709949402186620928.fits,3849,54924,3295,397,3849,0
./segue2/3709991183628476416.fits,3849,54924,3295,549,3849,0
./segue2/3710015647762194432.fits,3849,54924,3295,638,3849,0
./segue2/3710966999946469376.fits,3847,54909,3296,3,3847,0
./segue2/3710968374336004096.fits,3847,54909,3296,8,3847,0
./segue2/3710971947748794368.fits,3847,54909,3296,21,3847,0
./segue2/3711014004068556800.fits,145,54909,3296,174,3847,3702
./segue2/3711024999184834560.fits,3847,54909,3296,214,3847,0
./segue2/3711056610144133120.fits,3847,54909,3296,329,3847,0
./segue2/3711081624033665024.fits,3847,54909,3296,420,3847,0
./segue2/3711087396469710848.fits,3847,54909,3296,441,3847,0
./segue2/3711131376934821888.fits,3847,54909,3296,601,3847,0
./segue2/3712093450145996800.fits,3847,54941,3297,5,3847,0
./segue2/3712121212814598144.fits,3847,54941,3297,106,3847,0
./segue2/3712139904512270336.fits,105,54941,3297,174,3847,3742
./segue2/3712178937175056384.fits,3847,54941,3297,316,3847,0
./segue2/3712267722738999296.fits,56,54941,3297,639,3847,3791
./segue2/3712267997616906240.fits,201,54941,3297,640,3847,3646
./segue2/3713265804133900288.fits,90,54924,3298,174,3847,3757
./segue2/3713292192412966912.fits,3847,54924,3298,270,3847,0
./segue2/3714383732313006080.fits,3848,54908,3299,145,3848,0
./segue2/3714417817173467136.fits,4,54908,3299,269,3848,3844
./segue2/3714431011313000448.fits,3848,54908,3299,317,3848,0
./segue2/3714446954231603200.fits,201,54908,3299,375,3848,3647
./segue2/3715509632320512000.fits,3849,54914,3300,145,3849,0
./segue2/3715556911320506368.fits,3849,54914,3300,317,3849,0
./segue2/3715572854239109120.fits,191,54914,3300,375,3849,3658
./segue2/3716612717780508672.fits,3848,54939,3301,62,3848,0
./segue2/3716631959233994752.fits,3848,54939,3301,132,3848,0
./segue2/3716648451908411392.fits,3848,54939,3301,192,3848,0
./segue2/3716657248001433600.fits,3848,54939,3301,224,3848,0
./segue2/3716664669704921088.fits,3848,54939,3301,251,3848,0
./segue2/3716669342629339136.fits,4,54939,3301,268,3848,3844
./segue2/3716670717018873856.fits,3848,54939,3301,273,3848,0
./segue2/3716698754565382144.fits,200,54939,3301,375,3848,3648
./segue2/3716715522117705728.fits,3848,54939,3301,436,3848,0
./segue2/3716745208931655680.fits,4,54939,3301,544,3848,3844
./segue2/3716766649408397312.fits,3848,54939,3301,622,3848,0
./segue2/3718872489238044672.fits,3847,54950,3303,91,3847,0
./segue2/3718895304104321024.fits,180,54950,3303,174,3847,3667
./segue2/3718928564331061248.fits,3847,54950,3303,295,3847,0
./segue2/3718950554563616768.fits,199,54950,3303,375,3847,3648
./segue2/3718979141865938944.fits,3847,54950,3303,479,3847,0
./segue2/3719023397208956928.fits,55,54950,3303,640,3847,3792
./segue2/3719998389010669568.fits,3848,54942,3304,91,3848,0
./segue2/3720021203876945920.fits,194,54942,3304,174,3848,3654
./segue2/3720054464103686144.fits,3848,54942,3304,295,3848,0
./segue2/3720057212882755584.fits,17,54942,3304,305,3848,3831
./segue2/3720105041638563840.fits,3848,54942,3304,479,3848,0
./segue2/3720149296981581824.fits,36,54942,3304,640,3848,3812
./segue2/3721124288967843840.fits,3848,54945,3305,91,3848,0
./segue2/3721147103834120192.fits,182,54945,3305,174,3848,3666
./segue2/3721180364060860416.fits,3848,54945,3305,295,3848,0
./segue2/3721202354293415936.fits,199,54945,3305,375,3848,3649
./segue2/3721230941595738112.fits,3848,54945,3305,479,3848,0
./segue2/3721275196938756096.fits,70,54945,3305,640,3848,3778
./segue2/3722236444593463296.fits,3847,54922,3306,41,3847,0
./segue2/3722273003355086848.fits,79,54922,3306,174,3847,3768
./segue2/3722295543343456256.fits,3847,54922,3306,256,3847,0
./segue2/3722299941389967360.fits,90,54922,3306,272,3847,3757
./segue2/3722328253814382592.fits,200,54922,3306,375,3847,3647
./segue2/3722398622558560256.fits,3847,54922,3306,631,3847,0
./segue2/3723376089200959488.fits,164,54970,3307,91,3849,3685
./segue2/3723432164293976064.fits,3849,54970,3307,295,3849,0
./segue2/3723482741828853760.fits,3849,54970,3307,479,3849,0
./segue2/3724524803118440448.fits,110,54919,3308,174,3848,3738
./segue2/3724551191397507072.fits,3848,54919,3308,270,3848,0
./segue2/3726753788065849344.fits,3849,54919,3310,91,3849,0
./segue2/3726776602932125696.fits,172,54919,3310,174,3849,3677
./segue2/3726809863158865920.fits,3849,54919,3310,295,3849,0
./segue2/3726860440693743616.fits,3849,54919,3310,479,3849,0
./segue2/3727893707148599296.fits,3847,54943,3311,142,3847,0
./segue2/3727900029340459008.fits,3847,54943,3311,165,3847,0
./segue2/3727902503241621504.fits,128,54943,3311,174,3847,3719
./segue2/3727903327875342336.fits,3847,54943,3311,177,3847,0
./segue2/3727963801014870016.fits,3847,54943,3311,397,3847,0
./segue2/3728005582456725504.fits,3847,54943,3311,549,3847,0
./segue2/3728030046590443520.fits,3847,54943,3311,638,3847,0
./segue2/3728030596346257408.fits,118,54943,3311,640,3847,3729
./segue2/3728986897020723200.fits,3848,54969,3312,23,3848,0
./segue2/3728992669456769024.fits,3848,54969,3312,44,3848,0
./segue2/3728996792625373184.fits,3848,54969,3312,59,3848,0
./segue2/3729026204561416192.fits,3848,54969,3312,166,3848,0
./segue2/3729028403584671744.fits,106,54969,3312,174,3848,3742
./segue2/3729083654043967488.fits,201,54969,3312,375,3848,3647
./segue2/3729132307433496576.fits,3848,54969,3312,552,3848,0
./segue2/3730142759122739200.fits,3846,54999,3313,132,3846,0
./segue2/3730154303994830848.fits,187,54999,3313,174,3846,3659
./segue2/3730159251797155840.fits,3846,54999,3313,192,3846,0
./segue2/3730168047890178048.fits,3846,54999,3313,224,3846,0
./segue2/3730175469593665536.fits,3846,54999,3313,251,3846,0
./segue2/3730181516907618304.fits,3846,54999,3313,273,3846,0
./segue2/3730226322006450176.fits,3846,54999,3313,436,3846,0
./segue2/3730277449297141760.fits,3846,54999,3313,622,3846,0
./segue2/3731233199293046784.fits,3848,54970,3314,3,3848,0
./segue2/3731234573682581504.fits,3848,54970,3314,8,3848,0
./segue2/3731238147095371776.fits,3848,54970,3314,21,3848,0
./segue2/3731291198531411968.fits,3848,54970,3314,214,3848,0
./segue2/3731316212420943872.fits,9,54970,3314,305,3848,3839
./segue2/3731322809490710528.fits,3848,54970,3314,329,3848,0
./segue2/3731331605583732736.fits,3848,54970,3314,361,3848,0
./segue2/3731335728752336896.fits,148,54970,3314,376,3848,3700
./segue2/3731347823380242432.fits,3848,54970,3314,420,3848,0
./segue2/3731353595816288256.fits,3848,54970,3314,441,3848,0
./segue2/3731397576281399296.fits,3848,54970,3314,601,3848,0
./segue2/3732397306759192576.fits,3847,54942,3315,142,3847,0
./segue2/3732403628951052288.fits,3847,54942,3315,165,3847,0
./segue2/3732406102852214784.fits,133,54942,3315,174,3847,3714
./segue2/3732406927485935616.fits,3847,54942,3315,177,3847,0
./segue2/3732434140398723072.fits,3847,54942,3315,276,3847,0
./segue2/3732467400625463296.fits,3847,54942,3315,397,3847,0
./segue2/3732509182067318784.fits,3847,54942,3315,549,3847,0
./segue2/3732533646201036800.fits,3847,54942,3315,638,3847,0
./segue2/3732534195956850688.fits,102,54942,3315,640,3847,3745
./segue2/3734646357223383040.fits,3846,54908,3317,132,3846,0
./segue2/3734662849897799680.fits,3846,54908,3317,192,3846,0
./segue2/3734671645990821888.fits,3846,54908,3317,224,3846,0
./segue2/3734679067694309376.fits,3846,54908,3317,251,3846,0
./segue2/3734685115008262144.fits,3846,54908,3317,273,3846,0
./segue2/3734713152554770432.fits,160,54908,3317,375,3846,3686
./segue2/3734729920107094016.fits,3846,54908,3317,436,3846,0
./segue2/3734742014734999552.fits,3846,54908,3317,480,3846,0
./segue2/3734759606921043968.fits,17,54908,3317,544,3846,3829
./segue2/3734781047397785600.fits,3846,54908,3317,622,3846,0
./segue2/3735760987857461248.fits,3847,54951,3318,91,3847,0
./segue2/3735783802723737600.fits,194,54951,3318,174,3847,3653
./segue2/3735817062950477824.fits,3847,54951,3318,295,3847,0
./segue2/3735867640485355520.fits,3847,54951,3318,479,3847,0
./segue2/3735911895828373504.fits,65,54951,3318,640,3847,3782
./segue2/3736898157154508800.fits,3844,54915,3319,132,3844,0
./segue2/3736914649828925440.fits,3844,54915,3319,192,3844,0
./segue2/3736923445921947648.fits,3844,54915,3319,224,3844,0
./segue2/3736930867625435136.fits,3844,54915,3319,251,3844,0
./segue2/3736936914939387904.fits,3844,54915,3319,273,3844,0
./segue2/3736964952485896192.fits,131,54915,3319,375,3844,3713
./segue2/3736981720038219776.fits,3844,54915,3319,436,3844,0
./segue2/3737032847328911360.fits,3844,54915,3319,622,3844,0
./segue2/3738024057011019776.fits,3846,54912,3320,132,3846,0
./segue2/3738040549685436416.fits,3846,54912,3320,192,3846,0
./segue2/3738049345778458624.fits,3846,54912,3320,224,3846,0
./segue2/3738056767481946112.fits,3846,54912,3320,251,3846,0
./segue2/3738062814795898880.fits,3846,54912,3320,273,3846,0
./segue2/3738090852342407168.fits,188,54912,3320,375,3846,3658
./segue2/3738107619894730752.fits,3846,54912,3320,436,3846,0
./segue2/3738158747185422336.fits,3846,54912,3320,622,3846,0
./segue2/3739149957119188992.fits,3847,54924,3321,132,3847,0
./segue2/3739166449793605632.fits,3847,54924,3321,192,3847,0
./segue2/3739175245886627840.fits,3847,54924,3321,224,3847,0
./segue2/3739182667590115328.fits,3847,54924,3321,251,3847,0
./segue2/3739188714904068096.fits,3847,54924,3321,273,3847,0
./segue2/3739216752450576384.fits,201,54924,3321,375,3847,3646
./segue2/3739233520002899968.fits,3847,54924,3321,436,3847,0
./segue2/3739263206816849920.fits,18,54924,3321,544,3847,3829
./segue2/3739284647293591552.fits,3847,54924,3321,622,3847,0
./segue2/3742531230571274240.fits,3848,54943,3324,145,3848,0
./segue2/3742570263234060288.fits,3848,54943,3324,287,3848,0
./segue2/3742578509571268608.fits,3848,54943,3324,317,3848,0
./segue2/3742594452489871360.fits,143,54943,3324,375,3848,3705
./segue2/3742640906856144896.fits,4,54943,3324,544,3848,3844
./segue2/3743634315595063296.fits,3846,54942,3325,62,3846,0
./segue2/3743653557048549376.fits,3846,54942,3325,132,3846,0
./segue2/3743670049722966016.fits,3846,54942,3325,192,3846,0
./segue2/3743678845815988224.fits,3846,54942,3325,224,3846,0
./segue2/3743686267519475712.fits,3846,54942,3325,251,3846,0
./segue2/3743692314833428480.fits,3846,54942,3325,273,3846,0
./segue2/3743720352379936768.fits,149,54942,3325,375,3846,3697
./segue2/3743737119932260352.fits,3846,54942,3325,436,3846,0
./segue2/3743766806746210304.fits,32,54942,3325,544,3846,3814
./segue2/3743788247222951936.fits,3846,54942,3325,622,3846,0
./segue2/3744760215518683136.fits,3844,54943,3326,62,3844,0
./segue2/3744779456972169216.fits,3844,54943,3326,132,3844,0
./segue2/3744795949646585856.fits,3844,54943,3326,192,3844,0
./segue2/3744804745739608064.fits,3844,54943,3326,224,3844,0
./segue2/3744812167443095552.fits,3844,54943,3326,251,3844,0
./segue2/3744818214757048320.fits,3844,54943,3326,273,3844,0
./segue2/3744846252303556608.fits,150,54943,3326,375,3844,3694
./segue2/3744863019855880192.fits,3844,54943,3326,436,3844,0
./segue2/3744892706669830144.fits,20,54943,3326,544,3844,3824
./segue2/3744914147146571776.fits,3844,54943,3326,622,3844,0
./segue2/3745908930426019840.fits,3843,54951,3327,145,3843,0
./segue2/3745943015286480896.fits,4,54951,3327,269,3843,3839
./segue2/3745947963088805888.fits,3843,54951,3327,287,3843,0
./segue2/3745956209426014208.fits,3843,54951,3327,317,3843,0
./segue2/3745972152344616960.fits,143,54951,3327,375,3843,3700
./segue2/3746018606710890496.fits,4,54951,3327,544,3843,3839
./segue2/3747034830550966272.fits,3849,54964,3328,145,3849,0
./segue2/3747082109550960640.fits,3849,54964,3328,317,3849,0
./segue2/3747098052469563392.fits,92,54964,3328,375,3849,3757
./segue2/3747144506835836928.fits,4,54964,3328,544,3849,3845
./segue2/3748160730558472192.fits,3846,54970,3329,145,3846,0
./segue2/3748168976895680512.fits,193,54970,3329,175,3846,3653
./segue2/3748189592738701312.fits,5,54970,3329,250,3846,3841
./segue2/3748199763221258240.fits,3846,54970,3329,287,3846,0
./segue2/3748204985901490176.fits,3,54970,3329,306,3846,3843
./segue2/3748208009558466560.fits,3846,54970,3329,317,3846,0
./segue2/3748296520244502528.fits,14,54970,3329,639,3846,3832
./segue2/3750420776826806272.fits,44,54977,3331,175,3847,3803
./segue2/3750446890227965952.fits,3847,54977,3331,270,3847,0
./segue2/3785276394301399040.fits,3848,54939,3362,3,3848,0
./segue2/3785277768690933760.fits,3848,54939,3362,8,3848,0
./segue2/3785281342103724032.fits,3848,54939,3362,21,3848,0
./segue2/3785323398423486464.fits,153,54939,3362,174,3848,3695
./segue2/3785334393539764224.fits,3848,54939,3362,214,3848,0
./segue2/3785366004499062784.fits,3848,54939,3362,329,3848,0
./segue2/3785391018388594688.fits,3848,54939,3362,420,3848,0
./segue2/3785396790824640512.fits,3848,54939,3362,441,3848,0
./segue2/3785440771289751552.fits,3848,54939,3362,601,3848,0
./segue2/3790941354075463680.fits,3844,54998,3367,132,3844,0
./segue2/3790952898947555328.fits,185,54998,3367,174,3844,3659
./segue2/3790957846749880320.fits,3844,54998,3367,192,3844,0
./segue2/3790966642842902528.fits,3844,54998,3367,224,3844,0
./segue2/3790974064546390016.fits,3844,54998,3367,251,3844,0
./segue2/3790980111860342784.fits,3844,54998,3367,273,3844,0
./segue2/3791024916959174656.fits,3844,54998,3367,436,3844,0
./segue2/3791076044249866240.fits,3844,54998,3367,622,3844,0
./segue2/3792055983249924096.fits,107,54954,3368,91,3847,3740
./segue2/3792078798116200448.fits,185,54954,3368,174,3847,3662
./segue2/3792112058342940672.fits,3847,54954,3368,295,3847,0
./segue2/3792134048575496192.fits,200,54954,3368,375,3847,3647
./segue2/3792162635877818368.fits,3847,54954,3368,479,3847,0
./segue2/3792206891220836352.fits,47,54954,3368,640,3847,3800
./segue2/3797708297415532544.fits,75,54940,3373,174,3846,3771
./segue2/3797734685694599168.fits,3846,54940,3373,270,3846,0
./segue2/3797836115642261504.fits,4,54940,3373,639,3846,3842
./segue2/3798834197456592896.fits,83,54948,3374,174,3846,3763
./segue2/3798860585735659520.fits,3846,54948,3374,270,3846,0
./segue2/3799948553414090752.fits,3847,55003,3375,132,3847,0
./segue2/3799960098286182400.fits,195,55003,3375,174,3847,3652
./segue2/3799965046088507392.fits,3847,55003,3375,192,3847,0
./segue2/3799973842181529600.fits,3847,55003,3375,224,3847,0
./segue2/3799981263885017088.fits,3847,55003,3375,251,3847,0
./segue2/3799987311198969856.fits,3847,55003,3375,273,3847,0
./segue2/3800032116297801728.fits,3847,55003,3375,436,3847,0
./segue2/3800083243588493312.fits,3847,55003,3375,622,3847,0
./segue2/3802211897210675200.fits,83,54950,3377,174,3846,3763
./segue2/3802238285489741824.fits,3846,54950,3377,270,3846,0
./segue2/3805566782517911552.fits,128,54977,3380,91,3846,3718
./segue2/3805622857610928128.fits,3846,54977,3380,295,3846,0
./segue2/3805644847843483648.fits,104,54977,3380,375,3846,3742
./segue2/3805673435145805824.fits,3846,54977,3380,479,3846,0
./segue2/3805691302209757184.fits,3,54977,3380,544,3846,3843
./segue2/3810080002385485824.fits,3,54948,3384,126,3844,3841
./segue2/3810081651652927488.fits,3844,54948,3384,132,3844,0
./segue2/3810098144327344128.fits,3844,54948,3384,192,3844,0
./segue2/3810106940420366336.fits,3844,54948,3384,224,3844,0
./segue2/3810114362123853824.fits,3844,54948,3384,251,3844,0
./segue2/3810120409437806592.fits,3844,54948,3384,273,3844,0
./segue2/3810148446984314880.fits,201,54948,3384,375,3844,3643
./segue2/3810165214536638464.fits,3844,54948,3384,436,3844,0
./segue2/3810194901350588416.fits,3,54948,3384,544,3844,3841
./segue2/3810216341827330048.fits,3844,54948,3384,622,3844,0
./segue2/3812312835690700800.fits,3847,54952,3386,57,3847,0
./segue2/3812344996405813248.fits,62,54952,3386,174,3847,3785
./segue2/3812371384684879872.fits,3847,54952,3386,270,3847,0
./segue2/3812446701231382528.fits,3,54952,3386,544,3847,3844
./segue2/3813433787778441216.fits,3845,54951,3387,39,3845,0
./segue2/3813462100202856448.fits,3845,54951,3387,142,3845,0
./segue2/3813468422394716160.fits,3845,54951,3387,165,3845,0
./segue2/3813470896295878656.fits,130,54951,3387,174,3845,3715
./segue2/3813471720929599488.fits,3845,54951,3387,177,3845,0
./segue2/3813532194069127168.fits,3845,54951,3387,397,3845,0
./segue2/3813573975510982656.fits,3845,54951,3387,549,3845,0
./segue2/3813598439644700672.fits,3845,54951,3387,638,3845,0
./segue2/3813598989400514560.fits,108,54951,3387,640,3845,3737
./segue2/3814566009810034688.fits,3844,54947,3388,62,3844,0
./segue2/3814585251263520768.fits,3844,54947,3388,132,3844,0
./segue2/3814601743937937408.fits,3844,54947,3388,192,3844,0
./segue2/3814610540030959616.fits,3844,54947,3388,224,3844,0
./segue2/3814617961734447104.fits,3844,54947,3388,251,3844,0
./segue2/3814624009048399872.fits,3844,54947,3388,273,3844,0
./segue2/3814652046594908160.fits,91,54947,3388,375,3844,3753
./segue2/3814668814147231744.fits,3844,54947,3388,436,3844,0
./segue2/3814719941437923328.fits,3844,54947,3388,622,3844,0
./segue2/3816840624456441856.fits,3842,54945,3390,145,3842,0
./segue2/3816887903456436224.fits,3842,54945,3390,317,3842,0
./segue2/3816903846375038976.fits,154,54945,3390,375,3842,3688
./segue2/3816950300741312512.fits,4,54945,3390,544,3842,3838
./segue2/3822441537678188544.fits,3845,55004,3395,41,3845,0
./segue2/3822500636428181504.fits,3845,55004,3395,256,3845,0
./segue2/3822504209840971776.fits,8,55004,3395,269,3845,3837
./segue2/3822505034474692608.fits,75,55004,3395,272,3845,3770
./segue2/3822603715643285504.fits,3845,55004,3395,631,3845,0
./segue2/3822606189544448000.fits,14,55004,3395,640,3845,3831
./segue2/3832569688416690176.fits,3849,54967,3404,23,3849,0
./segue2/3832575460852736000.fits,3849,54967,3404,44,3849,0
./segue2/3832715098829463552.fits,3849,54967,3404,552,3849,0
./segue2/3832739288085274624.fits,56,54967,3404,640,3849,3793
./segue2/3834863269722562560.fits,30,54970,3406,175,3846,3816
./segue2/3834889383123722240.fits,3846,54970,3406,270,3846,0
./segue2/3835951786250838016.fits,3847,54971,3407,39,3847,0
./segue2/3835980098675253248.fits,3847,54971,3407,142,3847,0
./segue2/3835986420867112960.fits,3847,54971,3407,165,3847,0
./segue2/3835989719401996288.fits,3847,54971,3407,177,3847,0
./segue2/3836044145227571200.fits,84,54971,3407,375,3847,3763
./segue2/3836050192541523968.fits,3847,54971,3407,397,3847,0
./segue2/3836077680332218368.fits,3847,54971,3407,497,3847,0
./segue2/3836091973983379456.fits,3847,54971,3407,549,3847,0
./segue2/3836116438117097472.fits,3847,54971,3407,638,3847,0
./segue2/3837106822829940736.fits,3848,54948,3408,145,3848,0
./segue2/3837154101829935104.fits,3848,54948,3408,317,3848,0
./segue2/3837170044748537856.fits,128,54948,3408,375,3848,3720
./segue2/3857344434337325056.fits,3845,54977,3426,41,3845,0
./segue2/3857381267976855552.fits,11,54977,3426,175,3845,3834
./segue2/3857403533087318016.fits,3845,54977,3426,256,3845,0
./segue2/3857407931133829120.fits,94,54977,3426,272,3845,3751
./segue2/3857506612302422016.fits,3845,54977,3426,631,3845,0
./segue2/3858484078173069312.fits,3847,54979,3427,91,3847,0
./segue2/3858540153266085888.fits,3847,54979,3427,295,3847,0
./segue2/3858562143498641408.fits,106,54979,3427,375,3847,3741
./segue2/3858590730800963584.fits,3847,54979,3427,479,3847,0
./segue2/3858608597864914944.fits,3,54979,3427,544,3847,3844
./segue2/3859591286382239744.fits,3850,54979,3428,23,3850,0
./segue2/3859597058818285568.fits,3850,54979,3428,44,3850,0
./segue2/3859632792946188288.fits,107,54979,3428,174,3850,3743
./segue2/3859688043405484032.fits,201,54979,3428,375,3850,3649
./segue2/3859736696795013120.fits,3850,54979,3428,552,3850,0
./segue2/3860749896709677056.fits,3848,54976,3429,142,3848,0
./segue2/3860756218901536768.fits,3848,54976,3429,165,3848,0
./segue2/3860759517436420096.fits,3848,54976,3429,177,3848,0
./segue2/3860813943261995008.fits,122,54976,3429,375,3848,3726
./segue2/3860819990575947776.fits,3848,54976,3429,397,3848,0
./segue2/3860861772017803264.fits,3848,54976,3429,549,3848,0
./segue2/3860875515913150464.fits,3848,54976,3429,599,3848,0
./segue2/3860886236151521280.fits,3848,54976,3429,638,3848,0
./segue2/3860886785907335168.fits,4,54976,3429,640,3848,3844
./segue2/3875358832947470336.fits,3845,54983,3442,41,3845,0
./segue2/3875395666587000832.fits,20,54983,3442,175,3845,3825
./segue2/3875417931697463296.fits,3845,54983,3442,256,3845,0
./segue2/3875422329743974400.fits,72,54983,3442,272,3845,3773
./segue2/3875521010912567296.fits,3845,54983,3442,631,3845,0
./segue2/3888859186804662272.fits,3848,55003,3454,3,3848,0
./segue2/3888860561194196992.fits,3848,55003,3454,8,3848,0
./segue2/3888864134606987264.fits,3848,55003,3454,21,3848,0
./segue2/3888906190926749696.fits,9,55003,3454,174,3848,3839
./segue2/3888917186043027456.fits,3848,55003,3454,214,3848,0
./segue2/3888948797002326016.fits,3848,55003,3454,329,3848,0
./segue2/3888961716263952384.fits,138,55003,3454,376,3848,3710
./segue2/3888973810891857920.fits,3848,55003,3454,420,3848,0
./segue2/3888979583327903744.fits,3848,55003,3454,441,3848,0
./segue2/3889009270141853696.fits,3848,55003,3454,549,3848,0
./segue2/3889023563793014784.fits,3848,55003,3454,601,3848,0
./segue2/3892242383764561920.fits,3848,54984,3457,23,3848,0
./segue2/3892248156200607744.fits,3848,54984,3457,44,3848,0
./segue2/3892263274485489664.fits,43,54984,3457,99,3848,3805
./segue2/3892283890328510464.fits,156,54984,3457,174,3848,3692
./segue2/3892339140787806208.fits,202,54984,3457,375,3848,3646
./segue2/3892387794177335296.fits,3848,54984,3457,552,3848,0
./segue2/3894488686405984256.fits,3846,55007,3459,3,3846,0
./segue2/3894490060795518976.fits,3846,55007,3459,8,3846,0
./segue2/3894493634208309248.fits,3846,55007,3459,21,3846,0
./segue2/3894535690528071680.fits,14,55007,3459,174,3846,3832
./segue2/3894546685644349440.fits,3846,55007,3459,214,3846,0
./segue2/3894578296603648000.fits,3846,55007,3459,329,3846,0
./segue2/3894587092696670208.fits,3846,55007,3459,361,3846,0
./segue2/3894591215865274368.fits,166,55007,3459,376,3846,3680
./segue2/3894603310493179904.fits,3846,55007,3459,420,3846,0
./segue2/3894609082929225728.fits,3846,55007,3459,441,3846,0
./segue2/3894653063394336768.fits,3846,55007,3459,601,3846,0
./segue2/3902369985602887680.fits,3845,54998,3466,3,3845,0
./segue2/3902371359992422400.fits,3845,54998,3466,8,3845,0
./segue2/3902374933405212672.fits,3845,54998,3466,21,3845,0
./segue2/3902416989724975104.fits,24,54998,3466,174,3845,3821
./segue2/3902427984841252864.fits,3845,54998,3466,214,3845,0
./segue2/3902459595800551424.fits,3845,54998,3466,329,3845,0
./segue2/3902472515062177792.fits,159,54998,3466,376,3845,3686
./segue2/3902484609690083328.fits,3845,54998,3466,420,3845,0
./segue2/3902490382126129152.fits,3845,54998,3466,441,3845,0
./segue2/3902534362591240192.fits,3845,54998,3466,601,3845,0
./segue2/3903495885526507520.fits,3846,54999,3467,3,3846,0
./segue2/3903497259916042240.fits,3846,54999,3467,8,3846,0
./segue2/3903500833328832512.fits,3846,54999,3467,21,3846,0
./segue2/3903542889648594944.fits,6,54999,3467,174,3846,3840
./segue2/3903553884764872704.fits,3846,54999,3467,214,3846,0
./segue2/3903585495724171264.fits,3846,54999,3467,329,3846,0
./segue2/3903598414985797632.fits,106,54999,3467,376,3846,3740
./segue2/3903610509613703168.fits,3846,54999,3467,420,3846,0
./segue2/3903616282049748992.fits,3846,54999,3467,441,3846,0
./segue2/3903660262514860032.fits,3846,54999,3467,601,3846,0
./segue2/3915953902176018432.fits,12,55008,3478,269,3845,3833
./segue2/3915954177053925376.fits,3845,55008,3478,270,3845,0
./segue2/3918179863315456000.fits,25,54999,3480,175,3845,3820
./segue2/3918205976716615680.fits,3845,54999,3480,270,3845,0
./segcluster/3753756694266617856.fits,3849,54927,3334,23,3849,0
./segcluster/3753762466702663680.fits,3849,54927,3334,44,3849,0
./segcluster/3753815518138703872.fits,3849,54927,3334,237,3849,0
./segcluster/3753825413743353856.fits,3849,54927,3334,273,3849,0
./segcluster/3753830911301492736.fits,3849,54927,3334,293,3849,0
./segcluster/3753902104679391232.fits,3849,54927,3334,552,3849,0
./segcluster/3754916129194221568.fits,3849,54922,3335,145,3849,0
./segcluster/3754963408194215936.fits,3849,54922,3335,317,3849,0
./segcluster/3754979351112818688.fits,202,54922,3335,375,3849,3647
./segcluster/3755038999618625536.fits,3849,54922,3335,592,3849,0
