specObjID
2116739983225153536
2116778741010032640
2130376126030178304
2132465747912321024
2132502581551851520
2132524846662313984
2132529244708825088
2132529794464638976
2132557832011147264
2132627925877417984
2137006731270580224
2137026522479880192
2137133999741495296
2139234891617822720
2139290966710839296
2141486691582502912
2141509506448779264
2141542766675519488
2141637599553415168
2143865217006725120
2143889406262536192
2146013106445248512
2146052139108034560
2146140924671977472
2146141199549884416
2148264905352964096
2148368809201788928
2150480147411658752
2150480147780757504
2150496090699360256
2150516706173282304
2150539246161651712
2150539246530750464
2150542819943540736
2150543644208162816
2150543644577261568
2150544193963976704
2150544194333075456
2150618410998851584
2150642325376755712
2150642325745854464
2150644524769110016
2152768505886304256
2154984578886952960
2155020036174014464
2155021135685642240
2155075286633310208
2155124216863680512
2155148404156557312
2157272105111021568
2157283100227299328
2157314711186597888
2157323507279620096
2157339725076129792
2157345497512175616
2159534899554445312
2159566510513743872
2159575306606766080
2159591524403275776
2159597296839321600
2294609079852623872
2294631619840993280
2294665154945640448
2294687145178195968
2294759712945629184
2296883695488886784
2296985125436549120
2296987599337711616
2297011788593522688
2297998050573969408
2298009595446061056
2298014543248386048
2298023339341408256
2298036808358848512
2298064571027449856
2298081613457680384
2298132740748371968
2298137138794883072
2298137688550696960
2299239399050733568
2299263588306544640
2300238579789490176
2300261394655766528
2300294654882506752
2300389487760402432
2301387019282049024
2301388118793676800
2301442544619251712
2301488998985525248
2303638819095734272
2303678126636427264
2303767187078277120
2304742185808979968
2304765000675256320
2304785616518277120
2304798260901996544
2305879349770872832
2305890894642964480
2305895842445289472
2305904638538311680
2305911510485985280
2305918107555751936
2305945870224353280
2305962912654583808
2306014039945275392
2306018987747600384
2307005249207953408
2307016519202138112
2307021741882370048
2307030537975392256
2307044006992832512
2307088812091664384
2307139939382355968
2308106136080902144
2308142969720432640
2308165234830895104
2308169632877406208
2308170182633220096
2308197945301821440
2308268314045999104
2309232041641666560
2309268600403290112
2309291140391659520
2309295538438170624
2309296088193984512
2309323850862585856
2309394219606763520
2310382949784119296
2310394494656210944
2310399442458535936
2310408238551558144
2310421707568998400
2310466512667830272
2310517639958521856
2311531390434306048
2311563001393604608
2311571797486626816
2311575645777324032
2311588015283136512
2311593787719182336
2311622100143597568
2312638323513911296
2312646569851119616
2313772199879665664
2313773024513386496
2313900292984301568
2314897820445861888
2314909090440046592
2314940701399345152
2314949497492367360
2314953620660971520
2314965715288877056
2314971487724922880
2315976997030881280
2315978371420416000
2315981944833206272
2316024001152968704
2316034996269246464
2316060010158778368
2316066607228545024
2316075403321567232
2316091621118076928
2316097393554122752
2448868658642970624
2448885151317387264
2448893947410409472
2448901369113896960
2448907416427849728
2448952221526681600
2449003348817373184
2449985481388091392
2449997301138089984
2450006097231112192
2450006921864833024
2450067395004360704
2451124030946699264
2451132277283907584
2451163063609485312
2452214197933598720
2452221344759179264
2452237287677782016
2452257903520802816
2452280443509172224
2452284841555683328
2452285391311497216
2452383522724276224
2452385996625438720
2453409898810075136
2453511603635644416
2454486888199776256
2454509703066052608
2454542963292792832
2454564953525348352
2454593540827670528
2454611407891621888
2455614968859486208
2455635584702507008
2455646579818784768
2455678190778083328
2455686986871105536
2455703204667615232
2455708977103661056
2456787604402628608
2456800523664254976
2456889309228197888
2456889584106104832
2457926417380304896
2458015202944247808
2458015477822154752
2459052317253593088
2459141102817536000
2459141377695442944
2531056860258134016
2531198697258117120
2532188807613147136
2532197053950355456
2532252029531744256
2533322678979291136
2533333674095568896
2533365285054867456
2533374081147889664
2533390298944399360
2533396071380445184
2534424114601420800
2534448578735138816
2534451052636301312
2534459573851416576
2534462322630486016
2534463422142113792
2534491184810715136
2534499980903737344
2534516198700247040
2534521971136292864
2535537920819881984
2535574478776199168
2535585473892476928
2535597019569874944
2535600318104758272
2535601417616386048
2535601967372199936
2535617084851775488
2535625880944797696
2535629455162894336
2535642098741307392
2535647871177353216
2535700098784978944
2535702572686141440
2536692423766075392
2536731456428861440
2588480231975184384
2588496724649601024
2588505520742623232
2588518989760063488
2588563794858895360
2588614922149586944
2589598709692000256
2589606131395487744
2589622624069904384
2589631420162926592
2589644889180366848
2589672926726875136
2589689694279198720
2589719381093148672
2589740821569890304
2592976700178458624
2592995391876130816
2593009135771478016
2593034424538916864
2593047893556357120
2593123210102859776
2593123484980766720
2594084718475503616
2594121277237127168
2594143817225496576
2594148215272007680
2594148765027821568
2594246896440600576
2595205681518766080
2595211453954811904
2595348892908283904
2595351091931539456
2596337342318929920
2596398914970085376
2596476980295657472
2597498701207332864
2597553951666628608
2597602879934064640
2598624887216039936
2598651275495106560
2599739243290978304
2599755735965394944
2599764532058417152
2599771953761904640
2599778001075857408
2599822806174689280
2599873933465380864
2600856059962746880
2600868704346466304
2600912959689484288
2601966027369637888
2602025126119630848
2602029524166141952
2602030073921955840
2602057836590557184
2602128205334734848
2603232379451500544
2604217817033107456
2604254375794731008
2604276915783100416
2604281313829611520
2604281863585425408
2604309626254026752
2604379994998204416
2605359659623671808
2605359659640449024
2605372304007391232
2605372304024168448
2605416559367186432
2605497923210864640
2606469617098450944
2606506175860074496
2606528715848443904
2606533113894955008
2606533663650768896
2606631795063547904
2607632076035352576
2607632900669073408
2608746437697103872
2608757982569195520
2608762930371520512
2608771726464542720
2608778598412216320
2608785195481982976
2608830000580814848
2608881127871506432
2626751482472537088
2626756430274862080
2626764401734163456
2626784742699277312
2626792714158578688
2626793263914392576
2626794363426020352
2626796562449275904
2626809481710902272
2626810306344623104
2626813055123692544
2626815254146948096
2626818827559738368
2626827623652760576
2626827898530667520
2626828998042295296
2626847139984153600
2626848239495781376
2626856760710896640
2626860609001593856
2626865831681825792
2626866381437639680
2626869679972523008
2626871878995778560
2626872978507406336
2626874352896941056
2626890295815543808
2627875458754045952
2627875459039258624
2627898273620322304
2627898273905534976
2627918889463343104
2627918889748555776
2627931533847062528
2627931534132275200
2627999978731104256
2628987615050754048
2629024173812377600
2629046713800747008
2629051111847258112
2629051661603072000
2629079424271673344
2629149793015851008
2677415055426873344
2677437870293149696
2677458486136170496
2677471130519889920
2678516766128236544
2678518140517771264
2678521713930561536
2678563770250323968
2678574765366601728
2678599779256133632
2678606376325900288
2678615172418922496
2678631390215432192
2678637162651478016
2679689670106834944
2679690494740555776
2680815570064009216
2680816394697730048
2681933505339877376
2681941476799178752
2681972538002663424
2682027238706145280
2682043456502654976
2683055825643137024
2683072318317553664
2683081114410575872
2683093209038481408
2683094583428016128
2683122620974524416
2683139388526848000
2683190515817539584
2684193269801314304
2684194094435035136
2687570969639282688
2687571794273003520
2687632267412531200
2694303560690067456
2694352488957503488
2694359635783084032
2695443485443516416
2695443485997164544
2695449807635376128
2695449808189024256
2695452281536538624
2695452282090186752
2695453106170259456
2695453106723907584
2695507532549482496
2695513579309787136
2695513579863435264
2695525673937692672
2695525674491340800
2698782964468180992
2698784338857715712
2698787912270505984
2698829968590268416
2698840963706546176
2698872574665844736
2698881370758866944
2698897588555376640
2698903360991422464
2748333010796439552
2748369569558063104
2748390185401083904
2748392109546432512
2748396507592943616
2748397057348757504
2748405578563872768
2748495188761536512
2748497662662699008
2752864381615237120
2752870703807096832
2752873177708259328
2752874002341980160
2752928428167555072
2752934475481507840
2752946570109413376
2753990281488525312
2753996603680385024
2753999077581547520
2753999902215268352
2754054328040843264
2754060375354796032
2754072469982701568
2755116180170631168
2755122502362490880
2755124976263653376
2755125800897374208
2755186274036901888
2755198368664807424
2757415804931696640
2757504590495639552
2757504865373546496
2760754470429157376
2760793503091943424
2760809446010546176
2760882563533793280
2766363354153904128
2766383969996924928
2766423002659710976
2766438945578313728
2766512063101560832
2768594269353568256
2768600041789614080
2768624227606095872
2768635772478187520
2768640720280512512
2768649516373534720
2768656938077022208
2768661614440769536
2768662985390974976
2768691022937483264
2768707790489806848
2768731158551226368
2768739679766341632
2768758917780498432
2859792154526509056
2859797926962554880
2859812770369529856
2859833386212550656
2859937564939282432
2859961754195093504
2860959842099554304
2860985955500713984
2871081116897404928
2871097609571821568
2871106405664843776
2871118500292749312
2871119874682284032
2871147912228792320
2871164679781115904
2871215807071807488
2872210596021954560
2872218842359162880
2872249628684740608
2873344468730275840
2873370857009342464
2874451676922669056
2874470368620341248
2874484112515688448
2874490984463362048
2874506377626150912
2874509401283127296
2874522870300567552
2874598186847070208
2874598461724977152
2949869098718226432
2949882843586652160
2949905658452928512
2949926274295949312
2949928197468219392
2949932595514730496
2949933145270544384
2949938918679668736
2949960907939145728
2950007363278497792
2950031276683323392
2950994999312934912
2951031558074558464
2951054098062927872
2951058496109438976
2951059045865252864
2951067567080368128
2951086808533854208
2951157177278031872
2952120894438270976
2952157453199894528
2952179993188263936
2952184391234775040
2952184940990588928
2952283072403367936
2953246794361890816
2953260542149552128
2953262741172807680
2953283353123514368
2953283357015828480
2953303968966535168
2953305893111883776
2953310291158394880
2953310840914208768
2953316617242568704
2953385061841397760
2953408972326987776
2953411446228150272
2954400461702064128
2954409257795086336
2954410082428807168
2954470555568334848
3005074748670502912
3005113781333288960
3005202566897231872
3005202841775138816
3006177834197608448
3006200649063884800
3006233909290625024
3006255624645273600
3012909045456594944
3012910419846129664
3012913993258919936
3012956049578682368
3012967044694960128
3012998655654258688
3013007451747280896
3013023669543790592
3013029441979836416
3014073978043000832
3014113010705786880
3014137199961597952
3016313136627083264
3016325781010802688
3016333752470104064
3016364813673588736
3016389002929399808
3017412644446431232
3017414018835965952
3017417592248756224
3017459648568518656
3017470643684796416
3017480264411539456
3017502254644094976
3017511050737117184
3017515173905721344
3017527268533626880
3017533040969672704
3019688637878003712
3019711452744280064
3019744712971020288
3019766703203575808
3020829377031071744
3020837623368280064
3020858239211300864
3020868409693857792
3027572132021299200
3027619136143386624
3028682090049726464
3028741188799719424
3028744762212509696
3028745586846230528
3028746136602044416
3028820353636919296
3028844268014823424
3054577791078000640
3054614349839624192
3054636889827993600
3054641287874504704
3054641837630318592
3054739969043097600
3055732275065939968
3055771307728726016
3057969238519080960
3057992053385357312
3058025313612097536
3058047303844653056
3058075891146975232
3058120146489993216
3148064045949544448
3148084661792565248
3148090434228611072
3148100054955354112
3149167130772006912
3149189945638283264
3149223205865023488
3149245196097579008
3149273783399901184
3149291650463852544
3149318038742919168
3150274335306967040
3150280107743012864
3150419745719740416
3151430196419127296
3151446689093543936
3151455485186566144
3151462906890053632
3151468954204006400
3151513759302838272
