../segue1/segpointed/2118992332794652672.fits,3861,53262,1882,177,3861,0
../segue1/segpointed/2119046758620227584.fits,161,53262,1882,375,3861,3700
../segue1/segpointed/2119093212986501120.fits,8,53262,1882,544,3861,3853
../segue1/segpointed/2686437103205640192.fits,3854,54064,2386,145,3854,0
../segue1/segpointed/2686445074664941568.fits,102,54064,2386,174,3854,3752
../segue1/segpointed/2686476135868426240.fits,3854,54064,2386,287,3854,0
../segue1/segpointed/2686546779490510848.fits,8,54064,2386,544,3854,3846
../segue1/segpointed/2689781270321326080.fits,3852,54213,2389,23,3852,0
../segue1/segpointed/2689787042757371904.fits,3852,54213,2389,44,3852,0
../segue1/segpointed/2689924481710843904.fits,5,54213,2389,544,3852,3847
../segue1/segpointed/2689926680734099456.fits,3852,54213,2389,552,3852,0
../segue1/segpointed/2690940703336327168.fits,3862,54094,2390,145,3862,0
../segue1/segpointed/2690948674795628544.fits,54,54094,2390,174,3862,3808
../segue1/segpointed/2690979735999113216.fits,3862,54094,2390,287,3862,0
../segue1/segpointed/2749453962900957184.fits,3854,54065,2442,23,3854,0
../segue1/segpointed/2749459735337003008.fits,3854,54065,2442,44,3854,0
../segue1/segpointed/2749495194586998784.fits,174,54065,2442,173,3854,3680
../segue1/segpointed/2749517459697461248.fits,4,54065,2442,254,3854,3850
../segue1/segpointed/2749550445046294528.fits,46,54065,2442,374,3854,3808
../segue1/segpointed/2749599373313730560.fits,3854,54065,2442,552,3854,0
../segue1/segpointed/2749623562569541632.fits,34,54065,2442,640,3854,3820
../segue1/segpointed/2858696213090297856.fits,3857,53918,2539,132,3857,0
../segue1/segpointed/2858707757962389504.fits,165,53918,2539,174,3857,3692
../segue1/segpointed/2858712705764714496.fits,3857,53918,2539,192,3857,0
../segue1/segpointed/2858721501857736704.fits,3857,53918,2539,224,3857,0
../segue1/segpointed/2858734970875176960.fits,3857,53918,2539,273,3857,0
../segue1/segpointed/2858763008421685248.fits,206,53918,2539,375,3857,3651
../segue1/segpointed/2858779775974008832.fits,3857,53918,2539,436,3857,0
../segue1/segpointed/2858809462787958784.fits,28,53918,2539,544,3857,3829
../segue1/segpointed/2858830903264700416.fits,3857,53918,2539,622,3857,0
../segue1/segpointed/2878950046269728768.fits,4,54178,2557,87,3852,3848
../segue1/segpointed/2878965989188331520.fits,3852,54178,2557,145,3852,0
../segue1/segpointed/2880088315044849664.fits,3844,54140,2558,132,3844,0
../segue1/segpointed/2880099859916941312.fits,136,54140,2558,174,3844,3708
../segue1/segpointed/2880104807719266304.fits,3844,54140,2558,192,3844,0
../segue1/segpointed/2880113603812288512.fits,3844,54140,2558,224,3844,0
../segue1/segpointed/2880127072829728768.fits,3844,54140,2558,273,3844,0
../segue1/segpointed/2879005021851117568.fits,3852,54178,2557,287,3852,0
../segue1/segpointed/2879029211106928640.fits,204,54178,2557,375,3852,3648
../segue1/segpointed/2879101778874361856.fits,4,54178,2557,639,3852,3848
../segue1/segpointed/2880171877928560640.fits,3844,54140,2558,436,3844,0
../segue1/segpointed/2880223005219252224.fits,3844,54140,2558,622,3844,0
../segue1/segpointed/2881184254400686080.fits,3854,54208,2559,23,3854,0
../segue1/segpointed/2881190026836731904.fits,3854,54208,2559,44,3854,0
../segue1/segpointed/2881329664813459456.fits,3854,54208,2559,552,3854,0
../segue1/segpointed/3208821131536525312.fits,3847,54461,2850,23,3847,0
../segue1/segpointed/3208826903972571136.fits,3847,54461,2850,44,3847,0
../segue1/segpointed/3208862638100473856.fits,173,54461,2850,174,3847,3674
../segue1/segpointed/3208966541949298688.fits,3847,54461,2850,552,3847,0
../segue1/segpointed/3212198830904731648.fits,3848,54440,2853,23,3848,0
../segue1/segpointed/3212204603340777472.fits,3848,54440,2853,44,3848,0
../segue1/segpointed/3212344241317505024.fits,3848,54440,2853,552,3848,0
../segue1/segpointed/3251646835701344256.fits,59,54529,2888,174,3853,3794
../segue1/segpointed/3251673223980410880.fits,3853,54529,2888,270,3853,0
../segue1/segpointed/3253890663485302784.fits,3850,54495,2890,145,3850,0
../segue1/segpointed/3253929696148088832.fits,3850,54495,2890,287,3850,0
../segue1/segpointed/3253953885403899904.fits,202,54495,2890,375,3850,3648
../segue1/segpointed/3255012990180681728.fits,3847,54507,2891,132,3847,0
../segue1/segpointed/3255024535052773376.fits,6,54507,2891,174,3847,3841
../segue1/segpointed/3255029482855098368.fits,3847,54507,2891,192,3847,0
../segue1/segpointed/3255038278948120576.fits,3847,54507,2891,224,3847,0
../segue1/segpointed/3255045700651608064.fits,3847,54507,2891,251,3847,0
../segue1/segpointed/3255050373576026112.fits,5,54507,2891,268,3847,3842
../segue1/segpointed/3255051747965560832.fits,3847,54507,2891,273,3847,0
../segue1/segpointed/3255096553064392704.fits,3847,54507,2891,436,3847,0
../segue1/segpointed/3255147680355084288.fits,3847,54507,2891,622,3847,0
../segue1/segpointed/3310146626382751744.fits,3848,54508,2940,3,3848,0
../segue1/segpointed/3310148000772286464.fits,3848,54508,2940,8,3848,0
../segue1/segpointed/3310151574185076736.fits,3848,54508,2940,21,3848,0
../segue1/segpointed/3310193630504839168.fits,187,54508,2940,174,3848,3661
../segue1/segpointed/3310204625621116928.fits,3848,54508,2940,214,3848,0
../segue1/segpointed/3310236236580415488.fits,3848,54508,2940,329,3848,0
../segue1/segpointed/3310237610969950208.fits,3848,54508,2940,334,3848,0
../segue1/segpointed/3310249155842041856.fits,201,54508,2940,376,3848,3647
../segue1/segpointed/3310261250469947392.fits,3848,54508,2940,420,3848,0
../segue1/segpointed/3310267022905993216.fits,3848,54508,2940,441,3848,0
../segue1/segpointed/3311272526272817152.fits,3848,54507,2941,3,3848,0
../segue1/segpointed/3311273900662351872.fits,3848,54507,2941,8,3848,0
../segue1/segpointed/3311277474075142144.fits,3848,54507,2941,21,3848,0
../segue1/segpointed/3311319530394904576.fits,195,54507,2941,174,3848,3653
../segue1/segpointed/3311330525511182336.fits,3848,54507,2941,214,3848,0
../segue1/segpointed/3311362136470480896.fits,3848,54507,2941,329,3848,0
../segue1/segpointed/3311370932563503104.fits,3848,54507,2941,361,3848,0
../segue1/segpointed/3311375055732107264.fits,203,54507,2941,376,3848,3645
../segue1/segpointed/3311387150360012800.fits,3848,54507,2941,420,3848,0
../segue1/segpointed/3311392922796058624.fits,3848,54507,2941,441,3848,0
