../segue1/seglowlat/2853117291074185216.fits,3856,53917,2534,316,3856,0
../segue1/seglowlat/2853133233992787968.fits,119,53917,2534,374,3856,3737
../segue1/seglowlat/2853154124713715712.fits,209,53917,2534,450,3856,3647
../segue1/seglowlat/2853206076638128128.fits,46,53917,2534,639,3856,3810
../segue1/seglowlat/2853206351516035072.fits,205,53917,2534,640,3856,3651
../segue1/seglowlat/2854196198854649856.fits,3829,54632,2535,145,3829,0
../segue1/seglowlat/2854235231517435904.fits,3829,54632,2535,287,3829,0
../segue1/seglowlat/2854309998308124672.fits,141,54632,2535,559,3829,3688
../segue1/seglowlat/2855316588637218816.fits,3844,53883,2536,125,3844,0
../segue1/seglowlat/2855318512782567424.fits,3844,53883,2536,132,3844,0
../segue1/seglowlat/2855335005456984064.fits,3844,53883,2536,192,3844,0
../segue1/seglowlat/2855343801550006272.fits,3844,53883,2536,224,3844,0
../segue1/seglowlat/2855357270567446528.fits,3844,53883,2536,273,3844,0
../segue1/seglowlat/2855382284456978432.fits,197,53883,2536,364,3844,3647
../segue1/seglowlat/2855385308113954816.fits,197,53883,2536,375,3844,3647
../segue1/seglowlat/2855402075666278400.fits,3844,53883,2536,436,3844,0
../segue1/seglowlat/2855453202956969984.fits,3844,53883,2536,622,3844,0
../segue1/seglowlat/2856414451383429120.fits,3853,53906,2537,23,3853,0
../segue1/seglowlat/2856414451567978496.fits,5,53917,2537,23,3853,3848
../segue1/seglowlat/2856420223819474944.fits,3853,53906,2537,44,3853,0
../segue1/seglowlat/2856433143265650688.fits,3853,53917,2537,91,3853,0
../segue1/seglowlat/2856444413293389824.fits,3846,53919,2537,132,3846,0
../segue1/seglowlat/2856455957947377664.fits,24,53906,2537,174,3853,3829
../segue1/seglowlat/2856455958165481472.fits,106,53919,2537,174,3846,3740
../segue1/seglowlat/2856460905967806464.fits,3846,53919,2537,192,3846,0
../segue1/seglowlat/2856469702060828672.fits,3846,53919,2537,224,3846,0
../segue1/seglowlat/2856483171078268928.fits,3846,53919,2537,273,3846,0
../segue1/seglowlat/2856489218358667264.fits,3853,53917,2537,295,3853,0
../segue1/seglowlat/2856511208624777216.fits,206,53919,2537,375,3846,3640
../segue1/seglowlat/2856527976177100800.fits,3846,53919,2537,436,3846,0
../segue1/seglowlat/2856557662991050752.fits,23,53919,2537,544,3846,3823
../segue1/seglowlat/2856558212746864640.fits,132,53919,2537,546,3846,3714
../segue1/seglowlat/2856559861796202496.fits,3853,53906,2537,552,3853,0
../segue1/seglowlat/2856579103467792384.fits,3846,53919,2537,622,3846,0
../segue1/seglowlat/2856584051052013568.fits,65,53906,2537,640,3853,3788
../segue1/seglowlat/2856584051236562944.fits,6,53917,2537,640,3853,3847
../segue1/seglowlat/2857559049111627776.fits,3847,54271,2538,91,3847,0
../segue1/seglowlat/2857581863977904128.fits,30,54271,2538,174,3847,3817
../segue1/seglowlat/2857615124204644352.fits,3847,54271,2538,295,3847,0
../segue1/seglowlat/2857637114437199872.fits,199,54271,2538,375,3847,3648
../segue1/seglowlat/2875573447486892032.fits,3848,54263,2554,91,3848,0
../segue1/seglowlat/2875596262353168384.fits,3,54263,2554,174,3848,3845
../segue1/seglowlat/2875629522579908608.fits,3848,54263,2554,295,3848,0
../segue1/seglowlat/2875651512812464128.fits,23,54263,2554,375,3848,3825
../segue1/seglowlat/2876699347427289088.fits,3850,54265,2555,91,3850,0
../segue1/seglowlat/2876701546450544640.fits,3,54265,2555,99,3850,3847
../segue1/seglowlat/2876722162293565440.fits,96,54265,2555,174,3850,3754
../segue1/seglowlat/2876755422520305664.fits,3850,54265,2555,295,3850,0
../segue1/seglowlat/2876782635433093120.fits,4,54265,2555,394,3850,3846
../segue1/seglowlat/2877874446033512448.fits,3857,54000,2556,270,3857,0
../segue1/seglowlat/2877976150859081728.fits,56,54000,2556,640,3857,3801
../segue1/seglowlat/3003948848730105856.fits,110,54084,2668,174,3847,3737
../segue1/seglowlat/3003987881392891904.fits,3847,54084,2668,316,3847,0
../segue1/seglowlat/3004076666956834816.fits,67,54084,2668,639,3847,3780
../segue1/seglowlat/3004076941834741760.fits,204,54084,2668,640,3847,3643
../segue1/seglowlat/3015199877832402944.fits,3855,54173,2678,145,3855,0
../segue1/seglowlat/3015207849291704320.fits,195,54173,2678,174,3855,3660
../segue1/seglowlat/3015238910495188992.fits,3855,54173,2678,287,3855,0
../segue1/seglowlat/3015263099751000064.fits,205,54173,2678,375,3855,3650
../segue1/seglowlat/3018585552770328576.fits,90,54397,2681,174,3854,3764
../segue1/seglowlat/3018611941049395200.fits,3854,54397,2681,270,3854,0
../segue1/seglowlat/3018640803229624320.fits,204,54397,2681,375,3854,3650
../segue1/seglowlat/3053451891322152960.fits,3846,54409,2712,41,3846,0
../segue1/seglowlat/3053488450083776512.fits,69,54409,2712,174,3846,3777
../segue1/seglowlat/3053510990072145920.fits,3846,54409,2712,256,3846,0
../segue1/seglowlat/3053515388118657024.fits,3846,54409,2712,272,3846,0
../segue1/seglowlat/3053515937874470912.fits,3846,54409,2712,274,3846,0
../segue1/seglowlat/3053543700543072256.fits,138,54409,2712,375,3846,3708
../segue1/seglowlat/3053590154909345792.fits,18,54409,2712,544,3846,3828
../segue1/seglowlat/3053614069287249920.fits,3846,54409,2712,631,3846,0
