legacy/qso/301809647029872640.fits,14,51633,268,249,3854,3840
legacy/qso/305166735101683712.fits,42,51883,271,174,3867,3825
legacy/qso/309670335182039040.fits,14,51910,275,174,3856,3842
legacy/qso/319803709775177728.fits,34,51943,284,175,3842,3808
legacy/qso/322055235650480128.fits,156,51999,286,174,3853,3697
legacy/qso/329936809792399360.fits,71,51994,293,175,3852,3781
legacy/qso/330064622902077440.fits,141,51689,293,640,3880,3739
legacy/qso/336669114070231040.fits,125,51671,299,91,3860,3735
legacy/qso/336746904517896192.fits,199,51671,299,374,3860,3661
legacy/qso/337817828759463936.fits,63,51666,300,174,3871,3808
legacy/qso/337945926511388672.fits,195,51943,300,640,3846,3651
legacy/qso/344701320818616320.fits,202,51637,306,640,3858,3656
legacy/qso/345827221161666560.fits,199,51663,307,640,3856,3657
legacy/qso/347950653043140608.fits,58,51666,309,173,3851,3793
legacy/qso/352582620770494464.fits,103,51673,313,640,3873,3770
legacy/qso/353708520140466176.fits,55,51641,314,640,3861,3806
legacy/qso/354833870660593664.fits,10,51663,315,638,3859,3849
legacy/qso/367091238232418304.fits,136,52375,326,174,3852,3716
legacy/qso/367146488691714048.fits,204,52375,326,375,3852,3648
legacy/qso/380730118793881600.fits,140,51694,338,640,3878,3738
legacy/qso/382981918557235200.fits,133,51691,340,640,3880,3747
legacy/qso/387485243340253184.fits,148,51693,344,639,3877,3729
legacy/qso/395366817599612928.fits,193,51695,351,640,3856,3663
legacy/qso/408728912466569216.fits,17,51989,363,99,3851,3834
legacy/qso/413232512228157440.fits,23,51997,367,99,3856,3833
legacy/qso/426741108597352448.fits,60,51789,379,91,3859,3799
legacy/qso/429070974105708544.fits,173,51811,381,375,3861,3688
legacy/qso/431293362100791296.fits,16,51818,383,268,3864,3848
legacy/qso/438000107766441984.fits,57,51794,389,91,3859,3802
legacy/qso/443707674605938688.fits,201,51913,394,375,3851,3650
legacy/qso/444833572331743232.fits,22,51783,395,375,3863,3841
legacy/qso/449337172529539072.fits,212,51817,399,375,3866,3654
legacy/qso/456037321494521856.fits,97,51816,405,174,3868,3771
legacy/qso/457163221418141696.fits,101,51817,406,174,3858,3757
legacy/qso/457218204062738432.fits,204,52238,406,374,3852,3648
legacy/qso/461666821028734976.fits,126,51816,410,174,3865,3739
legacy/qso/462792720952354816.fits,148,51817,411,174,3862,3714
legacy/qso/463973603705120768.fits,204,52250,412,374,3852,3648
legacy/qso/463973603772229632.fits,204,52254,412,374,3852,3648
legacy/qso/463973603839338496.fits,204,52258,412,374,3853,3649
legacy/qso/467292197293680640.fits,408,51810,415,159,3863,3455
legacy/qso/467296320462284800.fits,75,51810,415,174,3863,3788
legacy/qso/468417822339393536.fits,357,51811,416,158,3863,3506
legacy/qso/468418097217300480.fits,386,51811,416,159,3863,3477
legacy/qso/468477745723107328.fits,210,51811,416,376,3863,3653
legacy/qso/470653404457232384.fits,54,51817,418,99,3864,3810
legacy/qso/471795522076698624.fits,369,51812,419,158,3864,3495
legacy/qso/471795796954605568.fits,392,51812,419,159,3864,3472
legacy/qso/475232870286256128.fits,211,51811,422,375,3867,3656
legacy/qso/476329358424827904.fits,17,51821,423,268,3857,3840
legacy/qso/477484946353580032.fits,199,51893,424,376,3863,3664
legacy/qso/484286799892473856.fits,20,51877,430,545,3863,3843
legacy/qso/488688419950585856.fits,43,51885,434,174,3853,3810
legacy/qso/494297303507560448.fits,52,51877,439,99,3854,3802
legacy/qso/497695619154995200.fits,81,51882,442,174,3867,3786
legacy/qso/503304502762301440.fits,12,51877,447,99,3866,3854
legacy/qso/507828718752786432.fits,102,51908,451,174,3869,3767
legacy/qso/512387568856229888.fits,167,51909,455,375,3867,3700
legacy/qso/516815302432942080.fits,5,51924,459,99,3869,3864
legacy/qso/516891168735258624.fits,38,51924,459,375,3869,3831
legacy/qso/525822501301807104.fits,67,51901,467,99,3854,3787
legacy/qso/535976223235401728.fits,138,52314,476,174,3856,3718
legacy/qso/537102393188313088.fits,93,52026,477,175,3853,3760
legacy/qso/541585100115044352.fits,41,51908,481,99,3855,3814
legacy/qso/545038666121111552.fits,199,51907,484,375,3855,3656
legacy/qso/548361115986323456.fits,112,51943,487,174,3870,3758
legacy/qso/550592299738884096.fits,26,51930,489,99,3853,3827
legacy/qso/550668166041200640.fits,198,51930,489,375,3853,3655
legacy/qso/555093700795983872.fits,56,51957,493,91,3856,3800
legacy/qso/555095899819239424.fits,22,51957,493,99,3856,3834
legacy/qso/562998090508822528.fits,5,51994,500,175,3855,3850
legacy/qso/584445169168836608.fits,201,52283,519,375,3860,3659
legacy/qso/588929523030976512.fits,5,52026,523,305,3844,3839
legacy/qso/591145318351923200.fits,182,52295,525,174,3864,3682
legacy/qso/597900713313462272.fits,59,52028,531,174,3856,3797
legacy/qso/611513491714500608.fits,5,52017,543,545,3855,3850
legacy/qso/612537415004874752.fits,166,52201,544,174,3853,3687
legacy/qso/619292810385844224.fits,62,51959,550,174,3855,3793
legacy/qso/619420628612573184.fits,6,51959,550,639,3855,3849
legacy/qso/622726036114663424.fits,204,51999,553,376,3856,3652
legacy/qso/626150190067247104.fits,12,51991,556,545,3856,3844
legacy/qso/629425915536893952.fits,159,52316,559,174,3855,3696
legacy/qso/631677714998257664.fits,84,52295,561,174,3855,3771
legacy/qso/637307213576169472.fits,56,52238,566,174,3856,3800
legacy/qso/639536198792013824.fits,60,52254,568,91,3857,3797
legacy/qso/644062613872863232.fits,73,52289,572,174,3856,3783
legacy/qso/646314414810621952.fits,151,52356,574,174,3852,3701
legacy/qso/646369665118922752.fits,204,52347,574,375,3854,3650
legacy/qso/647440314096707584.fits,196,52319,575,174,3853,3657
legacy/qso/655329305429043200.fits,5,52045,582,202,3852,3847
legacy/qso/663330726590048256.fits,199,52055,589,639,3850,3651
legacy/qso/666636132917733376.fits,113,52025,592,376,3857,3744
legacy/qso/667808487207626752.fits,5,52026,593,545,3855,3850
legacy/qso/668811791584749568.fits,11,52027,594,99,3867,3856
legacy/qso/668832407729760256.fits,27,52045,594,174,3855,3828
legacy/qso/671117473222780928.fits,74,52370,596,295,3850,3776
legacy/qso/673391262363052032.fits,203,52316,598,375,3852,3649
legacy/qso/680161501234882560.fits,3,52079,604,429,3850,3847
legacy/qso/681217311872411648.fits,132,52353,605,174,3853,3721
legacy/qso/684595281907443712.fits,124,52081,608,175,3849,3725
legacy/qso/685700295421880320.fits,7,52339,609,99,3854,3847
legacy/qso/686846806423791616.fits,61,52056,610,174,3853,3792
legacy/qso/687972706313857024.fits,57,52055,611,174,3854,3797
legacy/qso/692512319812429824.fits,7,52345,615,305,3853,3846
legacy/qso/693602211200002048.fits,160,52374,616,174,3853,3693
legacy/qso/694783356499421184.fits,205,52072,617,375,3852,3647
legacy/qso/700393614278158336.fits,7,52054,622,305,3854,3847
legacy/qso/700412855731644416.fits,36,52054,622,375,3854,3818
legacy/qso/701538755588155392.fits,153,52051,623,375,3853,3700
legacy/qso/709492897564616704.fits,192,52050,630,640,3853,3661
legacy/qso/712870322893776896.fits,5,52079,633,639,3853,3848
legacy/qso/719625998336813056.fits,199,52146,639,640,3851,3652
legacy/qso/720725510501459968.fits,4,52178,640,544,3856,3852
legacy/qso/727480915730655232.fits,15,52523,646,544,3859,3844
legacy/qso/729686261782046720.fits,206,52559,648,375,3858,3652
legacy/qso/730782743746603008.fits,12,52201,649,268,3854,3842
legacy/qso/739865808901007360.fits,4,52177,657,544,3856,3852
legacy/qso/740890003462187008.fits,55,52146,658,174,3853,3798
legacy/qso/828838290374289408.fits,6,52210,736,640,3853,3847
legacy/qso/829836377221785600.fits,108,52518,737,175,3856,3748
legacy/qso/832143152650414080.fits,5,52520,739,375,3859,3854
legacy/qso/833315502611785728.fits,5,52263,740,544,3850,3845
legacy/qso/836646747949262848.fits,203,52262,743,375,3851,3648
legacy/qso/842276246996936704.fits,201,52233,748,375,3852,3651
legacy/qso/843402146786338816.fits,202,52226,749,375,3850,3648
legacy/qso/845598696560158720.fits,186,52251,751,174,3853,3667
legacy/qso/851283177145133056.fits,205,52577,756,374,3855,3650
legacy/qso/856857733763196928.fits,46,54524,761,174,3853,3807
legacy/qso/856985826867832832.fits,203,54524,761,640,3853,3650
legacy/qso/865864895403419648.fits,202,52282,769,174,3847,3645
legacy/qso/865864933118601216.fits,24,54530,769,174,3855,3831
legacy/qso/866969904589334528.fits,39,52282,770,98,3855,3816
legacy/qso/866990520432355328.fits,122,52282,770,173,3855,3733
legacy/qso/869242596684228608.fits,168,52375,772,174,3853,3685
legacy/qso/872620020184672256.fits,118,52295,775,173,3851,3733
legacy/qso/877159904484288512.fits,8,52342,779,305,3856,3848
legacy/qso/878351775558559744.fits,5,52370,780,545,3852,3847
legacy/qso/885060444899796992.fits,204,52319,786,375,3852,3648
legacy/qso/889610225928136704.fits,3,52433,790,543,3852,3849
legacy/qso/889636889219328000.fits,196,52441,790,640,3851,3655
legacy/qso/890670704926681088.fits,14,52435,791,305,3852,3838
legacy/qso/916632372139550720.fits,5,52355,814,545,3849,3844
legacy/qso/923387223217301504.fits,11,52438,820,543,3848,3837
legacy/qso/932421083598972928.fits,202,52317,828,640,3851,3649
legacy/qso/934544789905369088.fits,182,52293,830,174,3850,3668
legacy/qso/936796590037821440.fits,83,52312,832,174,3847,3764
legacy/qso/936851840497117184.fits,203,52312,832,375,3847,3644
legacy/qso/939103640377911296.fits,202,52316,834,375,3853,3651
legacy/qso/941326029262186496.fits,6,52376,836,268,3851,3845
legacy/qso/942426095108515840.fits,122,52642,837,174,3857,3735
legacy/qso/947031669959845888.fits,4,52375,841,545,3851,3847
legacy/qso/950307390027229184.fits,195,52378,844,174,3847,3652
legacy/qso/952559190327453696.fits,199,52407,846,174,3866,3667
legacy/qso/957118039256492032.fits,205,52338,850,375,3852,3647
legacy/qso/959314589231638528.fits,54,52375,852,174,3851,3797
legacy/qso/968376763128244224.fits,118,52319,860,374,3853,3735
legacy/qso/972953480295639040.fits,202,52320,864,640,3852,3650
legacy/qso/974079380252813312.fits,200,52323,865,640,3848,3648
legacy/qso/979635762297333760.fits,153,52325,870,374,3854,3701
legacy/qso/981832586764511232.fits,136,52339,872,174,3852,3716
legacy/qso/992093779517270016.fits,79,52368,881,640,3852,3773
legacy/qso/993219679457667072.fits,97,52370,882,640,3852,3755
legacy/qso/999948964977469440.fits,17,52339,888,545,3852,3835
legacy/qso/1002098789181319168.fits,195,52583,890,174,3857,3662
legacy/qso/1002154039640614912.fits,201,52583,890,375,3857,3656
legacy/qso/1002200494006888448.fits,3,52583,890,544,3857,3854
legacy/qso/1006602389345560576.fits,168,52615,894,174,3855,3687
legacy/qso/1006730482450196480.fits,201,52615,894,640,3855,3654
legacy/qso/1008982281878005760.fits,199,52592,896,640,3856,3657
legacy/qso/1013412764737103872.fits,205,52637,900,374,3854,3649
legacy/qso/1015609585144195072.fits,122,52409,902,174,3862,3740
legacy/qso/1016790735359338496.fits,205,52400,903,375,3853,3648
legacy/qso/1022420234440566784.fits,204,52373,908,375,3852,3648
legacy/qso/1023490883988776960.fits,137,52379,909,174,3852,3715
legacy/qso/1038255126915082240.fits,12,52426,922,638,3850,3838
legacy/qso/1046110590340196352.fits,17,52581,929,544,3858,3841
legacy/qso/1046136703741356032.fits,4,52581,929,639,3858,3854
legacy/qso/1047134786042226688.fits,150,52618,930,174,3856,3706
legacy/qso/1048388779070482432.fits,203,52619,931,640,3857,3654
legacy/qso/1050491870322386944.fits,61,52642,933,99,3855,3794
legacy/qso/1052892379100506112.fits,201,52643,935,640,3850,3649
legacy/qso/1056196962388305920.fits,204,52708,938,374,3856,3652
legacy/qso/1060747291175970816.fits,6,52703,942,544,3853,3847
legacy/qso/1061771480771094528.fits,127,52376,943,174,3850,3723
legacy/qso/1061899573875730432.fits,110,52376,943,640,3850,3740
legacy/qso/1070758064551913472.fits,67,52398,951,99,3851,3784
legacy/qso/1071904580486326272.fits,56,52409,952,174,3858,3802
legacy/qso/1078685818467411968.fits,20,52410,958,268,3862,3842
legacy/qso/1078714955525548032.fits,209,52410,958,374,3862,3653
legacy/qso/1084344733846759424.fits,204,52643,963,375,3852,3648
legacy/qso/1088894787722962944.fits,15,52636,967,544,3856,3841
legacy/qso/1092170778876602368.fits,63,52413,970,174,3856,3793
legacy/qso/1094550122290767872.fits,5,52428,972,638,3848,3843
legacy/qso/1098926178317658112.fits,164,52413,976,174,3859,3695
legacy/qso/1109059277781231616.fits,195,52431,985,174,3852,3657
legacy/qso/1118168186542385152.fits,14,52710,993,544,3852,3838
legacy/qso/1119192106997409792.fits,52,52725,994,173,3859,3807
legacy/qso/1138309864200628224.fits,55,52652,1011,91,3857,3802
legacy/qso/1138332679066904576.fits,202,52652,1011,174,3857,3655
legacy/qso/1144017430855575552.fits,202,52759,1016,375,3849,3647
legacy/qso/1145088079413929984.fits,99,52706,1017,174,3854,3755
legacy/qso/1175487647783610368.fits,191,52468,1044,175,3865,3674
legacy/qso/1176668527583586304.fits,204,52725,1045,375,3854,3650
legacy/qso/1182242776591394816.fits,134,52721,1050,174,3855,3721
legacy/qso/1183368947131508736.fits,58,52468,1051,175,3860,3802
legacy/qso/1185722176892856320.fits,7,52468,1053,544,3859,3852
legacy/qso/1194755767329122304.fits,201,52641,1061,640,3857,3656
legacy/qso/1309469190314289152.fits,172,52669,1163,173,3856,3684
legacy/qso/1309597558296832000.fits,204,52669,1163,640,3856,3652
legacy/qso/1311698450710030336.fits,63,52703,1165,91,3860,3797
legacy/qso/1316224866042537984.fits,164,52753,1169,174,3854,3690
legacy/qso/1317371106964826112.fits,17,52756,1170,248,3857,3840
legacy/qso/1320783716749961216.fits,205,52790,1173,375,3854,3649
legacy/qso/1321909616522586112.fits,206,52782,1174,375,3855,3649
legacy/qso/1335365162663700480.fits,68,52646,1186,174,3857,3789
legacy/qso/1336592768436299776.fits,8,52708,1187,544,3856,3848
legacy/qso/1337672213003790336.fits,201,52650,1188,375,3855,3654
legacy/qso/1338742587875420160.fits,131,52668,1189,173,3857,3726
legacy/qso/1345497988256000000.fits,29,52724,1195,173,3858,3829
legacy/qso/1360097027899287552.fits,3,52672,1208,36,3856,3853
legacy/qso/1360236665876015104.fits,5,52672,1208,544,3856,3851
legacy/qso/1366890361481357312.fits,71,52731,1214,174,3850,3779
legacy/qso/1390533984697477120.fits,163,52734,1235,173,3859,3696
legacy/qso/1392785784980924416.fits,82,52762,1237,173,3854,3772
legacy/qso/1427666144973580288.fits,7,52933,1268,91,3855,3848
legacy/qso/1430068853731256320.fits,200,52991,1270,640,3848,3648
legacy/qso/1433446553485338624.fits,201,52993,1273,640,3853,3652
legacy/qso/1441327848555046912.fits,3,52738,1280,640,3859,3856
legacy/qso/1447934538830342144.fits,57,52725,1286,99,3855,3798
legacy/qso/1449209147735173120.fits,203,52728,1287,640,3857,3654
legacy/qso/1451460947649521664.fits,204,52734,1289,640,3855,3651
legacy/qso/1455964272919078912.fits,13,52765,1293,639,3856,3843
legacy/qso/1457090447502501888.fits,205,52753,1294,640,3855,3650
legacy/qso/1458088257341384704.fits,71,52934,1295,174,3856,3785
legacy/qso/1467095458542282752.fits,15,53050,1303,174,3861,3846
legacy/qso/1467150434123671552.fits,140,53050,1303,374,3861,3721
legacy/qso/1468221357492824064.fits,31,52993,1304,174,3856,3825
legacy/qso/1471726875540744192.fits,201,52999,1307,639,3853,3652
legacy/qso/1473952557977069568.fits,7,52762,1309,544,3853,3846
legacy/qso/1476157903474812928.fits,204,52765,1311,375,3855,3651
legacy/qso/1477283803650091008.fits,93,52781,1312,375,3854,3761
legacy/qso/1479608450622187520.fits,204,53050,1314,640,3855,3651
legacy/qso/1482837161735645184.fits,64,52765,1317,98,3858,3794
legacy/qso/1495298202243459072.fits,204,52786,1328,375,3855,3651
legacy/qso/1495371044888799232.fits,18,52786,1328,640,3855,3837
legacy/qso/1498748469395875840.fits,22,52766,1331,639,3855,3833
legacy/qso/1508753475704481792.fits,125,52781,1340,173,3854,3729
legacy/qso/1515564401170606080.fits,97,52822,1346,375,3855,3758
legacy/qso/1516736755460499456.fits,14,52823,1347,544,3856,3842
legacy/qso/1517815930502014976.fits,209,53084,1348,374,3859,3650
legacy/qso/1524644442936469504.fits,75,52814,1354,640,3855,3780
legacy/qso/1529019952479102976.fits,86,52994,1358,174,3854,3768
legacy/qso/1529074928060491776.fits,204,52994,1358,374,3854,3650
legacy/qso/1534649178125264896.fits,137,53053,1363,173,3867,3730
legacy/qso/1540380657883047936.fits,4,53084,1368,544,3861,3857
legacy/qso/1542632457797396480.fits,4,53090,1370,544,3858,3854
legacy/qso/1544808390839003136.fits,14,53062,1372,268,3857,3843
legacy/qso/1549341127977494528.fits,207,53089,1376,374,3858,3651
legacy/qso/1549414245500741632.fits,205,53089,1376,640,3858,3653
legacy/qso/1552663576802519040.fits,201,53063,1379,173,3862,3661
legacy/qso/1552663577154840576.fits,194,53084,1379,173,3862,3668
legacy/qso/1558293627065624576.fits,176,53121,1384,175,3861,3685
legacy/qso/1559474227172632576.fits,195,53091,1385,374,3857,3662
legacy/qso/1571804425796741120.fits,169,53112,1396,175,3859,3690
legacy/qso/1571932244023470080.fits,83,53112,1396,640,3859,3776
legacy/qso/1577433376112011264.fits,184,53144,1401,173,3861,3677
legacy/qso/1577535080937580544.fits,6,53144,1401,543,3861,3855
legacy/qso/1580811620236421120.fits,169,52825,1404,175,3854,3685
legacy/qso/1581992495741429760.fits,201,52826,1405,375,3858,3657
legacy/qso/1584189320980359168.fits,168,52886,1407,175,3853,3685
legacy/qso/1594342760922507264.fits,6,52875,1416,249,3855,3849
legacy/qso/1595448049449068544.fits,110,53141,1417,174,3862,3752
legacy/qso/1599951649210656768.fits,76,53149,1421,174,3859,3783
legacy/qso/1613462446180165632.fits,173,53035,1433,174,3860,3687
legacy/qso/1614689776336660480.fits,26,53053,1434,543,3868,3842
legacy/qso/1619193375980808192.fits,3,53054,1438,543,3868,3865
legacy/qso/1638333949862242304.fits,8,53089,1455,544,3859,3851
legacy/qso/1646168520351836160.fits,207,53112,1462,374,3857,3650
legacy/qso/1651743319232899072.fits,171,53115,1467,175,3859,3688
legacy/qso/1651871137459628032.fits,205,53115,1467,640,3859,3654
legacy/qso/1773468333740419072.fits,30,53493,1575,640,3852,3822
legacy/qso/1776772915988031488.fits,200,53496,1578,374,3869,3669
legacy/qso/1793661406118176768.fits,205,52991,1593,374,3866,3661
legacy/qso/1793734523641423872.fits,77,52991,1593,640,3866,3789
legacy/qso/1795878571449804800.fits,6,52999,1595,248,3858,3852
legacy/qso/1801589436371200000.fits,4,53090,1600,544,3859,3855
legacy/qso/1811748924684265472.fits,26,53142,1609,640,3863,3837
legacy/qso/1814000724581836800.fits,58,53147,1611,640,3859,3801
legacy/qso/1816124705631922176.fits,167,53115,1613,175,3859,3692
legacy/qso/1818376231423338496.fits,13,53166,1615,174,3856,3843
legacy/qso/1820756123435689984.fits,57,53112,1617,640,3862,3805
legacy/qso/1827511522490869760.fits,46,53089,1623,640,3856,3810
legacy/qso/1831886760578148352.fits,107,53473,1627,173,3864,3757
legacy/qso/1853406952332224512.fits,198,53498,1646,639,3854,3656
legacy/qso/1854405034565986304.fits,78,53531,1647,174,3857,3779
legacy/qso/1854532852792715264.fits,30,53531,1647,639,3857,3827
legacy/qso/1856656827970775040.fits,186,53149,1649,174,3860,3674
legacy/qso/1857782728297048064.fits,138,53174,1650,174,3862,3724
legacy/qso/1860089784962148352.fits,209,53555,1652,375,3859,3650
legacy/qso/1861160708935280640.fits,67,53534,1653,175,3858,3791
legacy/qso/1879229806453745664.fits,94,53433,1669,374,3858,3764
legacy/qso/1880355706444474368.fits,202,53438,1670,374,3862,3660
legacy/qso/1881426905782052864.fits,5,53446,1671,175,3863,3858
legacy/qso/1887131716846381056.fits,4,53147,1676,449,3857,3853
legacy/qso/1888310118450227200.fits,43,53148,1677,640,3860,3817
legacy/qso/1890561643402782720.fits,164,53149,1679,639,3861,3697
legacy/qso/1892813718480250880.fits,81,53172,1681,640,3855,3774
legacy/qso/1911880898937120768.fits,211,53146,1698,374,3864,3653
legacy/qso/1914132979601401856.fits,201,53502,1700,375,3869,3668
legacy/qso/1916457616054183936.fits,9,53144,1702,640,3856,3847
legacy/qso/1917583526950103040.fits,196,53799,1703,640,3845,3649
legacy/qso/1918709416438294528.fits,61,53178,1704,640,3855,3794
legacy/qso/1924190212980762624.fits,49,53533,1709,99,3858,3809
legacy/qso/1940028959097907200.fits,204,53905,1723,376,3848,3644
legacy/qso/1943351120596330496.fits,101,53137,1726,174,3860,3759
legacy/qso/1955837723021436928.fits,7,53055,1737,544,3867,3860
legacy/qso/1962592847567808512.fits,10,53054,1743,543,3870,3860
legacy/qso/1977127841967400960.fits,7,53080,1756,173,3860,3853
legacy/qso/1983938772366026752.fits,201,53415,1762,375,3861,3660
legacy/qso/1985009422618880000.fits,68,53463,1763,174,3858,3790
legacy/qso/1989513296671172608.fits,19,53436,1767,175,3858,3839
legacy/qso/1991764822714247168.fits,124,53502,1769,174,3855,3731
legacy/qso/1992992421893400576.fits,4,53171,1770,544,3857,3853
legacy/qso/1997394051682297856.fits,36,53759,1774,173,3846,3810
legacy/qso/1998519953065535488.fits,6,53847,1775,173,3848,3842
legacy/qso/1998648321048078336.fits,51,53847,1775,640,3848,3797
legacy/qso/2004170330620323840.fits,3,53090,1780,249,3860,3857
legacy/qso/2005275618157029376.fits,113,53297,1781,174,3859,3746
legacy/qso/2006529337733441536.fits,131,53383,1782,639,3861,3730
legacy/qso/2007655512568522752.fits,202,53386,1783,640,3858,3656
legacy/qso/2008689620685973504.fits,8,54425,1784,306,3849,3841
legacy/qso/2008708587261552640.fits,152,54425,1784,375,3849,3697
legacy/qso/2010905411913279488.fits,67,54450,1786,175,3845,3778
legacy/qso/2022163851729987584.fits,34,53884,1796,173,3846,3812
legacy/qso/2024470901449320448.fits,94,53851,1798,374,3849,3755
legacy/qso/2024544018972567552.fits,21,53851,1798,640,3849,3828
legacy/qso/2039052619321731072.fits,97,53533,1811,174,3857,3760
legacy/qso/2046933935547508736.fits,30,54539,1818,174,3851,3821
legacy/qso/2050413317075265536.fits,3,53167,1821,544,3858,3855
legacy/qso/2056069210458580992.fits,195,53499,1826,640,3859,3664
legacy/qso/2057067017797658624.fits,131,53531,1827,174,3861,3730
legacy/qso/2059344655513839616.fits,13,53494,1829,268,3852,3839
legacy/qso/2061570634638452736.fits,166,54557,1831,174,3849,3683
legacy/qso/2075209514193283072.fits,196,53816,1843,640,3844,3648
legacy/qso/2078459126798641152.fits,38,54173,1846,174,3848,3810
legacy/qso/2080710651851859968.fits,39,54180,1848,173,3855,3816
legacy/qso/2084216708549076992.fits,8,53524,1851,640,3859,3851
legacy/qso/2086340415962769408.fits,19,53566,1853,174,3855,3836
legacy/qso/2086442120788338688.fits,8,53566,1853,544,3855,3847
legacy/qso/2105535686890252288.fits,204,53383,1870,374,3864,3660
legacy/qso/2107833941120542720.fits,15,53386,1872,543,3863,3848
legacy/qso/2111110228794697728.fits,113,54453,1875,174,3854,3741
legacy/qso/2113362303670839296.fits,23,54464,1877,175,3851,3828
legacy/qso/2115613828841498624.fits,73,54478,1879,174,3848,3775
legacy/qso/2173136409941010432.fits,9,53347,1930,544,3857,3848
legacy/qso/2182042179784960000.fits,141,53379,1938,175,3857,3716
legacy/qso/2183268960051423232.fits,8,53389,1939,542,3861,3853
legacy/qso/2184421797892483072.fits,155,53383,1940,640,3857,3702
legacy/qso/2187671404558706688.fits,56,53386,1943,174,3861,3805
legacy/qso/2191049379928893440.fits,3,53432,1946,175,3860,3857
legacy/qso/2191176923277715456.fits,114,53432,1946,639,3860,3746
legacy/qso/2193428997231110144.fits,13,53388,1948,640,3858,3845
legacy/qso/2194427079666198528.fits,6,53433,1949,175,3861,3855
legacy/qso/2194554623015020544.fits,114,53433,1949,639,3861,3747
legacy/qso/2194554897892927488.fits,198,53433,1949,640,3861,3663
legacy/qso/2200035687204415488.fits,80,53357,1954,99,3866,3786
legacy/qso/2201283909205911552.fits,5,53442,1955,544,3861,3856
legacy/qso/2205741054433454080.fits,204,53440,1959,375,3864,3660
legacy/qso/2205787508799727616.fits,17,53440,1959,544,3864,3847
legacy/qso/2218070702043457536.fits,80,53386,1970,174,3866,3786
legacy/qso/2219196603393140736.fits,58,53472,1971,174,3857,3799
legacy/qso/2222574302409025536.fits,5,53430,1974,174,3866,3861
legacy/qso/2222629552868321280.fits,204,53430,1974,375,3866,3662
legacy/qso/2231709594869065728.fits,125,53436,1982,640,3863,3738
legacy/qso/2232835494876571648.fits,141,53442,1983,640,3863,3722
legacy/qso/2234938585558050816.fits,46,53431,1985,99,3860,3814
legacy/qso/2241842694198421504.fits,133,53446,1991,640,3865,3732
legacy/qso/2246218200201062400.fits,95,53415,1995,174,3849,3754
legacy/qso/2247344375338133504.fits,184,53436,1996,175,3858,3674
legacy/qso/2255280375490177024.fits,203,53442,2003,374,3864,3661
legacy/qso/2255326829856450560.fits,17,53442,2003,543,3864,3847
legacy/qso/2258730918426470400.fits,5,53476,2006,639,3869,3864
legacy/qso/2267665549645342720.fits,202,53460,2014,375,3863,3661
legacy/qso/2268736205115910144.fits,156,53819,2015,174,3849,3693
legacy/qso/2274365973018470400.fits,4,53431,2020,175,3862,3858
legacy/qso/2274493791245199360.fits,92,53431,2020,640,3862,3770
legacy/qso/2280123290779412480.fits,97,53431,2025,640,3865,3768
legacy/qso/2285624423471933440.fits,169,53499,2030,173,3845,3676
legacy/qso/2346423290987309056.fits,118,53360,2084,174,3867,3749
legacy/qso/2347677284317554688.fits,201,53379,2085,640,3867,3666
legacy/qso/2348675091488860160.fits,35,53401,2086,174,3864,3829
legacy/qso/2349800991630583808.fits,29,53415,2087,174,3864,3835
legacy/qso/2352107768418166784.fits,115,53498,2089,374,3866,3751
legacy/qso/2353233942615713792.fits,203,53463,2090,375,3863,3660
legacy/qso/2385829794974558208.fits,155,53792,2119,174,3862,3707
legacy/qso/2386955695888033792.fits,199,53852,2120,174,3860,3661
legacy/qso/2391459019261765632.fits,30,53770,2124,173,3849,3819
legacy/qso/2401592395767506944.fits,67,53917,2133,174,3855,3788
legacy/qso/2406075384400472064.fits,45,54206,2137,99,3854,3809
legacy/qso/2406166918743484416.fits,4,54206,2137,432,3854,3850
legacy/qso/2410654568036722688.fits,199,53764,2141,374,3845,3646
legacy/qso/2411853592915896320.fits,192,54208,2142,640,3856,3664
legacy/qso/2415231292703533056.fits,188,54212,2145,640,3844,3656
legacy/qso/2426490285195290624.fits,196,53820,2155,640,3843,3647
legacy/qso/2428715703809894400.fits,5,54242,2157,544,3847,3842
legacy/qso/2430865800240850944.fits,84,54328,2159,174,3861,3777
legacy/qso/2435369391395727360.fits,125,53823,2163,174,3844,3719
legacy/qso/2436515908202555392.fits,11,53886,2164,249,3844,3833
legacy/qso/2437748736135292928.fits,36,53917,2165,638,3853,3817
legacy/qso/2442125061235173376.fits,103,53556,2169,175,3858,3755
legacy/qso/2446756484424427520.fits,52,53874,2173,640,3843,3791
legacy/qso/2472579333932214272.fits,206,53534,2196,375,3856,3650
legacy/qso/2481531288482244608.fits,206,53877,2204,174,3860,3654
legacy/qso/2482656912101894144.fits,39,53793,2205,173,3850,3811
legacy/qso/2483783086920198144.fits,101,53795,2206,174,3854,3753
legacy/qso/2483838337379493888.fits,198,53795,2206,375,3854,3656
legacy/qso/2484908982850840576.fits,114,53558,2207,174,3856,3742
legacy/qso/2490593736719886336.fits,198,53789,2212,375,3848,3650
legacy/qso/2491719636677060608.fits,198,53792,2213,375,3846,3648
legacy/qso/2493971436507523072.fits,198,53793,2215,375,3860,3662
legacy/qso/2500726835931801600.fits,199,53792,2221,375,3856,3657
legacy/qso/2506337369343420416.fits,12,53819,2226,306,3844,3832
legacy/qso/2509806603474069504.fits,9,53823,2229,639,3844,3835
legacy/qso/2514182385243809792.fits,72,53845,2233,174,3857,3785
legacy/qso/2526567283380217856.fits,206,53795,2244,174,3861,3655
legacy/qso/2561525429508794368.fits,199,53709,2275,375,3847,3648
legacy/qso/2562651329465968640.fits,199,53712,2276,375,3858,3659
legacy/qso/2568280554105497600.fits,200,53711,2281,374,3842,3642
legacy/qso/2568353671628744704.fits,198,53711,2281,640,3842,3644
legacy/qso/2569351477961189376.fits,128,53683,2282,174,3847,3719
legacy/qso/2570504316674664448.fits,4,53729,2283,272,3845,3841
legacy/qso/2573855077873772544.fits,202,53700,2286,174,3849,3647
legacy/qso/2579484577642866688.fits,126,53714,2291,174,3845,3719
legacy/qso/2637033566466238464.fits,198,53742,2342,640,3844,3646
legacy/qso/2639285366246369280.fits,199,53740,2344,640,3844,3645
legacy/qso/2641388457011734528.fits,44,53734,2346,99,3844,3800
legacy/qso/2641409072854755328.fits,114,53734,2346,174,3844,3730
legacy/qso/2649290373209286656.fits,107,53794,2353,174,3846,3739
legacy/qso/2651670266094053376.fits,196,53792,2355,640,3845,3649
legacy/qso/2652796165900232704.fits,198,53786,2356,640,3845,3647
legacy/qso/2655047691020560384.fits,7,53797,2358,639,3844,3837
legacy/qso/2657226921909184512.fits,199,53728,2360,375,3854,3655
legacy/qso/2667304770695358464.fits,108,53733,2369,174,3844,3736
legacy/qso/2668430671122294784.fits,134,53764,2370,174,3843,3709
legacy/qso/2672913654923421696.fits,49,53765,2374,99,3845,3796
legacy/qso/2724725671866689536.fits,113,54086,2420,174,3857,3744
legacy/qso/2726977471848146944.fits,28,54096,2422,174,3852,3824
legacy/qso/2728103647522088960.fits,90,54149,2423,175,3844,3754
legacy/qso/2732606966416304128.fits,149,53800,2427,174,3849,3700
legacy/qso/2733732591462017024.fits,14,53801,2428,173,3849,3835
legacy/qso/2739362366192904192.fits,154,53820,2433,174,3849,3695
legacy/qso/2741715870966376448.fits,16,53828,2435,544,3840,3824
legacy/qso/2796762651034675200.fits,32,54144,2484,99,3846,3814
legacy/qso/2801342117048248320.fits,51,54149,2488,375,3847,3796
legacy/qso/2803574675911763968.fits,6,54179,2490,305,3849,3843
legacy/qso/2805918559807498240.fits,4,54178,2492,640,3851,3847
legacy/qso/2808097516908734464.fits,203,54174,2494,375,3852,3649
legacy/qso/2810395771155802112.fits,5,54178,2496,544,3851,3846
legacy/qso/2821608315874732032.fits,204,54179,2506,375,3844,3640
legacy/qso/2824930765152741376.fits,74,54180,2509,174,3849,3775
legacy/qso/2828436003138594816.fits,3,53877,2512,638,3849,3846
legacy/qso/2831741415053092864.fits,204,54180,2515,375,3847,3643
legacy/qso/2835043249528268800.fits,60,54243,2518,99,3848,3788
legacy/qso/2835119115830585344.fits,200,54243,2518,375,3848,3648
legacy/qso/2838441570041096192.fits,11,54538,2521,174,3846,3835
legacy/qso/2840795075250776064.fits,14,54572,2523,544,3848,3834
legacy/qso/2842981179194370048.fits,20,54569,2525,305,3849,3829
legacy/qso/2900366057334138880.fits,152,54086,2576,174,3856,3704
legacy/qso/2903743756752676864.fits,142,54068,2579,174,3853,3711
legacy/qso/2922985762326603776.fits,32,54207,2596,544,3853,3821
legacy/qso/2930820611871631360.fits,10,54479,2603,375,3851,3841
legacy/qso/2938646935587809280.fits,74,54476,2610,175,3846,3772
legacy/qso/2942024635392223232.fits,120,54481,2613,175,3847,3727
legacy/qso/2942079610973612032.fits,168,54481,2613,375,3847,3679
legacy/qso/2944276160361555968.fits,28,54483,2615,174,3845,3817
legacy/qso/2976927253079812096.fits,69,54210,2644,174,3851,3782
legacy/qso/2991590070168872960.fits,21,54502,2657,269,3846,3825
legacy/qso/2992689856674555904.fits,71,54502,2658,174,3847,3776
legacy/qso/3091824294406154240.fits,49,54232,2746,375,3846,3797
legacy/qso/3097424657066780672.fits,23,54243,2751,269,3847,3824
legacy/qso/3099650343328311296.fits,139,54234,2753,174,3849,3710
legacy/qso/3115468192634398720.fits,117,54243,2767,375,3847,3730
legacy/qso/3115514647000672256.fits,17,54243,2767,544,3847,3830
legacy/qso/3123320084928423936.fits,22,54534,2774,268,3853,3831
legacy/qso/3127925939221063680.fits,14,54539,2778,640,3852,3838
legacy/qso/3129051839144683520.fits,8,54540,2779,640,3852,3844
legacy/qso/3140284450185701376.fits,4,54555,2789,544,3849,3845
legacy/qso/3147039849760974848.fits,30,54563,2795,544,3849,3819
legacy/qso/3242639636111058944.fits,65,54509,2880,174,3845,3780
legacy/qso/3244927719623911424.fits,5,54498,2882,306,3849,3844
legacy/qso/3341733122839439360.fits,117,54585,2968,226,3849,3732
legacy/qso/3342870567635150848.fits,23,54586,2969,268,3848,3825
legacy/qso/3344025879528368128.fits,59,54589,2970,375,3847,3788
