../segue1/segpointedf/2120117408218769408.fits,80,53271,1883,174,3863,3783
../segue1/segpointedf/2120118232852490240.fits,3863,53271,1883,177,3863,0
../segue1/segpointedf/2708955101678036992.fits,3861,54084,2406,145,3861,0
../segue1/segpointedf/2708963073137338368.fits,113,54084,2406,174,3861,3748
../segue1/segpointedf/2708994134340823040.fits,3861,54084,2406,287,3861,0
../segue1/segpointedf/2712293770849708032.fits,3854,54210,2409,3,3854,0
../segue1/segpointedf/2712295145239242752.fits,3854,54210,2409,8,3854,0
../segue1/segpointedf/2712298718652033024.fits,3854,54210,2409,21,3854,0
../segue1/segpointedf/2712340774971795456.fits,124,54210,2409,174,3854,3730
../segue1/segpointedf/2712351770088073216.fits,3854,54210,2409,214,3854,0
../segue1/segpointedf/2712383381047371776.fits,3854,54210,2409,329,3854,0
../segue1/segpointedf/2712392177140393984.fits,3854,54210,2409,361,3854,0
../segue1/segpointedf/2712408394936903680.fits,3854,54210,2409,420,3854,0
../segue1/segpointedf/2712414167372949504.fits,3854,54210,2409,441,3854,0
../segue1/segpointedf/2713430114053416960.fits,3858,54087,2410,41,3858,0
../segue1/segpointedf/2713466672815040512.fits,156,54087,2410,174,3858,3702
../segue1/segpointedf/2713487288658061312.fits,6,54087,2410,249,3858,3852
../segue1/segpointedf/2713489212803409920.fits,3858,54087,2410,256,3858,0
../segue1/segpointedf/2713493610849921024.fits,3858,54087,2410,272,3858,0
../segue1/segpointedf/2713494160605734912.fits,3858,54087,2410,274,3858,0
../segue1/segpointedf/2713502681820850176.fits,9,54087,2410,305,3858,3849
../segue1/segpointedf/2713592292018513920.fits,3858,54087,2410,631,3858,0
../segue1/segpointedf/2713594765919676416.fits,65,54087,2410,640,3858,3793
../segue1/segpointedf/2751735724691712000.fits,3860,54082,2444,132,3860,0
../segue1/segpointedf/2751746994685896704.fits,29,54082,2444,173,3860,3831
../segue1/segpointedf/2751752217366128640.fits,3860,54082,2444,192,3860,0
../segue1/segpointedf/2751761013459150848.fits,3860,54082,2444,224,3860,0
../segue1/segpointedf/2751774482476591104.fits,3860,54082,2444,273,3860,0
../segue1/segpointedf/2751819287575422976.fits,3860,54082,2444,436,3860,0
../segue1/segpointedf/2751870414866114560.fits,3860,54082,2444,622,3860,0
../segue1/segpointedf/2867741345479419904.fits,3855,53917,2547,270,3855,0
../segue1/segpointedf/2890196400971212800.fits,3850,54179,2567,41,3850,0
../segue1/segpointedf/2890232959732836352.fits,149,54179,2567,174,3850,3701
../segue1/segpointedf/2890253575575857152.fits,5,54179,2567,249,3850,3845
../segue1/segpointedf/2890255499721205760.fits,3850,54179,2567,256,3850,0
../segue1/segpointedf/2890259897767716864.fits,3850,54179,2567,272,3850,0
../segue1/segpointedf/2890260447523530752.fits,3850,54179,2567,274,3850,0
../segue1/segpointedf/2890288210192132096.fits,204,54179,2567,375,3850,3646
../segue1/segpointedf/2890358578936309760.fits,3850,54179,2567,631,3850,0
../segue1/segpointedf/2891336044337195008.fits,3847,54153,2568,91,3847,0
../segue1/segpointedf/2891384972604631040.fits,8,54153,2568,269,3847,3839
../segue1/segpointedf/2891392119430211584.fits,3847,54153,2568,295,3847,0
../segue1/segpointedf/2892586465294837760.fits,5,54234,2569,544,3851,3846
../segue1/segpointedf/2892588664318093312.fits,3851,54234,2569,552,3851,0
../segue1/segpointedf/3225732445710084096.fits,3849,54503,2865,106,3849,0
../segue1/segpointedf/3225764881303103488.fits,3849,54503,2865,224,3849,0
../segue1/segpointedf/2892443253905319936.fits,3851,54234,2569,23,3851,0
../segue1/segpointedf/2892449026341365760.fits,3851,54234,2569,44,3851,0
../segue1/segpointedf/3225790170070542336.fits,3849,54503,2865,316,3849,0
../segue1/segpointedf/3225803639087982592.fits,3849,54503,2865,365,3849,0
../segue1/segpointedf/3225879230512392192.fits,94,54503,2865,640,3849,3755
../segue1/segpointedf/3229106021389592576.fits,3849,54451,2868,91,3849,0
../segue1/segpointedf/3229128836255868928.fits,32,54451,2868,174,3849,3817
../segue1/segpointedf/3229154949657028608.fits,13,54451,2868,269,3849,3836
../segue1/segpointedf/3229162096482609152.fits,3849,54451,2868,295,3849,0
../segue1/segpointedf/3229184086715164672.fits,189,54451,2868,375,3849,3660
../segue1/segpointedf/3279786361862776832.fits,3849,54526,2913,145,3849,0
../segue1/segpointedf/3279825394525562880.fits,3849,54526,2913,287,3849,0
../segue1/segpointedf/3279849583781373952.fits,160,54526,2913,375,3849,3689
../segue1/segpointedf/3282038161189922816.fits,3850,54497,2915,145,3850,0
../segue1/segpointedf/3282077193852708864.fits,3850,54497,2915,287,3850,0
../segue1/segpointedf/3282082416532940800.fits,3,54497,2915,306,3850,3847
../segue1/segpointedf/3282101383108519936.fits,202,54497,2915,375,3850,3648
../segue1/segpointedf/3283130526159890432.fits,3850,54507,2916,23,3850,0
../segue1/segpointedf/3283136298595936256.fits,3850,54507,2916,44,3850,0
../segue1/segpointedf/3283197871247091712.fits,15,54507,2916,268,3850,3835
../segue1/segpointedf/3283275936572663808.fits,3850,54507,2916,552,3850,0
../segue1/segpointedf/3315781623424772096.fits,3849,54505,2945,23,3849,0
../segue1/segpointedf/3315787395860817920.fits,3849,54505,2945,44,3849,0
../segue1/segpointedf/3315848968511973376.fits,8,54505,2945,268,3849,3841
../segue1/segpointedf/3315924834814289920.fits,5,54505,2945,544,3849,3844
../segue1/segpointedf/3315927033837545472.fits,3849,54505,2945,552,3849,0
../segue1/segpointedf/3316941058453039104.fits,3847,54506,2946,145,3847,0
../segue1/segpointedf/3316980091115825152.fits,3847,54506,2946,287,3847,0
