../segue/2116739983225153536.fits 61 53262 1880 175
../segue/2116778741010032640.fits 3858 53262 1880 316
../segue/2130376126030178304.fits 3875 53238 1892 631
../segue/2132465747912321024.fits 3872 53240 1894 41
../segue/2132502581551851520.fits 73 53240 1894 175
../segue/2132524846662313984.fits 3872 53240 1894 256
../segue/2132529244708825088.fits 3872 53240 1894 272
../segue/2132529794464638976.fits 3872 53240 1894 274
../segue/2132557832011147264.fits 201 53240 1894 376
../segue/2132627925877417984.fits 3872 53240 1894 631
../segue/2137006731270580224.fits 3862 53260 1898 177
../segue/2137026522479880192.fits 14 53260 1898 249
../segue/2137133999741495296.fits 66 53260 1898 640
../segue/2139234891617822720.fits 3861 53262 1900 91
../segue/2139290966710839296.fits 3861 53262 1900 295
../segue/2141486691582502912.fits 3861 53271 1902 91
../segue/2141509506448779264.fits 206 53271 1902 174
../segue/2141542766675519488.fits 3861 53271 1902 295
../segue/2141637599553415168.fits 36 53271 1902 640
../segue/2143865217006725120.fits 3850 53682 1904 552
../segue/2143889406262536192.fits 23 53682 1904 640
../segue/2146013106445248512.fits 83 53293 1906 174
../segue/2146052139108034560.fits 3857 53293 1906 316
../segue/2146140924671977472.fits 164 53293 1906 639
../segue/2146141199549884416.fits 203 53293 1906 640
../segue/2148264905352964096.fits 149 53239 1908 174
../segue/2148368809201788928.fits 3862 53239 1908 552
../segue/2150480147411658752.fits 3879 53299 1910 41
../segue/2150480147780757504.fits 3857 53321 1910 41
../segue/2150496090699360256.fits 69 53321 1910 99
../segue/2150516706173282304.fits 81 53299 1910 174
../segue/2150539246161651712.fits 3879 53299 1910 256
../segue/2150539246530750464.fits 3857 53321 1910 256
../segue/2150542819943540736.fits 12 53321 1910 269
../segue/2150543644208162816.fits 3879 53299 1910 272
../segue/2150543644577261568.fits 3857 53321 1910 272
../segue/2150544193963976704.fits 3879 53299 1910 274
../segue/2150544194333075456.fits 3857 53321 1910 274
../segue/2150618410998851584.fits 17 53299 1910 544
../segue/2150642325376755712.fits 3879 53299 1910 631
../segue/2150642325745854464.fits 3857 53321 1910 631
../segue/2150644524769110016.fits 9 53321 1910 639
../segue/2152768505886304256.fits 52 53293 1912 174
../segue/2154984578886952960.fits 3850 53729 1914 44
../segue/2155020036174014464.fits 21 53612 1914 173
../segue/2155021135685642240.fits 3851 53612 1914 177
../segue/2155075286633310208.fits 201 53612 1914 374
../segue/2155124216863680512.fits 3850 53729 1914 552
../segue/2155148404156557312.fits 198 53612 1914 640
../segue/2157272105111021568.fits 39 53269 1916 174
../segue/2157283100227299328.fits 3851 53269 1916 214
../segue/2157314711186597888.fits 3851 53269 1916 329
../segue/2157323507279620096.fits 3851 53269 1916 361
../segue/2157339725076129792.fits 3851 53269 1916 420
../segue/2157345497512175616.fits 3851 53269 1916 441
../segue/2159534899554445312.fits 3864 53240 1918 214
../segue/2159566510513743872.fits 3864 53240 1918 329
../segue/2159575306606766080.fits 3864 53240 1918 361
../segue/2159591524403275776.fits 3864 53240 1918 420
../segue/2159597296839321600.fits 3864 53240 1918 441
../segue/2294609079852623872.fits 3857 53327 2038 91
../segue/2294631619840993280.fits 136 53327 2038 173
../segue/2294665154945640448.fits 3857 53327 2038 295
../segue/2294687145178195968.fits 204 53327 2038 375
../segue/2294759712945629184.fits 6 53327 2038 639
../segue/2296883695488886784.fits 35 53384 2040 174
../segue/2296985125436549120.fits 8 53384 2040 543
../segue/2296987599337711616.fits 3865 53384 2040 552
../segue/2297011788593522688.fits 138 53384 2040 640
../segue/2297998050573969408.fits 3859 53387 2041 132
../segue/2298009595446061056.fits 211 53387 2041 174
../segue/2298014543248386048.fits 3859 53387 2041 192
../segue/2298023339341408256.fits 3859 53387 2041 224
../segue/2298036808358848512.fits 3859 53387 2041 273
../segue/2298064571027449856.fits 205 53387 2041 374
../segue/2298081613457680384.fits 3859 53387 2041 436
../segue/2298132740748371968.fits 3859 53387 2041 622
../segue/2298137138794883072.fits 13 53387 2041 638
../segue/2298137688550696960.fits 111 53387 2041 640
../segue/2299239399050733568.fits 3866 53378 2042 552
../segue/2299263588306544640.fits 189 53378 2042 640
../segue/2300238579789490176.fits 3864 53351 2043 91
../segue/2300261394655766528.fits 74 53351 2043 174
../segue/2300294654882506752.fits 3864 53351 2043 295
../segue/2300389487760402432.fits 84 53351 2043 640
../segue/2301387019282049024.fits 210 53327 2044 173
../segue/2301388118793676800.fits 3858 53327 2044 177
../segue/2301442544619251712.fits 206 53327 2044 375
../segue/2301488998985525248.fits 7 53327 2044 544
../segue/2303638819095734272.fits 43 53327 2046 173
../segue/2303678126636427264.fits 3857 53327 2046 316
../segue/2303767187078277120.fits 204 53327 2046 640
../segue/2304742185808979968.fits 3849 53732 2047 91
../segue/2304765000675256320.fits 207 53732 2047 174
../segue/2304785616518277120.fits 10 53732 2047 249
../segue/2304798260901996544.fits 3849 53732 2047 295
../segue/2305879349770872832.fits 3864 53378 2048 132
../segue/2305890894642964480.fits 99 53378 2048 174
../segue/2305895842445289472.fits 3864 53378 2048 192
../segue/2305904638538311680.fits 3864 53378 2048 224
../segue/2305911510485985280.fits 21 53378 2048 249
../segue/2305918107555751936.fits 3864 53378 2048 273
../segue/2305945870224353280.fits 205 53378 2048 374
../segue/2305962912654583808.fits 3864 53378 2048 436
../segue/2306014039945275392.fits 3864 53378 2048 622
../segue/2306018987747600384.fits 62 53378 2048 640
../segue/2307005249207953408.fits 3860 53350 2049 132
../segue/2307016519202138112.fits 61 53350 2049 173
../segue/2307021741882370048.fits 3860 53350 2049 192
../segue/2307030537975392256.fits 3860 53350 2049 224
../segue/2307044006992832512.fits 3860 53350 2049 273
../segue/2307088812091664384.fits 3860 53350 2049 436
../segue/2307139939382355968.fits 3860 53350 2049 622
../segue/2308106136080902144.fits 3864 53401 2050 41
../segue/2308142969720432640.fits 28 53401 2050 175
../segue/2308165234830895104.fits 3864 53401 2050 256
../segue/2308169632877406208.fits 3864 53401 2050 272
../segue/2308170182633220096.fits 3864 53401 2050 274
../segue/2308197945301821440.fits 201 53401 2050 375
../segue/2308268314045999104.fits 3864 53401 2050 631
../segue/2309232041641666560.fits 3849 53738 2051 41
../segue/2309268600403290112.fits 81 53738 2051 174
../segue/2309291140391659520.fits 3849 53738 2051 256
../segue/2309295538438170624.fits 3849 53738 2051 272
../segue/2309296088193984512.fits 3849 53738 2051 274
../segue/2309323850862585856.fits 199 53738 2051 375
../segue/2309394219606763520.fits 3849 53738 2051 631
../segue/2310382949784119296.fits 3862 53401 2052 132
../segue/2310394494656210944.fits 169 53401 2052 174
../segue/2310399442458535936.fits 3862 53401 2052 192
../segue/2310408238551558144.fits 3862 53401 2052 224
../segue/2310421707568998400.fits 3862 53401 2052 273
../segue/2310466512667830272.fits 3862 53401 2052 436
../segue/2310517639958521856.fits 3862 53401 2052 622
../segue/2311531390434306048.fits 3862 53446 2053 214
../segue/2311563001393604608.fits 3862 53446 2053 329
../segue/2311571797486626816.fits 3862 53446 2053 361
../segue/2311575645777324032.fits 205 53446 2053 375
../segue/2311588015283136512.fits 3862 53446 2053 420
../segue/2311593787719182336.fits 3862 53446 2053 441
../segue/2311622100143597568.fits 5 53446 2053 544
../segue/2312638323513911296.fits 3855 53431 2054 145
../segue/2312646569851119616.fits 169 53431 2054 175
../segue/2313772199879665664.fits 111 53729 2055 174
../segue/2313773024513386496.fits 3850 53729 2055 177
../segue/2313900292984301568.fits 17 53729 2055 640
../segue/2314897820445861888.fits 39 53463 2056 173
../segue/2314909090440046592.fits 3864 53463 2056 214
../segue/2314940701399345152.fits 3864 53463 2056 329
../segue/2314949497492367360.fits 3864 53463 2056 361
../segue/2314953620660971520.fits 126 53463 2056 376
../segue/2314965715288877056.fits 3864 53463 2056 420
../segue/2314971487724922880.fits 3864 53463 2056 441
../segue/2315976997030881280.fits 3849 53816 2057 3
../segue/2315978371420416000.fits 3849 53816 2057 8
../segue/2315981944833206272.fits 3849 53816 2057 21
../segue/2316024001152968704.fits 138 53816 2057 174
../segue/2316034996269246464.fits 3849 53816 2057 214
../segue/2316060010158778368.fits 12 53816 2057 305
../segue/2316066607228545024.fits 705 53816 2057 329
../segue/2316075403321567232.fits 3849 53816 2057 361
../segue/2316091621118076928.fits 3849 53816 2057 420
../segue/2316097393554122752.fits 3849 53816 2057 441
../segue/2448868658642970624.fits 3846 54612 2175 132
../segue/2448885151317387264.fits 3846 54612 2175 192
../segue/2448893947410409472.fits 3846 54612 2175 224
../segue/2448901369113896960.fits 3846 54612 2175 251
../segue/2448907416427849728.fits 3846 54612 2175 273
../segue/2448952221526681600.fits 3846 54612 2175 436
../segue/2449003348817373184.fits 3846 54612 2175 622
../segue/2449985481388091392.fits 74 54243 2176 99
../segue/2449997301138089984.fits 3849 54243 2176 142
../segue/2450006097231112192.fits 108 54243 2176 174
../segue/2450006921864833024.fits 3849 54243 2176 177
../segue/2450067395004360704.fits 3849 54243 2176 397
../segue/2451124030946699264.fits 3850 54557 2177 145
../segue/2451132277283907584.fits 14 54557 2177 175
../segue/2451163063609485312.fits 3850 54557 2177 287
../segue/2452214197933598720.fits 3845 54629 2178 15
../segue/2452221344759179264.fits 3845 54629 2178 41
../segue/2452237287677782016.fits 29 54629 2178 99
../segue/2452257903520802816.fits 145 54629 2178 174
../segue/2452280443509172224.fits 3845 54629 2178 256
../segue/2452284841555683328.fits 3845 54629 2178 272
../segue/2452285391311497216.fits 3845 54629 2178 274
../segue/2452383522724276224.fits 3845 54629 2178 631
../segue/2452385996625438720.fits 44 54629 2178 640
../segue/2453409898810075136.fits 17 53555 2179 269
../segue/2453511603635644416.fits 9 53555 2179 639
../segue/2454486888199776256.fits 3848 54613 2180 91
../segue/2454509703066052608.fits 154 54613 2180 174
../segue/2454542963292792832.fits 3848 54613 2180 295
../segue/2454564953525348352.fits 199 54613 2180 375
../segue/2454593540827670528.fits 3848 54613 2180 479
../segue/2454611407891621888.fits 33 54613 2180 544
../segue/2455614968859486208.fits 16 53524 2181 99
../segue/2455635584702507008.fits 193 53524 2181 174
../segue/2455646579818784768.fits 3857 53524 2181 214
../segue/2455678190778083328.fits 3857 53524 2181 329
../segue/2455686986871105536.fits 3857 53524 2181 361
../segue/2455703204667615232.fits 3857 53524 2181 420
../segue/2455708977103661056.fits 3857 53524 2181 441
../segue/2456787604402628608.fits 9 53905 2182 269
../segue/2456800523664254976.fits 3850 53905 2182 316
../segue/2456889309228197888.fits 18 53905 2182 639
../segue/2456889584106104832.fits 201 53905 2182 640
../segue/2457926417380304896.fits 3858 53536 2183 316
../segue/2458015202944247808.fits 26 53536 2183 639
../segue/2458015477822154752.fits 206 53536 2183 640
../segue/2459052317253593088.fits 3859 53534 2184 316
../segue/2459141102817536000.fits 11 53534 2184 639
../segue/2459141377695442944.fits 205 53534 2184 640
../segue/2531056860258134016.fits 3853 53558 2248 123
../segue/2531198697258117120.fits 11 53558 2248 639
../segue/2532188807613147136.fits 3857 53566 2249 145
../segue/2532197053950355456.fits 76 53566 2249 175
../segue/2532252029531744256.fits 207 53566 2249 375
../segue/2533322678979291136.fits 62 53566 2250 174
../segue/2533333674095568896.fits 3857 53566 2250 214
../segue/2533365285054867456.fits 3857 53566 2250 329
../segue/2533374081147889664.fits 3857 53566 2250 361
../segue/2533390298944399360.fits 3857 53566 2250 420
../segue/2533396071380445184.fits 3857 53566 2250 441
../segue/2534424114601420800.fits 3859 53557 2251 85
../segue/2534448578735138816.fits 95 53557 2251 174
../segue/2534451052636301312.fits 3859 53557 2251 183
../segue/2534459573851416576.fits 3859 53557 2251 214
../segue/2534462322630486016.fits 3859 53557 2251 224
../segue/2534463422142113792.fits 3859 53557 2251 228
../segue/2534491184810715136.fits 3859 53557 2251 329
../segue/2534499980903737344.fits 3859 53557 2251 361
../segue/2534516198700247040.fits 3859 53557 2251 420
../segue/2534521971136292864.fits 3859 53557 2251 441
../segue/2535537920819881984.fits 3849 53613 2252 41
../segue/2535574478776199168.fits 76 53565 2252 174
../segue/2535585473892476928.fits 3858 53565 2252 214
../segue/2535597019569874944.fits 3849 53613 2252 256
../segue/2535600318104758272.fits 10 53613 2252 268
../segue/2535601417616386048.fits 3849 53613 2252 272
../segue/2535601967372199936.fits 3849 53613 2252 274
../segue/2535617084851775488.fits 3858 53565 2252 329
../segue/2535625880944797696.fits 3858 53565 2252 361
../segue/2535629455162894336.fits 163 53613 2252 374
../segue/2535642098741307392.fits 3858 53565 2252 420
../segue/2535647871177353216.fits 3858 53565 2252 441
../segue/2535700098784978944.fits 3849 53613 2252 631
../segue/2535702572686141440.fits 196 53613 2252 640
../segue/2536692423766075392.fits 3854 54551 2253 145
../segue/2536731456428861440.fits 3854 54551 2253 287
../segue/2588480231975184384.fits 3858 53711 2299 132
../segue/2588496724649601024.fits 3858 53711 2299 192
../segue/2588505520742623232.fits 3858 53711 2299 224
../segue/2588518989760063488.fits 3858 53711 2299 273
../segue/2588563794858895360.fits 3858 53711 2299 436
../segue/2588614922149586944.fits 3858 53711 2299 622
../segue/2589598709692000256.fits 5 53682 2300 105
../segue/2589606131395487744.fits 3844 53682 2300 132
../segue/2589622624069904384.fits 3844 53682 2300 192
../segue/2589631420162926592.fits 3844 53682 2300 224
../segue/2589644889180366848.fits 3844 53682 2300 273
../segue/2589672926726875136.fits 199 53682 2300 375
../segue/2589689694279198720.fits 3844 53682 2300 436
../segue/2589719381093148672.fits 28 53682 2300 544
../segue/2589740821569890304.fits 3844 53682 2300 622
../segue/2592976700178458624.fits 3846 54629 2303 106
../segue/2592995391876130816.fits 148 54629 2303 174
../segue/2593009135771478016.fits 3846 54629 2303 224
../segue/2593034424538916864.fits 3846 54629 2303 316
../segue/2593047893556357120.fits 3846 54629 2303 365
../segue/2593123210102859776.fits 59 54629 2303 639
../segue/2593123484980766720.fits 199 54629 2303 640
../segue/2594084718475503616.fits 3845 53762 2304 41
../segue/2594121277237127168.fits 73 53762 2304 174
../segue/2594143817225496576.fits 3845 53762 2304 256
../segue/2594148215272007680.fits 3845 53762 2304 272
../segue/2594148765027821568.fits 3845 53762 2304 274
../segue/2594246896440600576.fits 3845 53762 2304 631
../segue/2595205681518766080.fits 3848 54414 2305 23
../segue/2595211453954811904.fits 3848 54414 2305 44
../segue/2595348892908283904.fits 5 54414 2305 544
../segue/2595351091931539456.fits 3848 54414 2305 552
../segue/2596337342318929920.fits 3849 53726 2306 44
../segue/2596398914970085376.fits 17 53726 2306 268
../segue/2596476980295657472.fits 3849 53726 2306 552
../segue/2597498701207332864.fits 4 53710 2307 173
../segue/2597553951666628608.fits 183 53710 2307 374
../segue/2597602879934064640.fits 3848 53710 2307 552
../segue/2598624887216039936.fits 65 54379 2308 174
../segue/2598651275495106560.fits 3847 54379 2308 270
../segue/2599739243290978304.fits 3847 54441 2309 132
../segue/2599755735965394944.fits 3847 54441 2309 192
../segue/2599764532058417152.fits 3847 54441 2309 224
../segue/2599771953761904640.fits 3847 54441 2309 251
../segue/2599778001075857408.fits 3847 54441 2309 273
../segue/2599822806174689280.fits 3847 54441 2309 436
../segue/2599873933465380864.fits 3847 54441 2309 622
../segue/2600856059962746880.fits 83 53710 2310 99
../segue/2600868704346466304.fits 3847 53710 2310 145
../segue/2600912959689484288.fits 13 53710 2310 306
../segue/2601966027369637888.fits 3857 54331 2311 41
../segue/2602025126119630848.fits 3857 54331 2311 256
../segue/2602029524166141952.fits 3857 54331 2311 272
../segue/2602030073921955840.fits 3857 54331 2311 274
../segue/2602057836590557184.fits 143 54331 2311 375
../segue/2602128205334734848.fits 3857 54331 2311 631
../segue/2603232379451500544.fits 3851 53709 2312 552
../segue/2604217817033107456.fits 3849 53726 2313 41
../segue/2604254375794731008.fits 93 53726 2313 174
../segue/2604276915783100416.fits 3849 53726 2313 256
../segue/2604281313829611520.fits 3849 53726 2313 272
../segue/2604281863585425408.fits 3849 53726 2313 274
../segue/2604309626254026752.fits 199 53726 2313 375
../segue/2604379994998204416.fits 3849 53726 2313 631
../segue/2605359659623671808.fits 53 53712 2314 99
../segue/2605359659640449024.fits 49 53713 2314 99
../segue/2605372304007391232.fits 3848 53712 2314 145
../segue/2605372304024168448.fits 3846 53713 2314 145
../segue/2605416559367186432.fits 19 53713 2314 306
../segue/2605497923210864640.fits 3 53712 2314 602
../segue/2606469617098450944.fits 3862 53741 2315 41
../segue/2606506175860074496.fits 150 53741 2315 174
../segue/2606528715848443904.fits 3862 53741 2315 256
../segue/2606533113894955008.fits 3862 53741 2315 272
../segue/2606533663650768896.fits 3862 53741 2315 274
../segue/2606631795063547904.fits 3862 53741 2315 631
../segue/2607632076035352576.fits 146 53757 2316 174
../segue/2607632900669073408.fits 3850 53757 2316 177
../segue/2608746437697103872.fits 3844 54152 2317 132
../segue/2608757982569195520.fits 127 54152 2317 174
../segue/2608762930371520512.fits 3844 54152 2317 192
../segue/2608771726464542720.fits 3844 54152 2317 224
../segue/2608778598412216320.fits 9 54152 2317 249
../segue/2608785195481982976.fits 3844 54152 2317 273
../segue/2608830000580814848.fits 3844 54152 2317 436
../segue/2608881127871506432.fits 3844 54152 2317 622
../segue/2626751482472537088.fits 3846 53682 2333 98
../segue/2626756430274862080.fits 3846 53682 2333 116
../segue/2626764401734163456.fits 3846 53682 2333 145
../segue/2626784742699277312.fits 3846 53682 2333 219
../segue/2626792714158578688.fits 3846 53682 2333 248
../segue/2626793263914392576.fits 3846 53682 2333 250
../segue/2626794363426020352.fits 3846 53682 2333 254
../segue/2626796562449275904.fits 3846 53682 2333 262
../segue/2626809481710902272.fits 3846 53682 2333 309
../segue/2626810306344623104.fits 3846 53682 2333 312
../segue/2626813055123692544.fits 3846 53682 2333 322
../segue/2626815254146948096.fits 3846 53682 2333 330
../segue/2626818827559738368.fits 3846 53682 2333 343
../segue/2626827623652760576.fits 201 53682 2333 375
../segue/2626827898530667520.fits 3846 53682 2333 376
../segue/2626828998042295296.fits 3846 53682 2333 380
../segue/2626847139984153600.fits 3846 53682 2333 446
../segue/2626848239495781376.fits 3846 53682 2333 450
../segue/2626856760710896640.fits 3846 53682 2333 481
../segue/2626860609001593856.fits 3846 53682 2333 495
../segue/2626865831681825792.fits 3846 53682 2333 514
../segue/2626866381437639680.fits 3846 53682 2333 516
../segue/2626869679972523008.fits 3846 53682 2333 528
../segue/2626871878995778560.fits 3846 53682 2333 536
../segue/2626872978507406336.fits 3846 53682 2333 540
../segue/2626874352896941056.fits 3846 53682 2333 545
../segue/2626890295815543808.fits 3846 53682 2333 603
../segue/2627875458754045952.fits 3862 53713 2334 91
../segue/2627875459039258624.fits 3862 53730 2334 91
../segue/2627898273620322304.fits 202 53713 2334 174
../segue/2627898273905534976.fits 206 53730 2334 174
../segue/2627918889463343104.fits 9 53713 2334 249
../segue/2627918889748555776.fits 19 53730 2334 249
../segue/2627931533847062528.fits 3862 53713 2334 295
../segue/2627931534132275200.fits 3862 53730 2334 295
../segue/2627999978731104256.fits 6 53730 2334 544
../segue/2628987615050754048.fits 3858 53730 2335 41
../segue/2629024173812377600.fits 86 53730 2335 174
../segue/2629046713800747008.fits 3858 53730 2335 256
../segue/2629051111847258112.fits 3858 53730 2335 272
../segue/2629051661603072000.fits 3858 53730 2335 274
../segue/2629079424271673344.fits 199 53730 2335 375
../segue/2629149793015851008.fits 3858 53730 2335 631
../segue/2677415055426873344.fits 3847 53759 2378 91
../segue/2677437870293149696.fits 206 53759 2378 174
../segue/2677458486136170496.fits 7 53759 2378 249
../segue/2677471130519889920.fits 3847 53759 2378 295
../segue/2678516766128236544.fits 3849 53762 2379 3
../segue/2678518140517771264.fits 3849 53762 2379 8
../segue/2678521713930561536.fits 3849 53762 2379 21
../segue/2678563770250323968.fits 178 53762 2379 174
../segue/2678574765366601728.fits 3849 53762 2379 214
../segue/2678599779256133632.fits 17 53762 2379 305
../segue/2678606376325900288.fits 3849 53762 2379 329
../segue/2678615172418922496.fits 3849 53762 2379 361
../segue/2678631390215432192.fits 3849 53762 2379 420
../segue/2678637162651478016.fits 3849 53762 2379 441
../segue/2679689670106834944.fits 103 53759 2380 174
../segue/2679690494740555776.fits 3862 53759 2380 177
../segue/2680815570064009216.fits 135 53762 2381 174
../segue/2680816394697730048.fits 3853 53762 2381 177
../segue/2681933505339877376.fits 3853 54169 2382 145
../segue/2681941476799178752.fits 201 54169 2382 174
../segue/2681972538002663424.fits 3853 54169 2382 287
../segue/2682027238706145280.fits 3853 54169 2382 486
../segue/2682043456502654976.fits 16 54169 2382 545
../segue/2683055825643137024.fits 3858 53800 2383 132
../segue/2683072318317553664.fits 3858 53800 2383 192
../segue/2683081114410575872.fits 3858 53800 2383 224
../segue/2683093209038481408.fits 18 53800 2383 268
../segue/2683094583428016128.fits 3858 53800 2383 273
../segue/2683122620974524416.fits 198 53800 2383 375
../segue/2683139388526848000.fits 3858 53800 2383 436
../segue/2683190515817539584.fits 3858 53800 2383 622
../segue/2684193269801314304.fits 163 53763 2384 174
../segue/2684194094435035136.fits 3863 53763 2384 177
../segue/2687570969639282688.fits 138 53770 2387 174
../segue/2687571794273003520.fits 3848 53770 2387 177
../segue/2687632267412531200.fits 3848 53770 2387 397
../segue/2694303560690067456.fits 3847 54156 2393 91
../segue/2694352488957503488.fits 4 54156 2393 269
../segue/2694359635783084032.fits 3847 54156 2393 295
../segue/2695443485443516416.fits 3849 54518 2394 142
../segue/2695443485997164544.fits 3850 54551 2394 142
../segue/2695449807635376128.fits 3849 54518 2394 165
../segue/2695449808189024256.fits 3850 54551 2394 165
../segue/2695452281536538624.fits 176 54518 2394 174
../segue/2695452282090186752.fits 118 54551 2394 174
../segue/2695453106170259456.fits 3849 54518 2394 177
../segue/2695453106723907584.fits 3850 54551 2394 177
../segue/2695507532549482496.fits 199 54551 2394 375
../segue/2695513579309787136.fits 3849 54518 2394 397
../segue/2695513579863435264.fits 3850 54551 2394 397
../segue/2695525673937692672.fits 3849 54518 2394 441
../segue/2695525674491340800.fits 3850 54551 2394 441
../segue/2698782964468180992.fits 3848 53763 2397 3
../segue/2698784338857715712.fits 3848 53763 2397 8
../segue/2698787912270505984.fits 3848 53763 2397 21
../segue/2698829968590268416.fits 206 53763 2397 174
../segue/2698840963706546176.fits 3848 53763 2397 214
../segue/2698872574665844736.fits 3848 53763 2397 329
../segue/2698881370758866944.fits 3848 53763 2397 361
../segue/2698897588555376640.fits 3848 53763 2397 420
../segue/2698903360991422464.fits 3848 53763 2397 441
../segue/2748333010796439552.fits 3852 54065 2441 41
../segue/2748369569558063104.fits 140 54065 2441 174
../segue/2748390185401083904.fits 7 54065 2441 249
../segue/2748392109546432512.fits 3852 54065 2441 256
../segue/2748396507592943616.fits 3852 54065 2441 272
../segue/2748397057348757504.fits 3852 54065 2441 274
../segue/2748405578563872768.fits 18 54065 2441 305
../segue/2748495188761536512.fits 3852 54065 2441 631
../segue/2748497662662699008.fits 17 54065 2441 640
../segue/2752864381615237120.fits 3848 54573 2445 142
../segue/2752870703807096832.fits 3848 54573 2445 165
../segue/2752873177708259328.fits 82 54573 2445 174
../segue/2752874002341980160.fits 3848 54573 2445 177
../segue/2752928428167555072.fits 87 54573 2445 375
../segue/2752934475481507840.fits 3848 54573 2445 397
../segue/2752946570109413376.fits 3848 54573 2445 441
../segue/2753990281488525312.fits 3848 54571 2446 142
../segue/2753996603680385024.fits 3848 54571 2446 165
../segue/2753999077581547520.fits 97 54571 2446 174
../segue/2753999902215268352.fits 3848 54571 2446 177
../segue/2754054328040843264.fits 159 54571 2446 375
../segue/2754060375354796032.fits 3848 54571 2446 397
../segue/2754072469982701568.fits 3848 54571 2446 441
../segue/2755116180170631168.fits 3848 54498 2447 142
../segue/2755122502362490880.fits 3848 54498 2447 165
../segue/2755124976263653376.fits 201 54498 2447 174
../segue/2755125800897374208.fits 3848 54498 2447 177
../segue/2755186274036901888.fits 3848 54498 2447 397
../segue/2755198368664807424.fits 3848 54498 2447 441
../segue/2757415804931696640.fits 3848 54271 2449 316
../segue/2757504590495639552.fits 39 54271 2449 639
../segue/2757504865373546496.fits 201 54271 2449 640
../segue/2760754470429157376.fits 99 54178 2452 174
../segue/2760793503091943424.fits 3853 54178 2452 316
../segue/2760809446010546176.fits 134 54178 2452 374
../segue/2760882563533793280.fits 201 54178 2452 640
../segue/2766363354153904128.fits 30 54180 2457 99
../segue/2766383969996924928.fits 141 54180 2457 174
../segue/2766423002659710976.fits 3855 54180 2457 316
../segue/2766438945578313728.fits 97 54180 2457 374
../segue/2766512063101560832.fits 201 54180 2457 640
../segue/2768594269353568256.fits 3855 54544 2459 23
../segue/2768600041789614080.fits 3855 54544 2459 44
../segue/2768624227606095872.fits 3848 54339 2459 132
../segue/2768635772478187520.fits 92 54339 2459 174
../segue/2768640720280512512.fits 3848 54339 2459 192
../segue/2768649516373534720.fits 3848 54339 2459 224
../segue/2768656938077022208.fits 3848 54339 2459 251
../segue/2768661614440769536.fits 10 54544 2459 268
../segue/2768662985390974976.fits 3848 54339 2459 273
../segue/2768691022937483264.fits 201 54339 2459 375
../segue/2768707790489806848.fits 3848 54339 2459 436
../segue/2768731158551226368.fits 4 54544 2459 521
../segue/2768739679766341632.fits 3855 54544 2459 552
../segue/2768758917780498432.fits 3848 54339 2459 622
../segue/2859792154526509056.fits 3859 54110 2540 23
../segue/2859797926962554880.fits 3859 54110 2540 44
../segue/2859812770369529856.fits 76 54110 2540 98
../segue/2859833386212550656.fits 123 54110 2540 173
../segue/2859937564939282432.fits 3859 54110 2540 552
../segue/2859961754195093504.fits 107 54110 2540 640
../segue/2860959842099554304.fits 165 54481 2541 175
../segue/2860985955500713984.fits 3842 54481 2541 270
../segue/2871081116897404928.fits 3849 54206 2550 132
../segue/2871097609571821568.fits 3849 54206 2550 192
../segue/2871106405664843776.fits 3849 54206 2550 224
../segue/2871118500292749312.fits 18 54206 2550 268
../segue/2871119874682284032.fits 3849 54206 2550 273
../segue/2871147912228792320.fits 204 54206 2550 375
../segue/2871164679781115904.fits 3849 54206 2550 436
../segue/2871215807071807488.fits 3849 54206 2550 622
../segue/2872210596021954560.fits 3844 54552 2551 145
../segue/2872218842359162880.fits 43 54552 2551 175
../segue/2872249628684740608.fits 3844 54552 2551 287
../segue/2873344468730275840.fits 128 54632 2552 174
../segue/2873370857009342464.fits 3844 54632 2552 270
../segue/2874451676922669056.fits 3847 54631 2553 106
../segue/2874470368620341248.fits 166 54631 2553 174
../segue/2874484112515688448.fits 3847 54631 2553 224
../segue/2874490984463362048.fits 16 54631 2553 249
../segue/2874506377626150912.fits 15 54631 2553 305
../segue/2874509401283127296.fits 3847 54631 2553 316
../segue/2874522870300567552.fits 3847 54631 2553 365
../segue/2874598186847070208.fits 88 54631 2553 639
../segue/2874598461724977152.fits 198 54631 2553 640
../segue/2949869098718226432.fits 3847 54339 2620 41
../segue/2949882843586652160.fits 3844 54397 2620 91
../segue/2949905658452928512.fits 177 54397 2620 174
../segue/2949926274295949312.fits 5 54397 2620 249
../segue/2949928197468219392.fits 3847 54339 2620 256
../segue/2949932595514730496.fits 3847 54339 2620 272
../segue/2949933145270544384.fits 3847 54339 2620 274
../segue/2949938918679668736.fits 3844 54397 2620 295
../segue/2949960907939145728.fits 128 54339 2620 375
../segue/2950007363278497792.fits 8 54397 2620 544
../segue/2950031276683323392.fits 3847 54339 2620 631
../segue/2950994999312934912.fits 3843 54380 2621 41
../segue/2951031558074558464.fits 114 54380 2621 174
../segue/2951054098062927872.fits 3843 54380 2621 256
../segue/2951058496109438976.fits 3843 54380 2621 272
../segue/2951059045865252864.fits 3843 54380 2621 274
../segue/2951067567080368128.fits 9 54380 2621 305
../segue/2951086808533854208.fits 56 54380 2621 375
../segue/2951157177278031872.fits 3843 54380 2621 631
../segue/2952120894438270976.fits 3857 54095 2622 41
../segue/2952157453199894528.fits 138 54095 2622 174
../segue/2952179993188263936.fits 3857 54095 2622 256
../segue/2952184391234775040.fits 3857 54095 2622 272
../segue/2952184940990588928.fits 3857 54095 2622 274
../segue/2952283072403367936.fits 3857 54095 2622 631
../segue/2953246794361890816.fits 3849 54096 2623 41
../segue/2953260542149552128.fits 3850 54328 2623 91
../segue/2953262741172807680.fits 39 54328 2623 99
../segue/2953283353123514368.fits 197 54096 2623 174
../segue/2953283357015828480.fits 77 54328 2623 174
../segue/2953303968966535168.fits 18 54096 2623 249
../segue/2953305893111883776.fits 3849 54096 2623 256
../segue/2953310291158394880.fits 3849 54096 2623 272
../segue/2953310840914208768.fits 3849 54096 2623 274
../segue/2953316617242568704.fits 3850 54328 2623 295
../segue/2953385061841397760.fits 6 54328 2623 544
../segue/2953408972326987776.fits 3849 54096 2623 631
../segue/2953411446228150272.fits 81 54096 2623 640
../segue/2954400461702064128.fits 3857 54380 2624 142
../segue/2954409257795086336.fits 136 54380 2624 174
../segue/2954410082428807168.fits 3857 54380 2624 177
../segue/2954470555568334848.fits 3857 54380 2624 397
../segue/3005074748670502912.fits 137 54086 2669 174
../segue/3005113781333288960.fits 3858 54086 2669 316
../segue/3005202566897231872.fits 97 54086 2669 639
../segue/3005202841775138816.fits 206 54086 2669 640
../segue/3006177834197608448.fits 3858 54115 2670 91
../segue/3006200649063884800.fits 20 54115 2670 174
../segue/3006233909290625024.fits 3858 54115 2670 295
../segue/3006255624645273600.fits 206 54115 2670 374
../segue/3012909045456594944.fits 3853 54179 2676 3
../segue/3012910419846129664.fits 3853 54179 2676 8
../segue/3012913993258919936.fits 3853 54179 2676 21
../segue/3012956049578682368.fits 106 54179 2676 174
../segue/3012967044694960128.fits 3853 54179 2676 214
../segue/3012998655654258688.fits 3853 54179 2676 329
../segue/3013007451747280896.fits 3853 54179 2676 361
../segue/3013023669543790592.fits 3853 54179 2676 420
../segue/3013029441979836416.fits 3853 54179 2676 441
../segue/3014073978043000832.fits 3855 54180 2677 145
../segue/3014113010705786880.fits 3855 54180 2677 287
../segue/3014137199961597952.fits 206 54180 2677 375
../segue/3016313136627083264.fits 47 54368 2679 99
../segue/3016325781010802688.fits 3842 54368 2679 145
../segue/3016333752470104064.fits 65 54368 2679 174
../segue/3016364813673588736.fits 3842 54368 2679 287
../segue/3016389002929399808.fits 47 54368 2679 375
../segue/3017412644446431232.fits 3846 54141 2680 3
../segue/3017414018835965952.fits 3846 54141 2680 8
../segue/3017417592248756224.fits 3846 54141 2680 21
../segue/3017459648568518656.fits 95 54141 2680 174
../segue/3017470643684796416.fits 3846 54141 2680 214
../segue/3017480264411539456.fits 26 54141 2680 249
../segue/3017502254644094976.fits 3846 54141 2680 329
../segue/3017511050737117184.fits 3846 54141 2680 361
../segue/3017515173905721344.fits 184 54141 2680 376
../segue/3017527268533626880.fits 3846 54141 2680 420
../segue/3017533040969672704.fits 3846 54141 2680 441
../segue/3019688637878003712.fits 3846 54401 2682 91
../segue/3019711452744280064.fits 186 54401 2682 174
../segue/3019744712971020288.fits 3846 54401 2682 295
../segue/3019766703203575808.fits 143 54401 2682 375
../segue/3020829377031071744.fits 3842 54153 2683 145
../segue/3020837623368280064.fits 86 54153 2683 175
../segue/3020858239211300864.fits 3 54153 2683 250
../segue/3020868409693857792.fits 3842 54153 2683 287
../segue/3027572132021299200.fits 4 54149 2689 99
../segue/3027619136143386624.fits 3844 54149 2689 270
../segue/3028682090049726464.fits 3850 54211 2690 41
../segue/3028741188799719424.fits 3850 54211 2690 256
../segue/3028744762212509696.fits 17 54211 2690 269
../segue/3028745586846230528.fits 3850 54211 2690 272
../segue/3028746136602044416.fits 3850 54211 2690 274
../segue/3028820353636919296.fits 23 54211 2690 544
../segue/3028844268014823424.fits 3850 54211 2690 631
../segue/3054577791078000640.fits 3850 54400 2713 41
../segue/3054614349839624192.fits 76 54400 2713 174
../segue/3054636889827993600.fits 3850 54400 2713 256
../segue/3054641287874504704.fits 3850 54400 2713 272
../segue/3054641837630318592.fits 3850 54400 2713 274
../segue/3054739969043097600.fits 3850 54400 2713 631
../segue/3055732275065939968.fits 3850 54208 2714 145
../segue/3055771307728726016.fits 3850 54208 2714 287
../segue/3057969238519080960.fits 3849 54628 2716 91
../segue/3057992053385357312.fits 156 54628 2716 174
../segue/3058025313612097536.fits 3849 54628 2716 295
../segue/3058047303844653056.fits 76 54628 2716 375
../segue/3058075891146975232.fits 3849 54628 2716 479
../segue/3058120146489993216.fits 33 54628 2716 640
../segue/3148064045949544448.fits 133 54629 2796 174
../segue/3148084661792565248.fits 3 54629 2796 249
../segue/3148090434228611072.fits 3845 54629 2796 270
../segue/3148100054955354112.fits 17 54629 2796 305
../segue/3149167130772006912.fits 3845 54616 2797 91
../segue/3149189945638283264.fits 171 54616 2797 174
../segue/3149223205865023488.fits 3845 54616 2797 295
../segue/3149245196097579008.fits 130 54616 2797 375
../segue/3149273783399901184.fits 3845 54616 2797 479
../segue/3149291650463852544.fits 32 54616 2797 544
../segue/3149318038742919168.fits 4 54616 2797 640
../segue/3150274335306967040.fits 3856 54397 2798 23
../segue/3150280107743012864.fits 3856 54397 2798 44
../segue/3150419745719740416.fits 3856 54397 2798 552
../segue/3151430196419127296.fits 3844 54368 2799 132
../segue/3151446689093543936.fits 3844 54368 2799 192
../segue/3151455485186566144.fits 3844 54368 2799 224
../segue/3151462906890053632.fits 3844 54368 2799 251
../segue/3151468954204006400.fits 3844 54368 2799 273
../segue/3151513759302838272.fits 3844 54368 2799 436
