../segue1/seglowlatf/2862085457699694592.fits,80,53919,2542,174,3855,3775
../segue1/seglowlatf/2862086282333415424.fits,3855,53919,2542,177,3855,0
../segue1/seglowlatf/2862146755472943104.fits,3855,53919,2542,397,3855,0
../segue1/seglowlatf/2862213550804330496.fits,55,53919,2542,640,3855,3800
../segue1/seglowlatf/2864314442059900928.fits,3860,53884,2544,91,3860,0
../segue1/seglowlatf/2864337256926177280.fits,172,53884,2544,174,3860,3688
../segue1/seglowlatf/2864370517152917504.fits,3860,53884,2544,295,3860,0
../segue1/seglowlatf/2864465350030813184.fits,28,53884,2544,640,3860,3832
../segue1/seglowlatf/2865440342486837248.fits,3854,53915,2545,91,3854,0
../segue1/seglowlatf/2865463157353113600.fits,3,53915,2545,174,3854,3851
../segue1/seglowlatf/2865496417579853824.fits,3854,53915,2545,295,3854,0
../segue1/seglowlatf/2865591250457749504.fits,6,53915,2545,640,3854,3848
../segue1/seglowlatf/2866547562607831040.fits,3849,54625,2546,23,3849,0
../segue1/seglowlatf/2866553335043876864.fits,3849,54625,2546,44,3849,0
../segue1/seglowlatf/2866588794293872640.fits,33,54625,2546,173,3849,3816
../segue1/seglowlatf/2866692973020604416.fits,3849,54625,2546,552,3849,0
../segue1/seglowlatf/2866717162276415488.fits,7,54625,2546,640,3849,3842
../segue1/seglowlatf/2886813755058972672.fits,3850,54275,2564,23,3850,0
../segue1/seglowlatf/2886819527495018496.fits,3850,54275,2564,44,3850,0
../segue1/seglowlatf/2886959165471746048.fits,3850,54275,2564,552,3850,0
../segue1/seglowlatf/2886983354727557120.fits,11,54275,2564,640,3850,3839
../segue1/seglowlatf/2888020195098519552.fits,3860,54329,2565,316,3860,0
../segue1/seglowlatf/2888108980662462464.fits,34,54329,2565,639,3860,3826
../segue1/seglowlatf/2888109255540369408.fits,205,54329,2565,640,3860,3655
../segue1/seglowlatf/2889070503648061440.fits,3856,54333,2566,41,3856,0
../segue1/seglowlatf/2889129602398054400.fits,3856,54333,2566,256,3856,0
../segue1/seglowlatf/2889134000444565504.fits,3856,54333,2566,272,3856,0
../segue1/seglowlatf/2889134550200379392.fits,3856,54333,2566,274,3856,0
../segue1/seglowlatf/2889162312868980736.fits,133,54333,2566,375,3856,3723
../segue1/seglowlatf/2889232681613158400.fits,3856,54333,2566,631,3856,0
../segue1/seglowlatf/2889235155514320896.fits,5,54333,2566,640,3856,3851
../segue1/seglowlatf/3008452448374253568.fits,123,54085,2672,174,3855,3732
../segue1/seglowlatf/3008473064217274368.fits,11,54085,2672,249,3855,3844
../segue1/seglowlatf/3008491481037039616.fits,3855,54085,2672,316,3855,0
../segue1/seglowlatf/3008580266600982528.fits,116,54085,2672,639,3855,3739
../segue1/seglowlatf/3008580541478889472.fits,204,54085,2672,640,3855,3651
../segue1/seglowlatf/3035466076054906880.fits,3848,54167,2696,145,3848,0
../segue1/seglowlatf/3035505108717692928.fits,3848,54167,2696,287,3848,0
../segue1/seglowlatf/3038815192617084928.fits,3846,54414,2699,41,3846,0
../segue1/seglowlatf/3038851751378708480.fits,48,54414,2699,174,3846,3798
../segue1/seglowlatf/3038874291367077888.fits,3846,54414,2699,256,3846,0
../segue1/seglowlatf/3038878689413588992.fits,3846,54414,2699,272,3846,0
../segue1/seglowlatf/3038879239169402880.fits,3846,54414,2699,274,3846,0
../segue1/seglowlatf/3038907001838004224.fits,112,54414,2699,375,3846,3734
../segue1/seglowlatf/3038953456204277760.fits,39,54414,2699,544,3846,3807
../segue1/seglowlatf/3038977370582181888.fits,3846,54414,2699,631,3846,0
../segue1/seglowlatf/3070368977311000576.fits,3850,54414,2727,145,3850,0
../segue1/seglowlatf/3070408009973786624.fits,3850,54414,2727,287,3850,0
../segue1/seglowlatf/3070432199229597696.fits,106,54414,2727,375,3850,3744
