../segue1/segcluster/2206800156475628544.fits,3859,53289,1960,132,3859,0
../segue1/segcluster/2206816649150045184.fits,3859,53289,1960,192,3859,0
../segue1/segcluster/2206825445243067392.fits,3859,53289,1960,224,3859,0
../segue1/segcluster/2206838914260507648.fits,3859,53289,1960,273,3859,0
../segue1/segcluster/2206883719359339520.fits,3859,53289,1960,436,3859,0
../segue1/segcluster/2206934846650031104.fits,3859,53289,1960,622,3859,0
../segue1/segcluster/2207926056550243328.fits,3878,53299,1961,132,3878,0
../segue1/segcluster/2207942549224659968.fits,3878,53299,1961,192,3878,0
../segue1/segcluster/2207951345317682176.fits,3878,53299,1961,224,3878,0
../segue1/segcluster/2207963439945587712.fits,13,53299,1961,268,3878,3865
../segue1/segcluster/2207964814335122432.fits,3878,53299,1961,273,3878,0
../segue1/segcluster/2208009619433954304.fits,3878,53299,1961,436,3878,0
../segue1/segcluster/2208060746724645888.fits,3878,53299,1961,622,3878,0
../segue1/segcluster/2339631333086698496.fits,3865,53378,2078,41,3865,0
../segue1/segcluster/2339647276005301248.fits,5,53378,2078,99,3865,3860
../segue1/segcluster/2339690431836691456.fits,3865,53378,2078,256,3865,0
../segue1/segcluster/2339694829883202560.fits,3865,53378,2078,272,3865,0
../segue1/segcluster/2339695379639016448.fits,3865,53378,2078,274,3865,0
../segue1/segcluster/2339722867429710848.fits,205,53378,2078,374,3865,3660
../segue1/segcluster/2339769321795984384.fits,6,53378,2078,543,3865,3859
../segue1/segcluster/2339793511051795456.fits,3865,53378,2078,631,3865,0
../segue1/segcluster/2339795984952957952.fits,136,53378,2078,640,3865,3729
../segue1/segcluster/2447754285304355840.fits,69,53521,2174,174,3857,3788
../segue1/segcluster/2447765280420633600.fits,3857,53521,2174,214,3857,0
../segue1/segcluster/2447796891379932160.fits,3857,53521,2174,329,3857,0
../segue1/segcluster/2447805687472954368.fits,3857,53521,2174,361,3857,0
../segue1/segcluster/2447821905269464064.fits,3857,53521,2174,420,3857,0
../segue1/segcluster/2447827677705509888.fits,3857,53521,2174,441,3857,0
../segue1/segcluster/2529903482811554816.fits,3846,54169,2247,23,3846,0
../segue1/segcluster/2529909255247600640.fits,3846,54169,2247,44,3846,0
../segue1/segcluster/2529937012681710592.fits,3855,53857,2247,145,3855,0
../segue1/segcluster/2529944714497596416.fits,126,54169,2247,173,3846,3720
../segue1/segcluster/2530000234600307712.fits,199,53857,2247,375,3855,3656
../segue1/segcluster/2530000239834799104.fits,204,54169,2247,375,3846,3642
../segue1/segcluster/2530048893224328192.fits,3846,54169,2247,552,3846,0
../segue1/segcluster/2539079996723534848.fits,7,53565,2255,639,3855,3848
../segue1/segcluster/2632379057878178816.fits,3848,53683,2338,91,3848,0
../segue1/segcluster/2632401872744455168.fits,185,53683,2338,174,3848,3663
../segue1/segcluster/2632423313221196800.fits,3848,53683,2338,252,3848,0
../segue1/segcluster/2632435132971195392.fits,3848,53683,2338,295,3848,0
../segue1/segcluster/2632508525372349440.fits,3848,53683,2338,562,3848,0
../segue1/segcluster/2632514572686302208.fits,3848,53683,2338,584,3848,0
../segue1/segcluster/2632522544145603584.fits,3848,53683,2338,613,3848,0
../segue1/segcluster/2632527766825835520.fits,3848,53683,2338,632,3848,0
../segue1/segcluster/2676300429406608384.fits,3848,53991,2377,132,3848,0
../segue1/segcluster/2676311699400793088.fits,151,53991,2377,173,3848,3697
../segue1/segcluster/2676316922081025024.fits,3848,53991,2377,192,3848,0
../segue1/segcluster/2676325718174047232.fits,3848,53991,2377,224,3848,0
../segue1/segcluster/2676339187191487488.fits,3848,53991,2377,273,3848,0
../segue1/segcluster/2676347708406602752.fits,8,53991,2377,304,3848,3840
../segue1/segcluster/2676366949860088832.fits,201,53991,2377,374,3848,3647
../segue1/segcluster/2676383992290319360.fits,3848,53991,2377,436,3848,0
../segue1/segcluster/2676435119581010944.fits,3848,53991,2377,622,3848,0
../segue1/segcluster/2676440067383335936.fits,199,53991,2377,640,3848,3649
../segue1/segcluster/2786614428571900928.fits,3847,53845,2475,44,3847,0
../segue1/segcluster/2786754066548628480.fits,3847,53845,2475,552,3847,0
../segue1/segcluster/2786778255804439552.fits,30,53845,2475,640,3847,3817
../segue1/segcluster/2787739503526255616.fits,3847,53826,2476,41,3847,0
../segue1/segcluster/2787776062287879168.fits,92,53826,2476,174,3847,3755
../segue1/segcluster/2787798602276248576.fits,3847,53826,2476,256,3847,0
../segue1/segcluster/2787803000322759680.fits,3847,53826,2476,272,3847,0
../segue1/segcluster/2787803550078573568.fits,3847,53826,2476,274,3847,0
../segue1/segcluster/2787831312747174912.fits,198,53826,2476,375,3847,3649
../segue1/segcluster/2787901681491352576.fits,3847,53826,2476,631,3847,0
../segue1/segcluster/3002811404924328960.fits,3842,54142,2667,132,3842,0
../segue1/segcluster/3002822949796420608.fits,95,54142,2667,174,3842,3747
../segue1/segcluster/3002827897598745600.fits,3842,54142,2667,192,3842,0
../segue1/segcluster/3002836693691767808.fits,3842,54142,2667,224,3842,0
../segue1/segcluster/3002850162709208064.fits,3842,54142,2667,273,3842,0
../segue1/segcluster/3002858958802230272.fits,6,54142,2667,305,3842,3836
../segue1/segcluster/3002894967808039936.fits,3842,54142,2667,436,3842,0
../segue1/segcluster/3002946095098731520.fits,3842,54142,2667,622,3842,0
../segue1/segcluster/3152547024650476544.fits,24,54326,2800,99,3850,3826
../segue1/segcluster/3152558844400475136.fits,3850,54326,2800,142,3850,0
../segue1/segcluster/3152567640493497344.fits,126,54326,2800,174,3850,3724
../segue1/segcluster/3152568465127218176.fits,3850,54326,2800,177,3850,0
../segue1/segcluster/3152622890952793088.fits,205,54326,2800,375,3850,3645
../segue1/segcluster/3152628938266745856.fits,3850,54326,2800,397,3850,0
../segue1/segcluster/3250484376462531584.fits,3847,54495,2887,41,3847,0
../segue1/segcluster/3250512964201061376.fits,3850,54521,2887,145,3850,0
../segue1/segcluster/3250520935224155136.fits,48,54495,2887,174,3847,3799
../segue1/segcluster/3250543475212524544.fits,3847,54495,2887,256,3847,0
../segue1/segcluster/3250547873259035648.fits,3847,54495,2887,272,3847,0
../segue1/segcluster/3250548423014849536.fits,3847,54495,2887,274,3847,0
../segue1/segcluster/3250551996863847424.fits,3850,54521,2887,287,3850,0
../segue1/segcluster/3250576185683450880.fits,199,54495,2887,375,3847,3648
../segue1/segcluster/3250576186119658496.fits,31,54521,2887,375,3850,3819
../segue1/segcluster/3250646554427628544.fits,3847,54495,2887,631,3847,0
