segue1/segclusterf/2209040686832000000.fits,3857,53321,1962,91,3857,0
segue1/segclusterf/2209063501698276352.fits,93,53321,1962,174,3857,3764
segue1/segclusterf/2209096761925016576.fits,3857,53321,1962,295,3857,0
segue1/segclusterf/2210180622457084928.fits,3858,54331,1963,142,3858,0
segue1/segclusterf/2210189418550107136.fits,121,54331,1963,174,3858,3737
segue1/segclusterf/2210190243183827968.fits,3858,54331,1963,177,3858,0
segue1/segclusterf/2210250716323355648.fits,3858,54331,1963,397,3858,0
segue1/segclusterf/2210317511654743040.fits,29,54331,1963,640,3858,3829
segue1/segclusterf/2340832824434727936.fits,3860,53379,2079,316,3860,0
segue1/segclusterf/2340894946841697280.fits,13,53379,2079,542,3860,3847
segue1/segclusterf/2340921609998670848.fits,199,53379,2079,639,3860,3661
segue1/segclusterf/2340921884876577792.fits,199,53379,2079,640,3860,3661
segue1/segclusterf/2460102625702550528.fits,3860,53532,2185,41,3860,0
segue1/segclusterf/2460139184464174080.fits,7,53532,2185,174,3860,3853
segue1/segclusterf/2460161724452543488.fits,3860,53532,2185,256,3860,0
segue1/segclusterf/2460166122499054592.fits,3860,53532,2185,272,3860,0
segue1/segclusterf/2460166672254868480.fits,3860,53532,2185,274,3860,0
segue1/segclusterf/2460264803667647488.fits,3860,53532,2185,631,3860,0
segue1/segclusterf/2540055268469873664.fits,3862,53859,2256,91,3862,0
segue1/segclusterf/2540078083336150016.fits,187,53859,2256,174,3862,3675
segue1/segclusterf/2540111343562890240.fits,3862,53859,2256,295,3862,0
segue1/segclusterf/2540206176440785920.fits,30,53859,2256,640,3862,3832
segue1/segclusterf/3007315004534922240.fits,3845,54141,2671,132,3845,0
segue1/segclusterf/3007326549407013888.fits,92,54141,2671,174,3845,3753
segue1/segclusterf/3007331497209338880.fits,3845,54141,2671,192,3845,0
segue1/segclusterf/3007340293302361088.fits,3845,54141,2671,224,3845,0
segue1/segclusterf/3007353762319801344.fits,3845,54141,2671,273,3845,0
segue1/segclusterf/3007362558412823552.fits,4,54141,2671,305,3845,3841
segue1/segclusterf/3007398567418633216.fits,3845,54141,2671,436,3845,0
segue1/segclusterf/3007449694709324800.fits,3845,54141,2671,622,3845,0
segue1/segclusterf/3176170033097317376.fits,3856,54393,2821,23,3856,0
segue1/segclusterf/3176175805533363200.fits,3856,54393,2821,44,3856,0
segue1/segclusterf/3176315443510090752.fits,3856,54393,2821,552,3856,0
segue1/segclusterf/3278631874200706048.fits,3847,54499,2912,41,3847,0
segue1/segclusterf/3278668432962329600.fits,32,54499,2912,174,3847,3815
segue1/segclusterf/3278690972950699008.fits,3847,54499,2912,256,3847,0
segue1/segclusterf/3278695370997210112.fits,3847,54499,2912,272,3847,0
segue1/segclusterf/3278695920753024000.fits,3847,54499,2912,274,3847,0
segue1/segclusterf/3278698944410000384.fits,3847,54499,2912,285,3847,0
segue1/segclusterf/3278699494165814272.fits,3847,54499,2912,287,3847,0
segue1/segclusterf/3278723683421625344.fits,200,54499,2912,375,3847,3647
segue1/segclusterf/3278794052165803008.fits,3847,54499,2912,631,3847,0
