specObjID
2117866432871032832
2117920858696607744
2122348591501568000
2122369207344588800
2129124606919862272
2129228510768687104
2131339847988701184
2131376681628231680
2131398946738694144
2131403344785205248
2131403894541019136
2131431932087527424
2131502025953798144
2133628481492248576
2133667239277127680
2133683457073637376
2133756299718977536
2135843447666403328
2135880281305933824
2135902546416396288
2135906944462907392
2135907494218721280
2135935531765229568
2136005625631500288
2138095247815632896
2138132081455163392
2138154346565625856
2138158744612136960
2138159294367950848
2138233511402825728
2138257425780729856
2140372061502072832
2140383606374164480
2140388554176489472
2140397350269511680
2140410819286951936
2140455624385783808
2140506751676475392
2142739311647287296
2142763500903098368
2144926244569901056
2144991117316220928
2145014755255937024
2145015030133843968
2145015305011750912
2147102447120705536
2147139006721189888
2147139831354910720
2147161545870698496
2147165943917209600
2147166493673023488
2147240710707898368
2147264625085802496
2149390805628905472
2149494709477730304
2151606047251392512
2151621990169995264
2151642606013016064
2151665146001385472
2151669544047896576
2151670093803710464
2151768225216489472
2151770699117651968
2153949381408090112
2153998309675526144
2153998310111733760
2154022498931337216
2156146210958764032
2156185243621550080
2156247366028519424
2156274029185492992
2156274304063399936
2158390033894107136
2158437042512488448
2158499710178977792
2158525828076431360
2158526102954338304
2160641832885708800
2160650079222917120
2160705329682212864
2160751784048486400
2317127078358575104
2317149893224851456
2317183153451591680
2317185902230661120
2317204868806240256
2319365140266379264
2319401693692848128
2319401699028002816
2319424239016372224
2319428637062883328
2319429186818697216
2319437702698657792
2319503123640510464
2319505597541672960
2319527318231476224
2319529786797484032
2320491040257107968
2320519622425602048
2320527599018731520
2320527868762810368
2320550139007100928
2320554537053612032
2320555086809425920
2320653218222204928
2321653493389092864
2321754923336755200
2321757397237917696
2321781586493728768
2322779392926836736
2322815401932646400
2322883296775661568
2322907486031472640
2323868733770065920
2323905292531689472
2323927832520058880
2323932230566569984
2323932780322383872
2323960542990985216
2324006997357258752
2324030911735162880
2326157092479592448
2326196125142378496
2326285185584228352
2327260184046495744
2327282998912772096
2327316259139512320
2328397348041943040
2328408892914034688
2328413840716359680
2328422636809381888
2328436105826822144
2328463868495423488
2328480910925654016
2328532038216345600
2328536986018670592
2329523247781013504
2329534792653105152
2329539740455430144
2329548536548452352
2329562005565892608
2329606810664724480
2329657937955416064
2330624134284863488
2330624139720681472
2330660698482305024
2330683233034856448
2330683238470674432
2330687631081367552
2330687636517185536
2330688180837181440
2330688186272999424
2330696152296482816
2330715948941600768
2330786312249960448
2330786317685778432
2331786598590474240
2331787423224195072
2332900948407511040
2332912493279602688
2332917441081927680
2332926237174949888
2332939706192390144
2332984511291222016
2333035638581913600
2334038398186055680
2334039222819776512
2335152748338636800
2335164293210728448
2335169241013053440
2335178037106075648
2335191506123515904
2335236311222347776
2335287438513039360
2335292386315364352
2336269582307715072
2336290198033295360
2336290198150735872
2336291022667016192
2336329230813521920
2336345173732124672
2336418291137931264
2336418291255371776
2337404548236208128
2337416093108299776
2337421040910624768
2337429837003646976
2337443306021087232
2337488111119919104
2337539238410610688
2337544186212935680
2338541999793137664
2338568388072204288
2338597250252433408
2461223591144876032
2461229363580921856
2461265097708824576
2461369001557649408
2462354437897742336
2462413536647735296
2462417934694246400
2462418484450060288
2462446247118661632
2462516615862839296
2463508930559502336
2463547963222288384
2463572152478099456
2464599096824981504
2464606243650562048
2464622186569164800
2464642802412185600
2464665342400555008
2464669740447066112
2464670290202880000
2464768421615659008
2464770895516821504
2465727191762102272
2465732964198148096
2465872602174875648
2466871787309262848
2466894602175539200
2466927862402279424
2466978439937157120
2467022695280175104
2467983936794421248
2468043035544414208
2468046608957204480
2468047433590925312
2468047983346739200
2468075746015340544
2468146114759518208
2469146389691525120
2469172777970591744
2469201640150820864
2469248094517094400
2470249475000526848
2470272289866803200
2470305550093543424
2470327540326098944
2470373994692372480
2471375380443850752
2471377579467106304
2471398195310127104
2471431455536867328
2471453445769422848
2541196007639640064
2541203979098941440
2541258954680330240
2541331522447763456
2541332072203577344
2542309275175249920
2542321094925248512
2542329891018270720
2542330715651991552
2542391188791519232
2542457984122906624
2543447806664796160
2543456053002004480
2543511028583393280
2544558864389400576
2544614939482417152
2544709772360312832
2545684763860035584
2545740838953052160
2545762554307700736
2545809008673974272
2545835671830947840
2546789790007715840
2546796936833296384
2546833495594919936
2546856035583289344
2546860433629800448
2546860983385614336
2546959114798393344
2546961588699555840
2590732031805646848
2590748524480063488
2590757320573085696
2590770789590525952
2590815594689357824
2590866721980049408
2591857931662157824
2591874424336574464
2591883220429596672
2591896689447036928
2591941494545868800
2591992621836560384
2609865198764320768
2609883890461992960
2609897634357340160
2609904506305013760
2609922923124779008
2609936392142219264
2610011708688721920
2610011983566628864
2610973217094920192
2611009775856543744
2611032315844913152
2611036713891424256
2611037263647238144
2611135395060017152
2612126894602086400
2612133216793946112
2612135690695108608
2612136515328829440
2612190941154404352
2612196988468357120
2612209083096262656
2612263783799744512
2613238759931537408
2613261574797813760
2613294835024553984
2614340470851004416
2614341845240539136
2614345418653329408
2614387474973091840
2614398470089369600
2614430081048668160
2614438877141690368
2614455094938200064
2614460867374245888
2615490570969180160
2615513385835456512
2615546646062196736
2615568636294752256
2617765180649531392
2617804213312317440
2617892998876260352
2617893273754167296
2619994159355815936
2620016974222092288
2620050234448832512
2621107140303022080
2621168712954177536
2621246778279749632
2622232215525812224
2622268774287435776
2622291314275805184
2622295712322316288
2622296262078130176
2622394393490909184
2623374058569361408
2623394674412382208
2623433707075168256
2623434531708889088
2623449649993771008
2623522767517018112
2624520574386333696
2624521399020054528
2624648667490969600
2625634936249411584
2625646481121503232
2625651428923828224
2625660225016850432
2625667096964524032
2625673694034290688
2625718499133122560
2625769626423814144
2633504958556694528
2633527773422970880
2633548389265991680
2633561033649711104
2634606669274834944
2634608043664369664
2634611617077159936
2634653673396922368
2634664668513200128
2634696279472498688
2634705075565520896
2634721293362030592
2634727065798076416
2699908864458909696
2699910238848444416
2699913812261234688
2699955868580997120
2699966863697274880
2699998474656573440
2700007270749595648
2700023488546105344
2700029260982151168
2701034764298643456
2701036138688178176
2701039712100968448
2701081768420730880
2701092763537008640
2701124374496307200
2701133170589329408
2701149388385839104
2701155160821884928
2702207668344350720
2702208492978071552
2703333568301524992
2703334392935245824
2704451503594170368
2704490536256956416
2704514725512767488
2705577397108893696
2706711267954944000
2706712092588664832
2710041963670824960
2710043338060359680
2710046911473149952
2710088967792912384
2710099962909190144
2710131573868488704
2710140369961510912
2710156587758020608
2710162360194066432
2716823483190372352
2716832829039208448
2716844099033393152
2716849321713625088
2716858117806647296
2716871586824087552
2716916391922919424
2716967519213611008
2717928773243660288
2717934545679706112
2717996118330861568
2718074183656433664
2721325151911176192
2721347966777452544
2721381227004192768
2750579863093012480
2750585635529058304
2750621094779054080
2750725273505785856
2750749462761596928
2769742985334646784
2769761677032318976
2769775420927666176
2769800709695105024
2769814178712545280
2769889495259047936
2769889770136954880
2770879604708108288
2770887851045316608
2770918637370894336
2770923860051126272
2772005504463955968
2772013750801164288
2772044537126742016
2774291384289486848
2774291659167393792
2777682001661028352
2777697944579631104
2777771062102878208
2783311501178464256
2783327444097067008
2783375547730782208
2783400561620314112
2785482764416215040
2785488536852260864
2785516303396399104
2785524270980163584
2785524549733607424
2785555336059185152
2785560558739417088
2785590791433644032
2785628174828988416
2785652364084799488
2868820245206820864
2868840861049841664
2868841685683562496
2868896111509137408
2868902158823090176
2869925260617082880
2869931033053128704
2870070671029856256
2882378049100212224
2882406911280441344
2883466022432565248
2883477567304656896
2883482515106981888
2883491311200004096
2883498732903491584
2883503405827909632
2883504780217444352
2883532817763952640
2883549585316276224
2883579272130226176
2883600712606967808
2885685662470662144
2885692809296242688
2885708752214845440
2885729368057866240
2885751908046235648
2885756306092746752
2885756855848560640
2885854987261339648
2885857461162502144
2957764142632560640
2957786957498836992
2957820217725577216
2957842207958132736
2957888662324406272
2958892240673466368
2958939244795553792
2959997245849626624
2960003018285672448
2960038477535668224
2960142656262400000
2960166845518211072
2961144040503928832
2961191044626016256
2961213859492292608
3009578348465645568
3009617381128431616
3009706166692374528
3009706441570281472
3010705073022986240
3010759223970654208
3010765546162513920
3010805678336927744
3010832341493901312
3033175244115306496
3033176618504841216
3033180191917631488
3033221973359486976
3033233243353671680
3033264854312970240
3033273650405992448
3033289868202502144
3033295640638547968
3034340180208150528
3034379212870936576
3034403402126747648
3036588406273501184
3036604898947917824
3036613695040940032
3036621116744427520
3036625789668845568
3036627164058380288
3036655201604888576
3036671969157212160
3036723096447903744
3036727769372321792
3037678842752821248
3037680217142355968
3037683790555146240
3037725846874908672
3037736841991186432
3037768452950484992
3037777249043507200
3037781372212111360
3037793466840016896
3037799239276062720
3039954836469606400
3039977651335882752
3040010911562622976
3040032901795178496
3041095575371016192
3041103821708224512
3041124437551245312
3041134608033802240
3047885334382667776
3048962038140266496
3048964237163522048
3048984853006542848
3049018113233283072
3049040103465838592
3049068690768160768
3071466289949075456
3071502848710699008
3071525388699068416
3071529786745579520
3071530336501393408
3071558099169994752
3071604553536268288
3071628467914172416
3072587242103924736
3072593014539970560
3072730453493442560
3072732652516698112
3171707943959685120
3171728559802705920
3171734332238751744
3171743952965494784
3172822298809886720
3172838791484303360
3172847587577325568
3172855009280813056
3172861056594765824
3172905861693597696
3172956988984289280
3173951772146296832
3173990804809082880
3175074098338359296
3175085643210450944
3175090591012775936
3175099387105798144
3175106808809285632
3175111481733703680
3175112856123238400
3175140893669746688
3175157661222070272
3175187348036020224
3175208788512761856
3177329468041619456
3177368500704405504
3177392689960216576
3179542236249483264
3179543610639017984
3179547184051808256
3179589240371570688
3179600235487848448
3179631846447147008
3179640642540169216
3179656860336678912
3179662632772724736
3180706343967287296
3180715140060309504
3180715964694030336
3180770390519605248
3180776437833558016
3181794035006203904
3181795409395738624
3181798982808528896
3181841039128291328
3181852034244569088
3181883645203867648
3181892441296889856
3181908659093399552
3181914431529445376
3182930380827158528
3182966939588782080
3182989479577151488
3182993877623662592
3182994427379476480
3183022190048077824
3183092558792255488
3184070024897783808
3184092839764060160
3184126099990800384
3184148090223355904
3185210771315386368
3185249803978172416
3185256126170032128
3189678637267838976
3189685784093419520
3189701727012022272
3189722342855043072
3189742958698063872
3189744882843412480
3189749280889923584
3189749830645737472
3189847962058516480
3189850435959678976
3224606545199261696
3224625511774840832
3224638980792281088
3224664269559719936
3224677738577160192
3224753330001569792
3226830032773081088
3226831407162615808
3226834980575406080
3226888032011446272
3226919642970744832
3226928439063767040
3226944656860276736
3226950429296322560
3227980121952512000
3228003211696695296
3228036197045528576
3228058187278084096
3230231921346766848
3230254736213043200
3230287996439783424
3230309986672338944
3231372666002761728
3231411698665547776
3231435887921358848
3231482342287632384
3232494992530368512
3232511485204785152
3232520281297807360
3232527703001294848
3232533750315247616
3232561787861755904
3232578555414079488
3232629682704771072
3233606322767292416
3233620892386879488
3233623640075429888
3233629962267289600
3233633260802172928
3233637385061296128
3233646181154318336
3233653602857805824
3233658549569611776
3233659650171758592
3233687686627747840
3233687687718266880
3233693733941700608
3233704455270590464
3233755582561282048
3234758336696051712
3234784724975118336
3235872692670326784
3235884237542418432
3235889185344743424
3235897981437765632
3235905403141253120
3235911450455205888
3235956255554037760
3236007382844729344
3238124492819556352
3238140985493972992
3238149781586995200
3238157203290482688
3238163250604435456
3238208055703267328
3238259182993958912
3239250391753320448
3239266884427737088
3239275680520759296
3239283102224246784
3239287775148664832
3239289149538199552
3239333954637031424
3239385081927723008
3280920233346361344
3280946621625427968
3280975483805657088
3284277317609744384
3284289137359742976
3284295459551602688
3284297933452765184
3284298758086486016
3284353183912060928
3284359231226013696
3284371325853919232
3285403217483032576
3285415037233031168
3285421359424890880
3285423833326053376
3285424657959774208
3285479083785349120
3285485131099301888
3285497225727207424
3286508226383734784
3286513998819780608
3286653636796508160
3287655017430935552
3287666837180934144
3287673159372793856
3287675633273956352
3287676457907677184
3287730883733252096
3287736931047204864
3287749025675110400
3289880429804414976
3289881804193949696
3289885377606739968
3289927433926502400
3289938429042780160
3289970040002078720
3289978836095100928
3289995053891610624
3290000826327656448
3290044806792767488
3291030518144985088
3291032717168240640
3291053333011261440
3291086593238001664
3291108583470557184
3291137170772879360
3292167688364779520
3292184181039196160
3292192977132218368
3292200398835705856
3292206446149658624
3292234483696166912
3292251251248490496
3292302378539182080
3293296337084246016
3293302659276105728
3293305133177268224
3293305957810989056
3293366430950516736
3293378525578422272
3293433226281904128
3294408218905700352
3294431033771976704
3294464293998716928
3294486284231272448
3294514871533594624
3294532738597545984
3295545388739618816
3295561881414035456
3295570677507057664
3295578099210545152
3295584146524497920
3295628951623329792
3295680078914021376
3296674037308090368
3296680359499950080
3296682833401112576
3296683658034833408
3296738083860408320
3296744131174361088
3296756225802266624
3296810926505748480
3297761729219422208
3297763103608956928
3297766677021747200
3297808733341509632
3297819728457787392
3297851339417085952
3297860135510108160
3297864258678712320
3297876353306617856
3297882125742663680
3297926106207774720
3298961021074434048
3300039916875966464
3300051736625965056
3300058058817824768
3300060532718987264
3300061357352708096
3300121830492235776
3300133925120141312
3300188625823623168
3301165816866695168
3301212820988782592
3302277973247289344
3302303536892635136
3302309859084494848
3302312332985657344
3302313157619378176
3302367583444953088
3302373630758905856
3302385725386811392
3302440426090293248
3303426688171403264
3303443180845819904
3303451976938842112
3303459398642329600
3303465445956282368
3303510251055114240
3303561378345805824
3304545441688872960
3304564133386545152
3304603166049331200
3304616635066771456
3304691951613274112
3304692226491181056
3305690032857180160
3305716421136246784
3305726041862989824
3312426738838956032
3312445430536628224
3312459174431975424
3312484463199414272
3312497932216854528
3312546860484290560
3312573523641264128
3313559785252612096
3313571330124703744
3313576277927028736
3313585074020050944
3313592495723538432
3313598543037491200
3313626580583999488
3313643348136323072
3313694475427014656
3314678538686195712
3314697230383867904
3314710974279215104
3314723343785027584
3314736263046653952
3314749732064094208
3314798660331530240
3314825323488503808
3338320513775724544
3338332333525723136
3338338655717582848
3338341129618745344
3338341954252466176
3338402427391993856
3338414522019899392
3338469222723381248
