../seguefaint/2117866432871032832.fits 3862 53261 1881 177
../seguefaint/2117920858696607744.fits 207 53261 1881 375
../seguefaint/2122348591501568000.fits 22 53230 1885 99
../seguefaint/2122369207344588800.fits 155 53230 1885 174
../seguefaint/2129124606919862272.fits 143 53238 1891 174
../seguefaint/2129228510768687104.fits 3864 53238 1891 552
../seguefaint/2131339847988701184.fits 3860 53239 1893 41
../seguefaint/2131376681628231680.fits 30 53239 1893 175
../seguefaint/2131398946738694144.fits 3860 53239 1893 256
../seguefaint/2131403344785205248.fits 3860 53239 1893 272
../seguefaint/2131403894541019136.fits 3860 53239 1893 274
../seguefaint/2131431932087527424.fits 199 53239 1893 376
../seguefaint/2131502025953798144.fits 3860 53239 1893 631
../seguefaint/2133628481492248576.fits 47 53242 1895 175
../seguefaint/2133667239277127680.fits 3859 53242 1895 316
../seguefaint/2133683457073637376.fits 182 53242 1895 375
../seguefaint/2133756299718977536.fits 60 53242 1895 640
../seguefaint/2135843447666403328.fits 3873 53242 1897 41
../seguefaint/2135880281305933824.fits 58 53242 1897 175
../seguefaint/2135902546416396288.fits 3873 53242 1897 256
../seguefaint/2135906944462907392.fits 3873 53242 1897 272
../seguefaint/2135907494218721280.fits 3873 53242 1897 274
../seguefaint/2135935531765229568.fits 200 53242 1897 376
../seguefaint/2136005625631500288.fits 3873 53242 1897 631
../seguefaint/2138095247815632896.fits 3860 53262 1899 41
../seguefaint/2138132081455163392.fits 57 53262 1899 175
../seguefaint/2138154346565625856.fits 3860 53262 1899 256
../seguefaint/2138158744612136960.fits 3860 53262 1899 272
../seguefaint/2138159294367950848.fits 3860 53262 1899 274
../seguefaint/2138233511402825728.fits 8 53262 1899 544
../seguefaint/2138257425780729856.fits 3860 53262 1899 631
../seguefaint/2140372061502072832.fits 3860 53261 1901 132
../seguefaint/2140383606374164480.fits 166 53261 1901 174
../seguefaint/2140388554176489472.fits 3860 53261 1901 192
../seguefaint/2140397350269511680.fits 3860 53261 1901 224
../seguefaint/2140410819286951936.fits 3860 53261 1901 273
../seguefaint/2140455624385783808.fits 3860 53261 1901 436
../seguefaint/2140506751676475392.fits 3860 53261 1901 622
../seguefaint/2142739311647287296.fits 3866 53357 1903 552
../seguefaint/2142763500903098368.fits 21 53357 1903 640
../seguefaint/2144926244569901056.fits 3846 53613 1905 316
../seguefaint/2144991117316220928.fits 3851 53706 1905 552
../seguefaint/2145014755255937024.fits 17 53613 1905 638
../seguefaint/2145015030133843968.fits 201 53613 1905 639
../seguefaint/2145015305011750912.fits 201 53613 1905 640
../seguefaint/2147102447120705536.fits 3861 53265 1907 41
../seguefaint/2147139006721189888.fits 50 53315 1907 174
../seguefaint/2147139831354910720.fits 3864 53315 1907 177
../seguefaint/2147161545870698496.fits 3861 53265 1907 256
../seguefaint/2147165943917209600.fits 3861 53265 1907 272
../seguefaint/2147166493673023488.fits 3861 53265 1907 274
../seguefaint/2147240710707898368.fits 5 53265 1907 544
../seguefaint/2147264625085802496.fits 3861 53265 1907 631
../seguefaint/2149390805628905472.fits 156 53261 1909 174
../seguefaint/2149494709477730304.fits 3864 53261 1909 552
../seguefaint/2151606047251392512.fits 3863 53295 1911 41
../seguefaint/2151621990169995264.fits 10 53295 1911 99
../seguefaint/2151642606013016064.fits 37 53295 1911 174
../seguefaint/2151665146001385472.fits 3863 53295 1911 256
../seguefaint/2151669544047896576.fits 3863 53295 1911 272
../seguefaint/2151670093803710464.fits 3863 53295 1911 274
../seguefaint/2151768225216489472.fits 3863 53295 1911 631
../seguefaint/2151770699117651968.fits 122 53295 1911 640
../seguefaint/2153949381408090112.fits 209 53295 1913 374
../seguefaint/2153998309675526144.fits 3863 53295 1913 552
../seguefaint/2153998310111733760.fits 3858 53321 1913 552
../seguefaint/2154022498931337216.fits 166 53295 1913 640
../seguefaint/2156146210958764032.fits 4 53612 1915 174
../seguefaint/2156185243621550080.fits 3848 53612 1915 316
../seguefaint/2156247366028519424.fits 3 53612 1915 542
../seguefaint/2156274029185492992.fits 198 53612 1915 639
../seguefaint/2156274304063399936.fits 197 53612 1915 640
../seguefaint/2158390033894107136.fits 3843 53289 1917 145
../seguefaint/2158437042512488448.fits 3847 53557 1917 316
../seguefaint/2158499710178977792.fits 5 53289 1917 544
../seguefaint/2158525828076431360.fits 20 53557 1917 639
../seguefaint/2158526102954338304.fits 203 53557 1917 640
../seguefaint/2160641832885708800.fits 3858 53240 1919 145
../seguefaint/2160650079222917120.fits 198 53240 1919 175
../seguefaint/2160705329682212864.fits 202 53240 1919 376
../seguefaint/2160751784048486400.fits 17 53240 1919 545
../seguefaint/2317127078358575104.fits 3867 53349 2058 91
../seguefaint/2317149893224851456.fits 42 53349 2058 174
../seguefaint/2317183153451591680.fits 3867 53349 2058 295
../seguefaint/2317185902230661120.fits 8 53349 2058 305
../seguefaint/2317204868806240256.fits 174 53349 2058 374
../seguefaint/2319365140266379264.fits 3858 53706 2060 41
../seguefaint/2319401693692848128.fits 92 53388 2060 174
../seguefaint/2319401699028002816.fits 72 53706 2060 174
../seguefaint/2319424239016372224.fits 3858 53706 2060 256
../seguefaint/2319428637062883328.fits 3858 53706 2060 272
../seguefaint/2319429186818697216.fits 3858 53706 2060 274
../seguefaint/2319437702698657792.fits 17 53388 2060 305
../seguefaint/2319503123640510464.fits 8 53388 2060 543
../seguefaint/2319505597541672960.fits 3864 53388 2060 552
../seguefaint/2319527318231476224.fits 3858 53706 2060 631
../seguefaint/2319529786797484032.fits 202 53388 2060 640
../seguefaint/2320491040257107968.fits 3850 53711 2061 41
../seguefaint/2320519622425602048.fits 3858 53405 2061 145
../seguefaint/2320527599018731520.fits 59 53711 2061 174
../seguefaint/2320527868762810368.fits 161 53405 2061 175
../seguefaint/2320550139007100928.fits 3850 53711 2061 256
../seguefaint/2320554537053612032.fits 3850 53711 2061 272
../seguefaint/2320555086809425920.fits 3850 53711 2061 274
../seguefaint/2320653218222204928.fits 3850 53711 2061 631
../seguefaint/2321653493389092864.fits 70 53381 2062 174
../seguefaint/2321754923336755200.fits 3 53381 2062 543
../seguefaint/2321757397237917696.fits 3864 53381 2062 552
../seguefaint/2321781586493728768.fits 204 53381 2062 640
../seguefaint/2322779392926836736.fits 19 53359 2063 174
../seguefaint/2322815401932646400.fits 9 53359 2063 305
../seguefaint/2322883296775661568.fits 3867 53359 2063 552
../seguefaint/2322907486031472640.fits 46 53359 2063 640
../seguefaint/2323868733770065920.fits 3864 53341 2064 41
../seguefaint/2323905292531689472.fits 8 53341 2064 174
../seguefaint/2323927832520058880.fits 3864 53341 2064 256
../seguefaint/2323932230566569984.fits 3864 53341 2064 272
../seguefaint/2323932780322383872.fits 3864 53341 2064 274
../seguefaint/2323960542990985216.fits 206 53341 2064 375
../seguefaint/2324006997357258752.fits 7 53341 2064 544
../seguefaint/2324030911735162880.fits 3864 53341 2064 631
../seguefaint/2326157092479592448.fits 10 53349 2066 174
../seguefaint/2326196125142378496.fits 3859 53349 2066 316
../seguefaint/2326285185584228352.fits 183 53349 2066 640
../seguefaint/2327260184046495744.fits 3850 53738 2067 91
../seguefaint/2327282998912772096.fits 185 53738 2067 174
../seguefaint/2327316259139512320.fits 3850 53738 2067 295
../seguefaint/2328397348041943040.fits 3862 53386 2068 132
../seguefaint/2328408892914034688.fits 120 53386 2068 174
../seguefaint/2328413840716359680.fits 3862 53386 2068 192
../seguefaint/2328422636809381888.fits 3862 53386 2068 224
../seguefaint/2328436105826822144.fits 3862 53386 2068 273
../seguefaint/2328463868495423488.fits 85 53386 2068 374
../seguefaint/2328480910925654016.fits 3862 53386 2068 436
../seguefaint/2328532038216345600.fits 3862 53386 2068 622
../seguefaint/2328536986018670592.fits 24 53386 2068 640
../seguefaint/2329523247781013504.fits 3863 53376 2069 132
../seguefaint/2329534792653105152.fits 98 53376 2069 174
../seguefaint/2329539740455430144.fits 3863 53376 2069 192
../seguefaint/2329548536548452352.fits 3863 53376 2069 224
../seguefaint/2329562005565892608.fits 3863 53376 2069 273
../seguefaint/2329606810664724480.fits 3863 53376 2069 436
../seguefaint/2329657937955416064.fits 3863 53376 2069 622
../seguefaint/2330624134284863488.fits 3864 53405 2070 41
../seguefaint/2330624139720681472.fits 3860 53729 2070 41
../seguefaint/2330660698482305024.fits 79 53729 2070 174
../seguefaint/2330683233034856448.fits 3864 53405 2070 256
../seguefaint/2330683238470674432.fits 3860 53729 2070 256
../seguefaint/2330687631081367552.fits 3864 53405 2070 272
../seguefaint/2330687636517185536.fits 3860 53729 2070 272
../seguefaint/2330688180837181440.fits 3864 53405 2070 274
../seguefaint/2330688186272999424.fits 3860 53729 2070 274
../seguefaint/2330696152296482816.fits 3 53405 2070 303
../seguefaint/2330715948941600768.fits 199 53729 2070 375
../seguefaint/2330786312249960448.fits 3864 53405 2070 631
../seguefaint/2330786317685778432.fits 3860 53729 2070 631
../seguefaint/2331786598590474240.fits 117 53741 2071 174
../seguefaint/2331787423224195072.fits 3851 53741 2071 177
../seguefaint/2332900948407511040.fits 3860 53430 2072 132
../seguefaint/2332912493279602688.fits 167 53430 2072 174
../seguefaint/2332917441081927680.fits 3860 53430 2072 192
../seguefaint/2332926237174949888.fits 3860 53430 2072 224
../seguefaint/2332939706192390144.fits 3860 53430 2072 273
../seguefaint/2332984511291222016.fits 3860 53430 2072 436
../seguefaint/2333035638581913600.fits 3860 53430 2072 622
../seguefaint/2334038398186055680.fits 137 53728 2073 174
../seguefaint/2334039222819776512.fits 3848 53728 2073 177
../seguefaint/2335152748338636800.fits 3858 53437 2074 132
../seguefaint/2335164293210728448.fits 197 53437 2074 174
../seguefaint/2335169241013053440.fits 3858 53437 2074 192
../seguefaint/2335178037106075648.fits 3858 53437 2074 224
../seguefaint/2335191506123515904.fits 3858 53437 2074 273
../seguefaint/2335236311222347776.fits 3858 53437 2074 436
../seguefaint/2335287438513039360.fits 3858 53437 2074 622
../seguefaint/2335292386315364352.fits 8 53437 2074 640
../seguefaint/2336269582307715072.fits 29 53737 2075 99
../seguefaint/2336290198033295360.fits 144 53730 2075 174
../seguefaint/2336290198150735872.fits 107 53737 2075 174
../seguefaint/2336291022667016192.fits 3862 53730 2075 177
../seguefaint/2336329230813521920.fits 3846 53737 2075 316
../seguefaint/2336345173732124672.fits 200 53737 2075 374
../seguefaint/2336418291137931264.fits 5 53730 2075 640
../seguefaint/2336418291255371776.fits 197 53737 2075 640
../seguefaint/2337404548236208128.fits 3860 53442 2076 132
../seguefaint/2337416093108299776.fits 196 53442 2076 174
../seguefaint/2337421040910624768.fits 3860 53442 2076 192
../seguefaint/2337429837003646976.fits 3860 53442 2076 224
../seguefaint/2337443306021087232.fits 3860 53442 2076 273
../seguefaint/2337488111119919104.fits 3860 53442 2076 436
../seguefaint/2337539238410610688.fits 3860 53442 2076 622
../seguefaint/2337544186212935680.fits 26 53442 2076 640
../seguefaint/2338541999793137664.fits 107 53846 2077 174
../seguefaint/2338568388072204288.fits 3858 53846 2077 270
../seguefaint/2338597250252433408.fits 199 53846 2077 375
../seguefaint/2461223591144876032.fits 3862 54327 2186 23
../seguefaint/2461229363580921856.fits 3862 54327 2186 44
../seguefaint/2461265097708824576.fits 11 54327 2186 174
../seguefaint/2461369001557649408.fits 3862 54327 2186 552
../seguefaint/2462354437897742336.fits 3847 54270 2187 41
../seguefaint/2462413536647735296.fits 3847 54270 2187 256
../seguefaint/2462417934694246400.fits 3847 54270 2187 272
../seguefaint/2462418484450060288.fits 3847 54270 2187 274
../seguefaint/2462446247118661632.fits 141 54270 2187 375
../seguefaint/2462516615862839296.fits 3847 54270 2187 631
../seguefaint/2463508930559502336.fits 3849 54595 2188 145
../seguefaint/2463547963222288384.fits 3849 54595 2188 287
../seguefaint/2463572152478099456.fits 106 54595 2188 375
../seguefaint/2464599096824981504.fits 3847 54624 2189 15
../seguefaint/2464606243650562048.fits 3847 54624 2189 41
../seguefaint/2464622186569164800.fits 8 54624 2189 99
../seguefaint/2464642802412185600.fits 143 54624 2189 174
../seguefaint/2464665342400555008.fits 3847 54624 2189 256
../seguefaint/2464669740447066112.fits 3847 54624 2189 272
../seguefaint/2464670290202880000.fits 3847 54624 2189 274
../seguefaint/2464768421615659008.fits 3847 54624 2189 631
../seguefaint/2464770895516821504.fits 22 54624 2189 640
../seguefaint/2465727191762102272.fits 3849 54386 2190 23
../seguefaint/2465732964198148096.fits 3849 54386 2190 44
../seguefaint/2465872602174875648.fits 3849 54386 2190 552
../seguefaint/2466871787309262848.fits 3848 54621 2191 91
../seguefaint/2466894602175539200.fits 114 54621 2191 174
../seguefaint/2466927862402279424.fits 3848 54621 2191 295
../seguefaint/2466978439937157120.fits 3848 54621 2191 479
../seguefaint/2467022695280175104.fits 26 54621 2191 640
../seguefaint/2467983936794421248.fits 3844 54232 2192 41
../seguefaint/2468043035544414208.fits 3844 54232 2192 256
../seguefaint/2468046608957204480.fits 17 54232 2192 269
../seguefaint/2468047433590925312.fits 3844 54232 2192 272
../seguefaint/2468047983346739200.fits 3844 54232 2192 274
../seguefaint/2468075746015340544.fits 120 54232 2192 375
../seguefaint/2468146114759518208.fits 3844 54232 2192 631
../seguefaint/2469146389691525120.fits 97 53888 2193 174
../seguefaint/2469172777970591744.fits 3857 53888 2193 270
../seguefaint/2469201640150820864.fits 198 53888 2193 375
../seguefaint/2469248094517094400.fits 20 53888 2193 544
../seguefaint/2470249475000526848.fits 3848 53904 2194 91
../seguefaint/2470272289866803200.fits 16 53904 2194 174
../seguefaint/2470305550093543424.fits 3848 53904 2194 295
../seguefaint/2470327540326098944.fits 201 53904 2194 375
../seguefaint/2470373994692372480.fits 5 53904 2194 544
../seguefaint/2471375380443850752.fits 3850 54234 2195 91
../seguefaint/2471377579467106304.fits 74 54234 2195 99
../seguefaint/2471398195310127104.fits 55 54234 2195 174
../seguefaint/2471431455536867328.fits 3850 54234 2195 295
../seguefaint/2471453445769422848.fits 199 54234 2195 375
../seguefaint/2541196007639640064.fits 3847 53612 2257 145
../seguefaint/2541203979098941440.fits 175 53612 2257 174
../seguefaint/2541258954680330240.fits 202 53612 2257 374
../seguefaint/2541331522447763456.fits 14 53612 2257 638
../seguefaint/2541332072203577344.fits 143 53612 2257 640
../seguefaint/2542309275175249920.fits 41 54328 2258 99
../seguefaint/2542321094925248512.fits 3858 54328 2258 142
../seguefaint/2542329891018270720.fits 143 54328 2258 174
../seguefaint/2542330715651991552.fits 3858 54328 2258 177
../seguefaint/2542391188791519232.fits 3858 54328 2258 397
../seguefaint/2542457984122906624.fits 36 54328 2258 640
../seguefaint/2543447806664796160.fits 3855 53565 2259 145
../seguefaint/2543456053002004480.fits 68 53565 2259 175
../seguefaint/2543511028583393280.fits 183 53565 2259 375
../seguefaint/2544558864389400576.fits 3863 53638 2260 91
../seguefaint/2544614939482417152.fits 3863 53638 2260 295
../seguefaint/2544709772360312832.fits 30 53638 2260 640
../seguefaint/2545684763860035584.fits 3845 53612 2261 91
../seguefaint/2545740838953052160.fits 3845 53612 2261 295
../seguefaint/2545762554307700736.fits 199 53612 2261 374
../seguefaint/2545809008673974272.fits 17 53612 2261 543
../seguefaint/2545835671830947840.fits 197 53612 2261 640
../seguefaint/2546789790007715840.fits 3842 54623 2262 15
../seguefaint/2546796936833296384.fits 3842 54623 2262 41
../seguefaint/2546833495594919936.fits 144 54623 2262 174
../seguefaint/2546856035583289344.fits 3842 54623 2262 256
../seguefaint/2546860433629800448.fits 3842 54623 2262 272
../seguefaint/2546860983385614336.fits 3842 54623 2262 274
../seguefaint/2546959114798393344.fits 3842 54623 2262 631
../seguefaint/2546961588699555840.fits 7 54623 2262 640
../seguefaint/2590732031805646848.fits 3847 53712 2301 132
../seguefaint/2590748524480063488.fits 3847 53712 2301 192
../seguefaint/2590757320573085696.fits 3847 53712 2301 224
../seguefaint/2590770789590525952.fits 3847 53712 2301 273
../seguefaint/2590815594689357824.fits 3847 53712 2301 436
../seguefaint/2590866721980049408.fits 3847 53712 2301 622
../seguefaint/2591857931662157824.fits 3858 53709 2302 132
../seguefaint/2591874424336574464.fits 3858 53709 2302 192
../seguefaint/2591883220429596672.fits 3858 53709 2302 224
../seguefaint/2591896689447036928.fits 3858 53709 2302 273
../seguefaint/2591941494545868800.fits 3858 53709 2302 436
../seguefaint/2591992621836560384.fits 3858 53709 2302 622
../seguefaint/2609865198764320768.fits 3846 54628 2318 106
../seguefaint/2609883890461992960.fits 151 54628 2318 174
../seguefaint/2609897634357340160.fits 3846 54628 2318 224
../seguefaint/2609904506305013760.fits 3 54628 2318 249
../seguefaint/2609922923124779008.fits 3846 54628 2318 316
../seguefaint/2609936392142219264.fits 3846 54628 2318 365
../seguefaint/2610011708688721920.fits 62 54628 2318 639
../seguefaint/2610011983566628864.fits 199 54628 2318 640
../seguefaint/2610973217094920192.fits 3860 53763 2319 41
../seguefaint/2611009775856543744.fits 86 53763 2319 174
../seguefaint/2611032315844913152.fits 3860 53763 2319 256
../seguefaint/2611036713891424256.fits 3860 53763 2319 272
../seguefaint/2611037263647238144.fits 3860 53763 2319 274
../seguefaint/2611135395060017152.fits 3860 53763 2319 631
../seguefaint/2612126894602086400.fits 3851 54653 2320 142
../seguefaint/2612133216793946112.fits 3851 54653 2320 165
../seguefaint/2612135690695108608.fits 80 54653 2320 174
../seguefaint/2612136515328829440.fits 3851 54653 2320 177
../seguefaint/2612190941154404352.fits 131 54653 2320 375
../seguefaint/2612196988468357120.fits 3851 54653 2320 397
../seguefaint/2612209083096262656.fits 3851 54653 2320 441
../seguefaint/2612263783799744512.fits 50 54653 2320 640
../seguefaint/2613238759931537408.fits 3851 53711 2321 91
../seguefaint/2613261574797813760.fits 205 53711 2321 174
../seguefaint/2613294835024553984.fits 3851 53711 2321 295
../seguefaint/2614340470851004416.fits 3849 53727 2322 3
../seguefaint/2614341845240539136.fits 3849 53727 2322 8
../seguefaint/2614345418653329408.fits 3849 53727 2322 21
../seguefaint/2614387474973091840.fits 164 53727 2322 174
../seguefaint/2614398470089369600.fits 3849 53727 2322 214
../seguefaint/2614430081048668160.fits 3849 53727 2322 329
../seguefaint/2614438877141690368.fits 3849 53727 2322 361
../seguefaint/2614455094938200064.fits 3849 53727 2322 420
../seguefaint/2614460867374245888.fits 3849 53727 2322 441
../seguefaint/2615490570969180160.fits 3849 54380 2323 91
../seguefaint/2615513385835456512.fits 197 54380 2323 174
../seguefaint/2615546646062196736.fits 3849 54380 2323 295
../seguefaint/2615568636294752256.fits 200 54380 2323 375
../seguefaint/2617765180649531392.fits 111 54082 2325 174
../seguefaint/2617804213312317440.fits 3864 54082 2325 316
../seguefaint/2617892998876260352.fits 39 54082 2325 639
../seguefaint/2617893273754167296.fits 204 54082 2325 640
../seguefaint/2619994159355815936.fits 3851 53710 2327 91
../seguefaint/2620016974222092288.fits 178 53710 2327 174
../seguefaint/2620050234448832512.fits 3851 53710 2327 295
../seguefaint/2621107140303022080.fits 3850 53728 2328 44
../seguefaint/2621168712954177536.fits 8 53728 2328 268
../seguefaint/2621246778279749632.fits 3850 53728 2328 552
../seguefaint/2622232215525812224.fits 3849 53725 2329 41
../seguefaint/2622268774287435776.fits 110 53725 2329 174
../seguefaint/2622291314275805184.fits 3849 53725 2329 256
../seguefaint/2622295712322316288.fits 3849 53725 2329 272
../seguefaint/2622296262078130176.fits 3849 53725 2329 274
../seguefaint/2622394393490909184.fits 3849 53725 2329 631
../seguefaint/2623374058569361408.fits 40 53738 2330 99
../seguefaint/2623394674412382208.fits 129 53738 2330 174
../seguefaint/2623433707075168256.fits 3847 53738 2330 316
../seguefaint/2623434531708889088.fits 3847 53738 2330 319
../seguefaint/2623449649993771008.fits 199 53738 2330 374
../seguefaint/2623522767517018112.fits 196 53738 2330 640
../seguefaint/2624520574386333696.fits 138 53742 2331 174
../seguefaint/2624521399020054528.fits 3850 53742 2331 177
../seguefaint/2624648667490969600.fits 22 53742 2331 640
../seguefaint/2625634936249411584.fits 3845 54149 2332 132
../seguefaint/2625646481121503232.fits 103 54149 2332 174
../seguefaint/2625651428923828224.fits 3845 54149 2332 192
../seguefaint/2625660225016850432.fits 3845 54149 2332 224
../seguefaint/2625667096964524032.fits 8 54149 2332 249
../seguefaint/2625673694034290688.fits 3845 54149 2332 273
../seguefaint/2625718499133122560.fits 3845 54149 2332 436
../seguefaint/2625769626423814144.fits 3845 54149 2332 622
../seguefaint/2633504958556694528.fits 3861 53729 2339 91
../seguefaint/2633527773422970880.fits 207 53729 2339 174
../seguefaint/2633548389265991680.fits 19 53729 2339 249
../seguefaint/2633561033649711104.fits 3861 53729 2339 295
../seguefaint/2634606669274834944.fits 3850 53733 2340 3
../seguefaint/2634608043664369664.fits 3850 53733 2340 8
../seguefaint/2634611617077159936.fits 3850 53733 2340 21
../seguefaint/2634653673396922368.fits 158 53733 2340 174
../seguefaint/2634664668513200128.fits 3850 53733 2340 214
../seguefaint/2634696279472498688.fits 3850 53733 2340 329
../seguefaint/2634705075565520896.fits 3850 53733 2340 361
../seguefaint/2634721293362030592.fits 3850 53733 2340 420
../seguefaint/2634727065798076416.fits 3850 53733 2340 441
../seguefaint/2699908864458909696.fits 3849 53768 2398 3
../seguefaint/2699910238848444416.fits 3849 53768 2398 8
../seguefaint/2699913812261234688.fits 3849 53768 2398 21
../seguefaint/2699955868580997120.fits 154 53768 2398 174
../seguefaint/2699966863697274880.fits 3849 53768 2398 214
../seguefaint/2699998474656573440.fits 3849 53768 2398 329
../seguefaint/2700007270749595648.fits 3849 53768 2398 361
../seguefaint/2700023488546105344.fits 3849 53768 2398 420
../seguefaint/2700029260982151168.fits 3849 53768 2398 441
../seguefaint/2701034764298643456.fits 3849 53764 2399 3
../seguefaint/2701036138688178176.fits 3849 53764 2399 8
../seguefaint/2701039712100968448.fits 3849 53764 2399 21
../seguefaint/2701081768420730880.fits 204 53764 2399 174
../seguefaint/2701092763537008640.fits 3849 53764 2399 214
../seguefaint/2701124374496307200.fits 3849 53764 2399 329
../seguefaint/2701133170589329408.fits 3849 53764 2399 361
../seguefaint/2701149388385839104.fits 3849 53764 2399 420
../seguefaint/2701155160821884928.fits 3849 53764 2399 441
../seguefaint/2702207668344350720.fits 143 53765 2400 174
../seguefaint/2702208492978071552.fits 3850 53765 2400 177
../seguefaint/2703333568301524992.fits 137 53768 2401 174
../seguefaint/2703334392935245824.fits 3852 53768 2401 177
../seguefaint/2704451503594170368.fits 3853 54176 2402 145
../seguefaint/2704490536256956416.fits 3853 54176 2402 287
../seguefaint/2704514725512767488.fits 186 54176 2402 375
../seguefaint/2705577397108893696.fits 3845 53795 2403 145
../seguefaint/2706711267954944000.fits 117 53764 2404 174
../seguefaint/2706712092588664832.fits 3852 53764 2404 177
../seguefaint/2710041963670824960.fits 3848 53771 2407 3
../seguefaint/2710043338060359680.fits 3848 53771 2407 8
../seguefaint/2710046911473149952.fits 3848 53771 2407 21
../seguefaint/2710088967792912384.fits 169 53771 2407 174
../seguefaint/2710099962909190144.fits 3848 53771 2407 214
../seguefaint/2710131573868488704.fits 3848 53771 2407 329
../seguefaint/2710140369961510912.fits 3848 53771 2407 361
../seguefaint/2710156587758020608.fits 3848 53771 2407 420
../seguefaint/2710162360194066432.fits 3848 53771 2407 441
../seguefaint/2716823483190372352.fits 30 54169 2413 98
../seguefaint/2716832829039208448.fits 3852 54169 2413 132
../seguefaint/2716844099033393152.fits 177 54169 2413 173
../seguefaint/2716849321713625088.fits 3852 54169 2413 192
../seguefaint/2716858117806647296.fits 3852 54169 2413 224
../seguefaint/2716871586824087552.fits 3852 54169 2413 273
../seguefaint/2716916391922919424.fits 3852 54169 2413 436
../seguefaint/2716967519213611008.fits 3852 54169 2413 622
../seguefaint/2717928773243660288.fits 3854 54526 2414 23
../seguefaint/2717934545679706112.fits 3854 54526 2414 44
../seguefaint/2717996118330861568.fits 16 54526 2414 268
../seguefaint/2718074183656433664.fits 3854 54526 2414 552
../seguefaint/2721325151911176192.fits 3862 53766 2417 91
../seguefaint/2721347966777452544.fits 187 53766 2417 174
../seguefaint/2721381227004192768.fits 3862 53766 2417 295
../seguefaint/2750579863093012480.fits 3859 54082 2443 23
../seguefaint/2750585635529058304.fits 3859 54082 2443 44
../seguefaint/2750621094779054080.fits 172 54082 2443 173
../seguefaint/2750725273505785856.fits 3859 54082 2443 552
../seguefaint/2750749462761596928.fits 80 54082 2443 640
../seguefaint/2769742985334646784.fits 3848 54616 2460 106
../seguefaint/2769761677032318976.fits 129 54616 2460 174
../seguefaint/2769775420927666176.fits 3848 54616 2460 224
../seguefaint/2769800709695105024.fits 3848 54616 2460 316
../seguefaint/2769814178712545280.fits 3848 54616 2460 365
../seguefaint/2769889495259047936.fits 56 54616 2460 639
../seguefaint/2769889770136954880.fits 199 54616 2460 640
../seguefaint/2770879604708108288.fits 3849 54570 2461 145
../seguefaint/2770887851045316608.fits 44 54570 2461 175
../seguefaint/2770918637370894336.fits 3849 54570 2461 287
../seguefaint/2770923860051126272.fits 3 54570 2461 306
../seguefaint/2772005504463955968.fits 3850 54561 2462 145
../seguefaint/2772013750801164288.fits 27 54561 2462 175
../seguefaint/2772044537126742016.fits 3850 54561 2462 287
../seguefaint/2774291384289486848.fits 10 54272 2464 269
../seguefaint/2774291659167393792.fits 3847 54272 2464 270
../seguefaint/2777682001661028352.fits 3853 54176 2467 316
../seguefaint/2777697944579631104.fits 54 54176 2467 374
../seguefaint/2777771062102878208.fits 201 54176 2467 640
../seguefaint/2783311501178464256.fits 3855 54175 2472 316
../seguefaint/2783327444097067008.fits 63 54175 2472 374
../seguefaint/2783375547730782208.fits 5 54175 2472 549
../seguefaint/2783400561620314112.fits 201 54175 2472 640
../seguefaint/2785482764416215040.fits 3859 54333 2474 23
../seguefaint/2785488536852260864.fits 3859 54333 2474 44
../seguefaint/2785516303396399104.fits 3849 54564 2474 145
../seguefaint/2785524270980163584.fits 34 54333 2474 174
../seguefaint/2785524549733607424.fits 64 54564 2474 175
../seguefaint/2785555336059185152.fits 3849 54564 2474 287
../seguefaint/2785560558739417088.fits 8 54564 2474 306
../seguefaint/2785590791433644032.fits 4 54333 2474 416
../seguefaint/2785628174828988416.fits 3859 54333 2474 552
../seguefaint/2785652364084799488.fits 43 54333 2474 640
../seguefaint/2868820245206820864.fits 21 54152 2548 99
../seguefaint/2868840861049841664.fits 14 54152 2548 174
../seguefaint/2868841685683562496.fits 3845 54152 2548 177
../seguefaint/2868896111509137408.fits 69 54152 2548 375
../seguefaint/2868902158823090176.fits 3845 54152 2548 397
../seguefaint/2869925260617082880.fits 3855 54523 2549 23
../seguefaint/2869931033053128704.fits 3855 54523 2549 44
../seguefaint/2870070671029856256.fits 3855 54523 2549 552
../seguefaint/2882378049100212224.fits 3853 54205 2560 270
../seguefaint/2882406911280441344.fits 149 54205 2560 375
../seguefaint/2883466022432565248.fits 3844 54597 2561 132
../seguefaint/2883477567304656896.fits 21 54597 2561 174
../seguefaint/2883482515106981888.fits 3844 54597 2561 192
../seguefaint/2883491311200004096.fits 3844 54597 2561 224
../seguefaint/2883498732903491584.fits 3844 54597 2561 251
../seguefaint/2883503405827909632.fits 6 54597 2561 268
../seguefaint/2883504780217444352.fits 3844 54597 2561 273
../seguefaint/2883532817763952640.fits 115 54597 2561 375
../seguefaint/2883549585316276224.fits 3844 54597 2561 436
../seguefaint/2883579272130226176.fits 19 54597 2561 544
../seguefaint/2883600712606967808.fits 3844 54597 2561 622
../seguefaint/2885685662470662144.fits 3845 54653 2563 15
../seguefaint/2885692809296242688.fits 3845 54653 2563 41
../seguefaint/2885708752214845440.fits 41 54653 2563 99
../seguefaint/2885729368057866240.fits 144 54653 2563 174
../seguefaint/2885751908046235648.fits 3845 54653 2563 256
../seguefaint/2885756306092746752.fits 3845 54653 2563 272
../seguefaint/2885756855848560640.fits 3845 54653 2563 274
../seguefaint/2885854987261339648.fits 3845 54653 2563 631
../seguefaint/2885857461162502144.fits 38 54653 2563 640
../seguefaint/2957764142632560640.fits 3858 54379 2627 91
../seguefaint/2957786957498836992.fits 41 54379 2627 174
../seguefaint/2957820217725577216.fits 3858 54379 2627 295
../seguefaint/2957842207958132736.fits 206 54379 2627 375
../seguefaint/2957888662324406272.fits 3 54379 2627 544
../seguefaint/2958892240673466368.fits 66 54326 2628 99
../seguefaint/2958939244795553792.fits 3852 54326 2628 270
../seguefaint/2959997245849626624.fits 3854 54087 2629 23
../seguefaint/2960003018285672448.fits 3854 54087 2629 44
../seguefaint/2960038477535668224.fits 132 54087 2629 173
../seguefaint/2960142656262400000.fits 3854 54087 2629 552
../seguefaint/2960166845518211072.fits 53 54087 2629 640
../seguefaint/2961144040503928832.fits 59 54327 2630 99
../seguefaint/2961191044626016256.fits 3859 54327 2630 270
../seguefaint/2961213859492292608.fits 4 54327 2630 353
../seguefaint/3009578348465645568.fits 119 54096 2673 174
../seguefaint/3009617381128431616.fits 3861 54096 2673 316
../seguefaint/3009706166692374528.fits 97 54096 2673 639
../seguefaint/3009706441570281472.fits 206 54096 2673 640
../seguefaint/3010705073022986240.fits 3859 54097 2674 177
../seguefaint/3010759223970654208.fits 206 54097 2674 374
../seguefaint/3010765546162513920.fits 3859 54097 2674 397
../seguefaint/3010805678336927744.fits 3 54097 2674 543
../seguefaint/3010832341493901312.fits 118 54097 2674 640
../seguefaint/3033175244115306496.fits 3854 54199 2694 3
../seguefaint/3033176618504841216.fits 3854 54199 2694 8
../seguefaint/3033180191917631488.fits 3854 54199 2694 21
../seguefaint/3033221973359486976.fits 171 54199 2694 173
../seguefaint/3033233243353671680.fits 3854 54199 2694 214
../seguefaint/3033264854312970240.fits 3854 54199 2694 329
../seguefaint/3033273650405992448.fits 3854 54199 2694 361
../seguefaint/3033289868202502144.fits 3854 54199 2694 420
../seguefaint/3033295640638547968.fits 3854 54199 2694 441
../seguefaint/3034340180208150528.fits 3849 54409 2695 145
../seguefaint/3034379212870936576.fits 3849 54409 2695 287
../seguefaint/3034403402126747648.fits 122 54409 2695 375
../seguefaint/3036588406273501184.fits 3846 54389 2697 132
../seguefaint/3036604898947917824.fits 3846 54389 2697 192
../seguefaint/3036613695040940032.fits 3846 54389 2697 224
../seguefaint/3036621116744427520.fits 3846 54389 2697 251
../seguefaint/3036625789668845568.fits 14 54389 2697 268
../seguefaint/3036627164058380288.fits 3846 54389 2697 273
../seguefaint/3036655201604888576.fits 188 54389 2697 375
../seguefaint/3036671969157212160.fits 3846 54389 2697 436
../seguefaint/3036723096447903744.fits 3846 54389 2697 622
../seguefaint/3036727769372321792.fits 11 54389 2697 639
../seguefaint/3037678842752821248.fits 3845 54140 2698 3
../seguefaint/3037680217142355968.fits 3845 54140 2698 8
../seguefaint/3037683790555146240.fits 3845 54140 2698 21
../seguefaint/3037725846874908672.fits 29 54140 2698 174
../seguefaint/3037736841991186432.fits 3845 54140 2698 214
../seguefaint/3037768452950484992.fits 3845 54140 2698 329
../seguefaint/3037777249043507200.fits 3845 54140 2698 361
../seguefaint/3037781372212111360.fits 145 54140 2698 376
../seguefaint/3037793466840016896.fits 3845 54140 2698 420
../seguefaint/3037799239276062720.fits 3845 54140 2698 441
../seguefaint/3039954836469606400.fits 3845 54417 2700 91
../seguefaint/3039977651335882752.fits 151 54417 2700 174
../seguefaint/3040010911562622976.fits 3845 54417 2700 295
../seguefaint/3040032901795178496.fits 201 54417 2700 375
../seguefaint/3041095575371016192.fits 3847 54154 2701 145
../seguefaint/3041103821708224512.fits 129 54154 2701 175
../seguefaint/3041124437551245312.fits 8 54154 2701 250
../seguefaint/3041134608033802240.fits 3847 54154 2701 287
../seguefaint/3047885334382667776.fits 3844 54144 2707 270
../seguefaint/3048962038140266496.fits 3850 54561 2708 91
../seguefaint/3048964237163522048.fits 51 54561 2708 99
../seguefaint/3048984853006542848.fits 65 54561 2708 174
../seguefaint/3049018113233283072.fits 3850 54561 2708 295
../seguefaint/3049040103465838592.fits 109 54561 2708 375
../seguefaint/3049068690768160768.fits 3850 54561 2708 479
../seguefaint/3071466289949075456.fits 3846 54416 2728 41
../seguefaint/3071502848710699008.fits 60 54416 2728 174
../seguefaint/3071525388699068416.fits 3846 54416 2728 256
../seguefaint/3071529786745579520.fits 3846 54416 2728 272
../seguefaint/3071530336501393408.fits 3846 54416 2728 274
../seguefaint/3071558099169994752.fits 149 54416 2728 375
../seguefaint/3071604553536268288.fits 33 54416 2728 544
../seguefaint/3071628467914172416.fits 3846 54416 2728 631
../seguefaint/3072587242103924736.fits 3848 54419 2729 23
../seguefaint/3072593014539970560.fits 3848 54419 2729 44
../seguefaint/3072730453493442560.fits 6 54419 2729 544
../seguefaint/3072732652516698112.fits 3848 54419 2729 552
../seguefaint/3171707943959685120.fits 134 54627 2817 174
../seguefaint/3171728559802705920.fits 8 54627 2817 249
../seguefaint/3171734332238751744.fits 3845 54627 2817 270
../seguefaint/3171743952965494784.fits 21 54627 2817 305
../seguefaint/3172822298809886720.fits 3845 54616 2818 132
../seguefaint/3172838791484303360.fits 3845 54616 2818 192
../seguefaint/3172847587577325568.fits 3845 54616 2818 224
../seguefaint/3172855009280813056.fits 3845 54616 2818 251
../seguefaint/3172861056594765824.fits 3845 54616 2818 273
../seguefaint/3172905861693597696.fits 3845 54616 2818 436
../seguefaint/3172956988984289280.fits 3845 54616 2818 622
../seguefaint/3173951772146296832.fits 3847 54617 2819 145
../seguefaint/3173990804809082880.fits 3847 54617 2819 287
../seguefaint/3175074098338359296.fits 3845 54599 2820 132
../seguefaint/3175085643210450944.fits 64 54599 2820 174
../seguefaint/3175090591012775936.fits 3845 54599 2820 192
../seguefaint/3175099387105798144.fits 3845 54599 2820 224
../seguefaint/3175106808809285632.fits 3845 54599 2820 251
../seguefaint/3175111481733703680.fits 18 54599 2820 268
../seguefaint/3175112856123238400.fits 3845 54599 2820 273
../seguefaint/3175140893669746688.fits 90 54599 2820 375
../seguefaint/3175157661222070272.fits 3845 54599 2820 436
../seguefaint/3175187348036020224.fits 19 54599 2820 544
../seguefaint/3175208788512761856.fits 3845 54599 2820 622
../seguefaint/3177329468041619456.fits 3849 54389 2822 145
../seguefaint/3177368500704405504.fits 3849 54389 2822 287
../seguefaint/3177392689960216576.fits 128 54389 2822 375
../seguefaint/3179542236249483264.fits 3848 54452 2824 3
../seguefaint/3179543610639017984.fits 3848 54452 2824 8
../seguefaint/3179547184051808256.fits 3848 54452 2824 21
../seguefaint/3179589240371570688.fits 19 54452 2824 174
../seguefaint/3179600235487848448.fits 3848 54452 2824 214
../seguefaint/3179631846447147008.fits 3848 54452 2824 329
../seguefaint/3179640642540169216.fits 3848 54452 2824 361
../seguefaint/3179656860336678912.fits 3848 54452 2824 420
../seguefaint/3179662632772724736.fits 3848 54452 2824 441
../seguefaint/3180706343967287296.fits 3848 54439 2825 142
../seguefaint/3180715140060309504.fits 83 54439 2825 174
../seguefaint/3180715964694030336.fits 3848 54439 2825 177
../seguefaint/3180770390519605248.fits 143 54439 2825 375
../seguefaint/3180776437833558016.fits 3848 54439 2825 397
../seguefaint/3181794035006203904.fits 3849 54389 2826 3
../seguefaint/3181795409395738624.fits 3849 54389 2826 8
../seguefaint/3181798982808528896.fits 3849 54389 2826 21
../seguefaint/3181841039128291328.fits 148 54389 2826 174
../seguefaint/3181852034244569088.fits 3849 54389 2826 214
../seguefaint/3181883645203867648.fits 3849 54389 2826 329
../seguefaint/3181892441296889856.fits 3849 54389 2826 361
../seguefaint/3181908659093399552.fits 3849 54389 2826 420
../seguefaint/3181914431529445376.fits 3849 54389 2826 441
../seguefaint/3182930380827158528.fits 3847 54422 2827 41
../seguefaint/3182966939588782080.fits 71 54422 2827 174
../seguefaint/3182989479577151488.fits 3847 54422 2827 256
../seguefaint/3182993877623662592.fits 3847 54422 2827 272
../seguefaint/3182994427379476480.fits 3847 54422 2827 274
../seguefaint/3183022190048077824.fits 66 54422 2827 375
../seguefaint/3183092558792255488.fits 3847 54422 2827 631
../seguefaint/3184070024897783808.fits 3860 54438 2828 91
../seguefaint/3184092839764060160.fits 54 54438 2828 174
../seguefaint/3184126099990800384.fits 3860 54438 2828 295
../seguefaint/3184148090223355904.fits 136 54438 2828 375
../seguefaint/3185210771315386368.fits 3844 54623 2829 145
../seguefaint/3185249803978172416.fits 3844 54623 2829 287
../seguefaint/3185256126170032128.fits 3844 54623 2829 310
../seguefaint/3189678637267838976.fits 3847 54650 2833 15
../seguefaint/3189685784093419520.fits 3847 54650 2833 41
../seguefaint/3189701727012022272.fits 6 54650 2833 99
../seguefaint/3189722342855043072.fits 82 54650 2833 174
../seguefaint/3189742958698063872.fits 17 54650 2833 249
../seguefaint/3189744882843412480.fits 3847 54650 2833 256
../seguefaint/3189749280889923584.fits 3847 54650 2833 272
../seguefaint/3189749830645737472.fits 3847 54650 2833 274
../seguefaint/3189847962058516480.fits 3847 54650 2833 631
../seguefaint/3189850435959678976.fits 21 54650 2833 640
../seguefaint/3224606545199261696.fits 3848 54467 2864 106
../seguefaint/3224625511774840832.fits 147 54467 2864 175
../seguefaint/3224638980792281088.fits 3848 54467 2864 224
../seguefaint/3224664269559719936.fits 3848 54467 2864 316
../seguefaint/3224677738577160192.fits 3848 54467 2864 365
../seguefaint/3224753330001569792.fits 26 54467 2864 640
../seguefaint/3226830032773081088.fits 3850 54478 2866 3
../seguefaint/3226831407162615808.fits 3850 54478 2866 8
../seguefaint/3226834980575406080.fits 3850 54478 2866 21
../seguefaint/3226888032011446272.fits 3850 54478 2866 214
../seguefaint/3226919642970744832.fits 3850 54478 2866 329
../seguefaint/3226928439063767040.fits 3850 54478 2866 361
../seguefaint/3226944656860276736.fits 3850 54478 2866 420
../seguefaint/3226950429296322560.fits 3850 54478 2866 441
../seguefaint/3227980121952512000.fits 3852 54479 2867 91
../seguefaint/3228003211696695296.fits 5 54479 2867 175
../seguefaint/3228036197045528576.fits 3852 54479 2867 295
../seguefaint/3228058187278084096.fits 198 54479 2867 375
../seguefaint/3230231921346766848.fits 3848 54454 2869 91
../seguefaint/3230254736213043200.fits 47 54454 2869 174
../seguefaint/3230287996439783424.fits 3848 54454 2869 295
../seguefaint/3230309986672338944.fits 199 54454 2869 375
../seguefaint/3231372666002761728.fits 3855 54534 2870 145
../seguefaint/3231411698665547776.fits 3855 54534 2870 287
../seguefaint/3231435887921358848.fits 205 54534 2870 375
../seguefaint/3231482342287632384.fits 3 54534 2870 544
../seguefaint/3232494992530368512.fits 3853 54536 2871 132
../seguefaint/3232511485204785152.fits 3853 54536 2871 192
../seguefaint/3232520281297807360.fits 3853 54536 2871 224
../seguefaint/3232527703001294848.fits 3853 54536 2871 251
../seguefaint/3232533750315247616.fits 3853 54536 2871 273
../seguefaint/3232561787861755904.fits 204 54536 2871 375
../seguefaint/3232578555414079488.fits 3853 54536 2871 436
../seguefaint/3232629682704771072.fits 3853 54536 2871 622
../seguefaint/3233606322767292416.fits 3 54468 2872 79
../seguefaint/3233620892386879488.fits 3853 54533 2872 132
../seguefaint/3233623640075429888.fits 3845 54468 2872 142
../seguefaint/3233629962267289600.fits 3845 54468 2872 165
../seguefaint/3233633260802172928.fits 3845 54468 2872 177
../seguefaint/3233637385061296128.fits 3853 54533 2872 192
../seguefaint/3233646181154318336.fits 3853 54533 2872 224
../seguefaint/3233653602857805824.fits 3853 54533 2872 251
../seguefaint/3233658549569611776.fits 14 54468 2872 269
../seguefaint/3233659650171758592.fits 3853 54533 2872 273
../seguefaint/3233687686627747840.fits 202 54468 2872 375
../seguefaint/3233687687718266880.fits 204 54533 2872 375
../seguefaint/3233693733941700608.fits 3845 54468 2872 397
../seguefaint/3233704455270590464.fits 3853 54533 2872 436
../seguefaint/3233755582561282048.fits 3853 54533 2872 622
../seguefaint/3234758336696051712.fits 26 54505 2873 174
../seguefaint/3234784724975118336.fits 3847 54505 2873 270
../seguefaint/3235872692670326784.fits 3847 54561 2874 132
../seguefaint/3235884237542418432.fits 52 54561 2874 174
../seguefaint/3235889185344743424.fits 3847 54561 2874 192
../seguefaint/3235897981437765632.fits 3847 54561 2874 224
../seguefaint/3235905403141253120.fits 3847 54561 2874 251
../seguefaint/3235911450455205888.fits 3847 54561 2874 273
../seguefaint/3235956255554037760.fits 3847 54561 2874 436
../seguefaint/3236007382844729344.fits 3847 54561 2874 622
../seguefaint/3238124492819556352.fits 3847 54581 2876 132
../seguefaint/3238140985493972992.fits 3847 54581 2876 192
../seguefaint/3238149781586995200.fits 3847 54581 2876 224
../seguefaint/3238157203290482688.fits 3847 54581 2876 251
../seguefaint/3238163250604435456.fits 3847 54581 2876 273
../seguefaint/3238208055703267328.fits 3847 54581 2876 436
../seguefaint/3238259182993958912.fits 3847 54581 2876 622
../seguefaint/3239250391753320448.fits 3853 54523 2877 132
../seguefaint/3239266884427737088.fits 3853 54523 2877 192
../seguefaint/3239275680520759296.fits 3853 54523 2877 224
../seguefaint/3239283102224246784.fits 3853 54523 2877 251
../seguefaint/3239287775148664832.fits 15 54523 2877 268
../seguefaint/3239289149538199552.fits 3853 54523 2877 273
../seguefaint/3239333954637031424.fits 3853 54523 2877 436
../seguefaint/3239385081927723008.fits 3853 54523 2877 622
../seguefaint/3280920233346361344.fits 58 54533 2914 174
../seguefaint/3280946621625427968.fits 3852 54533 2914 270
../seguefaint/3280975483805657088.fits 31 54533 2914 375
../seguefaint/3284277317609744384.fits 41 54556 2917 99
../seguefaint/3284289137359742976.fits 3851 54556 2917 142
../seguefaint/3284295459551602688.fits 3851 54556 2917 165
../seguefaint/3284297933452765184.fits 150 54556 2917 174
../seguefaint/3284298758086486016.fits 3851 54556 2917 177
../seguefaint/3284353183912060928.fits 134 54556 2917 375
../seguefaint/3284359231226013696.fits 3851 54556 2917 397
../seguefaint/3284371325853919232.fits 3851 54556 2917 441
../seguefaint/3285403217483032576.fits 79 54554 2918 99
../seguefaint/3285415037233031168.fits 3851 54554 2918 142
../seguefaint/3285421359424890880.fits 3851 54554 2918 165
../seguefaint/3285423833326053376.fits 176 54554 2918 174
../seguefaint/3285424657959774208.fits 3851 54554 2918 177
../seguefaint/3285479083785349120.fits 161 54554 2918 375
../seguefaint/3285485131099301888.fits 3851 54554 2918 397
../seguefaint/3285497225727207424.fits 3851 54554 2918 441
../seguefaint/3286508226383734784.fits 3854 54537 2919 23
../seguefaint/3286513998819780608.fits 3854 54537 2919 44
../seguefaint/3286653636796508160.fits 3854 54537 2919 552
../seguefaint/3287655017430935552.fits 44 54562 2920 99
../seguefaint/3287666837180934144.fits 3847 54562 2920 142
../seguefaint/3287673159372793856.fits 3847 54562 2920 165
../seguefaint/3287675633273956352.fits 145 54562 2920 174
../seguefaint/3287676457907677184.fits 3847 54562 2920 177
../seguefaint/3287730883733252096.fits 201 54562 2920 375
../seguefaint/3287736931047204864.fits 3847 54562 2920 397
../seguefaint/3287749025675110400.fits 3847 54562 2920 441
../seguefaint/3289880429804414976.fits 3850 54612 2922 3
../seguefaint/3289881804193949696.fits 3850 54612 2922 8
../seguefaint/3289885377606739968.fits 3850 54612 2922 21
../seguefaint/3289927433926502400.fits 56 54612 2922 174
../seguefaint/3289938429042780160.fits 3850 54612 2922 214
../seguefaint/3289970040002078720.fits 3850 54612 2922 329
../seguefaint/3289978836095100928.fits 3850 54612 2922 361
../seguefaint/3289995053891610624.fits 3850 54612 2922 420
../seguefaint/3290000826327656448.fits 3850 54612 2922 441
../seguefaint/3290044806792767488.fits 3850 54612 2922 601
../seguefaint/3291030518144985088.fits 3849 54563 2923 91
../seguefaint/3291032717168240640.fits 23 54563 2923 99
../seguefaint/3291053333011261440.fits 64 54563 2923 174
../seguefaint/3291086593238001664.fits 3849 54563 2923 295
../seguefaint/3291108583470557184.fits 166 54563 2923 375
../seguefaint/3291137170772879360.fits 3849 54563 2923 479
../seguefaint/3292167688364779520.fits 3848 54582 2924 132
../seguefaint/3292184181039196160.fits 3848 54582 2924 192
../seguefaint/3292192977132218368.fits 3848 54582 2924 224
../seguefaint/3292200398835705856.fits 3848 54582 2924 251
../seguefaint/3292206446149658624.fits 3848 54582 2924 273
../seguefaint/3292234483696166912.fits 74 54582 2924 375
../seguefaint/3292251251248490496.fits 3848 54582 2924 436
../seguefaint/3292302378539182080.fits 3848 54582 2924 622
../seguefaint/3293296337084246016.fits 3850 54584 2925 142
../seguefaint/3293302659276105728.fits 3850 54584 2925 165
../seguefaint/3293305133177268224.fits 12 54584 2925 174
../seguefaint/3293305957810989056.fits 3850 54584 2925 177
../seguefaint/3293366430950516736.fits 3850 54584 2925 397
../seguefaint/3293378525578422272.fits 3850 54584 2925 441
../seguefaint/3293433226281904128.fits 5 54584 2925 640
../seguefaint/3294408218905700352.fits 3850 54625 2926 91
../seguefaint/3294431033771976704.fits 127 54625 2926 174
../seguefaint/3294464293998716928.fits 3850 54625 2926 295
../seguefaint/3294486284231272448.fits 58 54625 2926 375
../seguefaint/3294514871533594624.fits 3850 54625 2926 479
../seguefaint/3294532738597545984.fits 4 54625 2926 544
../seguefaint/3295545388739618816.fits 3846 54621 2927 132
../seguefaint/3295561881414035456.fits 3846 54621 2927 192
../seguefaint/3295570677507057664.fits 3846 54621 2927 224
../seguefaint/3295578099210545152.fits 3846 54621 2927 251
../seguefaint/3295584146524497920.fits 3846 54621 2927 273
../seguefaint/3295628951623329792.fits 3846 54621 2927 436
../seguefaint/3295680078914021376.fits 3846 54621 2927 622
../seguefaint/3296674037308090368.fits 3850 54614 2928 142
../seguefaint/3296680359499950080.fits 3850 54614 2928 165
../seguefaint/3296682833401112576.fits 41 54614 2928 174
../seguefaint/3296683658034833408.fits 3850 54614 2928 177
../seguefaint/3296738083860408320.fits 202 54614 2928 375
../seguefaint/3296744131174361088.fits 3850 54614 2928 397
../seguefaint/3296756225802266624.fits 3850 54614 2928 441
../seguefaint/3296810926505748480.fits 52 54614 2928 640
../seguefaint/3297761729219422208.fits 3847 54616 2929 3
../seguefaint/3297763103608956928.fits 3847 54616 2929 8
../seguefaint/3297766677021747200.fits 3847 54616 2929 21
../seguefaint/3297808733341509632.fits 81 54616 2929 174
../seguefaint/3297819728457787392.fits 3847 54616 2929 214
../seguefaint/3297851339417085952.fits 3847 54616 2929 329
../seguefaint/3297860135510108160.fits 3847 54616 2929 361
../seguefaint/3297864258678712320.fits 201 54616 2929 376
../seguefaint/3297876353306617856.fits 3847 54616 2929 420
../seguefaint/3297882125742663680.fits 3847 54616 2929 441
../seguefaint/3297926106207774720.fits 3847 54616 2929 601
../seguefaint/3298961021074434048.fits 3848 54589 2930 270
../seguefaint/3300039916875966464.fits 53 54590 2931 99
../seguefaint/3300051736625965056.fits 3848 54590 2931 142
../seguefaint/3300058058817824768.fits 3848 54590 2931 165
../seguefaint/3300060532718987264.fits 174 54590 2931 174
../seguefaint/3300061357352708096.fits 3848 54590 2931 177
../seguefaint/3300121830492235776.fits 3848 54590 2931 397
../seguefaint/3300133925120141312.fits 3848 54590 2931 441
../seguefaint/3300188625823623168.fits 62 54590 2931 640
../seguefaint/3301165816866695168.fits 27 54595 2932 99
../seguefaint/3301212820988782592.fits 3846 54595 2932 270
../seguefaint/3302277973247289344.fits 3 54617 2933 49
../seguefaint/3302303536892635136.fits 3848 54617 2933 142
../seguefaint/3302309859084494848.fits 3848 54617 2933 165
../seguefaint/3302312332985657344.fits 29 54617 2933 174
../seguefaint/3302313157619378176.fits 3848 54617 2933 177
../seguefaint/3302367583444953088.fits 201 54617 2933 375
../seguefaint/3302373630758905856.fits 3848 54617 2933 397
../seguefaint/3302385725386811392.fits 3848 54617 2933 441
../seguefaint/3302440426090293248.fits 95 54617 2933 640
../seguefaint/3303426688171403264.fits 3847 54626 2934 132
../seguefaint/3303443180845819904.fits 3847 54626 2934 192
../seguefaint/3303451976938842112.fits 3847 54626 2934 224
../seguefaint/3303459398642329600.fits 3847 54626 2934 251
../seguefaint/3303465445956282368.fits 3847 54626 2934 273
../seguefaint/3303510251055114240.fits 3847 54626 2934 436
../seguefaint/3303561378345805824.fits 3847 54626 2934 622
../seguefaint/3304545441688872960.fits 3848 54652 2935 106
../seguefaint/3304564133386545152.fits 123 54652 2935 174
../seguefaint/3304603166049331200.fits 3848 54652 2935 316
../seguefaint/3304616635066771456.fits 3848 54652 2935 365
../seguefaint/3304691951613274112.fits 66 54652 2935 639
../seguefaint/3304692226491181056.fits 199 54652 2935 640
../seguefaint/3305690032857180160.fits 131 54626 2936 174
../seguefaint/3305716421136246784.fits 3844 54626 2936 270
../seguefaint/3305726041862989824.fits 11 54626 2936 305
../seguefaint/3312426738838956032.fits 3849 54521 2942 106
../seguefaint/3312445430536628224.fits 36 54521 2942 174
../seguefaint/3312459174431975424.fits 3849 54521 2942 224
../seguefaint/3312484463199414272.fits 3849 54521 2942 316
../seguefaint/3312497932216854528.fits 3849 54521 2942 365
../seguefaint/3312546860484290560.fits 5 54521 2942 543
../seguefaint/3312573523641264128.fits 199 54521 2942 640
../seguefaint/3313559785252612096.fits 3849 54502 2943 132
../seguefaint/3313571330124703744.fits 11 54502 2943 174
../seguefaint/3313576277927028736.fits 3849 54502 2943 192
../seguefaint/3313585074020050944.fits 3849 54502 2943 224
../seguefaint/3313592495723538432.fits 3849 54502 2943 251
../seguefaint/3313598543037491200.fits 3849 54502 2943 273
../seguefaint/3313626580583999488.fits 167 54502 2943 375
../seguefaint/3313643348136323072.fits 3849 54502 2943 436
../seguefaint/3313694475427014656.fits 3849 54502 2943 622
../seguefaint/3314678538686195712.fits 3856 54523 2944 106
../seguefaint/3314697230383867904.fits 23 54523 2944 174
../seguefaint/3314710974279215104.fits 3856 54523 2944 224
../seguefaint/3314723343785027584.fits 4 54523 2944 269
../seguefaint/3314736263046653952.fits 3856 54523 2944 316
../seguefaint/3314749732064094208.fits 3856 54523 2944 365
../seguefaint/3314798660331530240.fits 3 54523 2944 543
../seguefaint/3314825323488503808.fits 202 54523 2944 640
../seguefaint/3338320513775724544.fits 17 54594 2965 99
../seguefaint/3338332333525723136.fits 3851 54594 2965 142
../seguefaint/3338338655717582848.fits 3851 54594 2965 165
../seguefaint/3338341129618745344.fits 161 54594 2965 174
../seguefaint/3338341954252466176.fits 3851 54594 2965 177
../seguefaint/3338402427391993856.fits 3851 54594 2965 397
../seguefaint/3338414522019899392.fits 3851 54594 2965 441
../seguefaint/3338469222723381248.fits 79 54594 2965 640
