legacy/star/304040835631048704.fits,70,51909,270,174,3868,3798
legacy/star/314229186510219264.fits,201,51984,279,375,3851,3650
legacy/star/317551630302078976.fits,126,51658,282,174,3860,3734
legacy/star/317587638838126592.fits,12,51630,282,305,3860,3848
legacy/star/324307310358849536.fits,84,52000,288,175,3851,3767
legacy/star/327739709574899712.fits,199,51928,291,374,3853,3654
legacy/star/331062434687117312.fits,172,51986,294,174,3853,3681
legacy/star/333314234467248128.fits,153,51984,296,174,3853,3700
legacy/star/338979737252685824.fits,17,51641,301,305,3855,3838
legacy/star/339071821351512064.fits,12,51641,301,640,3855,3843
legacy/star/340046812868012032.fits,56,51616,302,91,3860,3804
legacy/star/342321708146911232.fits,73,51957,304,175,3849,3776
legacy/star/343502577863780352.fits,77,51613,305,375,3860,3783
legacy/star/349056217420687360.fits,6,51990,310,99,3851,3845
legacy/star/349132077448325120.fits,109,51616,310,375,3862,3753
legacy/star/352431712799582208.fits,89,51673,313,91,3873,3784
legacy/star/354834420416407552.fits,123,51663,315,640,3859,3736
legacy/star/377352424207181824.fits,109,52000,335,640,3852,3743
legacy/star/382854105346893824.fits,82,51990,340,175,3851,3769
legacy/star/384107818447300608.fits,118,51690,341,640,3878,3760
legacy/star/389737318031845376.fits,149,51693,346,640,3882,3733
legacy/star/394112824521025536.fits,158,51691,350,174,3882,3724
legacy/star/396364624385042432.fits,184,51694,352,174,3879,3695
legacy/star/405372099960530944.fits,79,51780,360,175,3869,3790
legacy/star/409854812557961216.fits,42,52000,364,99,3868,3826
legacy/star/409901541802141696.fits,17,52000,364,269,3868,3851
legacy/star/447030121870682112.fits,149,51794,397,174,3861,3712
legacy/star/454907298351966208.fits,378,51812,404,159,3868,3490
legacy/star/456092571953817600.fits,212,51816,405,375,3868,3656
legacy/star/457218471877437440.fits,211,51817,406,375,3858,3647
legacy/star/458344371834611712.fits,211,51820,407,375,3864,3653
legacy/star/458417214479951872.fits,90,51820,407,640,3864,3774
legacy/star/463973873415645184.fits,198,51942,412,375,3869,3671
legacy/star/465021705966872576.fits,70,51821,413,91,3863,3793
legacy/star/465044520833148928.fits,151,51821,413,174,3863,3712
legacy/star/468524200089380864.fits,20,51811,416,545,3863,3843
legacy/star/469548120460519424.fits,71,51821,417,174,3863,3792
legacy/star/471799920123209728.fits,73,51812,419,174,3864,3791
legacy/star/475173496658356224.fits,376,51811,422,159,3867,3491
legacy/star/480862096435734528.fits,135,51900,427,374,3861,3726
legacy/star/481988270935271424.fits,201,51883,428,375,3850,3649
legacy/star/485310720095840256.fits,147,51877,431,174,3856,3709
legacy/star/496549103170250752.fits,46,51868,441,99,3856,3810
legacy/star/503325118605322240.fits,66,51877,447,174,3866,3800
legacy/star/504451018898040832.fits,125,51900,448,174,3856,3731
legacy/star/513513468779849728.fits,156,51910,456,375,3868,3712
legacy/star/521394493216286720.fits,201,51908,463,374,3852,3651
legacy/star/523570701639116800.fits,35,51910,465,99,3857,3822
legacy/star/529220817335117824.fits,118,51929,470,174,3859,3741
legacy/star/531600710689646592.fits,68,51955,472,640,3854,3786
legacy/star/543857516342175744.fits,83,51942,483,174,3858,3775
legacy/star/543912766130382848.fits,201,51902,483,375,3855,3654
legacy/star/546211020427782144.fits,24,51909,485,544,3872,3848
legacy/star/559641006547429376.fits,12,51989,497,250,3849,3837
legacy/star/560725399621888000.fits,46,51973,498,99,3852,3806
legacy/star/565249614823843840.fits,60,51957,502,174,3858,3798
legacy/star/572005021126780928.fits,170,52366,508,174,3852,3682
legacy/star/575382725377157120.fits,140,52636,511,174,3857,3717
legacy/star/579886590067763200.fits,130,52051,515,175,3851,3721
legacy/star/582138389428463616.fits,185,52024,517,175,3850,3665
legacy/star/594500198625994752.fits,71,52022,528,91,3857,3786
legacy/star/597936722319271936.fits,14,52028,531,305,3856,3842
legacy/star/597955963772758016.fits,95,52028,531,375,3856,3761
legacy/star/600280055905544192.fits,17,51994,533,638,3852,3835
legacy/star/602404587332200448.fits,170,51999,535,175,3853,3683
legacy/star/605882068236265472.fits,4,52029,538,538,3854,3850
legacy/star/616017090368792576.fits,14,51959,547,545,3854,3840
legacy/star/626103735700973568.fits,189,51991,556,376,3856,3667
legacy/star/636181313451223040.fits,57,52225,565,174,3855,3798
legacy/star/642936713915688960.fits,81,52286,571,174,3869,3788
legacy/star/645188514383685632.fits,133,52325,573,174,3856,3723
legacy/star/646314414793844736.fits,121,52355,574,174,3852,3731
legacy/star/649725374942439424.fits,47,52367,577,295,3852,3805
legacy/star/650818014152779776.fits,103,52339,578,174,3856,3753
legacy/star/656473622323423232.fits,16,52055,583,269,3852,3836
legacy/star/662205101393340416.fits,200,52045,588,640,3851,3651
legacy/star/686974899528427520.fits,199,52056,610,640,3853,3654
legacy/star/691477697691412480.fits,14,53437,614,637,3856,3842
legacy/star/693566477072099328.fits,5,52374,616,44,3853,3848
legacy/star/706042631653713920.fits,139,52144,627,376,3853,3714
legacy/star/707168255659239424.fits,204,52083,628,375,3852,3648
legacy/star/707241098304579584.fits,136,52083,628,640,3852,3716
legacy/star/710618797538568192.fits,176,52054,631,640,3846,3670
legacy/star/713868405748295680.fits,88,52149,634,174,3855,3767
legacy/star/713868405999953920.fits,84,52164,634,174,3855,3771
legacy/star/713923656207591424.fits,204,52149,634,375,3855,3651
legacy/star/713970110825523200.fits,16,52164,634,544,3855,3839
legacy/star/715096285291505664.fits,4,52145,635,545,3855,3851
legacy/star/716120206014965760.fits,96,52176,636,174,3856,3760
legacy/star/720623805675890688.fits,109,52178,640,174,3856,3747
legacy/star/721804956008474624.fits,201,52176,641,375,3867,3666
legacy/star/721877799039690752.fits,8,52199,641,640,3869,3861
legacy/star/727415219910895616.fits,7,52523,646,305,3859,3852
legacy/star/728525727158265856.fits,5,52553,647,249,3858,3853
legacy/star/735286617312356352.fits,11,52145,653,269,3858,3847
legacy/star/751023377786890240.fits,197,52163,667,175,3848,3651
legacy/star/814201591434340352.fits,56,52201,723,640,3856,3800
legacy/star/815254649585035264.fits,20,52254,724,375,3853,3833
legacy/star/815301103682873344.fits,5,52238,724,544,3851,3846
legacy/star/817552902976464896.fits,7,52207,726,544,3852,3845
legacy/star/820828902250276864.fits,182,52468,729,174,3862,3680
legacy/star/823080701929744384.fits,174,52460,731,174,3861,3687
legacy/star/826458122812942336.fits,105,52224,734,173,3853,3748
legacy/star/826513373272238080.fits,8,52224,734,374,3853,3845
legacy/star/831017252760348672.fits,93,52521,738,375,3853,3760
legacy/star/832087902191118336.fits,163,52520,739,174,3859,3696
legacy/star/832143148355446784.fits,204,52264,739,375,3848,3644
legacy/star/832189607016687616.fits,23,52520,739,544,3859,3836
legacy/star/833269048245512192.fits,204,52263,740,375,3850,3646
legacy/star/840070901633411072.fits,8,52238,746,544,3853,3845
legacy/star/847952200897423360.fits,5,52233,753,544,3849,3844
legacy/star/848976395961919488.fits,9,52232,754,174,3856,3847
legacy/star/851228201563744256.fits,163,52577,756,174,3855,3692
legacy/star/859109220295927808.fits,147,52235,763,173,3855,3708
legacy/star/865993026223237120.fits,203,54530,769,640,3855,3652
legacy/star/874927345754990592.fits,114,52320,777,375,3851,3737
legacy/star/875997995487750144.fits,85,52337,778,174,3853,3768
legacy/star/886186344823416832.fits,205,52320,787,375,3854,3649
legacy/star/891815844911278080.fits,205,52353,792,375,3854,3649
legacy/star/895240274295416832.fits,4,52378,795,545,3853,3849
legacy/star/916530393912469504.fits,133,52443,814,174,3852,3719
legacy/star/916585369493858304.fits,204,52443,814,374,3852,3648
legacy/star/921162085839169536.fits,9,52395,818,640,3851,3842
legacy/star/923265177426618368.fits,14,52438,820,99,3848,3834
legacy/star/930040915433646080.fits,27,52295,826,173,3853,3826
legacy/star/932272374651316224.fits,53,52317,828,99,3851,3798
legacy/star/932292990494337024.fits,177,52317,828,174,3851,3674
legacy/star/937922489978218496.fits,97,52314,833,174,3850,3753
legacy/star/943585250812913664.fits,115,52378,838,295,3855,3740
legacy/star/945905770036226048.fits,9,52374,840,545,3851,3842
legacy/star/946929690256369664.fits,105,52375,841,174,3851,3746
legacy/star/948111115517192192.fits,203,52376,842,376,3851,3648
legacy/star/964969926265694208.fits,12,52314,857,268,3851,3839
legacy/star/964999338201737216.fits,203,52314,857,375,3851,3648
legacy/star/968449880651491328.fits,199,52319,860,640,3853,3654
legacy/star/969502937896216576.fits,203,52318,861,375,3852,3649
legacy/star/973951287148177408.fits,171,52323,865,174,3848,3677
legacy/star/979708879820580864.fits,201,52325,870,640,3854,3653
legacy/star/995398636693121024.fits,205,52374,884,375,3854,3649
legacy/star/997650436624246784.fits,206,52381,886,375,3854,3648
legacy/star/1003326393930508288.fits,4,52584,891,544,3856,3852
legacy/star/1008909164354758656.fits,204,52592,896,374,3856,3652
legacy/star/1011085372978915328.fits,78,52606,898,99,3857,3779
legacy/star/1011160964403324928.fits,205,52606,898,374,3857,3652
legacy/star/1012231888963659776.fits,205,52620,899,174,3861,3656
legacy/star/1012265149190400000.fits,101,52620,899,295,3861,3760
legacy/star/1012333593789229056.fits,7,52620,899,544,3861,3854
legacy/star/1013357789155715072.fits,160,52637,900,174,3854,3694
legacy/star/1014516949356406784.fits,99,52641,901,295,3861,3762
legacy/star/1015737403370924032.fits,170,52409,902,639,3862,3692
legacy/star/1015737678248830976.fits,205,52409,902,640,3862,3657
legacy/star/1016863028248864768.fits,17,52400,903,638,3853,3836
legacy/star/1017989477592754176.fits,90,52381,904,640,3853,3763
legacy/star/1018987288790591488.fits,195,52643,905,174,3858,3663
legacy/star/1019007904633612288.fits,23,52643,905,249,3858,3835
legacy/star/1021264922597681152.fits,23,52373,907,268,3851,3828
legacy/star/1022364983981271040.fits,118,52373,908,174,3852,3734
legacy/star/1022493077085906944.fits,71,52373,908,640,3852,3781
legacy/star/1024616783862065152.fits,46,52377,910,174,3866,3820
legacy/star/1026904593520420864.fits,10,52427,912,305,3854,3844
legacy/star/1026970014462273536.fits,15,52427,912,543,3854,3839
legacy/star/1026996677619247104.fits,198,52427,912,640,3854,3656
legacy/star/1029222094086367232.fits,7,52721,914,544,3854,3847
legacy/star/1032600063299315712.fits,7,52400,917,545,3854,3847
legacy/star/1033725963273267200.fits,7,52404,918,545,3852,3845
legacy/star/1038255676670896128.fits,114,52426,922,640,3850,3736
legacy/star/1040405221617985536.fits,4,52409,924,268,3857,3853
legacy/star/1041633101261858816.fits,122,52411,925,639,3861,3739
legacy/star/1041633376139765760.fits,204,52411,925,640,3861,3657
legacy/star/1043777701174863872.fits,16,52559,927,249,3855,3839
legacy/star/1043809861889976320.fits,4,52559,927,366,3855,3851
legacy/star/1043812336093128704.fits,204,52577,927,375,3857,3653
legacy/star/1047114170199205888.fits,78,52618,930,99,3856,3778
legacy/star/1050512486165407744.fits,170,52642,933,174,3855,3685
legacy/star/1052743670152849408.fits,53,52643,935,99,3850,3797
legacy/star/1052764285995870208.fits,163,52643,935,174,3850,3687
legacy/star/1053945162524289024.fits,160,52705,936,374,3860,3700
legacy/star/1055071062464686080.fits,204,52707,937,374,3853,3649
legacy/star/1064002669372270592.fits,9,52652,945,99,3856,3847
legacy/star/1068654974172424192.fits,196,52427,949,640,3850,3654
legacy/star/1069652780152547328.fits,29,52378,950,174,3850,3821
legacy/star/1071883964643305472.fits,10,52409,952,99,3858,3848
legacy/star/1076434018502731776.fits,4,52401,956,268,3853,3849
legacy/star/1079819140094519296.fits,78,52411,959,295,3856,3778
legacy/star/1086574539988559872.fits,884,52438,965,295,3851,2967
legacy/star/1089918979046139904.fits,43,52412,968,174,3856,3813
legacy/star/1091078139683039232.fits,133,52442,969,295,3851,3718
legacy/star/1094477554640775168.fits,202,52435,972,374,3852,3650
legacy/star/1095676297041963008.fits,200,52426,973,639,3847,3647
legacy/star/1101177978601105408.fits,169,52441,978,174,3850,3681
legacy/star/1101232954182494208.fits,182,52441,978,374,3850,3668
legacy/star/1101305796660062208.fits,198,52431,978,639,3847,3649
legacy/star/1101306071705741312.fits,179,52441,978,640,3850,3671
legacy/star/1106807753046779904.fits,172,52443,983,175,3848,3676
legacy/star/1113690971133995008.fits,205,52468,989,640,3860,3655
legacy/star/1122625057328228352.fits,62,52734,997,374,3860,3798
legacy/star/1127201773405104128.fits,4,52670,1001,640,3860,3856
legacy/star/1130579474014824448.fits,7,52723,1004,640,3860,3853
legacy/star/1140639730262632448.fits,202,52707,1013,375,3855,3653
legacy/star/1141710379710179328.fits,122,52707,1014,174,3857,3735
legacy/star/1142937984476145664.fits,17,52709,1015,544,3855,3838
legacy/star/1147339879244392448.fits,108,52707,1019,174,3849,3741
legacy/star/1168731976903976960.fits,79,52673,1038,174,3854,3775
legacy/star/1168860070008612864.fits,200,52673,1038,640,3854,3654
legacy/star/1186848077605005312.fits,5,52516,1054,544,3858,3853
legacy/star/1190124347478534144.fits,166,52522,1057,175,3854,3688
legacy/star/1192396489867945984.fits,4,52618,1059,249,3862,3858
legacy/star/1193535034460497920.fits,46,52636,1060,295,3858,3812
legacy/star/1194653787625646080.fits,8,52641,1061,269,3857,3849
legacy/star/1308322674547648512.fits,73,52668,1162,98,3856,3783
legacy/star/1308343290390669312.fits,166,52668,1162,173,3856,3690
legacy/star/1311721265576306688.fits,181,52703,1165,174,3860,3679
legacy/star/1312847166288455680.fits,95,52751,1166,174,3856,3761
legacy/star/1314101159081830400.fits,202,52738,1167,640,3857,3655
legacy/star/1317350491121805312.fits,84,52756,1170,173,3857,3773
legacy/star/1325287316947757056.fits,202,52824,1177,375,3853,3651
legacy/star/1333113362766129152.fits,151,52641,1184,174,3861,3710
legacy/star/1335466867489269760.fits,3,52646,1186,544,3857,3854
legacy/star/1337616962544494592.fits,92,52650,1188,174,3855,3763
legacy/star/1339924013153019904.fits,205,52670,1190,375,3854,3649
legacy/star/1342120562155087872.fits,204,52649,1192,174,3857,3653
legacy/star/1344372362874742784.fits,86,52703,1194,174,3857,3771
legacy/star/1350001587531048960.fits,16,52703,1199,173,3860,3844
legacy/star/1352308912195397632.fits,204,52674,1201,375,3854,3650
legacy/star/1355686611832039424.fits,204,52669,1204,375,3857,3653
legacy/star/1359008786265696256.fits,72,52672,1207,173,3861,3789
legacy/star/1365764465617823744.fits,106,52972,1213,174,3866,3760
legacy/star/1370268060212029440.fits,110,52672,1217,174,3857,3747
legacy/star/1370396153316665344.fits,52,52672,1217,640,3857,3805
legacy/star/1384904759000983552.fits,151,52672,1230,174,3859,3708
legacy/star/1386132364622587904.fits,14,52725,1231,544,3854,3840
legacy/star/1389408359500769280.fits,98,52724,1234,174,3860,3762
legacy/star/1392887764684400640.fits,23,52762,1237,544,3854,3831
legacy/star/1430042190574282752.fits,11,52991,1270,543,3848,3837
legacy/star/1434572453425735680.fits,201,52995,1274,640,3854,3653
legacy/star/1435698353349355520.fits,80,52996,1275,640,3850,3770
legacy/star/1442325380731004928.fits,30,52753,1281,173,3859,3829
legacy/star/1444705548678227968.fits,49,52762,1283,640,3858,3809
legacy/star/1448083247777998848.fits,203,52725,1286,640,3855,3652
legacy/star/1450186338744690688.fits,71,52731,1288,99,3855,3784
legacy/star/1451332579666978816.fits,31,52734,1289,173,3855,3824
legacy/star/1453584654425679872.fits,71,52738,1291,174,3852,3781
legacy/star/1455891430273738752.fits,206,52765,1293,374,3856,3650
legacy/star/1455964547796985856.fits,201,52765,1293,640,3856,3655
legacy/star/1459193266997061632.fits,80,52962,1296,98,3850,3770
legacy/star/1460319166920681472.fits,18,52963,1297,98,3849,3831
legacy/star/1461521208024524800.fits,201,52964,1298,375,3861,3660
legacy/star/1464843932364990464.fits,134,52976,1301,175,3850,3716
legacy/star/1466097646925015040.fits,18,52763,1302,640,3859,3841
legacy/star/1481860246073796608.fits,79,52790,1316,640,3856,3777
legacy/star/1487416902526461952.fits,206,52764,1321,375,3855,3649
legacy/star/1494172302252730368.fits,204,52781,1327,375,3854,3650
legacy/star/1496368851372238848.fits,195,52767,1329,174,3852,3657
legacy/star/1496423826953627648.fits,204,52767,1329,374,3852,3648
legacy/star/1496496944476874752.fits,202,52767,1329,640,3852,3650
legacy/star/1501000544355903488.fits,14,52782,1333,640,3854,3840
legacy/star/1503222383182374912.fits,4,52824,1335,531,3860,3856
legacy/star/1503252344874231808.fits,67,52824,1335,640,3860,3793
legacy/star/1507627850440665088.fits,109,52767,1339,174,3857,3748
legacy/star/1519014943117043712.fits,4,52797,1349,640,3857,3853
legacy/star/1521138374830745600.fits,52,52790,1351,173,3857,3805
legacy/star/1524533942017878016.fits,4,52814,1354,238,3855,3851
legacy/star/1540278678179571712.fits,190,53084,1368,173,3861,3671
legacy/star/1542530752971827200.fits,115,53090,1370,174,3858,3743
legacy/star/1547060191005009920.fits,3,53083,1374,268,3858,3855
legacy/star/1547089328063145984.fits,208,53083,1374,374,3858,3650
legacy/star/1547162445586393088.fits,204,53083,1374,640,3858,3654
legacy/star/1548215227986765824.fits,207,53084,1375,374,3857,3650
legacy/star/1550467027230025728.fits,165,53050,1377,374,3861,3696
legacy/star/1550540144753272832.fits,22,53050,1377,640,3861,3839
legacy/star/1553891456765159424.fits,4,53084,1380,544,3859,3855
legacy/star/1555017356755888128.fits,5,53089,1381,544,3860,3855
legacy/star/1562925044886169600.fits,110,53119,1388,640,3864,3754
legacy/star/1569552625915947008.fits,167,53108,1394,175,3857,3690
legacy/star/1574184044407580672.fits,193,53146,1398,640,3862,3669
legacy/star/1575181576768088064.fits,128,53172,1399,173,3858,3730
legacy/star/1575202192611108864.fits,3,53172,1399,248,3858,3855
legacy/star/1575236827227383808.fits,168,53172,1399,374,3858,3690
legacy/star/1577488626571307008.fits,211,53144,1401,374,3861,3650
legacy/star/1581937520160040960.fits,181,52826,1405,175,3858,3677
legacy/star/1586568937980585984.fits,111,52824,1409,640,3860,3749
legacy/star/1597699849313085440.fits,125,53144,1419,174,3861,3736
legacy/star/1602331542430967808.fits,111,53167,1423,640,3856,3745
legacy/star/1604434629035583488.fits,62,52913,1425,99,3849,3787
legacy/star/1604455244878604288.fits,201,52913,1425,174,3849,3648
legacy/star/1604510495337900032.fits,203,52913,1425,375,3849,3646
legacy/star/1605682576075286528.fits,14,52993,1426,543,3849,3835
legacy/star/1606706771206891520.fits,16,52996,1427,173,3849,3833
legacy/star/1606762021666187264.fits,199,52996,1427,374,3849,3650
legacy/star/1607934375972857856.fits,4,52998,1428,543,3860,3856
legacy/star/1616941576167122944.fits,23,53054,1436,543,3871,3848
legacy/star/1629225046302025728.fits,64,53120,1447,174,3859,3795
legacy/star/1638231970158766080.fits,47,53089,1455,173,3859,3812
legacy/star/1639459850205292544.fits,3,53115,1456,544,3861,3858
legacy/star/1643963450218539008.fits,7,53138,1460,544,3862,3855
legacy/star/1646113819648354304.fits,160,53112,1462,175,3857,3697
legacy/star/1647367536959842304.fits,160,53063,1463,640,3863,3703
legacy/star/1648365344231811072.fits,56,53091,1464,174,3859,3803
legacy/star/1765586479200888832.fits,11,53169,1568,638,3857,3846
legacy/star/1765587028956702720.fits,122,53169,1568,640,3857,3735
legacy/star/1766712928846768128.fits,104,53168,1569,640,3858,3754
legacy/star/1767838278679029760.fits,10,53149,1570,638,3860,3850
legacy/star/1768833611999504384.fits,4,53174,1571,163,3858,3854
legacy/star/1770090628718290944.fits,140,53177,1572,640,3859,3719
legacy/star/1773340240635783168.fits,129,53493,1575,174,3852,3723
legacy/star/1781198715822827520.fits,14,52939,1582,91,3852,3838
legacy/star/1781257539694913536.fits,10,52939,1582,305,3852,3842
legacy/star/1781323235514673152.fits,16,52939,1582,544,3852,3836
legacy/star/1782326814786480128.fits,29,52941,1583,99,3866,3837
legacy/star/1782347430629500928.fits,30,52941,1583,174,3866,3836
legacy/star/1790229005408954368.fits,122,52974,1590,175,3852,3730
legacy/star/1791354905349351424.fits,165,52976,1591,175,3849,3684
legacy/star/1795986323589326848.fits,199,52999,1595,640,3858,3659
legacy/star/1802613631871903744.fits,52,53115,1601,174,3858,3806
legacy/star/1804865706630604800.fits,83,53119,1603,175,3861,3778
legacy/star/1816179681213310976.fits,206,53115,1613,375,3859,3653
legacy/star/1816226135579584512.fits,8,53115,1613,544,3859,3851
legacy/star/1830760860654528512.fits,159,53472,1626,173,3865,3706
legacy/star/1833012660501768192.fits,90,53474,1628,173,3864,3774
legacy/star/1848876958000113664.fits,3,53115,1642,543,3863,3860
legacy/star/1850029521533691904.fits,192,53143,1643,640,3861,3669
legacy/star/1851155421457311744.fits,206,53144,1644,640,3860,3654
legacy/star/1855530653555124224.fits,82,53171,1648,173,3856,3774
legacy/star/1859036450926913536.fits,118,53442,1651,639,3858,3740
legacy/star/1865664308327770112.fits,69,53520,1657,175,3854,3785
legacy/star/1868017533123061760.fits,20,53224,1659,544,3858,3838
legacy/star/1880428823967721472.fits,84,53438,1670,640,3862,3778
legacy/star/1895065522723121152.fits,199,53436,1683,640,3860,3661
legacy/star/1897168339164227584.fits,82,53463,1685,98,3877,3795
legacy/star/1897188955007248384.fits,30,53463,1685,173,3877,3847
legacy/star/1901820642940971008.fits,188,53177,1689,639,3861,3673
legacy/star/1903944900798343168.fits,58,53260,1691,175,3857,3799
legacy/star/1906324521959319552.fits,203,53446,1693,640,3858,3655
legacy/star/1909702216143366144.fits,204,53116,1696,640,3859,3655
legacy/star/1910828116486416384.fits,208,53142,1697,640,3857,3649
legacy/star/1918581048455751680.fits,165,53178,1704,173,3855,3690
legacy/star/1921959034915678208.fits,128,53885,1707,174,3847,3719
legacy/star/1925336728244086784.fits,142,53504,1710,174,3863,3721
legacy/star/1928769408965044224.fits,199,53827,1713,374,3844,3645
legacy/star/1932092133104183296.fits,148,53827,1716,174,3845,3697
legacy/star/1934343933303744512.fits,157,53850,1718,174,3848,3691
legacy/star/1945731015041378304.fits,150,53228,1728,640,3862,3712
legacy/star/1946856925517867008.fits,196,53858,1729,640,3844,3648
legacy/star/1949082337488693248.fits,18,53884,1731,544,3843,3825
legacy/star/1951287394015668224.fits,94,53047,1733,374,3862,3768
legacy/star/1951360511538915328.fits,11,53047,1733,640,3862,3851
legacy/star/1956916893616990208.fits,208,53051,1738,374,3861,3653
legacy/star/1961493610801162240.fits,138,53053,1742,640,3870,3732
legacy/star/1978309542139684864.fits,206,53083,1757,376,3860,3654
legacy/star/1979379641848195072.fits,31,53084,1758,173,3862,3831
legacy/star/1982885714450212864.fits,15,53376,1761,640,3867,3852
legacy/star/1988387122423293952.fits,76,53468,1766,174,3857,3781
legacy/star/1990766465149593600.fits,14,53442,1768,638,3862,3848
legacy/star/1992945967527127040.fits,207,53171,1770,375,3857,3650
legacy/star/2000900121029535744.fits,52,53857,1777,640,3848,3796
legacy/star/2007655237690615808.fits,201,53386,1783,639,3858,3657
legacy/star/2021093487612553216.fits,200,54507,1795,375,3847,3647
legacy/star/2023345287426238464.fits,201,54507,1797,375,3848,3647
legacy/star/2045936117202577408.fits,200,53851,1817,640,3845,3645
legacy/star/2046989186006804480.fits,175,54539,1818,375,3851,3676
legacy/star/2051437237362518016.fits,23,53172,1822,173,3854,3831
legacy/star/2052691517230835712.fits,99,53886,1823,640,3848,3749
legacy/star/2055940842476038144.fits,80,53499,1826,173,3859,3779
legacy/star/2059446910095222784.fits,177,53494,1829,640,3852,3675
legacy/star/2061626159975655424.fits,202,54557,1831,376,3849,3647
legacy/star/2062732813429401600.fits,11,54259,1832,306,3843,3832
legacy/star/2068453834472056832.fits,196,53494,1837,639,3855,3659
legacy/star/2078495135804450816.fits,7,54173,1846,305,3848,3841
legacy/star/2085316220344625152.fits,6,53534,1852,544,3858,3852
legacy/star/2086395666422065152.fits,206,53566,1853,375,3855,3649
legacy/star/2098725310693402624.fits,39,53313,1864,174,3854,3815
legacy/star/2098827015518971904.fits,6,53313,1864,544,3854,3848
legacy/star/2106708041180145664.fits,5,53384,1871,543,3862,3857
legacy/star/2168586355444049920.fits,206,53317,1926,375,3851,3645
legacy/star/2173034705115441152.fits,20,53347,1930,174,3857,3837
legacy/star/2174160880084740096.fits,44,53358,1931,175,3861,3817
legacy/star/2174181495927760896.fits,5,53358,1931,250,3861,3856
legacy/star/2175286504979458048.fits,58,53350,1932,174,3861,3803
legacy/star/2176513835354056704.fits,4,53381,1933,543,3861,3857
legacy/star/2182096880488441856.fits,206,53379,1938,374,3857,3651
legacy/star/2184293704787847168.fits,79,53383,1940,174,3857,3778
legacy/star/2185419879622928384.fits,87,53386,1941,175,3860,3773
legacy/star/2186600480719792128.fits,203,53415,1942,374,3859,3656
legacy/star/2188817920291792896.fits,18,53385,1944,249,3866,3848
legacy/star/2193301179004381184.fits,97,53388,1948,175,3858,3761
legacy/star/2195607955204761600.fits,204,53436,1950,375,3853,3649
legacy/star/2196733579445168128.fits,206,53389,1951,374,3858,3652
legacy/star/2201237454839638016.fits,205,53442,1955,375,3861,3656
legacy/star/2218125677624846336.fits,204,53386,1970,374,3866,3662
legacy/star/2222676007234594816.fits,4,53430,1974,544,3866,3862
legacy/star/2229329701900412928.fits,12,53433,1980,174,3862,3850
legacy/star/2232834945120757760.fits,4,53442,1983,638,3863,3859
legacy/star/2233812685684762624.fits,37,53433,1984,99,3866,3829
legacy/star/2233934731475445760.fits,4,53433,1984,543,3866,3862
legacy/star/2237211006818347008.fits,79,53765,1987,174,3847,3768
legacy/star/2249723993328216064.fits,107,53433,1998,640,3862,3755
legacy/star/2250721526426920960.fits,5,53503,1999,173,3856,3851
legacy/star/2250776776886216704.fits,18,53503,1999,374,3856,3838
legacy/star/2250849894409463808.fits,66,53503,1999,640,3856,3790
legacy/star/2253101694055376896.fits,198,53493,2001,640,3853,3655
legacy/star/2255225399908788224.fits,54,53442,2003,174,3864,3810
legacy/star/2261980807100917760.fits,120,53904,2009,174,3849,3729
legacy/star/2270983601094944768.fits,3,53474,2017,158,3872,3869
legacy/star/2283399017289246720.fits,20,53818,2028,269,3847,3827
legacy/star/2286750604111931392.fits,126,53848,2031,174,3861,3735
legacy/star/2286786613117741056.fits,15,53848,2031,305,3861,3846
legacy/star/2292380371779610624.fits,8,53446,2036,175,3855,3847
legacy/star/2343173684321085440.fits,52,53357,2081,640,3864,3812
legacy/star/2344213822337738752.fits,5,53358,2082,328,3867,3862
legacy/star/2345352091767171072.fits,3,53359,2083,373,3868,3865
legacy/star/2347528575369897984.fits,40,53379,2085,99,3867,3827
legacy/star/2350926617968142336.fits,164,53493,2088,173,3870,3706
legacy/star/2354304866672732160.fits,211,53447,2091,175,3856,3645
legacy/star/2358807916997273600.fits,26,53474,2095,173,3862,3836
legacy/star/2361115242433374208.fits,208,53491,2097,375,3859,3651
legacy/star/2366689501977274368.fits,132,54115,2102,174,3863,3731
legacy/star/2379094731062798336.fits,21,53468,2113,248,3863,3842
legacy/star/2381326191035443200.fits,30,53535,2115,174,3858,3828
legacy/star/2394816379510351872.fits,43,53859,2127,99,3850,3807
