./southern/758904402894415872.fits,59,52201,674,174,3855,3796
./southern/759032495999051776.fits,21,52201,674,640,3855,3834
./southern/760030309327595520.fits,64,52590,675,174,3862,3798
./southern/762282109409716224.fits,178,52606,677,174,3860,3682
./southern/763400042521323520.fits,3856,52884,678,145,3856,0
./southern/763408288858531840.fits,111,52884,678,175,3856,3745
./southern/763463264439920640.fits,132,52884,678,375,3856,3724
./southern/764661995130611712.fits,199,52177,679,640,3850,3651
./southern/765639186475673600.fits,29,52200,680,99,3851,3822
./southern/765659802318694400.fits,144,52200,680,174,3851,3707
./southern/765698834981480448.fits,3851,52200,680,316,3851,0
./southern/765714777900083200.fits,204,52200,680,374,3851,3647
./southern/765787620545423360.fits,56,52200,680,639,3851,3795
./southern/765787895423330304.fits,200,52200,680,640,3851,3651
./southern/766785702208759808.fits,114,52199,681,174,3852,3738
./southern/766824734871545856.fits,3852,52199,681,316,3852,0
./southern/766840677790148608.fits,204,52199,681,374,3852,3648
./southern/766913520435488768.fits,39,52199,681,639,3852,3813
./southern/766913795313395712.fits,201,52199,681,640,3852,3651
./southern/767911332707067904.fits,153,52525,682,173,3860,3707
./southern/767966858044270592.fits,75,52525,682,375,3860,3785
./southern/768013312410544128.fits,8,52525,682,544,3860,3852
./southern/768015511433799680.fits,3860,52525,682,552,3860,0
./southern/769037232597133312.fits,150,52524,683,173,3859,3709
./southern/769139212300609536.fits,5,52524,683,544,3859,3854
./southern/769141411323865088.fits,3859,52524,683,552,3859,0
./southern/770163407365105664.fits,141,52523,684,174,3860,3719
./southern/770218657824401408.fits,205,52523,684,375,3860,3655
./southern/770265112190674944.fits,14,52523,684,544,3860,3846
./southern/770267311213930496.fits,3860,52523,684,552,3860,0
./southern/771289301903239168.fits,8,52203,685,174,3856,3848
./southern/771300297019516928.fits,3856,52203,685,214,3856,0
./southern/771315140426491904.fits,6,52203,685,268,3856,3850
./southern/771331907978815488.fits,3856,52203,685,329,3856,0
./southern/771356921868347392.fits,3856,52203,685,420,3856,0
./southern/772394591268661248.fits,54,52519,686,99,3852,3798
./southern/772415207111682048.fits,186,52519,686,174,3852,3666
./southern/772420154914007040.fits,3852,52519,686,192,3852,0
./southern/772428951007029248.fits,3852,52519,686,224,3852,0
./southern/772442420024469504.fits,3852,52519,686,273,3852,0
./southern/772487225123301376.fits,3852,52519,686,436,3852,0
./southern/772518011448879104.fits,20,52519,686,548,3852,3832
./southern/772538352413992960.fits,3852,52519,686,622,3852,0
./southern/772543025338411008.fits,11,52519,686,639,3852,3841
./southern/773520491158726656.fits,7,52518,687,99,3855,3848
./southern/773541107001747456.fits,159,52518,687,174,3855,3696
./southern/773546054804072448.fits,3855,52518,687,192,3855,0
./southern/773554850897094656.fits,3855,52518,687,224,3855,0
./southern/773568319914534912.fits,3855,52518,687,273,3855,0
./southern/773613125013366784.fits,3855,52518,687,436,3855,0
./southern/773664252304058368.fits,3855,52518,687,622,3855,0
./southern/773668925228476416.fits,4,52518,687,639,3855,3851
./southern/774667001623767040.fits,9,52203,688,174,3854,3845
./southern/774795094728402944.fits,76,52203,688,640,3854,3778
./southern/775792902520465408.fits,74,52262,689,174,3854,3780
./southern/775920995625101312.fits,17,52262,689,640,3854,3837
./southern/776918802410530816.fits,34,52261,690,174,3854,3820
./southern/777046895515166720.fits,46,52261,690,640,3854,3808
./southern/778044701277186048.fits,167,52199,691,174,3849,3682
./southern/778099951736481792.fits,202,52199,691,375,3849,3647
./southern/778146406102755328.fits,16,52199,691,544,3849,3833
./southern/779170601217583104.fits,181,52201,692,174,3851,3670
./southern/779191217060603904.fits,5,52201,692,249,3851,3846
./southern/779225851676878848.fits,202,52201,692,375,3851,3649
./southern/779272306043152384.fits,15,52201,692,544,3851,3836
./southern/780296502013618176.fits,58,52254,693,174,3857,3799
./southern/780424595118254080.fits,17,52254,693,640,3857,3840
./southern/781422401165486080.fits,181,52209,694,174,3852,3671
./southern/781477651624781824.fits,202,52209,694,375,3852,3650
./southern/782548300954888192.fits,162,52202,695,174,3851,3689
./southern/782603551414183936.fits,200,52202,695,375,3851,3651
./southern/783674200979171328.fits,179,52209,696,174,3854,3675
./southern/783696740967540736.fits,3854,52209,696,256,3854,0
./southern/783802294083807232.fits,16,52209,696,640,3854,3838
./southern/784800101171226624.fits,202,52226,697,174,3853,3651
./southern/784822641159596032.fits,3853,52226,697,256,3853,0
./southern/784928194275862528.fits,12,52226,697,640,3853,3841
./southern/785925725814286336.fits,30,52203,698,173,3851,3821
./southern/785930948494518272.fits,3851,52203,698,192,3851,0
./southern/785939744587540480.fits,3851,52203,698,224,3851,0
./southern/785953213604980736.fits,3851,52203,698,273,3851,0
./southern/785981251151489024.fits,203,52203,698,375,3851,3648
./southern/786027705517762560.fits,5,52203,698,544,3851,3846
./southern/786049145994504192.fits,3851,52203,698,622,3851,0
./southern/787051625704351744.fits,56,52202,699,173,3849,3793
./southern/787056848384583680.fits,3849,52202,699,192,3849,0
./southern/787065644477605888.fits,3849,52202,699,224,3849,0
./southern/787079113495046144.fits,3849,52202,699,273,3849,0
./southern/787107151041554432.fits,202,52202,699,375,3849,3647
./southern/787153605407827968.fits,5,52202,699,544,3849,3844
./southern/787175045884569600.fits,3849,52202,699,622,3849,0
./southern/788177525560862720.fits,23,52199,700,173,3852,3829
./southern/788182748241094656.fits,3852,52199,700,192,3852,0
./southern/788191544334116864.fits,3852,52199,700,224,3852,0
./southern/788205013351557120.fits,3852,52199,700,273,3852,0
./southern/788279505264338944.fits,5,52199,700,544,3852,3847
./southern/788300945741080576.fits,3852,52199,700,622,3852,0
./southern/789303700010067968.fits,171,52179,701,174,3851,3680
./southern/789308647812392960.fits,3851,52179,701,192,3851,0
./southern/789317443905415168.fits,3851,52179,701,224,3851,0
./southern/789330912922855424.fits,3851,52179,701,273,3851,0
./southern/789339709015877632.fits,14,52179,701,305,3851,3837
./southern/789426845312378880.fits,3851,52179,701,622,3851,0
./southern/789431518236796928.fits,12,52179,701,639,3851,3839
./southern/790452139888502784.fits,3853,52178,702,256,3853,0
./southern/790531304725702656.fits,3,52178,702,544,3853,3850
./southern/791555500327069696.fits,19,52209,703,174,3856,3837
./southern/791683593431705600.fits,52,52209,703,640,3856,3804
./southern/792681400166803456.fits,23,52205,704,174,3855,3832
./southern/792809493271439360.fits,53,52205,704,640,3855,3802
./southern/793799328530458624.fits,3852,52200,705,145,3852,0
./southern/793862550449055744.fits,204,52200,705,375,3852,3648
./southern/793909004815329280.fits,14,52200,705,544,3852,3838
./southern/794925228420524032.fits,3852,52199,706,145,3852,0
./southern/794988450339121152.fits,204,52199,706,375,3852,3648
./southern/795034904705394688.fits,6,52199,706,544,3852,3846
./southern/796059099417569280.fits,170,52177,707,174,3849,3679
./southern/796064047219894272.fits,3849,52177,707,192,3849,0
./southern/796072843312916480.fits,3849,52177,707,224,3849,0
./southern/796086312330356736.fits,3849,52177,707,273,3849,0
./southern/796182244719880192.fits,3849,52177,707,622,3849,0
./southern/797184999290857472.fits,159,52175,708,174,3849,3690
./southern/797189947093182464.fits,3849,52175,708,192,3849,0
./southern/797198743186204672.fits,3849,52175,708,224,3849,0
./southern/797212212203644928.fits,3849,52175,708,273,3849,0
./southern/797221008296667136.fits,4,52175,708,305,3849,3845
./southern/797308144593168384.fits,3849,52175,708,622,3849,0
./southern/798310899701016576.fits,171,52205,709,174,3851,3680
./southern/798349932363802624.fits,3851,52205,709,316,3851,0
./southern/798365875282405376.fits,204,52205,709,374,3851,3647
./southern/798438717927745536.fits,32,52205,709,639,3851,3819
./southern/798438992805652480.fits,200,52205,709,640,3851,3651
./southern/799428828115003392.fits,3845,52203,710,145,3845,0
./southern/799492050033600512.fits,204,52203,710,375,3845,3641
./southern/799538504399874048.fits,6,52203,710,544,3845,3839
./southern/800554728005068800.fits,3851,52202,711,145,3851,0
./southern/800616300656224256.fits,3,52202,711,369,3851,3848
./southern/800617949923665920.fits,204,52202,711,375,3851,3647
./southern/800664404289939456.fits,14,52202,711,544,3851,3837
./southern/801688599320881152.fits,196,52199,712,174,3851,3655
./southern/801711138973706240.fits,3851,52179,712,256,3851,0
./southern/801711139309250560.fits,3851,52199,712,256,3851,0
./southern/801743849780176896.fits,202,52199,712,375,3851,3649
./southern/801790303810906112.fits,17,52179,712,544,3851,3834
./southern/801816692425517056.fits,14,52199,712,640,3851,3837
./southern/802814498875402240.fits,164,52178,713,174,3852,3688
./southern/802819446677727232.fits,3852,52178,713,192,3852,0
./southern/802828242770749440.fits,3852,52178,713,224,3852,0
./southern/802841711788189696.fits,3852,52178,713,273,3852,0
./southern/802937644177713152.fits,3852,52178,713,622,3852,0
./southern/802942317102131200.fits,5,52178,713,639,3852,3847
./southern/803932427708819456.fits,3851,52201,714,145,3851,0
./southern/803995649627416576.fits,36,52201,714,375,3851,3815
./southern/804042103993690112.fits,14,52201,714,544,3851,3837
./southern/1195808549343619072.fits,206,52619,1062,374,3860,3654
./southern/1195857477611055104.fits,3860,52619,1062,552,3860,0
./southern/1196858582478383104.fits,42,52591,1063,98,3862,3820
./southern/1196879198321403904.fits,67,52591,1063,173,3862,3795
./southern/1196934448780699648.fits,207,52591,1063,374,3862,3655
./southern/1196983377048135680.fits,3862,52591,1063,552,3862,0
./southern/1197984482150344704.fits,75,52577,1064,98,3861,3786
./southern/1198005097993365504.fits,90,52577,1064,173,3861,3771
./southern/1198060348452661248.fits,206,52577,1064,374,3861,3655
./southern/1198109276720097280.fits,3861,52577,1064,552,3861,0
./southern/1199130998051203072.fits,76,52586,1065,173,3860,3784
./southern/1199186248510498816.fits,205,52586,1065,374,3860,3655
./southern/1199235176777934848.fits,3860,52586,1065,552,3860,0
./southern/1199259366033745920.fits,30,52586,1065,640,3860,3830
./southern/1200236282165356544.fits,64,52589,1066,98,3862,3798
./southern/1200256898008377344.fits,100,52589,1066,173,3862,3762
./southern/1200312148467673088.fits,178,52589,1066,374,3862,3684
./southern/1200361076735109120.fits,3862,52589,1066,552,3862,0
./southern/1201382798368204800.fits,7,52616,1067,173,3857,3850
./southern/1201438048827500544.fits,206,52616,1067,374,3857,3651
./southern/1201486977094936576.fits,3857,52616,1067,552,3857,0
./southern/1202612876968224768.fits,3860,52614,1068,552,3860,0
./southern/1203634872623589376.fits,120,52590,1069,174,3861,3741
./southern/1203668132850329600.fits,772,52590,1069,295,3861,3089
./southern/1204737957680932864.fits,61,52591,1070,91,3854,3793
./southern/1204760772547209216.fits,101,52591,1070,174,3854,3753
./southern/1204794032773949440.fits,146,52591,1070,295,3854,3708
./southern/1205886673292912640.fits,172,52641,1071,174,3862,3690
./southern/1205897668409190400.fits,3862,52641,1071,214,3862,0
./southern/1205922682298722304.fits,9,52641,1071,305,3862,3853
./southern/1205929279368488960.fits,3862,52641,1071,329,3862,0
./southern/1205954293258020864.fits,3862,52641,1071,420,3862,0
./southern/1207012573233309696.fits,133,52643,1072,174,3861,3728
./southern/1207140666337945600.fits,4,52643,1072,640,3861,3857
./southern/1208193448822204416.fits,170,52649,1073,374,3858,3688
./southern/1208242377089640448.fits,3858,52649,1073,552,3858,0
./southern/1209243762136475648.fits,27,52937,1074,99,3856,3829
./southern/1209264377979496448.fits,143,52937,1074,174,3856,3713
./southern/1209303410642282496.fits,3856,52937,1074,316,3856,0
./southern/1209392471084132352.fits,202,52937,1074,640,3856,3654
./southern/1210369661976209408.fits,26,52933,1075,99,3854,3828
./southern/1210390277819230208.fits,134,52933,1075,174,3854,3720
./southern/1210429310482016256.fits,3854,52933,1075,316,3854,0
./southern/1210518096045959168.fits,4,52933,1075,639,3854,3850
./southern/1210518370923866112.fits,203,52933,1075,640,3854,3651
./southern/1211516177407305728.fits,3,52914,1076,174,3854,3851
./southern/1211526897645676544.fits,4,52914,1076,213,3854,3850
./southern/1211527172523583488.fits,3854,52914,1076,214,3854,0
./southern/1211558783482882048.fits,3854,52914,1076,329,3854,0
./southern/1211583797372413952.fits,3854,52914,1076,420,3854,0
./southern/1212667911307552768.fits,9,52644,1077,268,3854,3845
./southern/1212697048365688832.fits,170,52644,1077,374,3854,3684
./southern/1212745976633124864.fits,3854,52644,1077,552,3854,0
./southern/1213767972674365440.fits,151,52643,1078,174,3859,3708
./southern/1213778967790643200.fits,3859,52643,1078,214,3859,0
./southern/1213810578749941760.fits,3859,52643,1078,329,3859,0
./southern/1213835592639473664.fits,3859,52643,1078,420,3859,0
./southern/1214893872212109312.fits,83,52621,1079,174,3855,3772
./southern/1214919985613268992.fits,10,52621,1079,269,3855,3845
./southern/1215996957135235072.fits,43,52614,1080,91,3858,3815
./southern/1216019772001511424.fits,129,52614,1080,174,3858,3729
./southern/1216053032228251648.fits,330,52614,1080,295,3858,3528
./southern/1217109111754221568.fits,3856,52531,1081,41,3856,0
./southern/1217145670515845120.fits,182,52531,1081,174,3856,3674
./southern/1217168210504214528.fits,3856,52531,1081,256,3856,0
./southern/1218235011526846464.fits,3857,52523,1082,41,3857,0
./southern/1218271845166376960.fits,78,52523,1082,175,3857,3779
./southern/1218294110276839424.fits,3857,52523,1082,256,3857,0
./southern/1218373275114039296.fits,6,52523,1082,544,3857,3851
./southern/1219360911383357440.fits,3857,52520,1083,41,3857,0
./southern/1219397745022887936.fits,125,52520,1083,175,3857,3732
./southern/1219420010133350400.fits,3857,52520,1083,256,3857,0
./southern/1219499174970550272.fits,15,52520,1083,544,3857,3842
./southern/1220515399783704576.fits,3857,52591,1084,145,3857,0
./southern/1220630573626714112.fits,4,52591,1084,564,3857,3853
./southern/1220651189469734912.fits,4,52591,1084,639,3857,3853
./southern/1221628654300194816.fits,37,52531,1085,99,3856,3819
./southern/1221649270143215616.fits,139,52531,1085,174,3856,3717
./southern/1221669885986236416.fits,6,52531,1085,249,3856,3850
./southern/1221688302806001664.fits,3856,52531,1085,316,3856,0
./southern/1221777363247851520.fits,204,52531,1085,640,3856,3652
./southern/1222775169949394944.fits,93,52525,1086,174,3854,3761
./southern/1222814202612180992.fits,3854,52525,1086,316,3854,0
./southern/1222903263054030848.fits,200,52525,1086,640,3854,3654
./southern/1223864517889386496.fits,3853,52930,1087,41,3853,0
./southern/1223923616639379456.fits,3853,52930,1087,256,3853,0
./southern/1223956327110305792.fits,202,52930,1087,375,3853,3651
./southern/1224026695854483456.fits,3853,52930,1087,631,3853,0
./southern/1224029169755645952.fits,35,52930,1087,640,3853,3818
./southern/1224990417779451904.fits,3852,52929,1088,41,3852,0
./southern/1225049516529444864.fits,3852,52929,1088,256,3852,0
./southern/1225082227000371200.fits,202,52929,1088,375,3852,3650
./southern/1225152595744548864.fits,3852,52929,1088,631,3852,0
./southern/1225155069645711360.fits,37,52929,1088,640,3852,3815
./southern/1226152876179482624.fits,12,52913,1089,174,3853,3841
./southern/1226163871295760384.fits,3853,52913,1089,214,3853,0
./southern/1226195482255058944.fits,3853,52913,1089,329,3853,0
./southern/1226220496144590848.fits,3853,52913,1089,420,3853,0
./southern/1227289771034830848.fits,3852,52903,1090,214,3852,0
./southern/1227321381994129408.fits,3852,52903,1090,329,3852,0
./southern/1227346395883661312.fits,3852,52903,1090,420,3852,0
./southern/1228415670924896256.fits,3855,52902,1091,214,3855,0
./southern/1228447281884194816.fits,3855,52902,1091,329,3855,0
./southern/1228472295773726720.fits,3855,52902,1091,420,3855,0
./southern/1229530571303053312.fits,181,52639,1092,174,3862,3681
./southern/1230661418206914560.fits,3857,52591,1093,192,3857,0
./southern/1230670214299936768.fits,3857,52591,1093,224,3857,0
./southern/1230682308927842304.fits,8,52591,1093,268,3857,3849
./southern/1230683683317377024.fits,3857,52591,1093,273,3857,0
./southern/1230728488416208896.fits,3857,52591,1093,436,3857,0
./southern/1230758175230158848.fits,13,52591,1093,544,3857,3844
./southern/1230779615706900480.fits,3857,52591,1093,622,3857,0
./southern/1231787316989683712.fits,3855,52524,1094,192,3855,0
./southern/1231796113082705920.fits,3855,52524,1094,224,3855,0
./southern/1231809582100146176.fits,3855,52524,1094,273,3855,0
./southern/1231854387198978048.fits,3855,52524,1094,436,3855,0
./southern/1231905514489669632.fits,3855,52524,1094,622,3855,0
./southern/1232887653200848896.fits,14,52521,1095,99,3855,3841
./southern/1232908269043869696.fits,160,52521,1095,174,3855,3695
./southern/1232913216846194688.fits,3855,52521,1095,192,3855,0
./southern/1232922012939216896.fits,3855,52521,1095,224,3855,0
./southern/1232935481956657152.fits,3855,52521,1095,273,3855,0
./southern/1232980287055489024.fits,3855,52521,1095,436,3855,0
./southern/1233031414346180608.fits,3855,52521,1095,622,3855,0
./southern/1233036087270598656.fits,10,52521,1095,639,3855,3845
./southern/1234034176550791168.fits,59,52974,1096,174,3855,3796
./southern/1234138080399616000.fits,3855,52974,1096,552,3855,0
./southern/1239663670162647040.fits,171,52621,1101,174,3857,3686
./southern/1240769233500006400.fits,58,52883,1102,100,3852,3794
./southern/1240789849343027200.fits,199,52883,1102,175,3852,3653
./southern/1240794522267445248.fits,3852,52883,1102,192,3852,0
./southern/1240803318360467456.fits,3852,52883,1102,224,3852,0
./southern/1240816787377907712.fits,3852,52883,1102,273,3852,0
./southern/1240844824924416000.fits,133,52883,1102,375,3852,3719
./southern/1240861592476739584.fits,3852,52883,1102,436,3852,0
./southern/1240904198552315904.fits,5,52883,1102,591,3852,3847
./southern/1240912719767431168.fits,3852,52883,1102,622,3852,0
./southern/1241895133239076864.fits,51,52873,1103,100,3852,3801
./southern/1241915749082097664.fits,181,52873,1103,175,3852,3671
./southern/1241920422006515712.fits,3852,52873,1103,192,3852,0
./southern/1241929218099537920.fits,3852,52873,1103,224,3852,0
./southern/1241942687116978176.fits,3852,52873,1103,273,3852,0
./southern/1241970724663486464.fits,97,52873,1103,375,3852,3755
./southern/1241987492215810048.fits,3852,52873,1103,436,3852,0
./southern/1242038619506501632.fits,3852,52873,1103,622,3852,0
./southern/1243074634992084992.fits,3855,52912,1104,295,3855,0
./southern/1243169467869980672.fits,30,52912,1104,640,3855,3825
./southern/1244172222893942784.fits,3854,52937,1105,192,3854,0
./southern/1244181018986964992.fits,3854,52937,1105,224,3854,0
./southern/1244194488004405248.fits,3854,52937,1105,273,3854,0
./southern/1244222525550913536.fits,205,52937,1105,375,3854,3649
./southern/1244239293103237120.fits,3854,52937,1105,436,3854,0
./southern/1244268979917187072.fits,7,52937,1105,544,3854,3847
./southern/1244290420393928704.fits,3854,52937,1105,622,3854,0
./southern/1245293174579030016.fits,20,52912,1106,174,3854,3834
./southern/1245421267683665920.fits,83,52912,1106,640,3854,3771
./southern/1246522979274221568.fits,3855,52968,1107,552,3855,0
./southern/1247544979677538304.fits,194,53227,1108,174,3865,3671
./southern/1247673072782174208.fits,57,53227,1108,640,3865,3808
./southern/1252025763650103296.fits,3855,53180,1112,91,3855,0
./southern/1252072218016376832.fits,4,53180,1112,260,3855,3851
./southern/1252081838743119872.fits,3855,53180,1112,295,3855,0
./southern/1252148359196600320.fits,4,53180,1112,537,3855,3851
./southern/1252176671621015552.fits,114,53180,1112,640,3855,3741
./southern/1254277563447011328.fits,3859,53179,1114,91,3859,0
./southern/1254333638540027904.fits,3859,53179,1114,295,3859,0
./southern/1254428471417923584.fits,110,53179,1114,640,3859,3749
./southern/1255465306436954112.fits,3852,52914,1115,316,3852,0
./southern/1255554092000897024.fits,58,52914,1115,639,3852,3794
./southern/1255554366878803968.fits,200,52914,1115,640,3852,3652
./southern/1256552448860907520.fits,88,52932,1116,175,3856,3768
./southern/1256591206645786624.fits,3856,52932,1116,316,3856,0
./southern/1256679992209729536.fits,7,52932,1116,639,3856,3849
./southern/1256680267087636480.fits,203,52932,1116,640,3856,3653
./southern/1257678347979220992.fits,107,52885,1117,175,3855,3748
./southern/1257717105764100096.fits,3855,52885,1117,316,3855,0
./southern/1257779503048976384.fits,9,52885,1117,543,3855,3846
./southern/1257806166205949952.fits,204,52885,1117,640,3855,3651
./southern/1658537472985950208.fits,3851,52908,1473,316,3851,0
./southern/1658626258549893120.fits,39,52908,1473,639,3851,3812
./southern/1658626533427800064.fits,199,52908,1473,640,3851,3652
./southern/1659624065771530240.fits,147,52933,1474,173,3854,3707
./southern/1659644681614551040.fits,14,52933,1474,248,3854,3840
./southern/1659728244498262016.fits,3854,52933,1474,552,3854,0
./southern/1660770855895984128.fits,5,52903,1475,249,3855,3850
./southern/1660878333157599232.fits,37,52903,1475,640,3855,3818
./southern/1661881088785541120.fits,3851,52964,1476,192,3851,0
./southern/1661889884878563328.fits,3851,52964,1476,224,3851,0
./southern/1661903353896003584.fits,3851,52964,1476,273,3851,0
./southern/1661931391442511872.fits,203,52964,1476,375,3851,3648
./southern/1661948158994835456.fits,3851,52964,1476,436,3851,0
./southern/1661977845808785408.fits,4,52964,1476,544,3851,3847
./southern/1661999286285527040.fits,3851,52964,1476,622,3851,0
./southern/1671997695742470144.fits,3857,52992,1485,132,3857,0
./southern/1672014188416886784.fits,3857,52992,1485,192,3857,0
./southern/1672022984509908992.fits,3857,52992,1485,224,3857,0
./southern/1672035079137814528.fits,19,52992,1485,268,3857,3838
./southern/1672036453527349248.fits,3857,52992,1485,273,3857,0
./southern/1672052946201765888.fits,3857,52992,1485,333,3857,0
./southern/1672064216195950592.fits,206,52992,1485,374,3857,3651
./southern/1672081258626181120.fits,3857,52992,1485,436,3857,0
./southern/1672132385916872704.fits,3857,52992,1485,622,3857,0
./southern/1672137333719197696.fits,126,52992,1485,640,3857,3731
./southern/1673160979061434368.fits,17,52993,1486,268,3856,3839
./southern/1673236570485843968.fits,4,52993,1486,543,3856,3852
./southern/1673239044387006464.fits,3856,52993,1486,552,3856,0
./southern/1673263233642817536.fits,205,52993,1486,640,3856,3651
./southern/1674224481196861440.fits,3853,52964,1487,41,3853,0
./southern/1674283579946854400.fits,3853,52964,1487,256,3853,0
./southern/1674316290417780736.fits,202,52964,1487,375,3853,3651
./southern/1674386659161958400.fits,3853,52964,1487,631,3853,0
./southern/1675350381120481280.fits,3853,52965,1488,41,3853,0
./southern/1675409479870474240.fits,3853,52965,1488,256,3853,0
./southern/1675442190341400576.fits,201,52965,1488,375,3853,3652
./southern/1675512559085578240.fits,3853,52965,1488,631,3853,0
./southern/1676501295353063424.fits,3849,52991,1489,132,3849,0
./southern/1676517788027480064.fits,3849,52991,1489,192,3849,0
./southern/1676526584120502272.fits,3849,52991,1489,224,3849,0
./southern/1676538678748407808.fits,12,52991,1489,268,3849,3837
./southern/1676540053137942528.fits,3849,52991,1489,273,3849,0
./southern/1676567815806543872.fits,204,52991,1489,374,3849,3645
./southern/1676584858236774400.fits,3849,52991,1489,436,3849,0
./southern/1676635985527465984.fits,3849,52991,1489,622,3849,0
./southern/1676640933329790976.fits,179,52991,1489,640,3849,3670
./southern/1677664578705582080.fits,10,52994,1490,268,3858,3848
./southern/1677740170129991680.fits,4,52994,1490,543,3858,3854
./southern/1677742644031154176.fits,3858,52994,1490,552,3858,0
./southern/1677766833286965248.fits,204,52994,1490,640,3858,3654
./southern/1678866070070388736.fits,4,52996,1491,543,3859,3855
./southern/1678868543971551232.fits,3859,52996,1491,552,3859,0
./southern/1678892733227362304.fits,155,52996,1491,640,3859,3704
./southern/1679853980194203648.fits,3853,52932,1492,41,3853,0
./southern/1679870197990713344.fits,12,52932,1492,100,3853,3841
./southern/1679890813833734144.fits,33,52932,1492,175,3853,3820
./southern/1679913078944196608.fits,3853,52932,1492,256,3853,0
./southern/1679945789415122944.fits,204,52932,1492,375,3853,3649
./southern/1680016158159300608.fits,3853,52932,1492,631,3853,0
./southern/1680979880117823488.fits,3853,52933,1493,41,3853,0
./southern/1681016438879447040.fits,198,52933,1493,174,3853,3655
./southern/1681038978867816448.fits,3853,52933,1493,256,3853,0
./southern/1681071689338742784.fits,204,52933,1493,375,3853,3649
./southern/1681142058082920448.fits,3853,52933,1493,631,3853,0
./southern/1682142338853398528.fits,187,52937,1494,174,3853,3666
./southern/1683323489336977408.fits,81,52944,1495,375,3850,3769
./southern/1684394412639021056.fits,12,52883,1496,175,3856,3844
./southern/1684522230865750016.fits,16,52883,1496,640,3856,3840
./southern/1685575288177584128.fits,206,52886,1497,375,3857,3651
./southern/1686701188554188800.fits,75,52914,1498,375,3847,3772
./southern/1687771564583446528.fits,109,53001,1499,173,3861,3752
./southern/1687875743310178304.fits,3861,53001,1499,552,3861,0
./southern/1687899932565989376.fits,186,53001,1499,640,3861,3675
./southern/1688862017470883840.fits,3850,53730,1500,44,3850,0
./southern/1688923590122039296.fits,10,53730,1500,268,3850,3840
./southern/1689001655447611392.fits,3850,53730,1500,552,3850,0
./southern/1689976647551313920.fits,3846,53740,1501,3,3846,0
./southern/1689978021940848640.fits,3846,53740,1501,8,3846,0
./southern/1689981595353638912.fits,3846,53740,1501,21,3846,0
./southern/1690023651673401344.fits,187,53740,1501,174,3846,3659
./southern/1690034646789679104.fits,3846,53740,1501,214,3846,0
./southern/1690066257748977664.fits,3846,53740,1501,329,3846,0
./southern/1690075053841999872.fits,3846,53740,1501,361,3846,0
./southern/1690091271638509568.fits,3846,53740,1501,420,3846,0
./southern/1690097044074555392.fits,3846,53740,1501,441,3846,0
./southern/1691102547474933760.fits,3848,53741,1502,3,3848,0
./southern/1691103921864468480.fits,3848,53741,1502,8,3848,0
./southern/1691107495277258752.fits,3848,53741,1502,21,3848,0
./southern/1691149551597021184.fits,145,53741,1502,174,3848,3703
./southern/1691160546713298944.fits,3848,53741,1502,214,3848,0
./southern/1691192157672597504.fits,3848,53741,1502,329,3848,0
./southern/1691200953765619712.fits,3848,53741,1502,361,3848,0
./southern/1691217171562129408.fits,3848,53741,1502,420,3848,0
./southern/1691222943998175232.fits,3848,53741,1502,441,3848,0
./southern/1693440370634942464.fits,3850,52940,1504,316,3850,0
./southern/1693456313553545216.fits,204,52940,1504,374,3850,3646
./southern/1693529431076792320.fits,200,52940,1504,640,3850,3650
./southern/1694566270558562304.fits,3852,52941,1505,316,3852,0
./southern/1694582213477165056.fits,90,52941,1505,374,3852,3762
./southern/1694655056122505216.fits,6,52941,1505,639,3852,3846
./southern/1694655331000412160.fits,202,52941,1505,640,3852,3650
./southern/1695645167383504896.fits,3860,53003,1506,145,3860,0
./southern/1695653413720713216.fits,22,53003,1506,175,3860,3838
./southern/1695674029563734016.fits,6,53003,1506,250,3860,3854
./southern/1696756236634056704.fits,3849,53763,1507,91,3849,0
./southern/1696779051500333056.fits,167,53763,1507,174,3849,3682
./southern/1696812311727073280.fits,3849,53763,1507,295,3849,0
./southern/1696880756325902336.fits,20,53763,1507,544,3849,3829
./southern/1697943970329421824.fits,3852,52944,1508,316,3852,0
./southern/1697959913248024576.fits,80,52944,1508,374,3852,3772
./southern/1698033030771271680.fits,201,52944,1508,640,3852,3651
./southern/1699069870202710016.fits,3851,52942,1509,316,3851,0
./southern/1699158930644559872.fits,200,52942,1509,640,3851,3651
./southern/1700120179524003840.fits,3854,52992,1510,41,3854,0
./southern/1700156738285627392.fits,104,52992,1510,174,3854,3750
./southern/1700179278273996800.fits,3854,52992,1510,256,3854,0
./southern/1700211713867016192.fits,205,52992,1510,374,3854,3649
./southern/1700282357489100800.fits,3854,52992,1510,631,3854,0
./southern/1700284831390263296.fits,202,52992,1510,640,3854,3652
./southern/1701321670083504128.fits,3850,52946,1511,316,3850,0
./southern/1701410730525353984.fits,199,52946,1511,640,3850,3651
./southern/1702385735815948288.fits,3861,53742,1512,91,3861,0
./southern/1702408538820732928.fits,175,53035,1512,174,3860,3685
./southern/1702408550682224640.fits,207,53742,1512,174,3861,3654
./southern/1702419533937010688.fits,3860,53035,1512,214,3860,0
./southern/1702429166525245440.fits,17,53742,1512,249,3861,3844
./southern/1702441810908964864.fits,3861,53742,1512,295,3861,0
./southern/1702451144896309248.fits,3860,53035,1512,329,3860,0
./southern/1702459940989331456.fits,3860,53035,1512,361,3860,0
./southern/1702476158785841152.fits,3860,53035,1512,420,3860,0
./southern/1702481931221886976.fits,3860,53035,1512,441,3860,0
./southern/1703498716444387328.fits,3845,53741,1513,44,3845,0
./southern/1703534175694383104.fits,25,53741,1513,173,3845,3820
./southern/1703560289095542784.fits,7,53741,1513,268,3845,3838
./southern/1703589426153678848.fits,101,53741,1513,374,3845,3744
./southern/1703638354421114880.fits,3845,53741,1513,552,3845,0
./southern/1704652365430286336.fits,3850,52931,1514,145,3850,0
./southern/1704715587348883456.fits,206,52931,1514,375,3850,3644
./southern/1704788155116316672.fits,3,52931,1514,639,3850,3847
./southern/1705778265353906176.fits,3855,52932,1515,145,3855,0
./southern/1705841487272503296.fits,206,52932,1515,375,3855,3649
./southern/1705857155313199104.fits,5,52932,1515,432,3855,3850
./southern/1705914055039936512.fits,5,52932,1515,639,3855,3850
./southern/1706891520893806592.fits,59,52933,1516,99,3854,3795
./southern/1706904165277526016.fits,3854,52933,1516,145,3854,0
./southern/1706912136736827392.fits,61,52933,1516,174,3854,3793
./southern/1706967387196123136.fits,205,52933,1516,375,3854,3649
./southern/1707039954963556352.fits,8,52933,1516,639,3854,3846
./southern/1708038036660447232.fits,188,52934,1517,174,3853,3665
./southern/1709155965158320128.fits,3855,52937,1518,145,3855,0
./southern/1709219187076917248.fits,206,52937,1518,375,3855,3649
./southern/1709291754844350464.fits,14,52937,1518,639,3855,3841
./southern/1712541636472367104.fits,21,52945,1521,174,3854,3833
./southern/1712645540321191936.fits,3854,52945,1521,552,3854,0
./southern/1713771440009930752.fits,3856,52932,1522,552,3856,0
./southern/1714793161273927680.fits,115,52937,1523,173,3855,3740
./southern/1714897340000659456.fits,3855,52937,1523,552,3855,0
./southern/1721549110353356800.fits,20,52930,1529,175,3854,3834
./southern/1721559830591727616.fits,3854,52930,1529,214,3854,0
./southern/1721591441551026176.fits,3854,52930,1529,329,3854,0
./southern/1721616455440558080.fits,3854,52930,1529,420,3854,0
