./segcluster/2206800156475628544.fits,3859,53289,1960,132,3859,0
./segcluster/2206816649150045184.fits,3859,53289,1960,192,3859,0
./segcluster/2206825445243067392.fits,3859,53289,1960,224,3859,0
./segcluster/2206838914260507648.fits,3859,53289,1960,273,3859,0
./segcluster/2206883719359339520.fits,3859,53289,1960,436,3859,0
./segcluster/2206934846650031104.fits,3859,53289,1960,622,3859,0
./segcluster/2207926056550243328.fits,3878,53299,1961,132,3878,0
./segcluster/2207942549224659968.fits,3878,53299,1961,192,3878,0
./segcluster/2207951345317682176.fits,3878,53299,1961,224,3878,0
./segcluster/2207963439945587712.fits,13,53299,1961,268,3878,3865
./segcluster/2207964814335122432.fits,3878,53299,1961,273,3878,0
./segcluster/2208009619433954304.fits,3878,53299,1961,436,3878,0
./segcluster/2208060746724645888.fits,3878,53299,1961,622,3878,0
./segcluster/2339631333086698496.fits,3865,53378,2078,41,3865,0
./segcluster/2339647276005301248.fits,5,53378,2078,99,3865,3860
./segcluster/2339690431836691456.fits,3865,53378,2078,256,3865,0
./segcluster/2339694829883202560.fits,3865,53378,2078,272,3865,0
./segcluster/2339695379639016448.fits,3865,53378,2078,274,3865,0
./segcluster/2339722867429710848.fits,205,53378,2078,374,3865,3660
./segcluster/2339769321795984384.fits,6,53378,2078,543,3865,3859
./segcluster/2339793511051795456.fits,3865,53378,2078,631,3865,0
./segcluster/2339795984952957952.fits,136,53378,2078,640,3865,3729
./segcluster/2447754285304355840.fits,69,53521,2174,174,3857,3788
./segcluster/2447765280420633600.fits,3857,53521,2174,214,3857,0
./segcluster/2447796891379932160.fits,3857,53521,2174,329,3857,0
./segcluster/2447805687472954368.fits,3857,53521,2174,361,3857,0
./segcluster/2447821905269464064.fits,3857,53521,2174,420,3857,0
./segcluster/2447827677705509888.fits,3857,53521,2174,441,3857,0
./segcluster/2529903482811554816.fits,3846,54169,2247,23,3846,0
./segcluster/2529909255247600640.fits,3846,54169,2247,44,3846,0
./segcluster/2529937012681710592.fits,3855,53857,2247,145,3855,0
./segcluster/2529944714497596416.fits,126,54169,2247,173,3846,3720
./segcluster/2530000234600307712.fits,199,53857,2247,375,3855,3656
./segcluster/2530000239834799104.fits,204,54169,2247,375,3846,3642
./segcluster/2530048893224328192.fits,3846,54169,2247,552,3846,0
./segcluster/2539079996723534848.fits,7,53565,2255,639,3855,3848
./segcluster/2632379057878178816.fits,3848,53683,2338,91,3848,0
./segcluster/2632401872744455168.fits,185,53683,2338,174,3848,3663
./segcluster/2632423313221196800.fits,3848,53683,2338,252,3848,0
./segcluster/2632435132971195392.fits,3848,53683,2338,295,3848,0
./segcluster/2632508525372349440.fits,3848,53683,2338,562,3848,0
./segcluster/2632514572686302208.fits,3848,53683,2338,584,3848,0
./segcluster/2632522544145603584.fits,3848,53683,2338,613,3848,0
./segcluster/2632527766825835520.fits,3848,53683,2338,632,3848,0
./segcluster/2676300429406608384.fits,3848,53991,2377,132,3848,0
./segcluster/2676311699400793088.fits,151,53991,2377,173,3848,3697
./segcluster/2676316922081025024.fits,3848,53991,2377,192,3848,0
./segcluster/2676325718174047232.fits,3848,53991,2377,224,3848,0
./segcluster/2676339187191487488.fits,3848,53991,2377,273,3848,0
./segcluster/2676347708406602752.fits,8,53991,2377,304,3848,3840
./segcluster/2676366949860088832.fits,201,53991,2377,374,3848,3647
./segcluster/2676383992290319360.fits,3848,53991,2377,436,3848,0
./segcluster/2676435119581010944.fits,3848,53991,2377,622,3848,0
./segcluster/2676440067383335936.fits,199,53991,2377,640,3848,3649
./segcluster/2786614428571900928.fits,3847,53845,2475,44,3847,0
./segcluster/2786754066548628480.fits,3847,53845,2475,552,3847,0
./segcluster/2786778255804439552.fits,30,53845,2475,640,3847,3817
./segcluster/2787739503526255616.fits,3847,53826,2476,41,3847,0
./segcluster/2787776062287879168.fits,92,53826,2476,174,3847,3755
./segcluster/2787798602276248576.fits,3847,53826,2476,256,3847,0
./segcluster/2787803000322759680.fits,3847,53826,2476,272,3847,0
./segcluster/2787803550078573568.fits,3847,53826,2476,274,3847,0
./segcluster/2787831312747174912.fits,198,53826,2476,375,3847,3649
./segcluster/2787901681491352576.fits,3847,53826,2476,631,3847,0
./segcluster/3002811404924328960.fits,3842,54142,2667,132,3842,0
./segcluster/3002822949796420608.fits,95,54142,2667,174,3842,3747
./segcluster/3002827897598745600.fits,3842,54142,2667,192,3842,0
./segcluster/3002836693691767808.fits,3842,54142,2667,224,3842,0
./segcluster/3002850162709208064.fits,3842,54142,2667,273,3842,0
./segcluster/3002858958802230272.fits,6,54142,2667,305,3842,3836
./segcluster/3002894967808039936.fits,3842,54142,2667,436,3842,0
./segcluster/3002946095098731520.fits,3842,54142,2667,622,3842,0
./segcluster/3152547024650476544.fits,24,54326,2800,99,3850,3826
./segcluster/3152558844400475136.fits,3850,54326,2800,142,3850,0
./segcluster/3152567640493497344.fits,126,54326,2800,174,3850,3724
./segcluster/3152568465127218176.fits,3850,54326,2800,177,3850,0
./segcluster/3152622890952793088.fits,205,54326,2800,375,3850,3645
./segcluster/3152628938266745856.fits,3850,54326,2800,397,3850,0
./segcluster/3250484376462531584.fits,3847,54495,2887,41,3847,0
./segcluster/3250512964201061376.fits,3850,54521,2887,145,3850,0
./segcluster/3250520935224155136.fits,48,54495,2887,174,3847,3799
./segcluster/3250543475212524544.fits,3847,54495,2887,256,3847,0
./segcluster/3250547873259035648.fits,3847,54495,2887,272,3847,0
./segcluster/3250548423014849536.fits,3847,54495,2887,274,3847,0
./segcluster/3250551996863847424.fits,3850,54521,2887,287,3850,0
./segcluster/3250576185683450880.fits,199,54495,2887,375,3847,3648
./segcluster/3250576186119658496.fits,31,54521,2887,375,3850,3819
./segcluster/3250646554427628544.fits,3847,54495,2887,631,3847,0
./segclusterf/2209040686832000000.fits,3857,53321,1962,91,3857,0
./segclusterf/2209063501698276352.fits,93,53321,1962,174,3857,3764
./segclusterf/2209096761925016576.fits,3857,53321,1962,295,3857,0
./segclusterf/2210180622457084928.fits,3858,54331,1963,142,3858,0
./segclusterf/2210189418550107136.fits,121,54331,1963,174,3858,3737
./segclusterf/2210190243183827968.fits,3858,54331,1963,177,3858,0
./segclusterf/2210250716323355648.fits,3858,54331,1963,397,3858,0
./segclusterf/2210317511654743040.fits,29,54331,1963,640,3858,3829
./segclusterf/2340832824434727936.fits,3860,53379,2079,316,3860,0
./segclusterf/2340894946841697280.fits,13,53379,2079,542,3860,3847
./segclusterf/2340921609998670848.fits,199,53379,2079,639,3860,3661
./segclusterf/2340921884876577792.fits,199,53379,2079,640,3860,3661
./segclusterf/2460102625702550528.fits,3860,53532,2185,41,3860,0
./segclusterf/2460139184464174080.fits,7,53532,2185,174,3860,3853
./segclusterf/2460161724452543488.fits,3860,53532,2185,256,3860,0
./segclusterf/2460166122499054592.fits,3860,53532,2185,272,3860,0
./segclusterf/2460166672254868480.fits,3860,53532,2185,274,3860,0
./segclusterf/2460264803667647488.fits,3860,53532,2185,631,3860,0
./segclusterf/2540055268469873664.fits,3862,53859,2256,91,3862,0
./segclusterf/2540078083336150016.fits,187,53859,2256,174,3862,3675
./segclusterf/2540111343562890240.fits,3862,53859,2256,295,3862,0
./segclusterf/2540206176440785920.fits,30,53859,2256,640,3862,3832
./segclusterf/3007315004534922240.fits,3845,54141,2671,132,3845,0
./segclusterf/3007326549407013888.fits,92,54141,2671,174,3845,3753
./segclusterf/3007331497209338880.fits,3845,54141,2671,192,3845,0
./segclusterf/3007340293302361088.fits,3845,54141,2671,224,3845,0
./segclusterf/3007353762319801344.fits,3845,54141,2671,273,3845,0
./segclusterf/3007362558412823552.fits,4,54141,2671,305,3845,3841
./segclusterf/3007398567418633216.fits,3845,54141,2671,436,3845,0
./segclusterf/3007449694709324800.fits,3845,54141,2671,622,3845,0
./segclusterf/3176170033097317376.fits,3856,54393,2821,23,3856,0
./segclusterf/3176175805533363200.fits,3856,54393,2821,44,3856,0
./segclusterf/3176315443510090752.fits,3856,54393,2821,552,3856,0
./segclusterf/3278631874200706048.fits,3847,54499,2912,41,3847,0
./segclusterf/3278668432962329600.fits,32,54499,2912,174,3847,3815
./segclusterf/3278690972950699008.fits,3847,54499,2912,256,3847,0
./segclusterf/3278695370997210112.fits,3847,54499,2912,272,3847,0
./segclusterf/3278695920753024000.fits,3847,54499,2912,274,3847,0
./segclusterf/3278698944410000384.fits,3847,54499,2912,285,3847,0
./segclusterf/3278699494165814272.fits,3847,54499,2912,287,3847,0
./segclusterf/3278723683421625344.fits,200,54499,2912,375,3847,3647
./segclusterf/3278794052165803008.fits,3847,54499,2912,631,3847,0
./seglowlat/2853117291074185216.fits,3856,53917,2534,316,3856,0
./seglowlat/2853133233992787968.fits,119,53917,2534,374,3856,3737
./seglowlat/2853154124713715712.fits,209,53917,2534,450,3856,3647
./seglowlat/2853206076638128128.fits,46,53917,2534,639,3856,3810
./seglowlat/2853206351516035072.fits,205,53917,2534,640,3856,3651
./seglowlat/2854196198854649856.fits,3829,54632,2535,145,3829,0
./seglowlat/2854235231517435904.fits,3829,54632,2535,287,3829,0
./seglowlat/2854309998308124672.fits,141,54632,2535,559,3829,3688
./seglowlat/2855316588637218816.fits,3844,53883,2536,125,3844,0
./seglowlat/2855318512782567424.fits,3844,53883,2536,132,3844,0
./seglowlat/2855335005456984064.fits,3844,53883,2536,192,3844,0
./seglowlat/2855343801550006272.fits,3844,53883,2536,224,3844,0
./seglowlat/2855357270567446528.fits,3844,53883,2536,273,3844,0
./seglowlat/2855382284456978432.fits,197,53883,2536,364,3844,3647
./seglowlat/2855385308113954816.fits,197,53883,2536,375,3844,3647
./seglowlat/2855402075666278400.fits,3844,53883,2536,436,3844,0
./seglowlat/2855453202956969984.fits,3844,53883,2536,622,3844,0
./seglowlat/2856414451383429120.fits,3853,53906,2537,23,3853,0
./seglowlat/2856414451567978496.fits,5,53917,2537,23,3853,3848
./seglowlat/2856420223819474944.fits,3853,53906,2537,44,3853,0
./seglowlat/2856433143265650688.fits,3853,53917,2537,91,3853,0
./seglowlat/2856444413293389824.fits,3846,53919,2537,132,3846,0
./seglowlat/2856455957947377664.fits,24,53906,2537,174,3853,3829
./seglowlat/2856455958165481472.fits,106,53919,2537,174,3846,3740
./seglowlat/2856460905967806464.fits,3846,53919,2537,192,3846,0
./seglowlat/2856469702060828672.fits,3846,53919,2537,224,3846,0
./seglowlat/2856483171078268928.fits,3846,53919,2537,273,3846,0
./seglowlat/2856489218358667264.fits,3853,53917,2537,295,3853,0
./seglowlat/2856511208624777216.fits,206,53919,2537,375,3846,3640
./seglowlat/2856527976177100800.fits,3846,53919,2537,436,3846,0
./seglowlat/2856557662991050752.fits,23,53919,2537,544,3846,3823
./seglowlat/2856558212746864640.fits,132,53919,2537,546,3846,3714
./seglowlat/2856559861796202496.fits,3853,53906,2537,552,3853,0
./seglowlat/2856579103467792384.fits,3846,53919,2537,622,3846,0
./seglowlat/2856584051052013568.fits,65,53906,2537,640,3853,3788
./seglowlat/2856584051236562944.fits,6,53917,2537,640,3853,3847
./seglowlat/2857559049111627776.fits,3847,54271,2538,91,3847,0
./seglowlat/2857581863977904128.fits,30,54271,2538,174,3847,3817
./seglowlat/2857615124204644352.fits,3847,54271,2538,295,3847,0
./seglowlat/2857637114437199872.fits,199,54271,2538,375,3847,3648
./seglowlat/2875573447486892032.fits,3848,54263,2554,91,3848,0
./seglowlat/2875596262353168384.fits,3,54263,2554,174,3848,3845
./seglowlat/2875629522579908608.fits,3848,54263,2554,295,3848,0
./seglowlat/2875651512812464128.fits,23,54263,2554,375,3848,3825
./seglowlat/2876699347427289088.fits,3850,54265,2555,91,3850,0
./seglowlat/2876701546450544640.fits,3,54265,2555,99,3850,3847
./seglowlat/2876722162293565440.fits,96,54265,2555,174,3850,3754
./seglowlat/2876755422520305664.fits,3850,54265,2555,295,3850,0
./seglowlat/2876782635433093120.fits,4,54265,2555,394,3850,3846
./seglowlat/2877874446033512448.fits,3857,54000,2556,270,3857,0
./seglowlat/2877976150859081728.fits,56,54000,2556,640,3857,3801
./seglowlat/3003948848730105856.fits,110,54084,2668,174,3847,3737
./seglowlat/3003987881392891904.fits,3847,54084,2668,316,3847,0
./seglowlat/3004076666956834816.fits,67,54084,2668,639,3847,3780
./seglowlat/3004076941834741760.fits,204,54084,2668,640,3847,3643
./seglowlat/3015199877832402944.fits,3855,54173,2678,145,3855,0
./seglowlat/3015207849291704320.fits,195,54173,2678,174,3855,3660
./seglowlat/3015238910495188992.fits,3855,54173,2678,287,3855,0
./seglowlat/3015263099751000064.fits,205,54173,2678,375,3855,3650
./seglowlat/3018585552770328576.fits,90,54397,2681,174,3854,3764
./seglowlat/3018611941049395200.fits,3854,54397,2681,270,3854,0
./seglowlat/3018640803229624320.fits,204,54397,2681,375,3854,3650
./seglowlat/3053451891322152960.fits,3846,54409,2712,41,3846,0
./seglowlat/3053488450083776512.fits,69,54409,2712,174,3846,3777
./seglowlat/3053510990072145920.fits,3846,54409,2712,256,3846,0
./seglowlat/3053515388118657024.fits,3846,54409,2712,272,3846,0
./seglowlat/3053515937874470912.fits,3846,54409,2712,274,3846,0
./seglowlat/3053543700543072256.fits,138,54409,2712,375,3846,3708
./seglowlat/3053590154909345792.fits,18,54409,2712,544,3846,3828
./seglowlat/3053614069287249920.fits,3846,54409,2712,631,3846,0
./seglowlatf/2862085457699694592.fits,80,53919,2542,174,3855,3775
./seglowlatf/2862086282333415424.fits,3855,53919,2542,177,3855,0
./seglowlatf/2862146755472943104.fits,3855,53919,2542,397,3855,0
./seglowlatf/2862213550804330496.fits,55,53919,2542,640,3855,3800
./seglowlatf/2864314442059900928.fits,3860,53884,2544,91,3860,0
./seglowlatf/2864337256926177280.fits,172,53884,2544,174,3860,3688
./seglowlatf/2864370517152917504.fits,3860,53884,2544,295,3860,0
./seglowlatf/2864465350030813184.fits,28,53884,2544,640,3860,3832
./seglowlatf/2865440342486837248.fits,3854,53915,2545,91,3854,0
./seglowlatf/2865463157353113600.fits,3,53915,2545,174,3854,3851
./seglowlatf/2865496417579853824.fits,3854,53915,2545,295,3854,0
./seglowlatf/2865591250457749504.fits,6,53915,2545,640,3854,3848
./seglowlatf/2866547562607831040.fits,3849,54625,2546,23,3849,0
./seglowlatf/2866553335043876864.fits,3849,54625,2546,44,3849,0
./seglowlatf/2866588794293872640.fits,33,54625,2546,173,3849,3816
./seglowlatf/2866692973020604416.fits,3849,54625,2546,552,3849,0
./seglowlatf/2866717162276415488.fits,7,54625,2546,640,3849,3842
./seglowlatf/2886813755058972672.fits,3850,54275,2564,23,3850,0
./seglowlatf/2886819527495018496.fits,3850,54275,2564,44,3850,0
./seglowlatf/2886959165471746048.fits,3850,54275,2564,552,3850,0
./seglowlatf/2886983354727557120.fits,11,54275,2564,640,3850,3839
./seglowlatf/2888020195098519552.fits,3860,54329,2565,316,3860,0
./seglowlatf/2888108980662462464.fits,34,54329,2565,639,3860,3826
./seglowlatf/2888109255540369408.fits,205,54329,2565,640,3860,3655
./seglowlatf/2889070503648061440.fits,3856,54333,2566,41,3856,0
./seglowlatf/2889129602398054400.fits,3856,54333,2566,256,3856,0
./seglowlatf/2889134000444565504.fits,3856,54333,2566,272,3856,0
./seglowlatf/2889134550200379392.fits,3856,54333,2566,274,3856,0
./seglowlatf/2889162312868980736.fits,133,54333,2566,375,3856,3723
./seglowlatf/2889232681613158400.fits,3856,54333,2566,631,3856,0
./seglowlatf/2889235155514320896.fits,5,54333,2566,640,3856,3851
./seglowlatf/3008452448374253568.fits,123,54085,2672,174,3855,3732
./seglowlatf/3008473064217274368.fits,11,54085,2672,249,3855,3844
./seglowlatf/3008491481037039616.fits,3855,54085,2672,316,3855,0
./seglowlatf/3008580266600982528.fits,116,54085,2672,639,3855,3739
./seglowlatf/3008580541478889472.fits,204,54085,2672,640,3855,3651
./seglowlatf/3035466076054906880.fits,3848,54167,2696,145,3848,0
./seglowlatf/3035505108717692928.fits,3848,54167,2696,287,3848,0
./seglowlatf/3038815192617084928.fits,3846,54414,2699,41,3846,0
./seglowlatf/3038851751378708480.fits,48,54414,2699,174,3846,3798
./seglowlatf/3038874291367077888.fits,3846,54414,2699,256,3846,0
./seglowlatf/3038878689413588992.fits,3846,54414,2699,272,3846,0
./seglowlatf/3038879239169402880.fits,3846,54414,2699,274,3846,0
./seglowlatf/3038907001838004224.fits,112,54414,2699,375,3846,3734
./seglowlatf/3038953456204277760.fits,39,54414,2699,544,3846,3807
./seglowlatf/3038977370582181888.fits,3846,54414,2699,631,3846,0
./seglowlatf/3070368977311000576.fits,3850,54414,2727,145,3850,0
./seglowlatf/3070408009973786624.fits,3850,54414,2727,287,3850,0
./seglowlatf/3070432199229597696.fits,106,54414,2727,375,3850,3744
./segpointed/2118992332794652672.fits,3861,53262,1882,177,3861,0
./segpointed/2119046758620227584.fits,161,53262,1882,375,3861,3700
./segpointed/2119093212986501120.fits,8,53262,1882,544,3861,3853
./segpointed/2686437103205640192.fits,3854,54064,2386,145,3854,0
./segpointed/2686445074664941568.fits,102,54064,2386,174,3854,3752
./segpointed/2686476135868426240.fits,3854,54064,2386,287,3854,0
./segpointed/2686546779490510848.fits,8,54064,2386,544,3854,3846
./segpointed/2689781270321326080.fits,3852,54213,2389,23,3852,0
./segpointed/2689787042757371904.fits,3852,54213,2389,44,3852,0
./segpointed/2689924481710843904.fits,5,54213,2389,544,3852,3847
./segpointed/2689926680734099456.fits,3852,54213,2389,552,3852,0
./segpointed/2690940703336327168.fits,3862,54094,2390,145,3862,0
./segpointed/2690948674795628544.fits,54,54094,2390,174,3862,3808
./segpointed/2690979735999113216.fits,3862,54094,2390,287,3862,0
./segpointed/2749453962900957184.fits,3854,54065,2442,23,3854,0
./segpointed/2749459735337003008.fits,3854,54065,2442,44,3854,0
./segpointed/2749495194586998784.fits,174,54065,2442,173,3854,3680
./segpointed/2749517459697461248.fits,4,54065,2442,254,3854,3850
./segpointed/2749550445046294528.fits,46,54065,2442,374,3854,3808
./segpointed/2749599373313730560.fits,3854,54065,2442,552,3854,0
./segpointed/2749623562569541632.fits,34,54065,2442,640,3854,3820
./segpointed/2858696213090297856.fits,3857,53918,2539,132,3857,0
./segpointed/2858707757962389504.fits,165,53918,2539,174,3857,3692
./segpointed/2858712705764714496.fits,3857,53918,2539,192,3857,0
./segpointed/2858721501857736704.fits,3857,53918,2539,224,3857,0
./segpointed/2858734970875176960.fits,3857,53918,2539,273,3857,0
./segpointed/2858763008421685248.fits,206,53918,2539,375,3857,3651
./segpointed/2858779775974008832.fits,3857,53918,2539,436,3857,0
./segpointed/2858809462787958784.fits,28,53918,2539,544,3857,3829
./segpointed/2858830903264700416.fits,3857,53918,2539,622,3857,0
./segpointed/2878950046269728768.fits,4,54178,2557,87,3852,3848
./segpointed/2878965989188331520.fits,3852,54178,2557,145,3852,0
./segpointed/2880088315044849664.fits,3844,54140,2558,132,3844,0
./segpointed/2880099859916941312.fits,136,54140,2558,174,3844,3708
./segpointed/2880104807719266304.fits,3844,54140,2558,192,3844,0
./segpointed/2880113603812288512.fits,3844,54140,2558,224,3844,0
./segpointed/2880127072829728768.fits,3844,54140,2558,273,3844,0
./segpointed/2879005021851117568.fits,3852,54178,2557,287,3852,0
./segpointed/2879029211106928640.fits,204,54178,2557,375,3852,3648
./segpointed/2879101778874361856.fits,4,54178,2557,639,3852,3848
./segpointed/2880171877928560640.fits,3844,54140,2558,436,3844,0
./segpointed/2880223005219252224.fits,3844,54140,2558,622,3844,0
./segpointed/2881184254400686080.fits,3854,54208,2559,23,3854,0
./segpointed/2881190026836731904.fits,3854,54208,2559,44,3854,0
./segpointed/2881329664813459456.fits,3854,54208,2559,552,3854,0
./segpointed/3208821131536525312.fits,3847,54461,2850,23,3847,0
./segpointed/3208826903972571136.fits,3847,54461,2850,44,3847,0
./segpointed/3208862638100473856.fits,173,54461,2850,174,3847,3674
./segpointed/3208966541949298688.fits,3847,54461,2850,552,3847,0
./segpointed/3212198830904731648.fits,3848,54440,2853,23,3848,0
./segpointed/3212204603340777472.fits,3848,54440,2853,44,3848,0
./segpointed/3212344241317505024.fits,3848,54440,2853,552,3848,0
./segpointed/3251646835701344256.fits,59,54529,2888,174,3853,3794
./segpointed/3251673223980410880.fits,3853,54529,2888,270,3853,0
./segpointed/3253890663485302784.fits,3850,54495,2890,145,3850,0
./segpointed/3253929696148088832.fits,3850,54495,2890,287,3850,0
./segpointed/3253953885403899904.fits,202,54495,2890,375,3850,3648
./segpointed/3255012990180681728.fits,3847,54507,2891,132,3847,0
./segpointed/3255024535052773376.fits,6,54507,2891,174,3847,3841
./segpointed/3255029482855098368.fits,3847,54507,2891,192,3847,0
./segpointed/3255038278948120576.fits,3847,54507,2891,224,3847,0
./segpointed/3255045700651608064.fits,3847,54507,2891,251,3847,0
./segpointed/3255050373576026112.fits,5,54507,2891,268,3847,3842
./segpointed/3255051747965560832.fits,3847,54507,2891,273,3847,0
./segpointed/3255096553064392704.fits,3847,54507,2891,436,3847,0
./segpointed/3255147680355084288.fits,3847,54507,2891,622,3847,0
./segpointed/3310146626382751744.fits,3848,54508,2940,3,3848,0
./segpointed/3310148000772286464.fits,3848,54508,2940,8,3848,0
./segpointed/3310151574185076736.fits,3848,54508,2940,21,3848,0
./segpointed/3310193630504839168.fits,187,54508,2940,174,3848,3661
./segpointed/3310204625621116928.fits,3848,54508,2940,214,3848,0
./segpointed/3310236236580415488.fits,3848,54508,2940,329,3848,0
./segpointed/3310237610969950208.fits,3848,54508,2940,334,3848,0
./segpointed/3310249155842041856.fits,201,54508,2940,376,3848,3647
./segpointed/3310261250469947392.fits,3848,54508,2940,420,3848,0
./segpointed/3310267022905993216.fits,3848,54508,2940,441,3848,0
./segpointed/3311272526272817152.fits,3848,54507,2941,3,3848,0
./segpointed/3311273900662351872.fits,3848,54507,2941,8,3848,0
./segpointed/3311277474075142144.fits,3848,54507,2941,21,3848,0
./segpointed/3311319530394904576.fits,195,54507,2941,174,3848,3653
./segpointed/3311330525511182336.fits,3848,54507,2941,214,3848,0
./segpointed/3311362136470480896.fits,3848,54507,2941,329,3848,0
./segpointed/3311370932563503104.fits,3848,54507,2941,361,3848,0
./segpointed/3311375055732107264.fits,203,54507,2941,376,3848,3645
./segpointed/3311387150360012800.fits,3848,54507,2941,420,3848,0
./segpointed/3311392922796058624.fits,3848,54507,2941,441,3848,0
./segpointedf/2120117408218769408.fits,80,53271,1883,174,3863,3783
./segpointedf/2120118232852490240.fits,3863,53271,1883,177,3863,0
./segpointedf/2708955101678036992.fits,3861,54084,2406,145,3861,0
./segpointedf/2708963073137338368.fits,113,54084,2406,174,3861,3748
./segpointedf/2708994134340823040.fits,3861,54084,2406,287,3861,0
./segpointedf/2712293770849708032.fits,3854,54210,2409,3,3854,0
./segpointedf/2712295145239242752.fits,3854,54210,2409,8,3854,0
./segpointedf/2712298718652033024.fits,3854,54210,2409,21,3854,0
./segpointedf/2712340774971795456.fits,124,54210,2409,174,3854,3730
./segpointedf/2712351770088073216.fits,3854,54210,2409,214,3854,0
./segpointedf/2712383381047371776.fits,3854,54210,2409,329,3854,0
./segpointedf/2712392177140393984.fits,3854,54210,2409,361,3854,0
./segpointedf/2712408394936903680.fits,3854,54210,2409,420,3854,0
./segpointedf/2712414167372949504.fits,3854,54210,2409,441,3854,0
./segpointedf/2713430114053416960.fits,3858,54087,2410,41,3858,0
./segpointedf/2713466672815040512.fits,156,54087,2410,174,3858,3702
./segpointedf/2713487288658061312.fits,6,54087,2410,249,3858,3852
./segpointedf/2713489212803409920.fits,3858,54087,2410,256,3858,0
./segpointedf/2713493610849921024.fits,3858,54087,2410,272,3858,0
./segpointedf/2713494160605734912.fits,3858,54087,2410,274,3858,0
./segpointedf/2713502681820850176.fits,9,54087,2410,305,3858,3849
./segpointedf/2713592292018513920.fits,3858,54087,2410,631,3858,0
./segpointedf/2713594765919676416.fits,65,54087,2410,640,3858,3793
./segpointedf/2751735724691712000.fits,3860,54082,2444,132,3860,0
./segpointedf/2751746994685896704.fits,29,54082,2444,173,3860,3831
./segpointedf/2751752217366128640.fits,3860,54082,2444,192,3860,0
./segpointedf/2751761013459150848.fits,3860,54082,2444,224,3860,0
./segpointedf/2751774482476591104.fits,3860,54082,2444,273,3860,0
./segpointedf/2751819287575422976.fits,3860,54082,2444,436,3860,0
./segpointedf/2751870414866114560.fits,3860,54082,2444,622,3860,0
./segpointedf/2867741345479419904.fits,3855,53917,2547,270,3855,0
./segpointedf/2890196400971212800.fits,3850,54179,2567,41,3850,0
./segpointedf/2890232959732836352.fits,149,54179,2567,174,3850,3701
./segpointedf/2890253575575857152.fits,5,54179,2567,249,3850,3845
./segpointedf/2890255499721205760.fits,3850,54179,2567,256,3850,0
./segpointedf/2890259897767716864.fits,3850,54179,2567,272,3850,0
./segpointedf/2890260447523530752.fits,3850,54179,2567,274,3850,0
./segpointedf/2890288210192132096.fits,204,54179,2567,375,3850,3646
./segpointedf/2890358578936309760.fits,3850,54179,2567,631,3850,0
./segpointedf/2891336044337195008.fits,3847,54153,2568,91,3847,0
./segpointedf/2891384972604631040.fits,8,54153,2568,269,3847,3839
./segpointedf/2891392119430211584.fits,3847,54153,2568,295,3847,0
./segpointedf/2892586465294837760.fits,5,54234,2569,544,3851,3846
./segpointedf/2892588664318093312.fits,3851,54234,2569,552,3851,0
./segpointedf/3225732445710084096.fits,3849,54503,2865,106,3849,0
./segpointedf/3225764881303103488.fits,3849,54503,2865,224,3849,0
./segpointedf/2892443253905319936.fits,3851,54234,2569,23,3851,0
./segpointedf/2892449026341365760.fits,3851,54234,2569,44,3851,0
./segpointedf/3225790170070542336.fits,3849,54503,2865,316,3849,0
./segpointedf/3225803639087982592.fits,3849,54503,2865,365,3849,0
./segpointedf/3225879230512392192.fits,94,54503,2865,640,3849,3755
./segpointedf/3229106021389592576.fits,3849,54451,2868,91,3849,0
./segpointedf/3229128836255868928.fits,32,54451,2868,174,3849,3817
./segpointedf/3229154949657028608.fits,13,54451,2868,269,3849,3836
./segpointedf/3229162096482609152.fits,3849,54451,2868,295,3849,0
./segpointedf/3229184086715164672.fits,189,54451,2868,375,3849,3660
./segpointedf/3279786361862776832.fits,3849,54526,2913,145,3849,0
./segpointedf/3279825394525562880.fits,3849,54526,2913,287,3849,0
./segpointedf/3279849583781373952.fits,160,54526,2913,375,3849,3689
./segpointedf/3282038161189922816.fits,3850,54497,2915,145,3850,0
./segpointedf/3282077193852708864.fits,3850,54497,2915,287,3850,0
./segpointedf/3282082416532940800.fits,3,54497,2915,306,3850,3847
./segpointedf/3282101383108519936.fits,202,54497,2915,375,3850,3648
./segpointedf/3283130526159890432.fits,3850,54507,2916,23,3850,0
./segpointedf/3283136298595936256.fits,3850,54507,2916,44,3850,0
./segpointedf/3283197871247091712.fits,15,54507,2916,268,3850,3835
./segpointedf/3283275936572663808.fits,3850,54507,2916,552,3850,0
./segpointedf/3315781623424772096.fits,3849,54505,2945,23,3849,0
./segpointedf/3315787395860817920.fits,3849,54505,2945,44,3849,0
./segpointedf/3315848968511973376.fits,8,54505,2945,268,3849,3841
./segpointedf/3315924834814289920.fits,5,54505,2945,544,3849,3844
./segpointedf/3315927033837545472.fits,3849,54505,2945,552,3849,0
./segpointedf/3316941058453039104.fits,3847,54506,2946,145,3847,0
./segpointedf/3316980091115825152.fits,3847,54506,2946,287,3847,0
./segtest/1869018913438722048.fits,3875,53230,1660,91,3875,0
./segtest/1869041728304998400.fits,67,53230,1660,174,3875,3808
./segtest/1869074988531738624.fits,3875,53230,1660,295,3875,0
./segtest/1871281978884515840.fits,3855,52970,1662,132,3855,0
./segtest/1871298471558932480.fits,3855,52970,1662,192,3855,0
./segtest/1871307267651954688.fits,3855,52970,1662,224,3855,0
./segtest/1871319637157767168.fits,3,52970,1662,269,3855,3852
./segtest/1871320736669394944.fits,3855,52970,1662,273,3855,0
./segtest/1871348774215903232.fits,3,52970,1662,375,3855,3852
./segtest/1871365541768226816.fits,3855,52970,1662,436,3855,0
./segtest/1871416669058918400.fits,3855,52970,1662,622,3855,0
./segtest/1871421341983336448.fits,6,52970,1662,639,3855,3849
./segtest/1873508764859000832.fits,3852,52973,1664,41,3852,0
./segtest/1873545048608499712.fits,135,52965,1664,173,3850,3715
./segtest/1873550271288731648.fits,3850,52965,1664,192,3850,0
./segtest/1873559067381753856.fits,3850,52965,1664,224,3850,0
./segtest/1873567863608993792.fits,3852,52973,1664,256,3852,0
./segtest/1873572536399194112.fits,3850,52965,1664,273,3850,0
./segtest/1873600573945702400.fits,203,52965,1664,375,3850,3647
./segtest/1873617341498025984.fits,3850,52965,1664,436,3850,0
./segtest/1873647028311975936.fits,4,52965,1664,544,3850,3846
./segtest/1873668468788717568.fits,3850,52965,1664,622,3850,0
./segtest/1873670942824097792.fits,3852,52973,1664,631,3852,0
./segtest/2090807450386065408.fits,3856,53182,1857,41,3856,0
./segtest/2090844009147688960.fits,32,53182,1857,174,3856,3824
./segtest/2090866549136058368.fits,3856,53182,1857,256,3856,0
./segtest/2090870947182569472.fits,3856,53182,1857,272,3856,0
./segtest/2090871496938383360.fits,3856,53182,1857,274,3856,0
./segtest/2090969628351162368.fits,3856,53182,1857,631,3856,0
./segtest/2090972102252324864.fits,121,53182,1857,640,3856,3735
./segtest/2091949294704683008.fits,75,53271,1858,99,3857,3782
./segtest/2091969910547703808.fits,208,53271,1858,174,3857,3649
./segtest/2091980905663981568.fits,3857,53271,1858,214,3857,0
./segtest/2092012516623280128.fits,3857,53271,1858,329,3857,0
./segtest/2092021312716302336.fits,3857,53271,1858,361,3857,0
./segtest/2092037530512812032.fits,3857,53271,1858,420,3857,0
./segtest/2092043302948857856.fits,3857,53271,1858,441,3857,0
./segtest/2302513194452674560.fits,146,53350,2045,174,3857,3711
./segtest/2302533810295695360.fits,6,53350,2045,249,3857,3851
./segtest/2302552227115460608.fits,3857,53350,2045,316,3857,0
./segtest/2302641012679403520.fits,86,53350,2045,639,3857,3771
./segtest/2302641287557310464.fits,203,53350,2045,640,3857,3654
./segtest/2630113514655606784.fits,3862,53712,2336,41,3862,0
./segtest/2630150073417230336.fits,52,53712,2336,174,3862,3810
./segtest/2630172613405599744.fits,3862,53712,2336,256,3862,0
./segtest/2630176186818390016.fits,15,53712,2336,269,3862,3847
./segtest/2630177011452110848.fits,3862,53712,2336,272,3862,0
./segtest/2630177561207924736.fits,3862,53712,2336,274,3862,0
./segtest/2630275692620703744.fits,3862,53712,2336,631,3862,0
./segtest/2631239415032211456.fits,3841,53740,2337,41,3841,0
./segtest/2631275973793835008.fits,60,53740,2337,174,3841,3781
./segtest/2631298513782204416.fits,3841,53740,2337,256,3841,0
./segtest/2631302911828715520.fits,3841,53740,2337,272,3841,0
./segtest/2631303461584529408.fits,3841,53740,2337,274,3841,0
./segtest/2631401592997308416.fits,3841,53740,2337,631,3841,0
./segtest/3066999252438771712.fits,145,54616,2724,174,3845,3700
./segtest/3067025640717838336.fits,3845,54616,2724,270,3845,0
./segtest/3170613101447899136.fits,3856,54400,2816,287,3856,0
./segtest/3170574068785113088.fits,3856,54400,2816,145,3856,0
./segtestf/1870144813513336832.fits,3861,53240,1661,91,3861,0
./segtestf/1870200888606353408.fits,3861,53240,1661,295,3861,0
./segtestf/1872407878841690112.fits,3851,52973,1663,132,3851,0
./segtestf/1872424371516106752.fits,3851,52973,1663,192,3851,0
./segtestf/1872433167609128960.fits,3851,52973,1663,224,3851,0
./segtestf/1872446636626569216.fits,3851,52973,1663,273,3851,0
./segtestf/1872491441725401088.fits,3851,52973,1663,436,3851,0
./segtestf/1872542569016092672.fits,3851,52973,1663,622,3851,0
./segtestf/2325019653220362240.fits,3846,53678,2065,132,3846,0
./segtestf/2325036145894778880.fits,3846,53678,2065,192,3846,0
./segtestf/2325044941987801088.fits,3846,53678,2065,224,3846,0
./segtestf/2325058411005241344.fits,3846,53678,2065,273,3846,0
./segtestf/2325086448551749632.fits,199,53678,2065,375,3846,3647
./segtestf/2325103216104073216.fits,3846,53678,2065,436,3846,0
./segtestf/2325154343394764800.fits,3846,53678,2065,622,3846,0
./segtestf/3083846244511016960.fits,3850,54618,2739,23,3850,0
./segtestf/3083852016947062784.fits,3850,54618,2739,44,3850,0
./segtestf/3083887476197058560.fits,73,54618,2739,173,3850,3777
./segtestf/3083908092040079360.fits,14,54618,2739,248,3850,3836
./segtestf/3083923485202868224.fits,17,54618,2739,304,3850,3833
./segtestf/3083943001534261248.fits,201,54618,2739,375,3850,3649
./segtestf/3083991654923790336.fits,3850,54618,2739,552,3850,0
./segtestf/3084015844179601408.fits,75,54618,2739,640,3850,3775
./segue/2116739983225153536.fits,61,53262,1880,175,3858,3797
./segue/2116778741010032640.fits,3858,53262,1880,316,3858,0
./segue/2130376126030178304.fits,3875,53238,1892,631,3875,0
./segue/2132465747912321024.fits,3872,53240,1894,41,3872,0
./segue/2132502581551851520.fits,73,53240,1894,175,3872,3799
./segue/2132524846662313984.fits,3872,53240,1894,256,3872,0
./segue/2132529244708825088.fits,3872,53240,1894,272,3872,0
./segue/2132529794464638976.fits,3872,53240,1894,274,3872,0
./segue/2132557832011147264.fits,201,53240,1894,376,3872,3671
./segue/2132627925877417984.fits,3872,53240,1894,631,3872,0
./segue/2137006731270580224.fits,3862,53260,1898,177,3862,0
./segue/2137026522479880192.fits,14,53260,1898,249,3862,3848
./segue/2137133999741495296.fits,66,53260,1898,640,3862,3796
./segue/2139234891617822720.fits,3861,53262,1900,91,3861,0
./segue/2139290966710839296.fits,3861,53262,1900,295,3861,0
./segue/2141486691582502912.fits,3861,53271,1902,91,3861,0
./segue/2141509506448779264.fits,206,53271,1902,174,3861,3655
./segue/2141542766675519488.fits,3861,53271,1902,295,3861,0
./segue/2141637599553415168.fits,36,53271,1902,640,3861,3825
./segue/2143865217006725120.fits,3850,53682,1904,552,3850,0
./segue/2143889406262536192.fits,23,53682,1904,640,3850,3827
./segue/2146013106445248512.fits,83,53293,1906,174,3857,3774
./segue/2146052139108034560.fits,3857,53293,1906,316,3857,0
./segue/2146140924671977472.fits,164,53293,1906,639,3857,3693
./segue/2146141199549884416.fits,203,53293,1906,640,3857,3654
./segue/2148264905352964096.fits,149,53239,1908,174,3862,3713
./segue/2148368809201788928.fits,3862,53239,1908,552,3862,0
./segue/2150480147411658752.fits,3879,53299,1910,41,3879,0
./segue/2150480147780757504.fits,3857,53321,1910,41,3857,0
./segue/2150496090699360256.fits,69,53321,1910,99,3857,3788
./segue/2150516706173282304.fits,81,53299,1910,174,3879,3798
./segue/2150539246161651712.fits,3879,53299,1910,256,3879,0
./segue/2150539246530750464.fits,3857,53321,1910,256,3857,0
./segue/2150542819943540736.fits,12,53321,1910,269,3857,3845
./segue/2150543644208162816.fits,3879,53299,1910,272,3879,0
./segue/2150543644577261568.fits,3857,53321,1910,272,3857,0
./segue/2150544193963976704.fits,3879,53299,1910,274,3879,0
./segue/2150544194333075456.fits,3857,53321,1910,274,3857,0
./segue/2150618410998851584.fits,17,53299,1910,544,3879,3862
./segue/2150642325376755712.fits,3879,53299,1910,631,3879,0
./segue/2150642325745854464.fits,3857,53321,1910,631,3857,0
./segue/2150644524769110016.fits,9,53321,1910,639,3857,3848
./segue/2152768505886304256.fits,52,53293,1912,174,3861,3809
./segue/2154984578886952960.fits,3850,53729,1914,44,3850,0
./segue/2155020036174014464.fits,21,53612,1914,173,3851,3830
./segue/2155021135685642240.fits,3851,53612,1914,177,3851,0
./segue/2155075286633310208.fits,201,53612,1914,374,3851,3650
./segue/2155124216863680512.fits,3850,53729,1914,552,3850,0
./segue/2155148404156557312.fits,198,53612,1914,640,3851,3653
./segue/2157272105111021568.fits,39,53269,1916,174,3851,3812
./segue/2157283100227299328.fits,3851,53269,1916,214,3851,0
./segue/2157314711186597888.fits,3851,53269,1916,329,3851,0
./segue/2157323507279620096.fits,3851,53269,1916,361,3851,0
./segue/2157339725076129792.fits,3851,53269,1916,420,3851,0
./segue/2157345497512175616.fits,3851,53269,1916,441,3851,0
./segue/2159534899554445312.fits,3864,53240,1918,214,3864,0
./segue/2159566510513743872.fits,3864,53240,1918,329,3864,0
./segue/2159575306606766080.fits,3864,53240,1918,361,3864,0
./segue/2159591524403275776.fits,3864,53240,1918,420,3864,0
./segue/2159597296839321600.fits,3864,53240,1918,441,3864,0
./segue/2294609079852623872.fits,3857,53327,2038,91,3857,0
./segue/2294631619840993280.fits,136,53327,2038,173,3857,3721
./segue/2294665154945640448.fits,3857,53327,2038,295,3857,0
./segue/2294687145178195968.fits,204,53327,2038,375,3857,3653
./segue/2294759712945629184.fits,6,53327,2038,639,3857,3851
./segue/2296883695488886784.fits,35,53384,2040,174,3865,3830
./segue/2296985125436549120.fits,8,53384,2040,543,3865,3857
./segue/2296987599337711616.fits,3865,53384,2040,552,3865,0
./segue/2297011788593522688.fits,138,53384,2040,640,3865,3727
./segue/2297998050573969408.fits,3859,53387,2041,132,3859,0
./segue/2298009595446061056.fits,211,53387,2041,174,3859,3648
./segue/2298014543248386048.fits,3859,53387,2041,192,3859,0
./segue/2298023339341408256.fits,3859,53387,2041,224,3859,0
./segue/2298036808358848512.fits,3859,53387,2041,273,3859,0
./segue/2298064571027449856.fits,205,53387,2041,374,3859,3654
./segue/2298081613457680384.fits,3859,53387,2041,436,3859,0
./segue/2298132740748371968.fits,3859,53387,2041,622,3859,0
./segue/2298137138794883072.fits,13,53387,2041,638,3859,3846
./segue/2298137688550696960.fits,111,53387,2041,640,3859,3748
./segue/2299239399050733568.fits,3866,53378,2042,552,3866,0
./segue/2299263588306544640.fits,189,53378,2042,640,3866,3677
./segue/2300238579789490176.fits,3864,53351,2043,91,3864,0
./segue/2300261394655766528.fits,74,53351,2043,174,3864,3790
./segue/2300294654882506752.fits,3864,53351,2043,295,3864,0
./segue/2300389487760402432.fits,84,53351,2043,640,3864,3780
./segue/2301387019282049024.fits,210,53327,2044,173,3858,3648
./segue/2301388118793676800.fits,3858,53327,2044,177,3858,0
./segue/2301442544619251712.fits,206,53327,2044,375,3858,3652
./segue/2301488998985525248.fits,7,53327,2044,544,3858,3851
./segue/2303638819095734272.fits,43,53327,2046,173,3857,3814
./segue/2303678126636427264.fits,3857,53327,2046,316,3857,0
./segue/2303767187078277120.fits,204,53327,2046,640,3857,3653
./segue/2304742185808979968.fits,3849,53732,2047,91,3849,0
./segue/2304765000675256320.fits,207,53732,2047,174,3849,3642
./segue/2304785616518277120.fits,10,53732,2047,249,3849,3839
./segue/2304798260901996544.fits,3849,53732,2047,295,3849,0
./segue/2305879349770872832.fits,3864,53378,2048,132,3864,0
./segue/2305890894642964480.fits,99,53378,2048,174,3864,3765
./segue/2305895842445289472.fits,3864,53378,2048,192,3864,0
./segue/2305904638538311680.fits,3864,53378,2048,224,3864,0
./segue/2305911510485985280.fits,21,53378,2048,249,3864,3843
./segue/2305918107555751936.fits,3864,53378,2048,273,3864,0
./segue/2305945870224353280.fits,205,53378,2048,374,3864,3659
./segue/2305962912654583808.fits,3864,53378,2048,436,3864,0
./segue/2306014039945275392.fits,3864,53378,2048,622,3864,0
./segue/2306018987747600384.fits,62,53378,2048,640,3864,3802
./segue/2307005249207953408.fits,3860,53350,2049,132,3860,0
./segue/2307016519202138112.fits,61,53350,2049,173,3860,3799
./segue/2307021741882370048.fits,3860,53350,2049,192,3860,0
./segue/2307030537975392256.fits,3860,53350,2049,224,3860,0
./segue/2307044006992832512.fits,3860,53350,2049,273,3860,0
./segue/2307088812091664384.fits,3860,53350,2049,436,3860,0
./segue/2307139939382355968.fits,3860,53350,2049,622,3860,0
./segue/2308106136080902144.fits,3864,53401,2050,41,3864,0
./segue/2308142969720432640.fits,28,53401,2050,175,3864,3836
./segue/2308165234830895104.fits,3864,53401,2050,256,3864,0
./segue/2308169632877406208.fits,3864,53401,2050,272,3864,0
./segue/2308170182633220096.fits,3864,53401,2050,274,3864,0
./segue/2308197945301821440.fits,201,53401,2050,375,3864,3663
./segue/2308268314045999104.fits,3864,53401,2050,631,3864,0
./segue/2309232041641666560.fits,3849,53738,2051,41,3849,0
./segue/2309268600403290112.fits,81,53738,2051,174,3849,3768
./segue/2309291140391659520.fits,3849,53738,2051,256,3849,0
./segue/2309295538438170624.fits,3849,53738,2051,272,3849,0
./segue/2309296088193984512.fits,3849,53738,2051,274,3849,0
./segue/2309323850862585856.fits,199,53738,2051,375,3849,3650
./segue/2309394219606763520.fits,3849,53738,2051,631,3849,0
./segue/2310382949784119296.fits,3862,53401,2052,132,3862,0
./segue/2310394494656210944.fits,169,53401,2052,174,3862,3693
./segue/2310399442458535936.fits,3862,53401,2052,192,3862,0
./segue/2310408238551558144.fits,3862,53401,2052,224,3862,0
./segue/2310421707568998400.fits,3862,53401,2052,273,3862,0
./segue/2310466512667830272.fits,3862,53401,2052,436,3862,0
./segue/2310517639958521856.fits,3862,53401,2052,622,3862,0
./segue/2311531390434306048.fits,3862,53446,2053,214,3862,0
./segue/2311563001393604608.fits,3862,53446,2053,329,3862,0
./segue/2311571797486626816.fits,3862,53446,2053,361,3862,0
./segue/2311575645777324032.fits,205,53446,2053,375,3862,3657
./segue/2311588015283136512.fits,3862,53446,2053,420,3862,0
./segue/2311593787719182336.fits,3862,53446,2053,441,3862,0
./segue/2311622100143597568.fits,5,53446,2053,544,3862,3857
./segue/2312638323513911296.fits,3855,53431,2054,145,3855,0
./segue/2312646569851119616.fits,169,53431,2054,175,3855,3686
./segue/2313772199879665664.fits,111,53729,2055,174,3850,3739
./segue/2313773024513386496.fits,3850,53729,2055,177,3850,0
./segue/2313900292984301568.fits,17,53729,2055,640,3850,3833
./segue/2314897820445861888.fits,39,53463,2056,173,3864,3825
./segue/2314909090440046592.fits,3864,53463,2056,214,3864,0
./segue/2314940701399345152.fits,3864,53463,2056,329,3864,0
./segue/2314949497492367360.fits,3864,53463,2056,361,3864,0
./segue/2314953620660971520.fits,126,53463,2056,376,3864,3738
./segue/2314965715288877056.fits,3864,53463,2056,420,3864,0
./segue/2314971487724922880.fits,3864,53463,2056,441,3864,0
./segue/2315976997030881280.fits,3849,53816,2057,3,3849,0
./segue/2315978371420416000.fits,3849,53816,2057,8,3849,0
./segue/2315981944833206272.fits,3849,53816,2057,21,3849,0
./segue/2316024001152968704.fits,138,53816,2057,174,3849,3711
./segue/2316034996269246464.fits,3849,53816,2057,214,3849,0
./segue/2316060010158778368.fits,12,53816,2057,305,3849,3837
./segue/2316066607228545024.fits,705,53816,2057,329,3849,3144
./segue/2316075403321567232.fits,3849,53816,2057,361,3849,0
./segue/2316091621118076928.fits,3849,53816,2057,420,3849,0
./segue/2316097393554122752.fits,3849,53816,2057,441,3849,0
./segue/2448868658642970624.fits,3846,54612,2175,132,3846,0
./segue/2448885151317387264.fits,3846,54612,2175,192,3846,0
./segue/2448893947410409472.fits,3846,54612,2175,224,3846,0
./segue/2448901369113896960.fits,3846,54612,2175,251,3846,0
./segue/2448907416427849728.fits,3846,54612,2175,273,3846,0
./segue/2448952221526681600.fits,3846,54612,2175,436,3846,0
./segue/2449003348817373184.fits,3846,54612,2175,622,3846,0
./segue/2449985481388091392.fits,74,54243,2176,99,3849,3775
./segue/2449997301138089984.fits,3849,54243,2176,142,3849,0
./segue/2450006097231112192.fits,108,54243,2176,174,3849,3741
./segue/2450006921864833024.fits,3849,54243,2176,177,3849,0
./segue/2450067395004360704.fits,3849,54243,2176,397,3849,0
./segue/2451124030946699264.fits,3850,54557,2177,145,3850,0
./segue/2451132277283907584.fits,14,54557,2177,175,3850,3836
./segue/2451163063609485312.fits,3850,54557,2177,287,3850,0
./segue/2452214197933598720.fits,3845,54629,2178,15,3845,0
./segue/2452221344759179264.fits,3845,54629,2178,41,3845,0
./segue/2452237287677782016.fits,29,54629,2178,99,3845,3816
./segue/2452257903520802816.fits,145,54629,2178,174,3845,3700
./segue/2452280443509172224.fits,3845,54629,2178,256,3845,0
./segue/2452284841555683328.fits,3845,54629,2178,272,3845,0
./segue/2452285391311497216.fits,3845,54629,2178,274,3845,0
./segue/2452383522724276224.fits,3845,54629,2178,631,3845,0
./segue/2452385996625438720.fits,44,54629,2178,640,3845,3801
./segue/2453409898810075136.fits,17,53555,2179,269,3855,3838
./segue/2453511603635644416.fits,9,53555,2179,639,3855,3846
./segue/2454486888199776256.fits,3848,54613,2180,91,3848,0
./segue/2454509703066052608.fits,154,54613,2180,174,3848,3694
./segue/2454542963292792832.fits,3848,54613,2180,295,3848,0
./segue/2454564953525348352.fits,199,54613,2180,375,3848,3649
./segue/2454593540827670528.fits,3848,54613,2180,479,3848,0
./segue/2454611407891621888.fits,33,54613,2180,544,3848,3815
./segue/2455614968859486208.fits,16,53524,2181,99,3857,3841
./segue/2455635584702507008.fits,193,53524,2181,174,3857,3664
./segue/2455646579818784768.fits,3857,53524,2181,214,3857,0
./segue/2455678190778083328.fits,3857,53524,2181,329,3857,0
./segue/2455686986871105536.fits,3857,53524,2181,361,3857,0
./segue/2455703204667615232.fits,3857,53524,2181,420,3857,0
./segue/2455708977103661056.fits,3857,53524,2181,441,3857,0
./segue/2456787604402628608.fits,9,53905,2182,269,3850,3841
./segue/2456800523664254976.fits,3850,53905,2182,316,3850,0
./segue/2456889309228197888.fits,18,53905,2182,639,3850,3832
./segue/2456889584106104832.fits,201,53905,2182,640,3850,3649
./segue/2457926417380304896.fits,3858,53536,2183,316,3858,0
./segue/2458015202944247808.fits,26,53536,2183,639,3858,3832
./segue/2458015477822154752.fits,206,53536,2183,640,3858,3652
./segue/2459052317253593088.fits,3859,53534,2184,316,3859,0
./segue/2459141102817536000.fits,11,53534,2184,639,3859,3848
./segue/2459141377695442944.fits,205,53534,2184,640,3859,3654
./segue/2531056860258134016.fits,3853,53558,2248,123,3853,0
./segue/2531198697258117120.fits,11,53558,2248,639,3853,3842
./segue/2532188807613147136.fits,3857,53566,2249,145,3857,0
./segue/2532197053950355456.fits,76,53566,2249,175,3857,3781
./segue/2532252029531744256.fits,207,53566,2249,375,3857,3650
./segue/2533322678979291136.fits,62,53566,2250,174,3857,3795
./segue/2533333674095568896.fits,3857,53566,2250,214,3857,0
./segue/2533365285054867456.fits,3857,53566,2250,329,3857,0
./segue/2533374081147889664.fits,3857,53566,2250,361,3857,0
./segue/2533390298944399360.fits,3857,53566,2250,420,3857,0
./segue/2533396071380445184.fits,3857,53566,2250,441,3857,0
./segue/2534424114601420800.fits,3859,53557,2251,85,3859,0
./segue/2534448578735138816.fits,95,53557,2251,174,3859,3764
./segue/2534451052636301312.fits,3859,53557,2251,183,3859,0
./segue/2534459573851416576.fits,3859,53557,2251,214,3859,0
./segue/2534462322630486016.fits,3859,53557,2251,224,3859,0
./segue/2534463422142113792.fits,3859,53557,2251,228,3859,0
./segue/2534491184810715136.fits,3859,53557,2251,329,3859,0
./segue/2534499980903737344.fits,3859,53557,2251,361,3859,0
./segue/2534516198700247040.fits,3859,53557,2251,420,3859,0
./segue/2534521971136292864.fits,3859,53557,2251,441,3859,0
./segue/2535537920819881984.fits,3849,53613,2252,41,3849,0
./segue/2535574478776199168.fits,76,53565,2252,174,3858,3782
./segue/2535585473892476928.fits,3858,53565,2252,214,3858,0
./segue/2535597019569874944.fits,3849,53613,2252,256,3849,0
./segue/2535600318104758272.fits,10,53613,2252,268,3849,3839
./segue/2535601417616386048.fits,3849,53613,2252,272,3849,0
./segue/2535601967372199936.fits,3849,53613,2252,274,3849,0
./segue/2535617084851775488.fits,3858,53565,2252,329,3858,0
./segue/2535625880944797696.fits,3858,53565,2252,361,3858,0
./segue/2535629455162894336.fits,163,53613,2252,374,3849,3686
./segue/2535642098741307392.fits,3858,53565,2252,420,3858,0
./segue/2535647871177353216.fits,3858,53565,2252,441,3858,0
./segue/2535700098784978944.fits,3849,53613,2252,631,3849,0
./segue/2535702572686141440.fits,196,53613,2252,640,3849,3653
./segue/2536692423766075392.fits,3854,54551,2253,145,3854,0
./segue/2536731456428861440.fits,3854,54551,2253,287,3854,0
./segue/2588480231975184384.fits,3858,53711,2299,132,3858,0
./segue/2588496724649601024.fits,3858,53711,2299,192,3858,0
./segue/2588505520742623232.fits,3858,53711,2299,224,3858,0
./segue/2588518989760063488.fits,3858,53711,2299,273,3858,0
./segue/2588563794858895360.fits,3858,53711,2299,436,3858,0
./segue/2588614922149586944.fits,3858,53711,2299,622,3858,0
./segue/2589598709692000256.fits,5,53682,2300,105,3844,3839
./segue/2589606131395487744.fits,3844,53682,2300,132,3844,0
./segue/2589622624069904384.fits,3844,53682,2300,192,3844,0
./segue/2589631420162926592.fits,3844,53682,2300,224,3844,0
./segue/2589644889180366848.fits,3844,53682,2300,273,3844,0
./segue/2589672926726875136.fits,199,53682,2300,375,3844,3645
./segue/2589689694279198720.fits,3844,53682,2300,436,3844,0
./segue/2589719381093148672.fits,28,53682,2300,544,3844,3816
./segue/2589740821569890304.fits,3844,53682,2300,622,3844,0
./segue/2592976700178458624.fits,3846,54629,2303,106,3846,0
./segue/2592995391876130816.fits,148,54629,2303,174,3846,3698
./segue/2593009135771478016.fits,3846,54629,2303,224,3846,0
./segue/2593034424538916864.fits,3846,54629,2303,316,3846,0
./segue/2593047893556357120.fits,3846,54629,2303,365,3846,0
./segue/2593123210102859776.fits,59,54629,2303,639,3846,3787
./segue/2593123484980766720.fits,199,54629,2303,640,3846,3647
./segue/2594084718475503616.fits,3845,53762,2304,41,3845,0
./segue/2594121277237127168.fits,73,53762,2304,174,3845,3772
./segue/2594143817225496576.fits,3845,53762,2304,256,3845,0
./segue/2594148215272007680.fits,3845,53762,2304,272,3845,0
./segue/2594148765027821568.fits,3845,53762,2304,274,3845,0
./segue/2594246896440600576.fits,3845,53762,2304,631,3845,0
./segue/2595205681518766080.fits,3848,54414,2305,23,3848,0
./segue/2595211453954811904.fits,3848,54414,2305,44,3848,0
./segue/2595348892908283904.fits,5,54414,2305,544,3848,3843
./segue/2595351091931539456.fits,3848,54414,2305,552,3848,0
./segue/2596337342318929920.fits,3849,53726,2306,44,3849,0
./segue/2596398914970085376.fits,17,53726,2306,268,3849,3832
./segue/2596476980295657472.fits,3849,53726,2306,552,3849,0
./segue/2597498701207332864.fits,4,53710,2307,173,3848,3844
./segue/2597553951666628608.fits,183,53710,2307,374,3848,3665
./segue/2597602879934064640.fits,3848,53710,2307,552,3848,0
./segue/2598624887216039936.fits,65,54379,2308,174,3847,3782
./segue/2598651275495106560.fits,3847,54379,2308,270,3847,0
./segue/2599739243290978304.fits,3847,54441,2309,132,3847,0
./segue/2599755735965394944.fits,3847,54441,2309,192,3847,0
./segue/2599764532058417152.fits,3847,54441,2309,224,3847,0
./segue/2599771953761904640.fits,3847,54441,2309,251,3847,0
./segue/2599778001075857408.fits,3847,54441,2309,273,3847,0
./segue/2599822806174689280.fits,3847,54441,2309,436,3847,0
./segue/2599873933465380864.fits,3847,54441,2309,622,3847,0
./segue/2600856059962746880.fits,83,53710,2310,99,3847,3764
./segue/2600868704346466304.fits,3847,53710,2310,145,3847,0
./segue/2600912959689484288.fits,13,53710,2310,306,3847,3834
./segue/2601966027369637888.fits,3857,54331,2311,41,3857,0
./segue/2602025126119630848.fits,3857,54331,2311,256,3857,0
./segue/2602029524166141952.fits,3857,54331,2311,272,3857,0
./segue/2602030073921955840.fits,3857,54331,2311,274,3857,0
./segue/2602057836590557184.fits,143,54331,2311,375,3857,3714
./segue/2602128205334734848.fits,3857,54331,2311,631,3857,0
./segue/2603232379451500544.fits,3851,53709,2312,552,3851,0
./segue/2604217817033107456.fits,3849,53726,2313,41,3849,0
./segue/2604254375794731008.fits,93,53726,2313,174,3849,3756
./segue/2604276915783100416.fits,3849,53726,2313,256,3849,0
./segue/2604281313829611520.fits,3849,53726,2313,272,3849,0
./segue/2604281863585425408.fits,3849,53726,2313,274,3849,0
./segue/2604309626254026752.fits,199,53726,2313,375,3849,3650
./segue/2604379994998204416.fits,3849,53726,2313,631,3849,0
./segue/2605359659623671808.fits,53,53712,2314,99,3848,3795
./segue/2605359659640449024.fits,49,53713,2314,99,3846,3797
./segue/2605372304007391232.fits,3848,53712,2314,145,3848,0
./segue/2605372304024168448.fits,3846,53713,2314,145,3846,0
./segue/2605416559367186432.fits,19,53713,2314,306,3846,3827
./segue/2605497923210864640.fits,3,53712,2314,602,3848,3845
./segue/2606469617098450944.fits,3862,53741,2315,41,3862,0
./segue/2606506175860074496.fits,150,53741,2315,174,3862,3712
./segue/2606528715848443904.fits,3862,53741,2315,256,3862,0
./segue/2606533113894955008.fits,3862,53741,2315,272,3862,0
./segue/2606533663650768896.fits,3862,53741,2315,274,3862,0
./segue/2606631795063547904.fits,3862,53741,2315,631,3862,0
./segue/2607632076035352576.fits,146,53757,2316,174,3850,3704
./segue/2607632900669073408.fits,3850,53757,2316,177,3850,0
./segue/2608746437697103872.fits,3844,54152,2317,132,3844,0
./segue/2608757982569195520.fits,127,54152,2317,174,3844,3717
./segue/2608762930371520512.fits,3844,54152,2317,192,3844,0
./segue/2608771726464542720.fits,3844,54152,2317,224,3844,0
./segue/2608778598412216320.fits,9,54152,2317,249,3844,3835
./segue/2608785195481982976.fits,3844,54152,2317,273,3844,0
./segue/2608830000580814848.fits,3844,54152,2317,436,3844,0
./segue/2608881127871506432.fits,3844,54152,2317,622,3844,0
./segue/2626751482472537088.fits,3846,53682,2333,98,3846,0
./segue/2626756430274862080.fits,3846,53682,2333,116,3846,0
./segue/2626764401734163456.fits,3846,53682,2333,145,3846,0
./segue/2626784742699277312.fits,3846,53682,2333,219,3846,0
./segue/2626792714158578688.fits,3846,53682,2333,248,3846,0
./segue/2626793263914392576.fits,3846,53682,2333,250,3846,0
./segue/2626794363426020352.fits,3846,53682,2333,254,3846,0
./segue/2626796562449275904.fits,3846,53682,2333,262,3846,0
./segue/2626809481710902272.fits,3846,53682,2333,309,3846,0
./segue/2626810306344623104.fits,3846,53682,2333,312,3846,0
./segue/2626813055123692544.fits,3846,53682,2333,322,3846,0
./segue/2626815254146948096.fits,3846,53682,2333,330,3846,0
./segue/2626818827559738368.fits,3846,53682,2333,343,3846,0
./segue/2626827623652760576.fits,201,53682,2333,375,3846,3645
./segue/2626827898530667520.fits,3846,53682,2333,376,3846,0
./segue/2626828998042295296.fits,3846,53682,2333,380,3846,0
./segue/2626847139984153600.fits,3846,53682,2333,446,3846,0
./segue/2626848239495781376.fits,3846,53682,2333,450,3846,0
./segue/2626856760710896640.fits,3846,53682,2333,481,3846,0
./segue/2626860609001593856.fits,3846,53682,2333,495,3846,0
./segue/2626865831681825792.fits,3846,53682,2333,514,3846,0
./segue/2626866381437639680.fits,3846,53682,2333,516,3846,0
./segue/2626869679972523008.fits,3846,53682,2333,528,3846,0
./segue/2626871878995778560.fits,3846,53682,2333,536,3846,0
./segue/2626872978507406336.fits,3846,53682,2333,540,3846,0
./segue/2626874352896941056.fits,3846,53682,2333,545,3846,0
./segue/2626890295815543808.fits,3846,53682,2333,603,3846,0
./segue/2627875458754045952.fits,3862,53713,2334,91,3862,0
./segue/2627875459039258624.fits,3862,53730,2334,91,3862,0
./segue/2627898273620322304.fits,202,53713,2334,174,3862,3660
./segue/2627898273905534976.fits,206,53730,2334,174,3862,3656
./segue/2627918889463343104.fits,9,53713,2334,249,3862,3853
./segue/2627918889748555776.fits,19,53730,2334,249,3862,3843
./segue/2627931533847062528.fits,3862,53713,2334,295,3862,0
./segue/2627931534132275200.fits,3862,53730,2334,295,3862,0
./segue/2627999978731104256.fits,6,53730,2334,544,3862,3856
./segue/2628987615050754048.fits,3858,53730,2335,41,3858,0
./segue/2629024173812377600.fits,86,53730,2335,174,3858,3772
./segue/2629046713800747008.fits,3858,53730,2335,256,3858,0
./segue/2629051111847258112.fits,3858,53730,2335,272,3858,0
./segue/2629051661603072000.fits,3858,53730,2335,274,3858,0
./segue/2629079424271673344.fits,199,53730,2335,375,3858,3659
./segue/2629149793015851008.fits,3858,53730,2335,631,3858,0
./segue/2677415055426873344.fits,3847,53759,2378,91,3847,0
./segue/2677437870293149696.fits,206,53759,2378,174,3847,3641
./segue/2677458486136170496.fits,7,53759,2378,249,3847,3840
./segue/2677471130519889920.fits,3847,53759,2378,295,3847,0
./segue/2678516766128236544.fits,3849,53762,2379,3,3849,0
./segue/2678518140517771264.fits,3849,53762,2379,8,3849,0
./segue/2678521713930561536.fits,3849,53762,2379,21,3849,0
./segue/2678563770250323968.fits,178,53762,2379,174,3849,3671
./segue/2678574765366601728.fits,3849,53762,2379,214,3849,0
./segue/2678599779256133632.fits,17,53762,2379,305,3849,3832
./segue/2678606376325900288.fits,3849,53762,2379,329,3849,0
./segue/2678615172418922496.fits,3849,53762,2379,361,3849,0
./segue/2678631390215432192.fits,3849,53762,2379,420,3849,0
./segue/2678637162651478016.fits,3849,53762,2379,441,3849,0
./segue/2679689670106834944.fits,103,53759,2380,174,3862,3759
./segue/2679690494740555776.fits,3862,53759,2380,177,3862,0
./segue/2680815570064009216.fits,135,53762,2381,174,3853,3718
./segue/2680816394697730048.fits,3853,53762,2381,177,3853,0
./segue/2681933505339877376.fits,3853,54169,2382,145,3853,0
./segue/2681941476799178752.fits,201,54169,2382,174,3853,3652
./segue/2681972538002663424.fits,3853,54169,2382,287,3853,0
./segue/2682027238706145280.fits,3853,54169,2382,486,3853,0
./segue/2682043456502654976.fits,16,54169,2382,545,3853,3837
./segue/2683055825643137024.fits,3858,53800,2383,132,3858,0
./segue/2683072318317553664.fits,3858,53800,2383,192,3858,0
./segue/2683081114410575872.fits,3858,53800,2383,224,3858,0
./segue/2683093209038481408.fits,18,53800,2383,268,3858,3840
./segue/2683094583428016128.fits,3858,53800,2383,273,3858,0
./segue/2683122620974524416.fits,198,53800,2383,375,3858,3660
./segue/2683139388526848000.fits,3858,53800,2383,436,3858,0
./segue/2683190515817539584.fits,3858,53800,2383,622,3858,0
./segue/2684193269801314304.fits,163,53763,2384,174,3863,3700
./segue/2684194094435035136.fits,3863,53763,2384,177,3863,0
./segue/2687570969639282688.fits,138,53770,2387,174,3848,3710
./segue/2687571794273003520.fits,3848,53770,2387,177,3848,0
./segue/2687632267412531200.fits,3848,53770,2387,397,3848,0
./segue/2694303560690067456.fits,3847,54156,2393,91,3847,0
./segue/2694352488957503488.fits,4,54156,2393,269,3847,3843
./segue/2694359635783084032.fits,3847,54156,2393,295,3847,0
./segue/2695443485443516416.fits,3849,54518,2394,142,3849,0
./segue/2695443485997164544.fits,3850,54551,2394,142,3850,0
./segue/2695449807635376128.fits,3849,54518,2394,165,3849,0
./segue/2695449808189024256.fits,3850,54551,2394,165,3850,0
./segue/2695452281536538624.fits,176,54518,2394,174,3849,3673
./segue/2695452282090186752.fits,118,54551,2394,174,3850,3732
./segue/2695453106170259456.fits,3849,54518,2394,177,3849,0
./segue/2695453106723907584.fits,3850,54551,2394,177,3850,0
./segue/2695507532549482496.fits,199,54551,2394,375,3850,3651
./segue/2695513579309787136.fits,3849,54518,2394,397,3849,0
./segue/2695513579863435264.fits,3850,54551,2394,397,3850,0
./segue/2695525673937692672.fits,3849,54518,2394,441,3849,0
./segue/2695525674491340800.fits,3850,54551,2394,441,3850,0
./segue/2698782964468180992.fits,3848,53763,2397,3,3848,0
./segue/2698784338857715712.fits,3848,53763,2397,8,3848,0
./segue/2698787912270505984.fits,3848,53763,2397,21,3848,0
./segue/2698829968590268416.fits,206,53763,2397,174,3848,3642
./segue/2698840963706546176.fits,3848,53763,2397,214,3848,0
./segue/2698872574665844736.fits,3848,53763,2397,329,3848,0
./segue/2698881370758866944.fits,3848,53763,2397,361,3848,0
./segue/2698897588555376640.fits,3848,53763,2397,420,3848,0
./segue/2698903360991422464.fits,3848,53763,2397,441,3848,0
./segue/2748333010796439552.fits,3852,54065,2441,41,3852,0
./segue/2748369569558063104.fits,140,54065,2441,174,3852,3712
./segue/2748390185401083904.fits,7,54065,2441,249,3852,3845
./segue/2748392109546432512.fits,3852,54065,2441,256,3852,0
./segue/2748396507592943616.fits,3852,54065,2441,272,3852,0
./segue/2748397057348757504.fits,3852,54065,2441,274,3852,0
./segue/2748405578563872768.fits,18,54065,2441,305,3852,3834
./segue/2748495188761536512.fits,3852,54065,2441,631,3852,0
./segue/2748497662662699008.fits,17,54065,2441,640,3852,3835
./segue/2752864381615237120.fits,3848,54573,2445,142,3848,0
./segue/2752870703807096832.fits,3848,54573,2445,165,3848,0
./segue/2752873177708259328.fits,82,54573,2445,174,3848,3766
./segue/2752874002341980160.fits,3848,54573,2445,177,3848,0
./segue/2752928428167555072.fits,87,54573,2445,375,3848,3761
./segue/2752934475481507840.fits,3848,54573,2445,397,3848,0
./segue/2752946570109413376.fits,3848,54573,2445,441,3848,0
./segue/2753990281488525312.fits,3848,54571,2446,142,3848,0
./segue/2753996603680385024.fits,3848,54571,2446,165,3848,0
./segue/2753999077581547520.fits,97,54571,2446,174,3848,3751
./segue/2753999902215268352.fits,3848,54571,2446,177,3848,0
./segue/2754054328040843264.fits,159,54571,2446,375,3848,3689
./segue/2754060375354796032.fits,3848,54571,2446,397,3848,0
./segue/2754072469982701568.fits,3848,54571,2446,441,3848,0
./segue/2755116180170631168.fits,3848,54498,2447,142,3848,0
./segue/2755122502362490880.fits,3848,54498,2447,165,3848,0
./segue/2755124976263653376.fits,201,54498,2447,174,3848,3647
./segue/2755125800897374208.fits,3848,54498,2447,177,3848,0
./segue/2755186274036901888.fits,3848,54498,2447,397,3848,0
./segue/2755198368664807424.fits,3848,54498,2447,441,3848,0
./segue/2757415804931696640.fits,3848,54271,2449,316,3848,0
./segue/2757504590495639552.fits,39,54271,2449,639,3848,3809
./segue/2757504865373546496.fits,201,54271,2449,640,3848,3647
./segue/2760754470429157376.fits,99,54178,2452,174,3853,3754
./segue/2760793503091943424.fits,3853,54178,2452,316,3853,0
./segue/2760809446010546176.fits,134,54178,2452,374,3853,3719
./segue/2760882563533793280.fits,201,54178,2452,640,3853,3652
./segue/2766363354153904128.fits,30,54180,2457,99,3855,3825
./segue/2766383969996924928.fits,141,54180,2457,174,3855,3714
./segue/2766423002659710976.fits,3855,54180,2457,316,3855,0
./segue/2766438945578313728.fits,97,54180,2457,374,3855,3758
./segue/2766512063101560832.fits,201,54180,2457,640,3855,3654
./segue/2768594269353568256.fits,3855,54544,2459,23,3855,0
./segue/2768600041789614080.fits,3855,54544,2459,44,3855,0
./segue/2768624227606095872.fits,3848,54339,2459,132,3848,0
./segue/2768635772478187520.fits,92,54339,2459,174,3848,3756
./segue/2768640720280512512.fits,3848,54339,2459,192,3848,0
./segue/2768649516373534720.fits,3848,54339,2459,224,3848,0
./segue/2768656938077022208.fits,3848,54339,2459,251,3848,0
./segue/2768661614440769536.fits,10,54544,2459,268,3855,3845
./segue/2768662985390974976.fits,3848,54339,2459,273,3848,0
./segue/2768691022937483264.fits,201,54339,2459,375,3848,3647
./segue/2768707790489806848.fits,3848,54339,2459,436,3848,0
./segue/2768731158551226368.fits,4,54544,2459,521,3855,3851
./segue/2768739679766341632.fits,3855,54544,2459,552,3855,0
./segue/2768758917780498432.fits,3848,54339,2459,622,3848,0
./segue/2859792154526509056.fits,3859,54110,2540,23,3859,0
./segue/2859797926962554880.fits,3859,54110,2540,44,3859,0
./segue/2859812770369529856.fits,76,54110,2540,98,3859,3783
./segue/2859833386212550656.fits,123,54110,2540,173,3859,3736
./segue/2859937564939282432.fits,3859,54110,2540,552,3859,0
./segue/2859961754195093504.fits,107,54110,2540,640,3859,3752
./segue/2860959842099554304.fits,165,54481,2541,175,3842,3677
./segue/2860985955500713984.fits,3842,54481,2541,270,3842,0
./segue/2871081116897404928.fits,3849,54206,2550,132,3849,0
./segue/2871097609571821568.fits,3849,54206,2550,192,3849,0
./segue/2871106405664843776.fits,3849,54206,2550,224,3849,0
./segue/2871118500292749312.fits,18,54206,2550,268,3849,3831
./segue/2871119874682284032.fits,3849,54206,2550,273,3849,0
./segue/2871147912228792320.fits,204,54206,2550,375,3849,3645
./segue/2871164679781115904.fits,3849,54206,2550,436,3849,0
./segue/2871215807071807488.fits,3849,54206,2550,622,3849,0
./segue/2872210596021954560.fits,3844,54552,2551,145,3844,0
./segue/2872218842359162880.fits,43,54552,2551,175,3844,3801
./segue/2872249628684740608.fits,3844,54552,2551,287,3844,0
./segue/2873344468730275840.fits,128,54632,2552,174,3844,3716
./segue/2873370857009342464.fits,3844,54632,2552,270,3844,0
./segue/2874451676922669056.fits,3847,54631,2553,106,3847,0
./segue/2874470368620341248.fits,166,54631,2553,174,3847,3681
./segue/2874484112515688448.fits,3847,54631,2553,224,3847,0
./segue/2874490984463362048.fits,16,54631,2553,249,3847,3831
./segue/2874506377626150912.fits,15,54631,2553,305,3847,3832
./segue/2874509401283127296.fits,3847,54631,2553,316,3847,0
./segue/2874522870300567552.fits,3847,54631,2553,365,3847,0
./segue/2874598186847070208.fits,88,54631,2553,639,3847,3759
./segue/2874598461724977152.fits,198,54631,2553,640,3847,3649
./segue/2949869098718226432.fits,3847,54339,2620,41,3847,0
./segue/2949882843586652160.fits,3844,54397,2620,91,3844,0
./segue/2949905658452928512.fits,177,54397,2620,174,3844,3667
./segue/2949926274295949312.fits,5,54397,2620,249,3844,3839
./segue/2949928197468219392.fits,3847,54339,2620,256,3847,0
./segue/2949932595514730496.fits,3847,54339,2620,272,3847,0
./segue/2949933145270544384.fits,3847,54339,2620,274,3847,0
./segue/2949938918679668736.fits,3844,54397,2620,295,3844,0
./segue/2949960907939145728.fits,128,54339,2620,375,3847,3719
./segue/2950007363278497792.fits,8,54397,2620,544,3844,3836
./segue/2950031276683323392.fits,3847,54339,2620,631,3847,0
./segue/2950994999312934912.fits,3843,54380,2621,41,3843,0
./segue/2951031558074558464.fits,114,54380,2621,174,3843,3729
./segue/2951054098062927872.fits,3843,54380,2621,256,3843,0
./segue/2951058496109438976.fits,3843,54380,2621,272,3843,0
./segue/2951059045865252864.fits,3843,54380,2621,274,3843,0
./segue/2951067567080368128.fits,9,54380,2621,305,3843,3834
./segue/2951086808533854208.fits,56,54380,2621,375,3843,3787
./segue/2951157177278031872.fits,3843,54380,2621,631,3843,0
./segue/2952120894438270976.fits,3857,54095,2622,41,3857,0
./segue/2952157453199894528.fits,138,54095,2622,174,3857,3719
./segue/2952179993188263936.fits,3857,54095,2622,256,3857,0
./segue/2952184391234775040.fits,3857,54095,2622,272,3857,0
./segue/2952184940990588928.fits,3857,54095,2622,274,3857,0
./segue/2952283072403367936.fits,3857,54095,2622,631,3857,0
./segue/2953246794361890816.fits,3849,54096,2623,41,3849,0
./segue/2953260542149552128.fits,3850,54328,2623,91,3850,0
./segue/2953262741172807680.fits,39,54328,2623,99,3850,3811
./segue/2953283353123514368.fits,197,54096,2623,174,3849,3652
./segue/2953283357015828480.fits,77,54328,2623,174,3850,3773
./segue/2953303968966535168.fits,18,54096,2623,249,3849,3831
./segue/2953305893111883776.fits,3849,54096,2623,256,3849,0
./segue/2953310291158394880.fits,3849,54096,2623,272,3849,0
./segue/2953310840914208768.fits,3849,54096,2623,274,3849,0
./segue/2953316617242568704.fits,3850,54328,2623,295,3850,0
./segue/2953385061841397760.fits,6,54328,2623,544,3850,3844
./segue/2953408972326987776.fits,3849,54096,2623,631,3849,0
./segue/2953411446228150272.fits,81,54096,2623,640,3849,3768
./segue/2954400461702064128.fits,3857,54380,2624,142,3857,0
./segue/2954409257795086336.fits,136,54380,2624,174,3857,3721
./segue/2954410082428807168.fits,3857,54380,2624,177,3857,0
./segue/2954470555568334848.fits,3857,54380,2624,397,3857,0
./segue/3005074748670502912.fits,137,54086,2669,174,3858,3721
./segue/3005113781333288960.fits,3858,54086,2669,316,3858,0
./segue/3005202566897231872.fits,97,54086,2669,639,3858,3761
./segue/3005202841775138816.fits,206,54086,2669,640,3858,3652
./segue/3006177834197608448.fits,3858,54115,2670,91,3858,0
./segue/3006200649063884800.fits,20,54115,2670,174,3858,3838
./segue/3006233909290625024.fits,3858,54115,2670,295,3858,0
./segue/3006255624645273600.fits,206,54115,2670,374,3858,3652
./segue/3012909045456594944.fits,3853,54179,2676,3,3853,0
./segue/3012910419846129664.fits,3853,54179,2676,8,3853,0
./segue/3012913993258919936.fits,3853,54179,2676,21,3853,0
./segue/3012956049578682368.fits,106,54179,2676,174,3853,3747
./segue/3012967044694960128.fits,3853,54179,2676,214,3853,0
./segue/3012998655654258688.fits,3853,54179,2676,329,3853,0
./segue/3013007451747280896.fits,3853,54179,2676,361,3853,0
./segue/3013023669543790592.fits,3853,54179,2676,420,3853,0
./segue/3013029441979836416.fits,3853,54179,2676,441,3853,0
./segue/3014073978043000832.fits,3855,54180,2677,145,3855,0
./segue/3014113010705786880.fits,3855,54180,2677,287,3855,0
./segue/3014137199961597952.fits,206,54180,2677,375,3855,3649
./segue/3016313136627083264.fits,47,54368,2679,99,3842,3795
./segue/3016325781010802688.fits,3842,54368,2679,145,3842,0
./segue/3016333752470104064.fits,65,54368,2679,174,3842,3777
./segue/3016364813673588736.fits,3842,54368,2679,287,3842,0
./segue/3016389002929399808.fits,47,54368,2679,375,3842,3795
./segue/3017412644446431232.fits,3846,54141,2680,3,3846,0
./segue/3017414018835965952.fits,3846,54141,2680,8,3846,0
./segue/3017417592248756224.fits,3846,54141,2680,21,3846,0
./segue/3017459648568518656.fits,95,54141,2680,174,3846,3751
./segue/3017470643684796416.fits,3846,54141,2680,214,3846,0
./segue/3017480264411539456.fits,26,54141,2680,249,3846,3820
./segue/3017502254644094976.fits,3846,54141,2680,329,3846,0
./segue/3017511050737117184.fits,3846,54141,2680,361,3846,0
./segue/3017515173905721344.fits,184,54141,2680,376,3846,3662
./segue/3017527268533626880.fits,3846,54141,2680,420,3846,0
./segue/3017533040969672704.fits,3846,54141,2680,441,3846,0
./segue/3019688637878003712.fits,3846,54401,2682,91,3846,0
./segue/3019711452744280064.fits,186,54401,2682,174,3846,3660
./segue/3019744712971020288.fits,3846,54401,2682,295,3846,0
./segue/3019766703203575808.fits,143,54401,2682,375,3846,3703
./segue/3020829377031071744.fits,3842,54153,2683,145,3842,0
./segue/3020837623368280064.fits,86,54153,2683,175,3842,3756
./segue/3020858239211300864.fits,3,54153,2683,250,3842,3839
./segue/3020868409693857792.fits,3842,54153,2683,287,3842,0
./segue/3027572132021299200.fits,4,54149,2689,99,3844,3840
./segue/3027619136143386624.fits,3844,54149,2689,270,3844,0
./segue/3028682090049726464.fits,3850,54211,2690,41,3850,0
./segue/3028741188799719424.fits,3850,54211,2690,256,3850,0
./segue/3028744762212509696.fits,17,54211,2690,269,3850,3833
./segue/3028745586846230528.fits,3850,54211,2690,272,3850,0
./segue/3028746136602044416.fits,3850,54211,2690,274,3850,0
./segue/3028820353636919296.fits,23,54211,2690,544,3850,3827
./segue/3028844268014823424.fits,3850,54211,2690,631,3850,0
./segue/3054577791078000640.fits,3850,54400,2713,41,3850,0
./segue/3054614349839624192.fits,76,54400,2713,174,3850,3774
./segue/3054636889827993600.fits,3850,54400,2713,256,3850,0
./segue/3054641287874504704.fits,3850,54400,2713,272,3850,0
./segue/3054641837630318592.fits,3850,54400,2713,274,3850,0
./segue/3054739969043097600.fits,3850,54400,2713,631,3850,0
./segue/3055732275065939968.fits,3850,54208,2714,145,3850,0
./segue/3055771307728726016.fits,3850,54208,2714,287,3850,0
./segue/3057969238519080960.fits,3849,54628,2716,91,3849,0
./segue/3057992053385357312.fits,156,54628,2716,174,3849,3693
./segue/3058025313612097536.fits,3849,54628,2716,295,3849,0
./segue/3058047303844653056.fits,76,54628,2716,375,3849,3773
./segue/3058075891146975232.fits,3849,54628,2716,479,3849,0
./segue/3058120146489993216.fits,33,54628,2716,640,3849,3816
./segue/3148064045949544448.fits,133,54629,2796,174,3845,3712
./segue/3148084661792565248.fits,3,54629,2796,249,3845,3842
./segue/3148090434228611072.fits,3845,54629,2796,270,3845,0
./segue/3148100054955354112.fits,17,54629,2796,305,3845,3828
./segue/3149167130772006912.fits,3845,54616,2797,91,3845,0
./segue/3149189945638283264.fits,171,54616,2797,174,3845,3674
./segue/3149223205865023488.fits,3845,54616,2797,295,3845,0
./segue/3149245196097579008.fits,130,54616,2797,375,3845,3715
./segue/3149273783399901184.fits,3845,54616,2797,479,3845,0
./segue/3149291650463852544.fits,32,54616,2797,544,3845,3813
./segue/3149318038742919168.fits,4,54616,2797,640,3845,3841
./segue/3150274335306967040.fits,3856,54397,2798,23,3856,0
./segue/3150280107743012864.fits,3856,54397,2798,44,3856,0
./segue/3150419745719740416.fits,3856,54397,2798,552,3856,0
./segue/3151430196419127296.fits,3844,54368,2799,132,3844,0
./segue/3151446689093543936.fits,3844,54368,2799,192,3844,0
./segue/3151455485186566144.fits,3844,54368,2799,224,3844,0
./segue/3151462906890053632.fits,3844,54368,2799,251,3844,0
./segue/3151468954204006400.fits,3844,54368,2799,273,3844,0
./segue/3151513759302838272.fits,3844,54368,2799,436,3844,0
