 3495925613888380928.fits 3850 54825 3105 23
 3495931386324426752.fits 3850 54825 3105 44
 3496071024301154304.fits 3850 54825 3105 552
 3497074327201882112.fits 3850 54738 3106 106
 3497084222403878912.fits 3851 54714 3106 142
 3497090544595738624.fits 3851 54714 3106 165
 3497093018496901120.fits 92 54714 3106 174
 3497093018899554304.fits 106 54738 3106 174
 3497093843130621952.fits 3851 54714 3106 177
 3497106762794901504.fits 3850 54738 3106 224
 3497132051562340352.fits 3850 54738 3106 316
 3497145520579780608.fits 3850 54738 3106 365
 3497154316270149632.fits 3851 54714 3106 397
 3497166410898055168.fits 3851 54714 3106 441
 3497220837126283264.fits 114 54738 3106 639
 3497221111601537024.fits 174 54714 3106 640
 3497221112004190208.fits 198 54738 3106 640
 3500461924120895488.fits 3851 54833 3109 142
 3500468246312755200.fits 3851 54833 3109 165
 3500470720213917696.fits 104 54833 3109 174
 3500471544847638528.fits 3851 54833 3109 177
 3500532017987166208.fits 3851 54833 3109 397
 3500598263562739712.fits 3851 54833 3109 638
 3501587822584897536.fits 3851 54747 3110 142
 3501594144776757248.fits 3851 54747 3110 165
 3501596618677919744.fits 82 54747 3110 174
 3501597443311640576.fits 3851 54747 3110 177
 3501657916451168256.fits 3851 54747 3110 397
 3501670011079073792.fits 3851 54747 3110 441
 3501724711782555648.fits 178 54747 3110 640
 3502710974601863168.fits 3850 54800 3111 132
 3502727467276279808.fits 3850 54800 3111 192
 3502736263369302016.fits 3850 54800 3111 224
 3502743685072789504.fits 3850 54800 3111 251
 3502749732386742272.fits 3850 54800 3111 273
 3502794537485574144.fits 3850 54800 3111 436
 3502845664776265728.fits 3850 54800 3111 622
 3503836874542260224.fits 3855 54802 3112 132
 3503853367216676864.fits 3855 54802 3112 192
 3503862163309699072.fits 3855 54802 3112 224
 3503869585013186560.fits 3855 54802 3112 251
 3503875632327139328.fits 3855 54802 3112 273
 3503920437425971200.fits 3855 54802 3112 436
 3503971564716662784.fits 3855 54802 3112 622
 3506056513154293760.fits 3852 54773 3114 15
 3506063659979874304.fits 3852 54773 3114 41
 3506100218741497856.fits 116 54773 3114 174
 3506122758729867264.fits 3852 54773 3114 256
 3506127156776378368.fits 3852 54773 3114 272
 3506127706532192256.fits 3852 54773 3114 274
 3506225837944971264.fits 3852 54773 3114 631
 3506226112822878208.fits 3852 54773 3114 632
 3506228311846133760.fits 67 54773 3114 640
 3507214574111793152.fits 3850 54793 3115 132
 3507231066786209792.fits 3850 54793 3115 192
 3507239862879232000.fits 3850 54793 3115 224
 3507247284582719488.fits 3850 54793 3115 251
 3507253331896672256.fits 3850 54793 3115 273
 3507298136995504128.fits 3850 54793 3115 436
 3507349264286195712.fits 3850 54793 3115 622
 3508352018873950208.fits 134 54792 3116 174
 3508378407153016832.fits 3853 54792 3116 270
 3508407269333245952.fits 26 54792 3116 375
 3513937812099538944.fits 3851 54749 3121 15
 3513944958925119488.fits 3851 54749 3121 41
 3513960902061826048.fits 73 54762 3121 99
 3513962826207174656.fits 3856 54762 3121 106
 3513981517686743040.fits 118 54749 3121 174
 3513981517904846848.fits 134 54762 3121 174
 3513995261800194048.fits 3856 54762 3121 224
 3514004057675112448.fits 3851 54749 3121 256
 3514008455721623552.fits 3851 54749 3121 272
 3514009005477437440.fits 3851 54749 3121 274
 3514020550567632896.fits 3856 54762 3121 316
 3514034019585073152.fits 3856 54762 3121 365
 3514107136890216448.fits 3851 54749 3121 631
 3514109336131575808.fits 103 54762 3121 639
 3514109610791378944.fits 147 54749 3121 640
 3514109611009482752.fits 203 54762 3121 640
 3515063713214341120.fits 3846 54821 3122 15
 3515070860039921664.fits 3846 54821 3122 41
 3515107418801545216.fits 116 54821 3122 174
 3515129958789914624.fits 3846 54821 3122 256
 3515134356836425728.fits 3846 54821 3122 272
 3515134906592239616.fits 3846 54821 3122 274
 3515233038005018624.fits 3846 54821 3122 631
 3516191810802262016.fits 3853 54741 3123 23
 3516197583238307840.fits 3853 54741 3123 44
 3541128735526854656.fits 3851 54801 3145 631
 3541131209428017152.fits 86 54801 3145 640
 3542120219667439616.fits 3853 54773 3146 142
 3542126541859299328.fits 3853 54773 3146 165
 3542129015760461824.fits 81 54773 3146 174
 3542129840394182656.fits 3853 54773 3146 177
 3542190313533710336.fits 3853 54773 3146 397
 3542202408161615872.fits 3853 54773 3146 441
 3542256559109283840.fits 3853 54773 3146 638
 3542257108865097728.fits 185 54773 3146 640
 3544372019967664128.fits 3853 54802 3148 142
 3544378342159523840.fits 3853 54802 3148 165
 3544380816060686336.fits 73 54802 3148 174
 3544381640694407168.fits 3853 54802 3148 177
 3544442113833934848.fits 3853 54802 3148 397
 3544454208461840384.fits 3853 54802 3148 441
 3544508359409508352.fits 3853 54802 3148 638
 3544508909165322240.fits 149 54802 3148 640
 3545498744575336448.fits 3853 54806 3149 145
 3545537777238122496.fits 3853 54806 3149 287
 3545546023575330816.fits 3853 54806 3149 317
 3546591109377531904.fits 3854 54806 3150 23
 3546596881813577728.fits 3854 54806 3150 44
 3546632341063573504.fits 38 54806 3150 173
 3546687591522869248.fits 204 54806 3150 374
 3546736519790305280.fits 3854 54806 3150 552
 3546760709046116352.fits 132 54806 3150 640
 3547739824117096448.fits 3849 54804 3151 106
 3547758515814768640.fits 114 54804 3151 174
 3547772259710115840.fits 3849 54804 3151 224
 3547797548477554688.fits 3849 54804 3151 316
 3547811017494994944.fits 3849 54804 3151 365
 3547813491396157440.fits 204 54804 3151 374
 3547886334041497600.fits 138 54804 3151 639
 3547886608919404544.fits 204 54804 3151 640
 3548865723973607424.fits 3856 54801 3152 106
 3548884415671279616.fits 125 54801 3152 174
 3548898159566626816.fits 3856 54801 3152 224
 3548923448334065664.fits 3856 54801 3152 316
 3548936917351505920.fits 3856 54801 3152 365
 3549012233898008576.fits 125 54801 3152 639
 3549012508775915520.fits 202 54801 3152 640
 3549966609806368768.fits 3850 54790 3153 15
 3549973756631949312.fits 3850 54790 3153 41
 3550010315393572864.fits 141 54790 3153 174
 3550032855381942272.fits 3850 54790 3153 256
 3550037253428453376.fits 3850 54790 3153 272
 3550037803184267264.fits 3850 54790 3153 274
 3550135934597046272.fits 3850 54790 3153 631
 3550138408498208768.fits 129 54790 3153 640
 3551117524122836992.fits 3855 54821 3154 106
 3551136215820509184.fits 136 54821 3154 174
 3551149959715856384.fits 3855 54821 3154 224
 3551175248483295232.fits 3855 54821 3154 316
 3551188717500735488.fits 3855 54821 3154 365
 3551264308925145088.fits 199 54821 3154 640
 3552215111739482112.fits 3850 54829 3155 3
 3552216486129016832.fits 3850 54829 3155 8
 3552220059541807104.fits 3850 54829 3155 21
 3552262115861569536.fits 112 54829 3155 174
 3552273110977847296.fits 3850 54829 3155 214
 3552304721937145856.fits 3850 54829 3155 329
 3552329735826677760.fits 3850 54829 3155 420
 3552335508262723584.fits 3850 54829 3155 441
 3552379488727834624.fits 3850 54829 3155 601
 3553341011025567744.fits 3853 54792 3156 3
 3553342385415102464.fits 3853 54792 3156 8
 3553345958827892736.fits 3853 54792 3156 21
 3553388015147655168.fits 78 54792 3156 174
 3553399010263932928.fits 3853 54792 3156 214
 3553430621223231488.fits 3853 54792 3156 329
 3553439417316253696.fits 3853 54792 3156 361
 3553455635112763392.fits 3853 54792 3156 420
 3553461407548809216.fits 3853 54792 3156 441
 3553505388013920256.fits 3853 54792 3156 601
 3554491100355993600.fits 3853 54802 3157 91
 3554513915222269952.fits 146 54802 3157 174
 3554547175449010176.fits 3853 54802 3157 295
 3554597752983887872.fits 3853 54802 3157 479
 3554642008326905856.fits 79 54802 3157 640
 3555598308430946304.fits 3855 54794 3158 23
 3555604080866992128.fits 3855 54794 3158 44
 3555694790576283648.fits 178 54794 3158 374
 3555743718843719680.fits 3855 54794 3158 552
 3555767908099530752.fits 159 54794 3158 640
 3556724208472006656.fits 3856 54802 3159 23
 3556729980908052480.fits 3856 54802 3159 44
 3556820690617344000.fits 204 54802 3159 374
 3556869618884780032.fits 3856 54802 3159 552
 3556893808140591104.fits 108 54802 3159 640
 3557882818698780672.fits 3853 54793 3160 142
 3557889140890640384.fits 3853 54793 3160 165
 3557891614791802880.fits 64 54793 3160 174
 3557892439425523712.fits 3853 54793 3160 177
 3557952912565051392.fits 3853 54793 3160 397
 3557965007192956928.fits 3853 54793 3160 441
 3558019158140624896.fits 3853 54793 3160 638
 3558019707896438784.fits 169 54793 3160 640
 3558973808876560384.fits 3851 54779 3161 15
 3558980955702140928.fits 3851 54779 3161 41
 3559017514463764480.fits 114 54779 3161 174
 3559040054452133888.fits 3851 54779 3161 256
 3559044452498644992.fits 3851 54779 3161 272
 3559045002254458880.fits 3851 54779 3161 274
 3559143133667237888.fits 3851 54779 3161 631
 3559145607568400384.fits 62 54779 3161 640
 3560134618629906432.fits 3852 54800 3162 142
 3560140940821766144.fits 3852 54800 3162 165
 3560143414722928640.fits 80 54800 3162 174
 3560144239356649472.fits 3852 54800 3162 177
 3560204712496177152.fits 3852 54800 3162 397
 3560216807124082688.fits 3852 54800 3162 441
 3560270958071750656.fits 3852 54800 3162 638
 3560271507827564544.fits 144 54800 3162 640
 3564635469981523968.fits 3846 54830 3166 132
 3564651962655940608.fits 3846 54830 3166 192
 3564660758748962816.fits 3846 54830 3166 224
 3564668180452450304.fits 3846 54830 3166 251
 3564674227766403072.fits 3846 54830 3166 273
 3564702265312911360.fits 181 54830 3166 375
 3564719032865234944.fits 3846 54830 3166 436
 3564770160155926528.fits 3846 54830 3166 622
 3565754222928568320.fits 3851 54822 3167 106
 3565772914626240512.fits 115 54822 3167 174
 3565779786573914112.fits 3851 54822 3167 199
 3565811947289026560.fits 3851 54822 3167 316
 3565901007730876416.fits 199 54822 3167 640
 3567977710301061120.fits 3849 54821 3169 3
 3567979084690595840.fits 3849 54821 3169 8
 3567982658103386112.fits 3849 54821 3169 21
 3568024714423148544.fits 136 54821 3169 174
 3568035709539426304.fits 3849 54821 3169 214
 3568067320498724864.fits 3849 54821 3169 329
 3568092334388256768.fits 3849 54821 3169 420
 3568098106824302592.fits 3849 54821 3169 441
 3568142087289413632.fits 3849 54821 3169 601
 3569114057011208192.fits 3849 54907 3170 41
 3569142643508224000.fits 3851 54859 3170 145
 3569150615772831744.fits 87 54907 3170 174
 3569173155761201152.fits 3849 54907 3170 256
 3569177553807712256.fits 75 54907 3170 272
 3569181676171010048.fits 3851 54859 3170 287
 3569189922508218368.fits 3851 54859 3170 317
 3569205866232127488.fits 200 54907 3170 375
 3569276234976305152.fits 3849 54907 3170 631
 3570276514924699648.fits 70 54862 3171 174
